[2025-11-28T18:59:47.282+0000] {local_task_job_runner.py:120} INFO - ::group::Pre task execution logs
[2025-11-28T18:59:47.404+0000] {taskinstance.py:2076} INFO - Dependencies all met for dep_context=non-requeueable deps ti=<TaskInstance: name_stream_dag.stream_to_kafka_task scheduled__2025-11-28T18:50:00+00:00 [queued]>
[2025-11-28T18:59:47.420+0000] {taskinstance.py:2076} INFO - Dependencies all met for dep_context=requeueable deps ti=<TaskInstance: name_stream_dag.stream_to_kafka_task scheduled__2025-11-28T18:50:00+00:00 [queued]>
[2025-11-28T18:59:47.420+0000] {taskinstance.py:2306} INFO - Starting attempt 1 of 2
[2025-11-28T18:59:47.559+0000] {taskinstance.py:2330} INFO - Executing <Task(PythonOperator): stream_to_kafka_task> on 2025-11-28 18:50:00+00:00
[2025-11-28T18:59:47.573+0000] {standard_task_runner.py:64} INFO - Started process 91 to run task
[2025-11-28T18:59:47.580+0000] {standard_task_runner.py:90} INFO - Running: ['***', 'tasks', 'run', 'name_stream_dag', 'stream_to_kafka_task', 'scheduled__2025-11-28T18:50:00+00:00', '--job-id', '247', '--raw', '--subdir', 'DAGS_FOLDER/kafka_stream_dag.py', '--cfg-path', '/tmp/tmpj65cg7ic']
[2025-11-28T18:59:47.587+0000] {standard_task_runner.py:91} INFO - Job 247: Subtask stream_to_kafka_task
[2025-11-28T18:59:48.008+0000] {task_command.py:426} INFO - Running <TaskInstance: name_stream_dag.stream_to_kafka_task scheduled__2025-11-28T18:50:00+00:00 [running]> on host 52eea1f05d9c
[2025-11-28T18:59:48.658+0000] {taskinstance.py:2648} INFO - Exporting env vars: AIRFLOW_CTX_DAG_OWNER='***' AIRFLOW_CTX_DAG_ID='name_stream_dag' AIRFLOW_CTX_TASK_ID='stream_to_kafka_task' AIRFLOW_CTX_EXECUTION_DATE='2025-11-28T18:50:00+00:00' AIRFLOW_CTX_TRY_NUMBER='1' AIRFLOW_CTX_DAG_RUN_ID='scheduled__2025-11-28T18:50:00+00:00'
[2025-11-28T18:59:48.660+0000] {taskinstance.py:430} INFO - ::endgroup::
[2025-11-28T18:59:59.261+0000] {logging_mixin.py:188} INFO - Delivered to names_topic [0] @ offset 0
[2025-11-28T19:00:09.506+0000] {logging_mixin.py:188} INFO - Delivered to names_topic [0] @ offset 1
[2025-11-28T19:00:19.715+0000] {logging_mixin.py:188} INFO - Delivered to names_topic [0] @ offset 2
[2025-11-28T19:00:30.463+0000] {logging_mixin.py:188} INFO - Delivered to names_topic [0] @ offset 3
[2025-11-28T19:00:40.713+0000] {logging_mixin.py:188} INFO - Delivered to names_topic [0] @ offset 4
[2025-11-28T19:00:50.919+0000] {logging_mixin.py:188} INFO - Delivered to names_topic [0] @ offset 5
[2025-11-28T19:01:01.153+0000] {logging_mixin.py:188} INFO - Delivered to names_topic [0] @ offset 6
[2025-11-28T19:01:11.390+0000] {logging_mixin.py:188} INFO - Delivered to names_topic [0] @ offset 7
[2025-11-28T19:01:21.717+0000] {logging_mixin.py:188} INFO - Delivered to names_topic [0] @ offset 8
[2025-11-28T19:01:31.958+0000] {logging_mixin.py:188} INFO - Delivered to names_topic [0] @ offset 9
[2025-11-28T19:01:42.236+0000] {logging_mixin.py:188} INFO - Delivered to names_topic [0] @ offset 10
[2025-11-28T19:01:52.194+0000] {logging_mixin.py:188} INFO - Delivered to names_topic [0] @ offset 11
[2025-11-28T19:01:52.196+0000] {python.py:237} INFO - Done. Returned value was: None
[2025-11-28T19:01:52.197+0000] {taskinstance.py:441} INFO - ::group::Post task execution logs
[2025-11-28T19:01:52.264+0000] {taskinstance.py:1206} INFO - Marking task as SUCCESS. dag_id=name_stream_dag, task_id=stream_to_kafka_task, run_id=scheduled__2025-11-28T18:50:00+00:00, execution_date=20251128T185000, start_date=20251128T185947, end_date=20251128T190152
[2025-11-28T19:01:52.407+0000] {local_task_job_runner.py:243} INFO - Task exited with return code 0
[2025-11-28T19:01:52.514+0000] {local_task_job_runner.py:222} INFO - ::endgroup::
