[2025-10-08T02:36:22.343+0100] {local_task_job_runner.py:120} INFO - ::group::Pre task execution logs
[2025-10-08T02:36:22.507+0100] {taskinstance.py:2076} INFO - Dependencies all met for dep_context=non-requeueable deps ti=<TaskInstance: name_stream_dag.stream_to_kafka_task scheduled__2025-10-08T01:30:00+00:00 [queued]>
[2025-10-08T02:36:22.538+0100] {taskinstance.py:2076} INFO - Dependencies all met for dep_context=requeueable deps ti=<TaskInstance: name_stream_dag.stream_to_kafka_task scheduled__2025-10-08T01:30:00+00:00 [queued]>
[2025-10-08T02:36:22.539+0100] {taskinstance.py:2306} INFO - Starting attempt 1 of 2
[2025-10-08T02:36:22.603+0100] {taskinstance.py:2330} INFO - Executing <Task(PythonOperator): stream_to_kafka_task> on 2025-10-08 01:30:00+00:00
[2025-10-08T02:36:22.687+0100] {standard_task_runner.py:64} INFO - Started process 203 to run task
[2025-10-08T02:36:22.716+0100] {standard_task_runner.py:90} INFO - Running: ['***', 'tasks', 'run', 'name_stream_dag', 'stream_to_kafka_task', 'scheduled__2025-10-08T01:30:00+00:00', '--job-id', '35', '--raw', '--subdir', 'DAGS_FOLDER/kafka_stream_dag.py', '--cfg-path', '/tmp/tmpn75l0shk']
[2025-10-08T02:36:22.740+0100] {standard_task_runner.py:91} INFO - Job 35: Subtask stream_to_kafka_task
[2025-10-08T02:36:23.232+0100] {task_command.py:426} INFO - Running <TaskInstance: name_stream_dag.stream_to_kafka_task scheduled__2025-10-08T01:30:00+00:00 [running]> on host a05d80976dcc
[2025-10-08T02:36:24.258+0100] {taskinstance.py:2648} INFO - Exporting env vars: AIRFLOW_CTX_DAG_OWNER='***' AIRFLOW_CTX_DAG_ID='name_stream_dag' AIRFLOW_CTX_TASK_ID='stream_to_kafka_task' AIRFLOW_CTX_EXECUTION_DATE='2025-10-08T01:30:00+00:00' AIRFLOW_CTX_TRY_NUMBER='1' AIRFLOW_CTX_DAG_RUN_ID='scheduled__2025-10-08T01:30:00+00:00'
[2025-10-08T02:36:24.260+0100] {taskinstance.py:430} INFO - ::endgroup::
[2025-10-08T02:36:35.229+0100] {logging_mixin.py:188} INFO - Delivered to names_topic [0] @ offset 24
[2025-10-08T02:36:45.771+0100] {logging_mixin.py:188} INFO - Delivered to names_topic [0] @ offset 25
[2025-10-08T02:36:56.500+0100] {logging_mixin.py:188} INFO - Delivered to names_topic [0] @ offset 26
[2025-10-08T02:37:06.988+0100] {logging_mixin.py:188} INFO - Delivered to names_topic [0] @ offset 27
[2025-10-08T02:37:17.805+0100] {logging_mixin.py:188} INFO - Delivered to names_topic [0] @ offset 28
[2025-10-08T02:37:28.177+0100] {logging_mixin.py:188} INFO - Delivered to names_topic [0] @ offset 29
[2025-10-08T02:37:38.855+0100] {logging_mixin.py:188} INFO - Delivered to names_topic [0] @ offset 30
[2025-10-08T02:37:48.759+0100] {local_task_job_runner.py:124} ERROR - Received SIGTERM. Terminating subprocesses
[2025-10-08T02:37:48.776+0100] {process_utils.py:132} INFO - Sending 15 to group 203. PIDs of all processes in the group: [203]
[2025-10-08T02:37:48.798+0100] {process_utils.py:87} INFO - Sending the signal 15 to group 203
[2025-10-08T02:37:48.841+0100] {taskinstance.py:2611} ERROR - Received SIGTERM. Terminating subprocesses.
[2025-10-08T02:37:48.872+0100] {logging_mixin.py:188} INFO - Delivered to names_topic [0] @ offset 31
[2025-10-08T02:37:48.882+0100] {taskinstance.py:441} INFO - ::group::Post task execution logs
[2025-10-08T02:37:50.187+0100] {taskinstance.py:2905} ERROR - Task failed with exception
Traceback (most recent call last):
  File "/home/airflow/.local/lib/python3.11/site-packages/airflow/models/taskinstance.py", line 465, in _execute_task
    result = _execute_callable(context=context, **execute_callable_kwargs)
             ^^^^^^^^^^^^^^^^^^^^^^^^^^^^^^^^^^^^^^^^^^^^^^^^^^^^^^^^^^^^^
  File "/home/airflow/.local/lib/python3.11/site-packages/airflow/models/taskinstance.py", line 432, in _execute_callable
    return execute_callable(context=context, **execute_callable_kwargs)
           ^^^^^^^^^^^^^^^^^^^^^^^^^^^^^^^^^^^^^^^^^^^^^^^^^^^^^^^^^^^^
  File "/home/airflow/.local/lib/python3.11/site-packages/airflow/models/baseoperator.py", line 401, in wrapper
    return func(self, *args, **kwargs)
           ^^^^^^^^^^^^^^^^^^^^^^^^^^^
  File "/home/airflow/.local/lib/python3.11/site-packages/airflow/operators/python.py", line 235, in execute
    return_value = self.execute_callable()
                   ^^^^^^^^^^^^^^^^^^^^^^^
  File "/home/airflow/.local/lib/python3.11/site-packages/airflow/operators/python.py", line 252, in execute_callable
    return self.python_callable(*self.op_args, **self.op_kwargs)
           ^^^^^^^^^^^^^^^^^^^^^^^^^^^^^^^^^^^^^^^^^^^^^^^^^^^^^
  File "/opt/airflow/dags/kafka_stream_dag.py", line 29, in _trigger_stream
    initiate_stream()
  File "/opt/airflow/dags/producer/kafka_streaming_service.py", line 220, in initiate_stream
    raw = retrieve_user_data()
          ^^^^^^^^^^^^^^^^^^^^
  File "/opt/airflow/dags/producer/kafka_streaming_service.py", line 118, in retrieve_user_data
    resp = requests.get(url, timeout=timeout)
           ^^^^^^^^^^^^^^^^^^^^^^^^^^^^^^^^^^
  File "/home/airflow/.local/lib/python3.11/site-packages/requests/api.py", line 73, in get
    return request("get", url, params=params, **kwargs)
           ^^^^^^^^^^^^^^^^^^^^^^^^^^^^^^^^^^^^^^^^^^^^
  File "/home/airflow/.local/lib/python3.11/site-packages/requests/api.py", line 59, in request
    return session.request(method=method, url=url, **kwargs)
           ^^^^^^^^^^^^^^^^^^^^^^^^^^^^^^^^^^^^^^^^^^^^^^^^^
  File "/home/airflow/.local/lib/python3.11/site-packages/requests/sessions.py", line 589, in request
    resp = self.send(prep, **send_kwargs)
           ^^^^^^^^^^^^^^^^^^^^^^^^^^^^^^
  File "/home/airflow/.local/lib/python3.11/site-packages/requests/sessions.py", line 703, in send
    r = adapter.send(request, **kwargs)
        ^^^^^^^^^^^^^^^^^^^^^^^^^^^^^^^
  File "/home/airflow/.local/lib/python3.11/site-packages/requests/adapters.py", line 486, in send
    resp = conn.urlopen(
           ^^^^^^^^^^^^^
  File "/home/airflow/.local/lib/python3.11/site-packages/urllib3/connectionpool.py", line 791, in urlopen
    response = self._make_request(
               ^^^^^^^^^^^^^^^^^^^
  File "/home/airflow/.local/lib/python3.11/site-packages/urllib3/connectionpool.py", line 468, in _make_request
    self._validate_conn(conn)
  File "/home/airflow/.local/lib/python3.11/site-packages/urllib3/connectionpool.py", line 1097, in _validate_conn
    conn.connect()
  File "/home/airflow/.local/lib/python3.11/site-packages/urllib3/connection.py", line 611, in connect
    self.sock = sock = self._new_conn()
                       ^^^^^^^^^^^^^^^^
  File "/home/airflow/.local/lib/python3.11/site-packages/urllib3/connection.py", line 203, in _new_conn
    sock = connection.create_connection(
           ^^^^^^^^^^^^^^^^^^^^^^^^^^^^^
  File "/home/airflow/.local/lib/python3.11/site-packages/urllib3/util/connection.py", line 60, in create_connection
    for res in socket.getaddrinfo(host, port, family, socket.SOCK_STREAM):
               ^^^^^^^^^^^^^^^^^^^^^^^^^^^^^^^^^^^^^^^^^^^^^^^^^^^^^^^^^^
  File "/usr/local/lib/python3.11/socket.py", line 962, in getaddrinfo
    for res in _socket.getaddrinfo(host, port, family, type, proto, flags):
               ^^^^^^^^^^^^^^^^^^^^^^^^^^^^^^^^^^^^^^^^^^^^^^^^^^^^^^^^^^^
  File "/home/airflow/.local/lib/python3.11/site-packages/airflow/models/taskinstance.py", line 2613, in signal_handler
    raise AirflowTaskTerminated("Task received SIGTERM signal")
airflow.exceptions.AirflowTaskTerminated: Task received SIGTERM signal
[2025-10-08T02:37:51.040+0100] {taskinstance.py:1206} INFO - Marking task as UP_FOR_RETRY. dag_id=name_stream_dag, task_id=stream_to_kafka_task, run_id=scheduled__2025-10-08T01:30:00+00:00, execution_date=20251008T013000, start_date=20251008T013622, end_date=20251008T013750
[2025-10-08T02:37:52.207+0100] {process_utils.py:80} INFO - Process psutil.Process(pid=203, status='terminated', exitcode=2, started='02:36:22') (203) terminated with exit code 2
[2025-10-08T02:37:52.211+0100] {local_task_job_runner.py:243} INFO - Task exited with return code 143
[2025-10-08T02:37:52.828+0100] {taskinstance.py:3503} INFO - 0 downstream tasks scheduled from follow-on schedule check
[2025-10-08T02:37:53.718+0100] {local_task_job_runner.py:222} INFO - ::endgroup::
