[2025-11-28T21:59:21.579+0000] {local_task_job_runner.py:120} INFO - ::group::Pre task execution logs
[2025-11-28T21:59:21.763+0000] {taskinstance.py:2076} INFO - Dependencies all met for dep_context=non-requeueable deps ti=<TaskInstance: name_stream_dag.spark_stream_to_s3 scheduled__2025-11-28T21:50:00+00:00 [queued]>
[2025-11-28T21:59:21.864+0000] {taskinstance.py:2076} INFO - Dependencies all met for dep_context=requeueable deps ti=<TaskInstance: name_stream_dag.spark_stream_to_s3 scheduled__2025-11-28T21:50:00+00:00 [queued]>
[2025-11-28T21:59:21.866+0000] {taskinstance.py:2306} INFO - Starting attempt 1 of 2
[2025-11-28T21:59:22.188+0000] {taskinstance.py:2330} INFO - Executing <Task(DockerOperator): spark_stream_to_s3> on 2025-11-28 21:50:00+00:00
[2025-11-28T21:59:22.216+0000] {standard_task_runner.py:64} INFO - Started process 153 to run task
[2025-11-28T21:59:22.243+0000] {standard_task_runner.py:90} INFO - Running: ['***', 'tasks', 'run', 'name_stream_dag', 'spark_stream_to_s3', 'scheduled__2025-11-28T21:50:00+00:00', '--job-id', '398', '--raw', '--subdir', 'DAGS_FOLDER/kafka_stream_dag.py', '--cfg-path', '/tmp/tmp9xh8t8hu']
[2025-11-28T21:59:22.269+0000] {standard_task_runner.py:91} INFO - Job 398: Subtask spark_stream_to_s3
[2025-11-28T21:59:22.835+0000] {task_command.py:426} INFO - Running <TaskInstance: name_stream_dag.spark_stream_to_s3 scheduled__2025-11-28T21:50:00+00:00 [running]> on host ba840ab4a6c4
[2025-11-28T21:59:23.701+0000] {taskinstance.py:2648} INFO - Exporting env vars: AIRFLOW_CTX_DAG_OWNER='***' AIRFLOW_CTX_DAG_ID='name_stream_dag' AIRFLOW_CTX_TASK_ID='spark_stream_to_s3' AIRFLOW_CTX_EXECUTION_DATE='2025-11-28T21:50:00+00:00' AIRFLOW_CTX_TRY_NUMBER='1' AIRFLOW_CTX_DAG_RUN_ID='scheduled__2025-11-28T21:50:00+00:00'
[2025-11-28T21:59:23.702+0000] {taskinstance.py:430} INFO - ::endgroup::
[2025-11-28T21:59:23.931+0000] {docker.py:367} INFO - Starting docker container from image custom-spark
[2025-11-28T21:59:25.003+0000] {docker.py:438} INFO - [38;5;6mspark [38;5;5m21:59:24.94 [0m[38;5;2mINFO [0m ==>
[2025-11-28T21:59:25.008+0000] {docker.py:438} INFO - [38;5;6mspark [38;5;5m21:59:24.95 [0m[38;5;2mINFO [0m ==> [1mWelcome to the Bitnami spark container[0m
[2025-11-28T21:59:25.010+0000] {docker.py:438} INFO - [38;5;6mspark [38;5;5m21:59:24.96 [0m[38;5;2mINFO [0m ==> Subscribe to project updates by watching [1mhttps://github.com/bitnami/containers[0m
[2025-11-28T21:59:25.011+0000] {docker.py:438} INFO - [38;5;6mspark [38;5;5m21:59:24.96 [0m[38;5;2mINFO [0m ==> Submit issues and feature requests at [1mhttps://github.com/bitnami/containers/issues[0m
[2025-11-28T21:59:25.012+0000] {docker.py:438} INFO - [38;5;6mspark [38;5;5m21:59:24.98 [0m[38;5;2mINFO [0m ==> Upgrade to Tanzu Application Catalog for production environments to access custom-configured and pre-packaged software components. Gain enhanced features, including Software Bill of Materials (SBOM), CVE scan result reports, and VEX documents. To learn more, visit [1mhttps://bitnami.com/enterprise[0m
[2025-11-28T21:59:25.013+0000] {docker.py:438} INFO - [38;5;6mspark [38;5;5m21:59:24.98 [0m[38;5;2mINFO [0m ==>
[2025-11-28T21:59:25.029+0000] {docker.py:438} INFO - 
[2025-11-28T21:59:38.229+0000] {docker.py:438} INFO - 2025-11-28 21:59:38,208:spark_structured_streaming:main:INFO:Spark streaming config: app_name=spark_streaming brokers=kafka:19092 topic=names_topic bucket=namegeneratorbucket output_prefix=names checkpoint_prefix=checkpoints/names region=eu-west-2 endpoint=None path_style=None ssl_enabled=None
[2025-11-28T21:59:38.557+0000] {docker.py:438} INFO - 25/11/28 21:59:38 INFO SparkContext: Running Spark version 3.5.1
[2025-11-28T21:59:38.567+0000] {docker.py:438} INFO - 25/11/28 21:59:38 INFO SparkContext: OS info Linux, 6.6.87.2-microsoft-standard-WSL2, amd64
[2025-11-28T21:59:38.574+0000] {docker.py:438} INFO - 25/11/28 21:59:38 INFO SparkContext: Java version 17.0.12
[2025-11-28T21:59:38.683+0000] {docker.py:438} INFO - 25/11/28 21:59:38 INFO ResourceUtils: ==============================================================
[2025-11-28T21:59:38.686+0000] {docker.py:438} INFO - 25/11/28 21:59:38 INFO ResourceUtils: No custom resources configured for spark.driver.
[2025-11-28T21:59:38.688+0000] {docker.py:438} INFO - 25/11/28 21:59:38 INFO ResourceUtils: ==============================================================
[2025-11-28T21:59:38.689+0000] {docker.py:438} INFO - 25/11/28 21:59:38 INFO SparkContext: Submitted application: spark_streaming
[2025-11-28T21:59:38.808+0000] {docker.py:438} INFO - 25/11/28 21:59:38 INFO ResourceProfile: Default ResourceProfile created, executor resources: Map(memory -> name: memory, amount: 1024, script: , vendor: , offHeap -> name: offHeap, amount: 0, script: , vendor: ), task resources: Map(cpus -> name: cpus, amount: 1.0)
[2025-11-28T21:59:38.837+0000] {docker.py:438} INFO - 25/11/28 21:59:38 INFO ResourceProfile: Limiting resource is cpu
[2025-11-28T21:59:38.849+0000] {docker.py:438} INFO - 25/11/28 21:59:38 INFO ResourceProfileManager: Added ResourceProfile id: 0
[2025-11-28T21:59:39.078+0000] {docker.py:438} INFO - 25/11/28 21:59:39 INFO SecurityManager: Changing view acls to: spark
[2025-11-28T21:59:39.087+0000] {docker.py:438} INFO - 25/11/28 21:59:39 INFO SecurityManager: Changing modify acls to: spark
[2025-11-28T21:59:39.092+0000] {docker.py:438} INFO - 25/11/28 21:59:39 INFO SecurityManager: Changing view acls groups to:
[2025-11-28T21:59:39.094+0000] {docker.py:438} INFO - 25/11/28 21:59:39 INFO SecurityManager: Changing modify acls groups to:
[2025-11-28T21:59:39.100+0000] {docker.py:438} INFO - 25/11/28 21:59:39 INFO SecurityManager: SecurityManager: authentication disabled; ui acls disabled; users with view permissions: spark; groups with view permissions: EMPTY; users with modify permissions: spark; groups with modify permissions: EMPTY
[2025-11-28T21:59:39.585+0000] {docker.py:438} INFO - 25/11/28 21:59:39 WARN NativeCodeLoader: Unable to load native-hadoop library for your platform... using builtin-java classes where applicable
[2025-11-28T21:59:41.467+0000] {docker.py:438} INFO - 25/11/28 21:59:41 INFO Utils: Successfully started service 'sparkDriver' on port 36073.
[2025-11-28T21:59:41.602+0000] {docker.py:438} INFO - 25/11/28 21:59:41 INFO SparkEnv: Registering MapOutputTracker
[2025-11-28T21:59:41.885+0000] {docker.py:438} INFO - 25/11/28 21:59:41 INFO SparkEnv: Registering BlockManagerMaster
[2025-11-28T21:59:42.042+0000] {docker.py:438} INFO - 25/11/28 21:59:42 INFO BlockManagerMasterEndpoint: Using org.apache.spark.storage.DefaultTopologyMapper for getting topology information
[2025-11-28T21:59:42.045+0000] {docker.py:438} INFO - 25/11/28 21:59:42 INFO BlockManagerMasterEndpoint: BlockManagerMasterEndpoint up
[2025-11-28T21:59:42.120+0000] {docker.py:438} INFO - 25/11/28 21:59:42 INFO SparkEnv: Registering BlockManagerMasterHeartbeat
[2025-11-28T21:59:42.338+0000] {docker.py:438} INFO - 25/11/28 21:59:42 INFO DiskBlockManager: Created local directory at /tmp/blockmgr-3d2b8870-66fc-4b0a-be3d-07c8e71f5ca1
[2025-11-28T21:59:42.388+0000] {docker.py:438} INFO - 25/11/28 21:59:42 INFO MemoryStore: MemoryStore started with capacity 434.4 MiB
[2025-11-28T21:59:42.444+0000] {docker.py:438} INFO - 25/11/28 21:59:42 INFO SparkEnv: Registering OutputCommitCoordinator
[2025-11-28T21:59:43.456+0000] {docker.py:438} INFO - 25/11/28 21:59:43 INFO JettyUtils: Start Jetty 0.0.0.0:4040 for SparkUI
[2025-11-28T21:59:44.649+0000] {docker.py:438} INFO - 25/11/28 21:59:44 INFO Utils: Successfully started service 'SparkUI' on port 4040.
[2025-11-28T21:59:45.461+0000] {docker.py:438} INFO - 25/11/28 21:59:45 INFO StandaloneAppClient$ClientEndpoint: Connecting to master spark://spark-master:7077...
[2025-11-28T21:59:45.999+0000] {docker.py:438} INFO - 25/11/28 21:59:45 INFO TransportClientFactory: Successfully created connection to spark-master/172.18.0.4:7077 after 197 ms (0 ms spent in bootstraps)
[2025-11-28T21:59:46.720+0000] {docker.py:438} INFO - 25/11/28 21:59:46 INFO StandaloneSchedulerBackend: Connected to Spark cluster with app ID app-20251128215946-0008
[2025-11-28T21:59:47.032+0000] {docker.py:438} INFO - 25/11/28 21:59:47 INFO Utils: Successfully started service 'org.apache.spark.network.netty.NettyBlockTransferService' on port 36005.
[2025-11-28T21:59:47.034+0000] {docker.py:438} INFO - 25/11/28 21:59:47 INFO NettyBlockTransferService: Server created on 66952a6f5e09:36005
[2025-11-28T21:59:47.035+0000] {docker.py:438} INFO - 25/11/28 21:59:47 INFO BlockManager: Using org.apache.spark.storage.RandomBlockReplicationPolicy for block replication policy
[2025-11-28T21:59:47.211+0000] {docker.py:438} INFO - 25/11/28 21:59:47 INFO BlockManagerMaster: Registering BlockManager BlockManagerId(driver, 66952a6f5e09, 36005, None)
[2025-11-28T21:59:47.250+0000] {docker.py:438} INFO - 25/11/28 21:59:47 INFO BlockManagerMasterEndpoint: Registering block manager 66952a6f5e09:36005 with 434.4 MiB RAM, BlockManagerId(driver, 66952a6f5e09, 36005, None)
[2025-11-28T21:59:47.253+0000] {docker.py:438} INFO - 25/11/28 21:59:47 INFO BlockManagerMaster: Registered BlockManager BlockManagerId(driver, 66952a6f5e09, 36005, None)
[2025-11-28T21:59:47.254+0000] {docker.py:438} INFO - 25/11/28 21:59:47 INFO BlockManager: Initialized BlockManager: BlockManagerId(driver, 66952a6f5e09, 36005, None)
[2025-11-28T21:59:48.612+0000] {docker.py:438} INFO - 25/11/28 21:59:48 INFO StandaloneSchedulerBackend: SchedulerBackend is ready for scheduling beginning after reached minRegisteredResourcesRatio: 0.0
[2025-11-28T21:59:50.024+0000] {docker.py:438} INFO - 2025-11-28 21:59:50,021:spark_structured_streaming:s3_healthcheck_write:INFO:Running S3 healthcheck, writing marker to s3a://namegeneratorbucket/names/healthcheck/_SUCCESS
[2025-11-28T21:59:57.482+0000] {docker.py:438} INFO - 2025-11-28 21:59:57,480:spark_structured_streaming:s3_healthcheck_write:INFO:S3 healthcheck marker successfully written at s3a://namegeneratorbucket/names/healthcheck/_SUCCESS
[2025-11-28T22:00:03.448+0000] {docker.py:438} INFO - 2025-11-28 22:00:03,443:spark_structured_streaming:initiate_streaming_to_bucket:INFO:Starting streaming sink (JSON, availableNow) to path=s3a://namegeneratorbucket/names with checkpoint=s3a://namegeneratorbucket/checkpoints/names
[2025-11-28T22:00:03.598+0000] {docker.py:438} INFO - 2025-11-28 22:00:03,593:py4j.java_gateway:run:INFO:Callback Server Starting
[2025-11-28T22:00:03.599+0000] {docker.py:438} INFO - 2025-11-28 22:00:03,595:py4j.java_gateway:run:INFO:Socket listening on ('127.0.0.1', 37877)
[2025-11-28T22:00:05.493+0000] {docker.py:438} INFO - 2025-11-28 22:00:05,472:spark_structured_streaming:initiate_streaming_to_bucket:INFO:Streaming query (availableNow) started; waiting for backlog to be processed.
[2025-11-28T22:00:10.565+0000] {docker.py:438} INFO - 2025-11-28 22:00:10,548:spark_structured_streaming:initiate_streaming_to_bucket:INFO:Streaming query (availableNow) completed and terminated.
[2025-11-28T22:00:10.566+0000] {docker.py:438} INFO - 2025-11-28 22:00:10,552:spark_structured_streaming:main:INFO:Stopping Spark session.
[2025-11-28T22:00:11.353+0000] {docker.py:438} INFO - 2025-11-28 22:00:11,346:py4j.clientserver:close:INFO:Closing down clientserver connection
[2025-11-28T22:00:12.741+0000] {taskinstance.py:441} INFO - ::group::Post task execution logs
[2025-11-28T22:00:13.871+0000] {taskinstance.py:1206} INFO - Marking task as SUCCESS. dag_id=name_stream_dag, task_id=spark_stream_to_s3, run_id=scheduled__2025-11-28T21:50:00+00:00, execution_date=20251128T215000, start_date=20251128T215921, end_date=20251128T220013
[2025-11-28T22:00:14.125+0000] {local_task_job_runner.py:243} INFO - Task exited with return code 0
[2025-11-28T22:00:14.294+0000] {taskinstance.py:3503} INFO - 0 downstream tasks scheduled from follow-on schedule check
[2025-11-28T22:00:14.394+0000] {local_task_job_runner.py:222} INFO - ::endgroup::
