[2025-11-28T22:02:49.969+0000] {local_task_job_runner.py:120} INFO - ::group::Pre task execution logs
[2025-11-28T22:02:50.048+0000] {taskinstance.py:2076} INFO - Dependencies all met for dep_context=non-requeueable deps ti=<TaskInstance: name_stream_dag.spark_stream_to_s3 scheduled__2025-11-28T21:55:00+00:00 [queued]>
[2025-11-28T22:02:50.061+0000] {taskinstance.py:2076} INFO - Dependencies all met for dep_context=requeueable deps ti=<TaskInstance: name_stream_dag.spark_stream_to_s3 scheduled__2025-11-28T21:55:00+00:00 [queued]>
[2025-11-28T22:02:50.062+0000] {taskinstance.py:2306} INFO - Starting attempt 1 of 2
[2025-11-28T22:02:50.271+0000] {taskinstance.py:2330} INFO - Executing <Task(DockerOperator): spark_stream_to_s3> on 2025-11-28 21:55:00+00:00
[2025-11-28T22:02:50.288+0000] {standard_task_runner.py:64} INFO - Started process 244 to run task
[2025-11-28T22:02:50.294+0000] {standard_task_runner.py:90} INFO - Running: ['***', 'tasks', 'run', 'name_stream_dag', 'spark_stream_to_s3', 'scheduled__2025-11-28T21:55:00+00:00', '--job-id', '402', '--raw', '--subdir', 'DAGS_FOLDER/kafka_stream_dag.py', '--cfg-path', '/tmp/tmp13qpqaii']
[2025-11-28T22:02:50.307+0000] {standard_task_runner.py:91} INFO - Job 402: Subtask spark_stream_to_s3
[2025-11-28T22:02:50.639+0000] {task_command.py:426} INFO - Running <TaskInstance: name_stream_dag.spark_stream_to_s3 scheduled__2025-11-28T21:55:00+00:00 [running]> on host ba840ab4a6c4
[2025-11-28T22:02:51.143+0000] {taskinstance.py:2648} INFO - Exporting env vars: AIRFLOW_CTX_DAG_OWNER='***' AIRFLOW_CTX_DAG_ID='name_stream_dag' AIRFLOW_CTX_TASK_ID='spark_stream_to_s3' AIRFLOW_CTX_EXECUTION_DATE='2025-11-28T21:55:00+00:00' AIRFLOW_CTX_TRY_NUMBER='1' AIRFLOW_CTX_DAG_RUN_ID='scheduled__2025-11-28T21:55:00+00:00'
[2025-11-28T22:02:51.145+0000] {taskinstance.py:430} INFO - ::endgroup::
[2025-11-28T22:02:51.339+0000] {docker.py:367} INFO - Starting docker container from image custom-spark
[2025-11-28T22:02:52.496+0000] {docker.py:438} INFO - [38;5;6mspark [38;5;5m22:02:52.48 [0m[38;5;2mINFO [0m ==>
[2025-11-28T22:02:52.498+0000] {docker.py:438} INFO - [38;5;6mspark [38;5;5m22:02:52.49 [0m[38;5;2mINFO [0m ==> [1mWelcome to the Bitnami spark container[0m
[2025-11-28T22:02:52.501+0000] {docker.py:438} INFO - [38;5;6mspark [38;5;5m22:02:52.49 [0m[38;5;2mINFO [0m ==> Subscribe to project updates by watching [1mhttps://github.com/bitnami/containers[0m
[2025-11-28T22:02:52.507+0000] {docker.py:438} INFO - [38;5;6mspark [38;5;5m22:02:52.50 [0m[38;5;2mINFO [0m ==> Submit issues and feature requests at [1mhttps://github.com/bitnami/containers/issues[0m
[2025-11-28T22:02:52.510+0000] {docker.py:438} INFO - [38;5;6mspark [38;5;5m22:02:52.50 [0m[38;5;2mINFO [0m ==> Upgrade to Tanzu Application Catalog for production environments to access custom-configured and pre-packaged software components. Gain enhanced features, including Software Bill of Materials (SBOM), CVE scan result reports, and VEX documents. To learn more, visit [1mhttps://bitnami.com/enterprise[0m
[2025-11-28T22:02:52.515+0000] {docker.py:438} INFO - [38;5;6mspark [38;5;5m22:02:52.51 [0m[38;5;2mINFO [0m ==>
[2025-11-28T22:02:52.547+0000] {docker.py:438} INFO - 
[2025-11-28T22:02:57.398+0000] {docker.py:438} INFO - 2025-11-28 22:02:57,395:spark_structured_streaming:main:INFO:Spark streaming config: app_name=spark_streaming brokers=kafka:19092 topic=names_topic bucket=namegeneratorbucket output_prefix=names checkpoint_prefix=checkpoints/names region=eu-west-2 endpoint=None path_style=None ssl_enabled=None
[2025-11-28T22:02:57.530+0000] {docker.py:438} INFO - 25/11/28 22:02:57 INFO SparkContext: Running Spark version 3.5.1
[2025-11-28T22:02:57.534+0000] {docker.py:438} INFO - 25/11/28 22:02:57 INFO SparkContext: OS info Linux, 6.6.87.2-microsoft-standard-WSL2, amd64
[2025-11-28T22:02:57.535+0000] {docker.py:438} INFO - 25/11/28 22:02:57 INFO SparkContext: Java version 17.0.12
[2025-11-28T22:02:57.580+0000] {docker.py:438} INFO - 25/11/28 22:02:57 INFO ResourceUtils: ==============================================================
[2025-11-28T22:02:57.583+0000] {docker.py:438} INFO - 25/11/28 22:02:57 INFO ResourceUtils: No custom resources configured for spark.driver.
[2025-11-28T22:02:57.584+0000] {docker.py:438} INFO - 25/11/28 22:02:57 INFO ResourceUtils: ==============================================================
[2025-11-28T22:02:57.585+0000] {docker.py:438} INFO - 25/11/28 22:02:57 INFO SparkContext: Submitted application: spark_streaming
[2025-11-28T22:02:57.624+0000] {docker.py:438} INFO - 25/11/28 22:02:57 INFO ResourceProfile: Default ResourceProfile created, executor resources: Map(memory -> name: memory, amount: 1024, script: , vendor: , offHeap -> name: offHeap, amount: 0, script: , vendor: ), task resources: Map(cpus -> name: cpus, amount: 1.0)
[2025-11-28T22:02:57.637+0000] {docker.py:438} INFO - 25/11/28 22:02:57 INFO ResourceProfile: Limiting resource is cpu
[2025-11-28T22:02:57.638+0000] {docker.py:438} INFO - 25/11/28 22:02:57 INFO ResourceProfileManager: Added ResourceProfile id: 0
[2025-11-28T22:02:57.757+0000] {docker.py:438} INFO - 25/11/28 22:02:57 INFO SecurityManager: Changing view acls to: spark
[2025-11-28T22:02:57.760+0000] {docker.py:438} INFO - 25/11/28 22:02:57 INFO SecurityManager: Changing modify acls to: spark
[2025-11-28T22:02:57.765+0000] {docker.py:438} INFO - 25/11/28 22:02:57 INFO SecurityManager: Changing view acls groups to:
[2025-11-28T22:02:57.766+0000] {docker.py:438} INFO - 25/11/28 22:02:57 INFO SecurityManager: Changing modify acls groups to:
[2025-11-28T22:02:57.768+0000] {docker.py:438} INFO - 25/11/28 22:02:57 INFO SecurityManager: SecurityManager: authentication disabled; ui acls disabled; users with view permissions: spark; groups with view permissions: EMPTY; users with modify permissions: spark; groups with modify permissions: EMPTY
[2025-11-28T22:02:57.947+0000] {docker.py:438} INFO - 25/11/28 22:02:57 WARN NativeCodeLoader: Unable to load native-hadoop library for your platform... using builtin-java classes where applicable
[2025-11-28T22:02:58.545+0000] {docker.py:438} INFO - 25/11/28 22:02:58 INFO Utils: Successfully started service 'sparkDriver' on port 43507.
[2025-11-28T22:02:58.600+0000] {docker.py:438} INFO - 25/11/28 22:02:58 INFO SparkEnv: Registering MapOutputTracker
[2025-11-28T22:02:58.665+0000] {docker.py:438} INFO - 25/11/28 22:02:58 INFO SparkEnv: Registering BlockManagerMaster
[2025-11-28T22:02:58.696+0000] {docker.py:438} INFO - 25/11/28 22:02:58 INFO BlockManagerMasterEndpoint: Using org.apache.spark.storage.DefaultTopologyMapper for getting topology information
[2025-11-28T22:02:58.699+0000] {docker.py:438} INFO - 25/11/28 22:02:58 INFO BlockManagerMasterEndpoint: BlockManagerMasterEndpoint up
[2025-11-28T22:02:58.708+0000] {docker.py:438} INFO - 25/11/28 22:02:58 INFO SparkEnv: Registering BlockManagerMasterHeartbeat
[2025-11-28T22:02:58.748+0000] {docker.py:438} INFO - 25/11/28 22:02:58 INFO DiskBlockManager: Created local directory at /tmp/blockmgr-82167d0f-de93-429d-90d6-b27dc4ef81b5
[2025-11-28T22:02:58.803+0000] {docker.py:438} INFO - 25/11/28 22:02:58 INFO MemoryStore: MemoryStore started with capacity 434.4 MiB
[2025-11-28T22:02:58.839+0000] {docker.py:438} INFO - 25/11/28 22:02:58 INFO SparkEnv: Registering OutputCommitCoordinator
[2025-11-28T22:02:59.126+0000] {docker.py:438} INFO - 25/11/28 22:02:59 INFO JettyUtils: Start Jetty 0.0.0.0:4040 for SparkUI
[2025-11-28T22:02:59.333+0000] {docker.py:438} INFO - 25/11/28 22:02:59 INFO Utils: Successfully started service 'SparkUI' on port 4040.
[2025-11-28T22:02:59.589+0000] {docker.py:438} INFO - 25/11/28 22:02:59 INFO StandaloneAppClient$ClientEndpoint: Connecting to master spark://spark-master:7077...
[2025-11-28T22:02:59.681+0000] {docker.py:438} INFO - 25/11/28 22:02:59 INFO TransportClientFactory: Successfully created connection to spark-master/172.18.0.4:7077 after 53 ms (0 ms spent in bootstraps)
[2025-11-28T22:02:59.876+0000] {docker.py:438} INFO - 25/11/28 22:02:59 INFO StandaloneSchedulerBackend: Connected to Spark cluster with app ID app-20251128220259-0012
[2025-11-28T22:02:59.892+0000] {docker.py:438} INFO - 25/11/28 22:02:59 INFO Utils: Successfully started service 'org.apache.spark.network.netty.NettyBlockTransferService' on port 34897.
[2025-11-28T22:02:59.894+0000] {docker.py:438} INFO - 25/11/28 22:02:59 INFO NettyBlockTransferService: Server created on ba52fa55faf8:34897
[2025-11-28T22:02:59.897+0000] {docker.py:438} INFO - 25/11/28 22:02:59 INFO BlockManager: Using org.apache.spark.storage.RandomBlockReplicationPolicy for block replication policy
[2025-11-28T22:02:59.908+0000] {docker.py:438} INFO - 25/11/28 22:02:59 INFO BlockManagerMaster: Registering BlockManager BlockManagerId(driver, ba52fa55faf8, 34897, None)
[2025-11-28T22:02:59.915+0000] {docker.py:438} INFO - 25/11/28 22:02:59 INFO BlockManagerMasterEndpoint: Registering block manager ba52fa55faf8:34897 with 434.4 MiB RAM, BlockManagerId(driver, ba52fa55faf8, 34897, None)
[2025-11-28T22:02:59.920+0000] {docker.py:438} INFO - 25/11/28 22:02:59 INFO BlockManagerMaster: Registered BlockManager BlockManagerId(driver, ba52fa55faf8, 34897, None)
[2025-11-28T22:02:59.924+0000] {docker.py:438} INFO - 25/11/28 22:02:59 INFO BlockManager: Initialized BlockManager: BlockManagerId(driver, ba52fa55faf8, 34897, None)
[2025-11-28T22:03:00.493+0000] {docker.py:438} INFO - 25/11/28 22:03:00 INFO StandaloneSchedulerBackend: SchedulerBackend is ready for scheduling beginning after reached minRegisteredResourcesRatio: 0.0
[2025-11-28T22:03:01.012+0000] {docker.py:438} INFO - 2025-11-28 22:03:01,009:spark_structured_streaming:s3_healthcheck_write:INFO:Running S3 healthcheck, writing marker to s3a://namegeneratorbucket/names/healthcheck/_SUCCESS
[2025-11-28T22:03:08.530+0000] {docker.py:438} INFO - 2025-11-28 22:03:08,507:spark_structured_streaming:s3_healthcheck_write:INFO:S3 healthcheck marker successfully written at s3a://namegeneratorbucket/names/healthcheck/_SUCCESS
[2025-11-28T22:03:19.419+0000] {docker.py:438} INFO - 2025-11-28 22:03:19,397:spark_structured_streaming:initiate_streaming_to_bucket:INFO:Starting streaming sink (JSON, availableNow) to path=s3a://namegeneratorbucket/names with checkpoint=s3a://namegeneratorbucket/checkpoints/names
[2025-11-28T22:03:19.760+0000] {docker.py:438} INFO - 2025-11-28 22:03:19,749:py4j.java_gateway:run:INFO:Callback Server Starting
[2025-11-28T22:03:19.762+0000] {docker.py:438} INFO - 2025-11-28 22:03:19,750:py4j.java_gateway:run:INFO:Socket listening on ('127.0.0.1', 35451)
[2025-11-28T22:03:22.000+0000] {docker.py:438} INFO - 2025-11-28 22:03:21,966:spark_structured_streaming:initiate_streaming_to_bucket:INFO:Streaming query (availableNow) started; waiting for backlog to be processed.
[2025-11-28T22:03:25.575+0000] {docker.py:438} INFO - 2025-11-28 22:03:25,573:spark_structured_streaming:initiate_streaming_to_bucket:INFO:Streaming query (availableNow) completed and terminated.
[2025-11-28T22:03:25.578+0000] {docker.py:438} INFO - 2025-11-28 22:03:25,573:spark_structured_streaming:main:INFO:Stopping Spark session.
[2025-11-28T22:03:26.766+0000] {docker.py:438} INFO - 2025-11-28 22:03:26,751:py4j.clientserver:close:INFO:Closing down clientserver connection
[2025-11-28T22:03:28.550+0000] {taskinstance.py:441} INFO - ::group::Post task execution logs
[2025-11-28T22:03:29.213+0000] {taskinstance.py:1206} INFO - Marking task as SUCCESS. dag_id=name_stream_dag, task_id=spark_stream_to_s3, run_id=scheduled__2025-11-28T21:55:00+00:00, execution_date=20251128T215500, start_date=20251128T220250, end_date=20251128T220329
[2025-11-28T22:03:29.368+0000] {local_task_job_runner.py:243} INFO - Task exited with return code 0
[2025-11-28T22:03:29.647+0000] {taskinstance.py:3503} INFO - 0 downstream tasks scheduled from follow-on schedule check
[2025-11-28T22:03:29.750+0000] {local_task_job_runner.py:222} INFO - ::endgroup::
