[2025-11-28T21:45:48.712+0000] {local_task_job_runner.py:120} INFO - ::group::Pre task execution logs
[2025-11-28T21:45:48.963+0000] {taskinstance.py:2076} INFO - Dependencies all met for dep_context=non-requeueable deps ti=<TaskInstance: name_stream_dag.spark_stream_to_s3 scheduled__2025-11-28T21:30:00+00:00 [queued]>
[2025-11-28T21:45:49.004+0000] {taskinstance.py:2076} INFO - Dependencies all met for dep_context=requeueable deps ti=<TaskInstance: name_stream_dag.spark_stream_to_s3 scheduled__2025-11-28T21:30:00+00:00 [queued]>
[2025-11-28T21:45:49.006+0000] {taskinstance.py:2306} INFO - Starting attempt 2 of 2
[2025-11-28T21:45:49.130+0000] {taskinstance.py:2330} INFO - Executing <Task(DockerOperator): spark_stream_to_s3> on 2025-11-28 21:30:00+00:00
[2025-11-28T21:45:49.151+0000] {standard_task_runner.py:64} INFO - Started process 323 to run task
[2025-11-28T21:45:49.173+0000] {standard_task_runner.py:90} INFO - Running: ['***', 'tasks', 'run', 'name_stream_dag', 'spark_stream_to_s3', 'scheduled__2025-11-28T21:30:00+00:00', '--job-id', '360', '--raw', '--subdir', 'DAGS_FOLDER/kafka_stream_dag.py', '--cfg-path', '/tmp/tmpk1gl5xmp']
[2025-11-28T21:45:49.189+0000] {standard_task_runner.py:91} INFO - Job 360: Subtask spark_stream_to_s3
[2025-11-28T21:45:49.559+0000] {task_command.py:426} INFO - Running <TaskInstance: name_stream_dag.spark_stream_to_s3 scheduled__2025-11-28T21:30:00+00:00 [running]> on host aef0c793a450
[2025-11-28T21:45:50.576+0000] {taskinstance.py:2648} INFO - Exporting env vars: AIRFLOW_CTX_DAG_OWNER='***' AIRFLOW_CTX_DAG_ID='name_stream_dag' AIRFLOW_CTX_TASK_ID='spark_stream_to_s3' AIRFLOW_CTX_EXECUTION_DATE='2025-11-28T21:30:00+00:00' AIRFLOW_CTX_TRY_NUMBER='2' AIRFLOW_CTX_DAG_RUN_ID='scheduled__2025-11-28T21:30:00+00:00'
[2025-11-28T21:45:50.579+0000] {taskinstance.py:430} INFO - ::endgroup::
[2025-11-28T21:45:50.997+0000] {docker.py:367} INFO - Starting docker container from image custom-spark
[2025-11-28T21:45:52.736+0000] {docker.py:438} INFO - [38;5;6mspark [38;5;5m21:45:52.72 [0m[38;5;2mINFO [0m ==>
[2025-11-28T21:45:52.739+0000] {docker.py:438} INFO - [38;5;6mspark [38;5;5m21:45:52.73 [0m[38;5;2mINFO [0m ==> [1mWelcome to the Bitnami spark container[0m
[2025-11-28T21:45:52.759+0000] {docker.py:438} INFO - [38;5;6mspark [38;5;5m21:45:52.74 [0m[38;5;2mINFO [0m ==> Subscribe to project updates by watching [1mhttps://github.com/bitnami/containers[0m
[2025-11-28T21:45:52.764+0000] {docker.py:438} INFO - [38;5;6mspark [38;5;5m21:45:52.75 [0m[38;5;2mINFO [0m ==> Submit issues and feature requests at [1mhttps://github.com/bitnami/containers/issues[0m
[2025-11-28T21:45:52.779+0000] {docker.py:438} INFO - [38;5;6mspark [38;5;5m21:45:52.77 [0m[38;5;2mINFO [0m ==> Upgrade to Tanzu Application Catalog for production environments to access custom-configured and pre-packaged software components. Gain enhanced features, including Software Bill of Materials (SBOM), CVE scan result reports, and VEX documents. To learn more, visit [1mhttps://bitnami.com/enterprise[0m
[2025-11-28T21:45:52.799+0000] {docker.py:438} INFO - [38;5;6mspark [38;5;5m21:45:52.79 [0m[38;5;2mINFO [0m ==>
[2025-11-28T21:45:52.876+0000] {docker.py:438} INFO - 
[2025-11-28T21:46:04.002+0000] {docker.py:438} INFO - 2025-11-28 21:46:03,990:spark_structured_streaming:main:INFO:Spark streaming config: app_name=spark_streaming brokers=kafka:19092 topic=names_topic bucket=namegeneratorbucket output_prefix=names checkpoint_prefix=checkpoints/names region=eu-west-2 endpoint=None path_style=None ssl_enabled=None
[2025-11-28T21:46:04.931+0000] {docker.py:438} INFO - 25/11/28 21:46:04 INFO SparkContext: Running Spark version 3.5.1
[2025-11-28T21:46:04.955+0000] {docker.py:438} INFO - 25/11/28 21:46:04 INFO SparkContext: OS info Linux, 6.6.87.2-microsoft-standard-WSL2, amd64
[2025-11-28T21:46:04.959+0000] {docker.py:438} INFO - 25/11/28 21:46:04 INFO SparkContext: Java version 17.0.12
[2025-11-28T21:46:05.338+0000] {docker.py:438} INFO - 25/11/28 21:46:05 INFO ResourceUtils: ==============================================================
[2025-11-28T21:46:05.357+0000] {docker.py:438} INFO - 25/11/28 21:46:05 INFO ResourceUtils: No custom resources configured for spark.driver.
[2025-11-28T21:46:05.359+0000] {docker.py:438} INFO - 25/11/28 21:46:05 INFO ResourceUtils: ==============================================================
[2025-11-28T21:46:05.361+0000] {docker.py:438} INFO - 25/11/28 21:46:05 INFO SparkContext: Submitted application: spark_streaming
[2025-11-28T21:46:05.539+0000] {docker.py:438} INFO - 25/11/28 21:46:05 INFO ResourceProfile: Default ResourceProfile created, executor resources: Map(memory -> name: memory, amount: 1024, script: , vendor: , offHeap -> name: offHeap, amount: 0, script: , vendor: ), task resources: Map(cpus -> name: cpus, amount: 1.0)
[2025-11-28T21:46:05.575+0000] {docker.py:438} INFO - 25/11/28 21:46:05 INFO ResourceProfile: Limiting resource is cpu
[2025-11-28T21:46:05.580+0000] {docker.py:438} INFO - 25/11/28 21:46:05 INFO ResourceProfileManager: Added ResourceProfile id: 0
[2025-11-28T21:46:06.095+0000] {docker.py:438} INFO - 25/11/28 21:46:06 INFO SecurityManager: Changing view acls to: spark
[2025-11-28T21:46:06.125+0000] {docker.py:438} INFO - 25/11/28 21:46:06 INFO SecurityManager: Changing modify acls to: spark
[2025-11-28T21:46:06.141+0000] {docker.py:438} INFO - 25/11/28 21:46:06 INFO SecurityManager: Changing view acls groups to:
[2025-11-28T21:46:06.155+0000] {docker.py:438} INFO - 25/11/28 21:46:06 INFO SecurityManager: Changing modify acls groups to:
[2025-11-28T21:46:06.163+0000] {docker.py:438} INFO - 25/11/28 21:46:06 INFO SecurityManager: SecurityManager: authentication disabled; ui acls disabled; users with view permissions: spark; groups with view permissions: EMPTY; users with modify permissions: spark; groups with modify permissions: EMPTY
[2025-11-28T21:46:06.686+0000] {docker.py:438} INFO - 25/11/28 21:46:06 WARN NativeCodeLoader: Unable to load native-hadoop library for your platform... using builtin-java classes where applicable
[2025-11-28T21:46:09.191+0000] {docker.py:438} INFO - 25/11/28 21:46:09 INFO Utils: Successfully started service 'sparkDriver' on port 35719.
[2025-11-28T21:46:09.534+0000] {docker.py:438} INFO - 25/11/28 21:46:09 INFO SparkEnv: Registering MapOutputTracker
[2025-11-28T21:46:09.793+0000] {docker.py:438} INFO - 25/11/28 21:46:09 INFO SparkEnv: Registering BlockManagerMaster
[2025-11-28T21:46:09.931+0000] {docker.py:438} INFO - 25/11/28 21:46:09 INFO BlockManagerMasterEndpoint: Using org.apache.spark.storage.DefaultTopologyMapper for getting topology information
[2025-11-28T21:46:09.933+0000] {docker.py:438} INFO - 25/11/28 21:46:09 INFO BlockManagerMasterEndpoint: BlockManagerMasterEndpoint up
[2025-11-28T21:46:09.955+0000] {docker.py:438} INFO - 25/11/28 21:46:09 INFO SparkEnv: Registering BlockManagerMasterHeartbeat
[2025-11-28T21:46:10.159+0000] {docker.py:438} INFO - 25/11/28 21:46:10 INFO DiskBlockManager: Created local directory at /tmp/blockmgr-81199a18-33cd-4902-bd67-e2aa5083c36d
[2025-11-28T21:46:10.258+0000] {docker.py:438} INFO - 25/11/28 21:46:10 INFO MemoryStore: MemoryStore started with capacity 434.4 MiB
[2025-11-28T21:46:10.565+0000] {docker.py:438} INFO - 25/11/28 21:46:10 INFO SparkEnv: Registering OutputCommitCoordinator
[2025-11-28T21:46:11.747+0000] {docker.py:438} INFO - 25/11/28 21:46:11 INFO JettyUtils: Start Jetty 0.0.0.0:4040 for SparkUI
[2025-11-28T21:46:12.439+0000] {docker.py:438} INFO - 25/11/28 21:46:12 INFO Utils: Successfully started service 'SparkUI' on port 4040.
[2025-11-28T21:46:14.116+0000] {docker.py:438} INFO - 25/11/28 21:46:14 INFO StandaloneAppClient$ClientEndpoint: Connecting to master spark://spark-master:7077...
[2025-11-28T21:46:14.484+0000] {docker.py:438} INFO - 25/11/28 21:46:14 INFO TransportClientFactory: Successfully created connection to spark-master/172.18.0.4:7077 after 217 ms (0 ms spent in bootstraps)
[2025-11-28T21:46:15.218+0000] {docker.py:438} INFO - 25/11/28 21:46:15 INFO StandaloneSchedulerBackend: Connected to Spark cluster with app ID app-20251128214615-0010
[2025-11-28T21:46:15.305+0000] {docker.py:438} INFO - 25/11/28 21:46:15 INFO Utils: Successfully started service 'org.apache.spark.network.netty.NettyBlockTransferService' on port 39317.
[2025-11-28T21:46:15.312+0000] {docker.py:438} INFO - 25/11/28 21:46:15 INFO NettyBlockTransferService: Server created on 8f791b3a45a0:39317
[2025-11-28T21:46:15.323+0000] {docker.py:438} INFO - 25/11/28 21:46:15 INFO BlockManager: Using org.apache.spark.storage.RandomBlockReplicationPolicy for block replication policy
[2025-11-28T21:46:15.419+0000] {docker.py:438} INFO - 25/11/28 21:46:15 INFO BlockManagerMaster: Registering BlockManager BlockManagerId(driver, 8f791b3a45a0, 39317, None)
[2025-11-28T21:46:15.454+0000] {docker.py:438} INFO - 25/11/28 21:46:15 INFO BlockManagerMasterEndpoint: Registering block manager 8f791b3a45a0:39317 with 434.4 MiB RAM, BlockManagerId(driver, 8f791b3a45a0, 39317, None)
[2025-11-28T21:46:15.467+0000] {docker.py:438} INFO - 25/11/28 21:46:15 INFO BlockManagerMaster: Registered BlockManager BlockManagerId(driver, 8f791b3a45a0, 39317, None)
[2025-11-28T21:46:15.489+0000] {docker.py:438} INFO - 25/11/28 21:46:15 INFO BlockManager: Initialized BlockManager: BlockManagerId(driver, 8f791b3a45a0, 39317, None)
[2025-11-28T21:46:17.776+0000] {docker.py:438} INFO - 25/11/28 21:46:17 INFO StandaloneSchedulerBackend: SchedulerBackend is ready for scheduling beginning after reached minRegisteredResourcesRatio: 0.0
[2025-11-28T21:46:19.765+0000] {docker.py:438} INFO - 2025-11-28 21:46:19,747:spark_structured_streaming:s3_healthcheck_write:INFO:Running S3 healthcheck, writing marker to s3a://namegeneratorbucket/names/healthcheck/_SUCCESS
[2025-11-28T21:46:31.506+0000] {docker.py:438} INFO - 2025-11-28 21:46:31,446:spark_structured_streaming:s3_healthcheck_write:ERROR:S3 healthcheck FAILED while writing marker to s3a://namegeneratorbucket/names/healthcheck/_SUCCESS
[2025-11-28T21:46:31.508+0000] {docker.py:438} INFO - Traceback (most recent call last):
[2025-11-28T21:46:31.518+0000] {docker.py:438} INFO -   File "/opt/spark/app/spark_processing.py", line 192, in s3_healthcheck_write
[2025-11-28T21:46:31.528+0000] {docker.py:438} INFO -     fs.mkdirs(health_dir_path)
[2025-11-28T21:46:31.530+0000] {docker.py:438} INFO -   File "/opt/bitnami/spark/python/lib/py4j-0.10.9.7-src.zip/py4j/java_gateway.py", line 1322, in __call__
[2025-11-28T21:46:31.537+0000] {docker.py:438} INFO -     return_value = get_return_value(
[2025-11-28T21:46:31.539+0000] {docker.py:438} INFO -                    ^^^^^^^^^^^^^^^^^
[2025-11-28T21:46:31.540+0000] {docker.py:438} INFO -   File "/opt/bitnami/spark/python/lib/pyspark.zip/pyspark/errors/exceptions/captured.py", line 179, in deco
[2025-11-28T21:46:31.546+0000] {docker.py:438} INFO -     return f(*a, **kw)
[2025-11-28T21:46:31.559+0000] {docker.py:438} INFO -            ^^^^^^^^^^^
[2025-11-28T21:46:31.569+0000] {docker.py:438} INFO -   File "/opt/bitnami/spark/python/lib/py4j-0.10.9.7-src.zip/py4j/protocol.py", line 326, in get_return_value
[2025-11-28T21:46:31.571+0000] {docker.py:438} INFO -     raise Py4JJavaError(
[2025-11-28T21:46:31.572+0000] {docker.py:438} INFO - py4j.protocol.Py4JJavaError: An error occurred while calling o38.mkdirs.
[2025-11-28T21:46:31.573+0000] {docker.py:438} INFO - : org.apache.hadoop.fs.s3a.AWSBadRequestException: getFileStatus on s3a://namegeneratorbucket/names/healthcheck: com.amazonaws.services.s3.model.AmazonS3Exception: The provided token has expired. (Service: Amazon S3; Status Code: 400; Error Code: ExpiredToken; Request ID: 8GY9FVY5KPDFEA70; S3 Extended Request ID: NjgsCUEG7KcJUyHq1AFsauuxvmrH9GyAwAujqgXoZDiatOuOTN5/GJm7CcpITJv5y13S7dkVLkRQAQ7AenvFDdaDLAkX7u4OGJ6GbCi+fsU=; Proxy: null), S3 Extended Request ID: NjgsCUEG7KcJUyHq1AFsauuxvmrH9GyAwAujqgXoZDiatOuOTN5/GJm7CcpITJv5y13S7dkVLkRQAQ7AenvFDdaDLAkX7u4OGJ6GbCi+fsU=:ExpiredToken: The provided token has expired. (Service: Amazon S3; Status Code: 400; Error Code: ExpiredToken; Request ID: 8GY9FVY5KPDFEA70; S3 Extended Request ID: NjgsCUEG7KcJUyHq1AFsauuxvmrH9GyAwAujqgXoZDiatOuOTN5/GJm7CcpITJv5y13S7dkVLkRQAQ7AenvFDdaDLAkX7u4OGJ6GbCi+fsU=; Proxy: null)
[2025-11-28T21:46:31.574+0000] {docker.py:438} INFO - 	at org.apache.hadoop.fs.s3a.S3AUtils.translateException(S3AUtils.java:249)
[2025-11-28T21:46:31.575+0000] {docker.py:438} INFO - 	at org.apache.hadoop.fs.s3a.S3AUtils.translateException(S3AUtils.java:175)
[2025-11-28T21:46:31.578+0000] {docker.py:438} INFO - 	at org.apache.hadoop.fs.s3a.S3AFileSystem.s3GetFileStatus(S3AFileSystem.java:3858)
[2025-11-28T21:46:31.580+0000] {docker.py:438} INFO - 	at org.apache.hadoop.fs.s3a.S3AFileSystem.innerGetFileStatus(S3AFileSystem.java:3688)
[2025-11-28T21:46:31.580+0000] {docker.py:438} INFO - 	at org.apache.hadoop.fs.s3a.S3AFileSystem$MkdirOperationCallbacksImpl.probePathStatus(S3AFileSystem.java:3455)
[2025-11-28T21:46:31.581+0000] {docker.py:438} INFO - 	at org.apache.hadoop.fs.s3a.impl.MkdirOperation.probePathStatusOrNull(MkdirOperation.java:135)
[2025-11-28T21:46:31.582+0000] {docker.py:438} INFO - 	at org.apache.hadoop.fs.s3a.impl.MkdirOperation.getPathStatusExpectingDir(MkdirOperation.java:150)
[2025-11-28T21:46:31.596+0000] {docker.py:438} INFO - 	at org.apache.hadoop.fs.s3a.impl.MkdirOperation.execute(MkdirOperation.java:80)
[2025-11-28T21:46:31.597+0000] {docker.py:438} INFO - 	at org.apache.hadoop.fs.s3a.impl.MkdirOperation.execute(MkdirOperation.java:45)
[2025-11-28T21:46:31.599+0000] {docker.py:438} INFO - 	at org.apache.hadoop.fs.s3a.impl.ExecutingStoreOperation.apply(ExecutingStoreOperation.java:76)
[2025-11-28T21:46:31.600+0000] {docker.py:438} INFO - 	at org.apache.hadoop.fs.statistics.impl.IOStatisticsBinding.lambda$trackDurationOfOperation$5(IOStatisticsBinding.java:499)
[2025-11-28T21:46:31.612+0000] {docker.py:438} INFO - 	at org.apache.hadoop.fs.statistics.impl.IOStatisticsBinding.trackDuration(IOStatisticsBinding.java:444)
[2025-11-28T21:46:31.616+0000] {docker.py:438} INFO - 	at org.apache.hadoop.fs.s3a.S3AFileSystem.trackDurationAndSpan(S3AFileSystem.java:2337)
[2025-11-28T21:46:31.618+0000] {docker.py:438} INFO - 	at org.apache.hadoop.fs.s3a.S3AFileSystem.trackDurationAndSpan(S3AFileSystem.java:2356)
[2025-11-28T21:46:31.631+0000] {docker.py:438} INFO - 	at org.apache.hadoop.fs.s3a.S3AFileSystem.mkdirs(S3AFileSystem.java:3428)
[2025-11-28T21:46:31.640+0000] {docker.py:438} INFO - 	at org.apache.hadoop.fs.FileSystem.mkdirs(FileSystem.java:2388)
[2025-11-28T21:46:31.642+0000] {docker.py:438} INFO - 	at java.base/jdk.internal.reflect.NativeMethodAccessorImpl.invoke0(Native Method)
[2025-11-28T21:46:31.648+0000] {docker.py:438} INFO - 	at java.base/jdk.internal.reflect.NativeMethodAccessorImpl.invoke(NativeMethodAccessorImpl.java:77)
[2025-11-28T21:46:31.655+0000] {docker.py:438} INFO - 	at java.base/jdk.internal.reflect.DelegatingMethodAccessorImpl.invoke(DelegatingMethodAccessorImpl.java:43)
[2025-11-28T21:46:31.667+0000] {docker.py:438} INFO - 	at java.base/java.lang.reflect.Method.invoke(Method.java:569)
[2025-11-28T21:46:31.671+0000] {docker.py:438} INFO - 	at py4j.reflection.MethodInvoker.invoke(MethodInvoker.java:244)
[2025-11-28T21:46:31.675+0000] {docker.py:438} INFO - 	at py4j.reflection.ReflectionEngine.invoke(ReflectionEngine.java:374)
[2025-11-28T21:46:31.676+0000] {docker.py:438} INFO - 	at py4j.Gateway.invoke(Gateway.java:282)
[2025-11-28T21:46:31.687+0000] {docker.py:438} INFO - 	at py4j.commands.AbstractCommand.invokeMethod(AbstractCommand.java:132)
[2025-11-28T21:46:31.700+0000] {docker.py:438} INFO - 	at py4j.commands.CallCommand.execute(CallCommand.java:79)
[2025-11-28T21:46:31.705+0000] {docker.py:438} INFO - 	at py4j.ClientServerConnection.waitForCommands(ClientServerConnection.java:182)
[2025-11-28T21:46:31.710+0000] {docker.py:438} INFO - 	at py4j.ClientServerConnection.run(ClientServerConnection.java:106)
[2025-11-28T21:46:31.725+0000] {docker.py:438} INFO - 	at java.base/java.lang.Thread.run(Thread.java:840)
[2025-11-28T21:46:31.745+0000] {docker.py:438} INFO - Caused by: com.amazonaws.services.s3.model.AmazonS3Exception: The provided token has expired. (Service: Amazon S3; Status Code: 400; Error Code: ExpiredToken; Request ID: 8GY9FVY5KPDFEA70; S3 Extended Request ID: NjgsCUEG7KcJUyHq1AFsauuxvmrH9GyAwAujqgXoZDiatOuOTN5/GJm7CcpITJv5y13S7dkVLkRQAQ7AenvFDdaDLAkX7u4OGJ6GbCi+fsU=; Proxy: null), S3 Extended Request ID: NjgsCUEG7KcJUyHq1AFsauuxvmrH9GyAwAujqgXoZDiatOuOTN5/GJm7CcpITJv5y13S7dkVLkRQAQ7AenvFDdaDLAkX7u4OGJ6GbCi+fsU=
[2025-11-28T21:46:31.762+0000] {docker.py:438} INFO - 	at com.amazonaws.http.AmazonHttpClient$RequestExecutor.handleErrorResponse(AmazonHttpClient.java:1879)
[2025-11-28T21:46:31.775+0000] {docker.py:438} INFO - 	at com.amazonaws.http.AmazonHttpClient$RequestExecutor.handleServiceErrorResponse(AmazonHttpClient.java:1418)
[2025-11-28T21:46:31.780+0000] {docker.py:438} INFO - 	at com.amazonaws.http.AmazonHttpClient$RequestExecutor.executeOneRequest(AmazonHttpClient.java:1387)
[2025-11-28T21:46:31.787+0000] {docker.py:438} INFO - 	at com.amazonaws.http.AmazonHttpClient$RequestExecutor.executeHelper(AmazonHttpClient.java:1157)
[2025-11-28T21:46:31.790+0000] {docker.py:438} INFO - 	at com.amazonaws.http.AmazonHttpClient$RequestExecutor.doExecute(AmazonHttpClient.java:814)
[2025-11-28T21:46:31.791+0000] {docker.py:438} INFO - 	at com.amazonaws.http.AmazonHttpClient$RequestExecutor.executeWithTimer(AmazonHttpClient.java:781)
[2025-11-28T21:46:31.792+0000] {docker.py:438} INFO - 	at com.amazonaws.http.AmazonHttpClient$RequestExecutor.execute(AmazonHttpClient.java:755)
[2025-11-28T21:46:31.794+0000] {docker.py:438} INFO - 	at com.amazonaws.http.AmazonHttpClient$RequestExecutor.access$500(AmazonHttpClient.java:715)
[2025-11-28T21:46:31.803+0000] {docker.py:438} INFO - 	at com.amazonaws.http.AmazonHttpClient$RequestExecutionBuilderImpl.execute(AmazonHttpClient.java:697)
[2025-11-28T21:46:31.809+0000] {docker.py:438} INFO - 	at com.amazonaws.http.AmazonHttpClient.execute(AmazonHttpClient.java:561)
[2025-11-28T21:46:31.810+0000] {docker.py:438} INFO - 	at com.amazonaws.http.AmazonHttpClient.execute(AmazonHttpClient.java:541)
[2025-11-28T21:46:31.811+0000] {docker.py:438} INFO - 	at com.amazonaws.services.s3.AmazonS3Client.invoke(AmazonS3Client.java:5456)
[2025-11-28T21:46:31.821+0000] {docker.py:438} INFO - 	at com.amazonaws.services.s3.AmazonS3Client.invoke(AmazonS3Client.java:5403)
[2025-11-28T21:46:31.823+0000] {docker.py:438} INFO - 	at com.amazonaws.services.s3.AmazonS3Client.invoke(AmazonS3Client.java:5397)
[2025-11-28T21:46:31.832+0000] {docker.py:438} INFO - 	at com.amazonaws.services.s3.AmazonS3Client.listObjectsV2(AmazonS3Client.java:971)
[2025-11-28T21:46:31.850+0000] {docker.py:438} INFO - 	at org.apache.hadoop.fs.s3a.S3AFileSystem.lambda$listObjects$11(S3AFileSystem.java:2595)
[2025-11-28T21:46:31.851+0000] {docker.py:438} INFO - 	at org.apache.hadoop.fs.statistics.impl.IOStatisticsBinding.lambda$trackDurationOfOperation$5(IOStatisticsBinding.java:499)
[2025-11-28T21:46:31.869+0000] {docker.py:438} INFO - 	at org.apache.hadoop.fs.s3a.Invoker.retryUntranslated(Invoker.java:414)
[2025-11-28T21:46:31.879+0000] {docker.py:438} INFO - 	at org.apache.hadoop.fs.s3a.Invoker.retryUntranslated(Invoker.java:377)
[2025-11-28T21:46:31.882+0000] {docker.py:438} INFO - 	at org.apache.hadoop.fs.s3a.S3AFileSystem.listObjects(S3AFileSystem.java:2586)
[2025-11-28T21:46:31.883+0000] {docker.py:438} INFO - 	at org.apache.hadoop.fs.s3a.S3AFileSystem.s3GetFileStatus(S3AFileSystem.java:3832)
[2025-11-28T21:46:31.884+0000] {docker.py:438} INFO - 	... 25 more
[2025-11-28T21:46:31.885+0000] {docker.py:438} INFO - 
[2025-11-28T21:46:31.886+0000] {docker.py:438} INFO - 2025-11-28 21:46:31,479:spark_structured_streaming:main:INFO:Stopping Spark session.
[2025-11-28T21:46:32.726+0000] {docker.py:438} INFO - Traceback (most recent call last):
[2025-11-28T21:46:32.727+0000] {docker.py:438} INFO -   File "/opt/spark/app/spark_processing.py", line 334, in <module>
[2025-11-28T21:46:32.732+0000] {docker.py:438} INFO -     main()
[2025-11-28T21:46:32.735+0000] {docker.py:438} INFO -   File "/opt/spark/app/spark_processing.py", line 323, in main
[2025-11-28T21:46:32.738+0000] {docker.py:438} INFO -     s3_healthcheck_write(spark, path)
[2025-11-28T21:46:32.740+0000] {docker.py:438} INFO -   File "/opt/spark/app/spark_processing.py", line 192, in s3_healthcheck_write
[2025-11-28T21:46:32.750+0000] {docker.py:438} INFO -     fs.mkdirs(health_dir_path)
[2025-11-28T21:46:32.752+0000] {docker.py:438} INFO - 
[2025-11-28T21:46:32.753+0000] {docker.py:438} INFO - File "/opt/bitnami/spark/python/lib/py4j-0.10.9.7-src.zip/py4j/java_gateway.py", line 1322, in __call__
[2025-11-28T21:46:32.757+0000] {docker.py:438} INFO - File "/opt/bitnami/spark/python/lib/pyspark.zip/pyspark/errors/exceptions/captured.py", line 179, in deco
[2025-11-28T21:46:32.761+0000] {docker.py:438} INFO -   File "/opt/bitnami/spark/python/lib/py4j-0.10.9.7-src.zip/py4j/protocol.py", line 326, in get_return_value
[2025-11-28T21:46:32.768+0000] {docker.py:438} INFO - py4j.protocol.Py4JJavaError: An error occurred while calling o38.mkdirs.
[2025-11-28T21:46:32.769+0000] {docker.py:438} INFO - : org.apache.hadoop.fs.s3a.AWSBadRequestException: getFileStatus on s3a://namegeneratorbucket/names/healthcheck: com.amazonaws.services.s3.model.AmazonS3Exception: The provided token has expired. (Service: Amazon S3; Status Code: 400; Error Code: ExpiredToken; Request ID: 8GY9FVY5KPDFEA70; S3 Extended Request ID: NjgsCUEG7KcJUyHq1AFsauuxvmrH9GyAwAujqgXoZDiatOuOTN5/GJm7CcpITJv5y13S7dkVLkRQAQ7AenvFDdaDLAkX7u4OGJ6GbCi+fsU=; Proxy: null), S3 Extended Request ID: NjgsCUEG7KcJUyHq1AFsauuxvmrH9GyAwAujqgXoZDiatOuOTN5/GJm7CcpITJv5y13S7dkVLkRQAQ7AenvFDdaDLAkX7u4OGJ6GbCi+fsU=:ExpiredToken: The provided token has expired. (Service: Amazon S3; Status Code: 400; Error Code: ExpiredToken; Request ID: 8GY9FVY5KPDFEA70; S3 Extended Request ID: NjgsCUEG7KcJUyHq1AFsauuxvmrH9GyAwAujqgXoZDiatOuOTN5/GJm7CcpITJv5y13S7dkVLkRQAQ7AenvFDdaDLAkX7u4OGJ6GbCi+fsU=; Proxy: null)
[2025-11-28T21:46:32.770+0000] {docker.py:438} INFO - 	at org.apache.hadoop.fs.s3a.S3AUtils.translateException(S3AUtils.java:249)
[2025-11-28T21:46:32.772+0000] {docker.py:438} INFO - 	at org.apache.hadoop.fs.s3a.S3AUtils.translateException(S3AUtils.java:175)
[2025-11-28T21:46:32.773+0000] {docker.py:438} INFO - 	at org.apache.hadoop.fs.s3a.S3AFileSystem.s3GetFileStatus(S3AFileSystem.java:3858)
[2025-11-28T21:46:32.774+0000] {docker.py:438} INFO - 	at org.apache.hadoop.fs.s3a.S3AFileSystem.innerGetFileStatus(S3AFileSystem.java:3688)
[2025-11-28T21:46:32.774+0000] {docker.py:438} INFO - 	at org.apache.hadoop.fs.s3a.S3AFileSystem$MkdirOperationCallbacksImpl.probePathStatus(S3AFileSystem.java:3455)
[2025-11-28T21:46:32.775+0000] {docker.py:438} INFO - 	at org.apache.hadoop.fs.s3a.impl.MkdirOperation.probePathStatusOrNull(MkdirOperation.java:135)
[2025-11-28T21:46:32.776+0000] {docker.py:438} INFO - 	at org.apache.hadoop.fs.s3a.impl.MkdirOperation.getPathStatusExpectingDir(MkdirOperation.java:150)
[2025-11-28T21:46:32.777+0000] {docker.py:438} INFO - 	at org.apache.hadoop.fs.s3a.impl.MkdirOperation.execute(MkdirOperation.java:80)
[2025-11-28T21:46:32.785+0000] {docker.py:438} INFO - 	at org.apache.hadoop.fs.s3a.impl.MkdirOperation.execute(MkdirOperation.java:45)
[2025-11-28T21:46:32.795+0000] {docker.py:438} INFO - 	at org.apache.hadoop.fs.s3a.impl.ExecutingStoreOperation.apply(ExecutingStoreOperation.java:76)
[2025-11-28T21:46:32.808+0000] {docker.py:438} INFO - 	at org.apache.hadoop.fs.statistics.impl.IOStatisticsBinding.lambda$trackDurationOfOperation$5(IOStatisticsBinding.java:499)
[2025-11-28T21:46:32.814+0000] {docker.py:438} INFO - 	at org.apache.hadoop.fs.statistics.impl.IOStatisticsBinding.trackDuration(IOStatisticsBinding.java:444)
[2025-11-28T21:46:32.818+0000] {docker.py:438} INFO - 	at org.apache.hadoop.fs.s3a.S3AFileSystem.trackDurationAndSpan(S3AFileSystem.java:2337)
[2025-11-28T21:46:32.819+0000] {docker.py:438} INFO - 	at org.apache.hadoop.fs.s3a.S3AFileSystem.trackDurationAndSpan(S3AFileSystem.java:2356)
[2025-11-28T21:46:32.820+0000] {docker.py:438} INFO - 	at org.apache.hadoop.fs.s3a.S3AFileSystem.mkdirs(S3AFileSystem.java:3428)
[2025-11-28T21:46:32.823+0000] {docker.py:438} INFO - 	at org.apache.hadoop.fs.FileSystem.mkdirs(FileSystem.java:2388)
[2025-11-28T21:46:32.825+0000] {docker.py:438} INFO - 	at java.base/jdk.internal.reflect.NativeMethodAccessorImpl.invoke0(Native Method)
[2025-11-28T21:46:32.826+0000] {docker.py:438} INFO - 	at java.base/jdk.internal.reflect.NativeMethodAccessorImpl.invoke(NativeMethodAccessorImpl.java:77)
[2025-11-28T21:46:32.828+0000] {docker.py:438} INFO - 	at java.base/jdk.internal.reflect.DelegatingMethodAccessorImpl.invoke(DelegatingMethodAccessorImpl.java:43)
[2025-11-28T21:46:32.829+0000] {docker.py:438} INFO - 	at java.base/java.lang.reflect.Method.invoke(Method.java:569)
[2025-11-28T21:46:32.835+0000] {docker.py:438} INFO - 	at py4j.reflection.MethodInvoker.invoke(MethodInvoker.java:244)
[2025-11-28T21:46:32.836+0000] {docker.py:438} INFO - 	at py4j.reflection.ReflectionEngine.invoke(ReflectionEngine.java:374)
[2025-11-28T21:46:32.837+0000] {docker.py:438} INFO - 	at py4j.Gateway.invoke(Gateway.java:282)
[2025-11-28T21:46:32.839+0000] {docker.py:438} INFO - 	at py4j.commands.AbstractCommand.invokeMethod(AbstractCommand.java:132)
[2025-11-28T21:46:32.841+0000] {docker.py:438} INFO - 	at py4j.commands.CallCommand.execute(CallCommand.java:79)
[2025-11-28T21:46:32.843+0000] {docker.py:438} INFO - 	at py4j.ClientServerConnection.waitForCommands(ClientServerCo
[2025-11-28T21:46:32.846+0000] {docker.py:438} INFO - nnection.java:182)
[2025-11-28T21:46:32.856+0000] {docker.py:438} INFO - 	at py4j.ClientServerConnection.run(ClientServerConnection.java:106)
[2025-11-28T21:46:32.859+0000] {docker.py:438} INFO - 	at java.base/java.lang.Thread.run(Thread.java:840)
[2025-11-28T21:46:32.861+0000] {docker.py:438} INFO - Caused by: com.amazonaws.services.s3.model.AmazonS3Exception: The provided token has expired. (Service: Amazon S3; Status Code: 400; Error Code: ExpiredToken; Request ID: 8GY9FVY5KPDFEA70; S3 Extended Request ID: NjgsCUEG7KcJUyHq1AFsauuxvmrH9GyAwAujqgXoZDiatOuOTN5/GJm7CcpITJv5y13S7dkVLkRQAQ7AenvFDdaDLAkX7u4OGJ6GbCi+fsU=; Proxy: null), S3 Extended Request ID: NjgsCUEG7KcJUyHq1AFsauuxvmrH9GyAwAujqgXoZDiatOuOTN5/GJm7CcpITJv5y13S7dkVLkRQAQ7AenvFDdaDLAkX7u4OGJ6GbCi+fsU=
[2025-11-28T21:46:32.861+0000] {docker.py:438} INFO - 	at com.amazonaws.http.AmazonHttpClient$RequestExecutor.handleErrorResponse(AmazonHttpClient.java:1879)
[2025-11-28T21:46:32.863+0000] {docker.py:438} INFO - 	at com.amazonaws.http.AmazonHttpClient$RequestExecutor.handleServiceErrorResponse(AmazonHttpClient.java:1418)
[2025-11-28T21:46:32.868+0000] {docker.py:438} INFO - 	at com.amazonaws.http.AmazonHttpClient$RequestExecutor.executeOneRequest(AmazonHttpClient.java:1387)
[2025-11-28T21:46:32.877+0000] {docker.py:438} INFO - 	at com.amazonaws.http.AmazonHttpClient$RequestExecutor.executeHelper(AmazonHttpClient.java:1157)
[2025-11-28T21:46:32.883+0000] {docker.py:438} INFO - 	at com.amazonaws.http.AmazonHttpClient$RequestExecutor.doExecute(AmazonHttpClient.java:814)
[2025-11-28T21:46:32.885+0000] {docker.py:438} INFO - 	at com.amazonaws.http.AmazonHttpClient$RequestExecutor.executeWithTimer(AmazonHttpClient.java:781)
[2025-11-28T21:46:32.893+0000] {docker.py:438} INFO - 	at com.amazonaws.http.AmazonHttpClient$RequestExecutor.execute(AmazonHttpClient.java:755)
[2025-11-28T21:46:32.896+0000] {docker.py:438} INFO - 	at com.amazonaws.http.AmazonHttpClient$RequestExecutor.access$500(AmazonHttpClient.java:715)
[2025-11-28T21:46:32.913+0000] {docker.py:438} INFO - 	at com.amazonaws.http.AmazonHttpClient$RequestExecutionBuilderImpl.execute(AmazonHttpClient.java:697)
[2025-11-28T21:46:32.919+0000] {docker.py:438} INFO - 	at com.amazonaws.http.AmazonHttpClient.execute(AmazonHttpClient.java:561)
[2025-11-28T21:46:32.930+0000] {docker.py:438} INFO - 	at com.amazonaws.http.AmazonHttpClient.execute(AmazonHttpClient.java:541)
[2025-11-28T21:46:32.935+0000] {docker.py:438} INFO - 	at com.amazonaws.services.s3.AmazonS3Client.invoke(AmazonS3Client.java:5456)
[2025-11-28T21:46:32.936+0000] {docker.py:438} INFO - 	at com.amazonaws.services.s3.AmazonS3Client.invoke(AmazonS3Client.java:5403)
[2025-11-28T21:46:32.946+0000] {docker.py:438} INFO - 	at com.amazonaws.services.s3.AmazonS3Client.invoke(AmazonS3Client.java:5397)
[2025-11-28T21:46:32.950+0000] {docker.py:438} INFO - 	at com.amazonaws.services.s3.AmazonS3Client.listObjectsV2(AmazonS3Client.java:971)
[2025-11-28T21:46:32.951+0000] {docker.py:438} INFO - 	at org.apache.hadoop.fs.s3a.S3AFileSystem.lambda$listObjects$11(S3AFileSystem.java:2595)
[2025-11-28T21:46:32.952+0000] {docker.py:438} INFO - 	at org.apache.hadoop.fs.statistics.impl.IOStatisticsBinding.lambda$trackDurationOfOperation$5(IOStatisticsBinding.java:499)
[2025-11-28T21:46:32.953+0000] {docker.py:438} INFO - 	at org.apache.hadoop.fs.s3a.Invoker.retryUntranslated(Invoker.java:414)
[2025-11-28T21:46:32.954+0000] {docker.py:438} INFO - 	at org.apache.hadoop.fs.s3a.Invoker.retryUntranslated(Invoker.java:377)
[2025-11-28T21:46:32.955+0000] {docker.py:438} INFO - 	at org.apache.hadoop.fs.s3a.S3AFileSystem.listObjects(S3AFileSystem.java:2586)
[2025-11-28T21:46:32.964+0000] {docker.py:438} INFO - 	at org.apache.hadoop.fs.s3a.S3AFileSystem.s3GetFileStatus(S3AFileSystem.java:3832)
[2025-11-28T21:46:32.989+0000] {docker.py:438} INFO - 	... 25 more
[2025-11-28T21:46:32.997+0000] {docker.py:438} INFO - 
[2025-11-28T21:46:33.001+0000] {docker.py:438} INFO - 2025-11-28 21:46:32,735:py4j.clientserver:close:INFO:Closing down clientserver connection
[2025-11-28T21:46:34.435+0000] {taskinstance.py:441} INFO - ::group::Post task execution logs
[2025-11-28T21:46:34.866+0000] {taskinstance.py:2905} ERROR - Task failed with exception
Traceback (most recent call last):
  File "/home/airflow/.local/lib/python3.11/site-packages/airflow/models/taskinstance.py", line 460, in _execute_task
    result = _execute_callable(context=context, **execute_callable_kwargs)
             ^^^^^^^^^^^^^^^^^^^^^^^^^^^^^^^^^^^^^^^^^^^^^^^^^^^^^^^^^^^^^
  File "/home/airflow/.local/lib/python3.11/site-packages/airflow/models/taskinstance.py", line 432, in _execute_callable
    return execute_callable(context=context, **execute_callable_kwargs)
           ^^^^^^^^^^^^^^^^^^^^^^^^^^^^^^^^^^^^^^^^^^^^^^^^^^^^^^^^^^^^
  File "/home/airflow/.local/lib/python3.11/site-packages/airflow/models/baseoperator.py", line 401, in wrapper
    return func(self, *args, **kwargs)
           ^^^^^^^^^^^^^^^^^^^^^^^^^^^
  File "/home/airflow/.local/lib/python3.11/site-packages/airflow/providers/docker/operators/docker.py", line 513, in execute
    return self._run_image()
           ^^^^^^^^^^^^^^^^^
  File "/home/airflow/.local/lib/python3.11/site-packages/airflow/providers/docker/operators/docker.py", line 384, in _run_image
    return self._run_image_with_mounts(self.mounts, add_tmp_variable=False)
           ^^^^^^^^^^^^^^^^^^^^^^^^^^^^^^^^^^^^^^^^^^^^^^^^^^^^^^^^^^^^^^^^
  File "/home/airflow/.local/lib/python3.11/site-packages/airflow/providers/docker/operators/docker.py", line 446, in _run_image_with_mounts
    raise DockerContainerFailedException(f"Docker container failed: {result!r}", logs=log_lines)
airflow.providers.docker.exceptions.DockerContainerFailedException: Docker container failed: {'StatusCode': 1}
[2025-11-28T21:46:34.946+0000] {taskinstance.py:1206} INFO - Marking task as FAILED. dag_id=name_stream_dag, task_id=spark_stream_to_s3, run_id=scheduled__2025-11-28T21:30:00+00:00, execution_date=20251128T213000, start_date=20251128T214548, end_date=20251128T214634
[2025-11-28T21:46:35.502+0000] {standard_task_runner.py:110} ERROR - Failed to execute job 360 for task spark_stream_to_s3 (Docker container failed: {'StatusCode': 1}; 323)
[2025-11-28T21:46:35.606+0000] {local_task_job_runner.py:243} INFO - Task exited with return code 1
[2025-11-28T21:46:36.117+0000] {taskinstance.py:3503} INFO - 0 downstream tasks scheduled from follow-on schedule check
[2025-11-28T21:46:36.216+0000] {local_task_job_runner.py:222} INFO - ::endgroup::
