[2025-10-08T01:52:12.453+0100] {local_task_job_runner.py:120} INFO - ::group::Pre task execution logs
[2025-10-08T01:52:13.266+0100] {taskinstance.py:2076} INFO - Dependencies all met for dep_context=non-requeueable deps ti=<TaskInstance: name_stream_dag.stream_to_kafka_task scheduled__2025-10-08T00:45:00+00:00 [queued]>
[2025-10-08T01:52:13.333+0100] {taskinstance.py:2076} INFO - Dependencies all met for dep_context=requeueable deps ti=<TaskInstance: name_stream_dag.stream_to_kafka_task scheduled__2025-10-08T00:45:00+00:00 [queued]>
[2025-10-08T01:52:13.339+0100] {taskinstance.py:2306} INFO - Starting attempt 1 of 2
[2025-10-08T01:52:13.590+0100] {taskinstance.py:2330} INFO - Executing <Task(PythonOperator): stream_to_kafka_task> on 2025-10-08 00:45:00+00:00
[2025-10-08T01:52:13.619+0100] {standard_task_runner.py:64} INFO - Started process 143 to run task
[2025-10-08T01:52:13.627+0100] {standard_task_runner.py:90} INFO - Running: ['***', 'tasks', 'run', 'name_stream_dag', 'stream_to_kafka_task', 'scheduled__2025-10-08T00:45:00+00:00', '--job-id', '23', '--raw', '--subdir', 'DAGS_FOLDER/kafka_stream_dag.py', '--cfg-path', '/tmp/tmpbxsl04tk']
[2025-10-08T01:52:13.644+0100] {standard_task_runner.py:91} INFO - Job 23: Subtask stream_to_kafka_task
[2025-10-08T01:52:14.083+0100] {task_command.py:426} INFO - Running <TaskInstance: name_stream_dag.stream_to_kafka_task scheduled__2025-10-08T00:45:00+00:00 [running]> on host 811935e53272
[2025-10-08T01:52:17.784+0100] {taskinstance.py:2648} INFO - Exporting env vars: AIRFLOW_CTX_DAG_OWNER='***' AIRFLOW_CTX_DAG_ID='name_stream_dag' AIRFLOW_CTX_TASK_ID='stream_to_kafka_task' AIRFLOW_CTX_EXECUTION_DATE='2025-10-08T00:45:00+00:00' AIRFLOW_CTX_TRY_NUMBER='1' AIRFLOW_CTX_DAG_RUN_ID='scheduled__2025-10-08T00:45:00+00:00'
[2025-10-08T01:52:17.786+0100] {taskinstance.py:430} INFO - ::endgroup::
[2025-10-08T01:52:28.642+0100] {logging_mixin.py:188} INFO - Delivered to names_topic [0] @ offset 12
[2025-10-08T01:52:38.967+0100] {logging_mixin.py:188} INFO - Delivered to names_topic [0] @ offset 13
[2025-10-08T01:52:49.337+0100] {logging_mixin.py:188} INFO - Delivered to names_topic [0] @ offset 14
[2025-10-08T01:52:59.588+0100] {logging_mixin.py:188} INFO - Delivered to names_topic [0] @ offset 15
[2025-10-08T01:53:09.941+0100] {logging_mixin.py:188} INFO - Delivered to names_topic [0] @ offset 16
[2025-10-08T01:53:20.312+0100] {logging_mixin.py:188} INFO - Delivered to names_topic [0] @ offset 17
[2025-10-08T01:53:30.544+0100] {logging_mixin.py:188} INFO - Delivered to names_topic [0] @ offset 18
[2025-10-08T01:53:40.893+0100] {logging_mixin.py:188} INFO - Delivered to names_topic [0] @ offset 19
[2025-10-08T01:53:51.230+0100] {logging_mixin.py:188} INFO - Delivered to names_topic [0] @ offset 20
[2025-10-08T01:54:01.474+0100] {logging_mixin.py:188} INFO - Delivered to names_topic [0] @ offset 21
[2025-10-08T01:54:11.815+0100] {logging_mixin.py:188} INFO - Delivered to names_topic [0] @ offset 22
[2025-10-08T01:54:21.816+0100] {logging_mixin.py:188} INFO - Delivered to names_topic [0] @ offset 23
[2025-10-08T01:54:21.819+0100] {python.py:237} INFO - Done. Returned value was: None
[2025-10-08T01:54:21.820+0100] {taskinstance.py:441} INFO - ::group::Post task execution logs
[2025-10-08T01:54:21.906+0100] {taskinstance.py:1206} INFO - Marking task as SUCCESS. dag_id=name_stream_dag, task_id=stream_to_kafka_task, run_id=scheduled__2025-10-08T00:45:00+00:00, execution_date=20251008T004500, start_date=20251008T005213, end_date=20251008T005421
[2025-10-08T01:54:22.053+0100] {local_task_job_runner.py:243} INFO - Task exited with return code 0
[2025-10-08T01:54:22.132+0100] {taskinstance.py:3503} INFO - 0 downstream tasks scheduled from follow-on schedule check
[2025-10-08T01:54:22.168+0100] {local_task_job_runner.py:222} INFO - ::endgroup::
