[2025-11-28T17:12:58.464+0000] {local_task_job_runner.py:120} INFO - ::group::Pre task execution logs
[2025-11-28T17:12:58.672+0000] {taskinstance.py:2076} INFO - Dependencies all met for dep_context=non-requeueable deps ti=<TaskInstance: name_stream_dag.stream_to_kafka_task scheduled__2025-11-28T17:05:00+00:00 [queued]>
[2025-11-28T17:12:58.706+0000] {taskinstance.py:2076} INFO - Dependencies all met for dep_context=requeueable deps ti=<TaskInstance: name_stream_dag.stream_to_kafka_task scheduled__2025-11-28T17:05:00+00:00 [queued]>
[2025-11-28T17:12:58.707+0000] {taskinstance.py:2306} INFO - Starting attempt 1 of 2
[2025-11-28T17:12:58.820+0000] {taskinstance.py:2330} INFO - Executing <Task(PythonOperator): stream_to_kafka_task> on 2025-11-28 17:05:00+00:00
[2025-11-28T17:12:58.843+0000] {standard_task_runner.py:64} INFO - Started process 162 to run task
[2025-11-28T17:12:58.854+0000] {standard_task_runner.py:90} INFO - Running: ['***', 'tasks', 'run', 'name_stream_dag', 'stream_to_kafka_task', 'scheduled__2025-11-28T17:05:00+00:00', '--job-id', '165', '--raw', '--subdir', 'DAGS_FOLDER/kafka_stream_dag.py', '--cfg-path', '/tmp/tmpmp51rvi3']
[2025-11-28T17:12:58.863+0000] {standard_task_runner.py:91} INFO - Job 165: Subtask stream_to_kafka_task
[2025-11-28T17:12:59.412+0000] {task_command.py:426} INFO - Running <TaskInstance: name_stream_dag.stream_to_kafka_task scheduled__2025-11-28T17:05:00+00:00 [running]> on host 230fc411975e
[2025-11-28T17:13:00.642+0000] {taskinstance.py:2648} INFO - Exporting env vars: AIRFLOW_CTX_DAG_OWNER='***' AIRFLOW_CTX_DAG_ID='name_stream_dag' AIRFLOW_CTX_TASK_ID='stream_to_kafka_task' AIRFLOW_CTX_EXECUTION_DATE='2025-11-28T17:05:00+00:00' AIRFLOW_CTX_TRY_NUMBER='1' AIRFLOW_CTX_DAG_RUN_ID='scheduled__2025-11-28T17:05:00+00:00'
[2025-11-28T17:13:00.657+0000] {taskinstance.py:430} INFO - ::endgroup::
[2025-11-28T17:13:11.595+0000] {logging_mixin.py:188} INFO - Delivered to names_topic [0] @ offset 12
[2025-11-28T17:13:22.049+0000] {logging_mixin.py:188} INFO - Delivered to names_topic [0] @ offset 13
[2025-11-28T17:13:32.477+0000] {logging_mixin.py:188} INFO - Delivered to names_topic [0] @ offset 14
[2025-11-28T17:13:42.993+0000] {logging_mixin.py:188} INFO - Delivered to names_topic [0] @ offset 15
[2025-11-28T17:13:53.436+0000] {logging_mixin.py:188} INFO - Delivered to names_topic [0] @ offset 16
[2025-11-28T17:14:03.776+0000] {logging_mixin.py:188} INFO - Delivered to names_topic [0] @ offset 17
[2025-11-28T17:14:14.748+0000] {logging_mixin.py:188} INFO - Delivered to names_topic [0] @ offset 18
[2025-11-28T17:14:25.410+0000] {logging_mixin.py:188} INFO - Delivered to names_topic [0] @ offset 19
[2025-11-28T17:14:30.476+0000] {local_task_job_runner.py:124} ERROR - Received SIGTERM. Terminating subprocesses
[2025-11-28T17:14:30.598+0000] {process_utils.py:132} INFO - Sending 15 to group 162. PIDs of all processes in the group: [162]
[2025-11-28T17:14:30.644+0000] {process_utils.py:87} INFO - Sending the signal 15 to group 162
[2025-11-28T17:14:30.666+0000] {taskinstance.py:2611} ERROR - Received SIGTERM. Terminating subprocesses.
[2025-11-28T17:14:30.992+0000] {logging_mixin.py:188} INFO - Delivered to names_topic [0] @ offset 20
[2025-11-28T17:14:31.004+0000] {taskinstance.py:441} INFO - ::group::Post task execution logs
