[2025-11-28T17:20:25.282+0000] {local_task_job_runner.py:120} INFO - ::group::Pre task execution logs
[2025-11-28T17:20:25.631+0000] {taskinstance.py:2076} INFO - Dependencies all met for dep_context=non-requeueable deps ti=<TaskInstance: name_stream_dag.stream_to_kafka_task scheduled__2025-11-28T17:05:00+00:00 [queued]>
[2025-11-28T17:20:25.663+0000] {taskinstance.py:2076} INFO - Dependencies all met for dep_context=requeueable deps ti=<TaskInstance: name_stream_dag.stream_to_kafka_task scheduled__2025-11-28T17:05:00+00:00 [queued]>
[2025-11-28T17:20:25.664+0000] {taskinstance.py:2306} INFO - Starting attempt 2 of 2
[2025-11-28T17:20:25.781+0000] {taskinstance.py:2330} INFO - Executing <Task(PythonOperator): stream_to_kafka_task> on 2025-11-28 17:05:00+00:00
[2025-11-28T17:20:25.814+0000] {standard_task_runner.py:64} INFO - Started process 80 to run task
[2025-11-28T17:20:25.835+0000] {standard_task_runner.py:90} INFO - Running: ['***', 'tasks', 'run', 'name_stream_dag', 'stream_to_kafka_task', 'scheduled__2025-11-28T17:05:00+00:00', '--job-id', '195', '--raw', '--subdir', 'DAGS_FOLDER/kafka_stream_dag.py', '--cfg-path', '/tmp/tmpvjw20wlt']
[2025-11-28T17:20:25.850+0000] {standard_task_runner.py:91} INFO - Job 195: Subtask stream_to_kafka_task
[2025-11-28T17:20:26.588+0000] {task_command.py:426} INFO - Running <TaskInstance: name_stream_dag.stream_to_kafka_task scheduled__2025-11-28T17:05:00+00:00 [running]> on host 7feb6e3fcd43
[2025-11-28T17:20:27.357+0000] {taskinstance.py:2648} INFO - Exporting env vars: AIRFLOW_CTX_DAG_OWNER='***' AIRFLOW_CTX_DAG_ID='name_stream_dag' AIRFLOW_CTX_TASK_ID='stream_to_kafka_task' AIRFLOW_CTX_EXECUTION_DATE='2025-11-28T17:05:00+00:00' AIRFLOW_CTX_TRY_NUMBER='2' AIRFLOW_CTX_DAG_RUN_ID='scheduled__2025-11-28T17:05:00+00:00'
[2025-11-28T17:20:27.362+0000] {taskinstance.py:430} INFO - ::endgroup::
[2025-11-28T17:20:27.653+0000] {logging_mixin.py:188} INFO - Created topic: names_topic
[2025-11-28T17:20:38.686+0000] {logging_mixin.py:188} INFO - Delivered to names_topic [0] @ offset 0
[2025-11-28T17:20:49.150+0000] {logging_mixin.py:188} INFO - Delivered to names_topic [0] @ offset 1
[2025-11-28T17:20:59.406+0000] {logging_mixin.py:188} INFO - Delivered to names_topic [0] @ offset 2
[2025-11-28T17:21:09.706+0000] {logging_mixin.py:188} INFO - Delivered to names_topic [0] @ offset 3
[2025-11-28T17:21:20.234+0000] {logging_mixin.py:188} INFO - Delivered to names_topic [0] @ offset 4
[2025-11-28T17:21:30.570+0000] {logging_mixin.py:188} INFO - Delivered to names_topic [0] @ offset 5
[2025-11-28T17:21:41.274+0000] {logging_mixin.py:188} INFO - Delivered to names_topic [0] @ offset 6
[2025-11-28T17:21:51.724+0000] {logging_mixin.py:188} INFO - Delivered to names_topic [0] @ offset 7
[2025-11-28T17:22:02.162+0000] {logging_mixin.py:188} INFO - Delivered to names_topic [0] @ offset 8
[2025-11-28T17:22:12.809+0000] {logging_mixin.py:188} INFO - Delivered to names_topic [0] @ offset 9
[2025-11-28T17:22:23.216+0000] {logging_mixin.py:188} INFO - Delivered to names_topic [0] @ offset 10
[2025-11-28T17:22:33.242+0000] {logging_mixin.py:188} INFO - Delivered to names_topic [0] @ offset 11
[2025-11-28T17:22:33.255+0000] {python.py:237} INFO - Done. Returned value was: None
[2025-11-28T17:22:33.260+0000] {taskinstance.py:441} INFO - ::group::Post task execution logs
[2025-11-28T17:22:33.586+0000] {taskinstance.py:1206} INFO - Marking task as SUCCESS. dag_id=name_stream_dag, task_id=stream_to_kafka_task, run_id=scheduled__2025-11-28T17:05:00+00:00, execution_date=20251128T170500, start_date=20251128T172025, end_date=20251128T172233
[2025-11-28T17:22:34.000+0000] {local_task_job_runner.py:243} INFO - Task exited with return code 0
[2025-11-28T17:22:34.326+0000] {local_task_job_runner.py:222} INFO - ::endgroup::
