[2025-10-07T21:55:02.138+0100] {local_task_job_runner.py:120} INFO - ::group::Pre task execution logs
[2025-10-07T21:55:02.293+0100] {taskinstance.py:2076} INFO - Dependencies all met for dep_context=non-requeueable deps ti=<TaskInstance: name_stream_dag.stream_to_kafka_task scheduled__2025-10-07T20:50:00+00:00 [queued]>
[2025-10-07T21:55:02.317+0100] {taskinstance.py:2076} INFO - Dependencies all met for dep_context=requeueable deps ti=<TaskInstance: name_stream_dag.stream_to_kafka_task scheduled__2025-10-07T20:50:00+00:00 [queued]>
[2025-10-07T21:55:02.318+0100] {taskinstance.py:2306} INFO - Starting attempt 1 of 2
[2025-10-07T21:55:02.491+0100] {taskinstance.py:2330} INFO - Executing <Task(PythonOperator): stream_to_kafka_task> on 2025-10-07 20:50:00+00:00
[2025-10-07T21:55:02.527+0100] {standard_task_runner.py:64} INFO - Started process 603 to run task
[2025-10-07T21:55:02.535+0100] {standard_task_runner.py:90} INFO - Running: ['***', 'tasks', 'run', 'name_stream_dag', 'stream_to_kafka_task', 'scheduled__2025-10-07T20:50:00+00:00', '--job-id', '7', '--raw', '--subdir', 'DAGS_FOLDER/kafka_stream_dag.py', '--cfg-path', '/tmp/tmpvpofsfoo']
[2025-10-07T21:55:02.550+0100] {standard_task_runner.py:91} INFO - Job 7: Subtask stream_to_kafka_task
[2025-10-07T21:55:03.291+0100] {task_command.py:426} INFO - Running <TaskInstance: name_stream_dag.stream_to_kafka_task scheduled__2025-10-07T20:50:00+00:00 [running]> on host e9a80c19b29d
[2025-10-07T21:55:04.931+0100] {taskinstance.py:2648} INFO - Exporting env vars: AIRFLOW_CTX_DAG_OWNER='***' AIRFLOW_CTX_DAG_ID='name_stream_dag' AIRFLOW_CTX_TASK_ID='stream_to_kafka_task' AIRFLOW_CTX_EXECUTION_DATE='2025-10-07T20:50:00+00:00' AIRFLOW_CTX_TRY_NUMBER='1' AIRFLOW_CTX_DAG_RUN_ID='scheduled__2025-10-07T20:50:00+00:00'
[2025-10-07T21:55:04.934+0100] {taskinstance.py:430} INFO - ::endgroup::
[2025-10-07T21:55:16.053+0100] {logging_mixin.py:188} INFO - Delivered to names_topic [0] @ offset 60
[2025-10-07T21:55:26.694+0100] {logging_mixin.py:188} INFO - Delivered to names_topic [0] @ offset 61
[2025-10-07T21:55:37.143+0100] {logging_mixin.py:188} INFO - Delivered to names_topic [0] @ offset 62
[2025-10-07T21:55:47.648+0100] {logging_mixin.py:188} INFO - Delivered to names_topic [0] @ offset 63
[2025-10-07T21:55:58.057+0100] {logging_mixin.py:188} INFO - Delivered to names_topic [0] @ offset 64
[2025-10-07T21:56:08.696+0100] {logging_mixin.py:188} INFO - Delivered to names_topic [0] @ offset 65
[2025-10-07T21:56:19.099+0100] {logging_mixin.py:188} INFO - Delivered to names_topic [0] @ offset 66
[2025-10-07T21:56:29.739+0100] {logging_mixin.py:188} INFO - Delivered to names_topic [0] @ offset 67
[2025-10-07T21:56:40.068+0100] {logging_mixin.py:188} INFO - Delivered to names_topic [0] @ offset 68
[2025-10-07T21:56:50.539+0100] {logging_mixin.py:188} INFO - Delivered to names_topic [0] @ offset 69
[2025-10-07T21:57:01.430+0100] {logging_mixin.py:188} INFO - Delivered to names_topic [0] @ offset 70
[2025-10-07T21:57:11.447+0100] {logging_mixin.py:188} INFO - Delivered to names_topic [0] @ offset 71
[2025-10-07T21:57:11.449+0100] {python.py:237} INFO - Done. Returned value was: None
[2025-10-07T21:57:11.453+0100] {taskinstance.py:441} INFO - ::group::Post task execution logs
[2025-10-07T21:57:11.539+0100] {taskinstance.py:1206} INFO - Marking task as SUCCESS. dag_id=name_stream_dag, task_id=stream_to_kafka_task, run_id=scheduled__2025-10-07T20:50:00+00:00, execution_date=20251007T205000, start_date=20251007T205502, end_date=20251007T205711
[2025-10-07T21:57:11.755+0100] {local_task_job_runner.py:243} INFO - Task exited with return code 0
[2025-10-07T21:57:12.434+0100] {taskinstance.py:3503} INFO - 0 downstream tasks scheduled from follow-on schedule check
[2025-10-07T21:57:12.613+0100] {local_task_job_runner.py:222} INFO - ::endgroup::
