[2025-11-28T16:00:05.270+0000] {local_task_job_runner.py:120} INFO - ::group::Pre task execution logs
[2025-11-28T16:00:05.716+0000] {taskinstance.py:2076} INFO - Dependencies all met for dep_context=non-requeueable deps ti=<TaskInstance: name_stream_dag.kafka_health_check scheduled__2025-11-28T15:50:00+00:00 [queued]>
[2025-11-28T16:00:05.742+0000] {taskinstance.py:2076} INFO - Dependencies all met for dep_context=requeueable deps ti=<TaskInstance: name_stream_dag.kafka_health_check scheduled__2025-11-28T15:50:00+00:00 [queued]>
[2025-11-28T16:00:05.744+0000] {taskinstance.py:2306} INFO - Starting attempt 1 of 2
[2025-11-28T16:00:05.936+0000] {taskinstance.py:2330} INFO - Executing <Task(PythonOperator): kafka_health_check> on 2025-11-28 15:50:00+00:00
[2025-11-28T16:00:05.997+0000] {standard_task_runner.py:64} INFO - Started process 82 to run task
[2025-11-28T16:00:06.017+0000] {standard_task_runner.py:90} INFO - Running: ['***', 'tasks', 'run', 'name_stream_dag', 'kafka_health_check', 'scheduled__2025-11-28T15:50:00+00:00', '--job-id', '76', '--raw', '--subdir', 'DAGS_FOLDER/kafka_stream_dag.py', '--cfg-path', '/tmp/tmp1xm_ue60']
[2025-11-28T16:00:06.056+0000] {standard_task_runner.py:91} INFO - Job 76: Subtask kafka_health_check
[2025-11-28T16:00:07.693+0000] {task_command.py:426} INFO - Running <TaskInstance: name_stream_dag.kafka_health_check scheduled__2025-11-28T15:50:00+00:00 [running]> on host b6df6e1405c9
[2025-11-28T16:00:10.162+0000] {taskinstance.py:2648} INFO - Exporting env vars: AIRFLOW_CTX_DAG_OWNER='***' AIRFLOW_CTX_DAG_ID='name_stream_dag' AIRFLOW_CTX_TASK_ID='kafka_health_check' AIRFLOW_CTX_EXECUTION_DATE='2025-11-28T15:50:00+00:00' AIRFLOW_CTX_TRY_NUMBER='1' AIRFLOW_CTX_DAG_RUN_ID='scheduled__2025-11-28T15:50:00+00:00'
[2025-11-28T16:00:10.171+0000] {taskinstance.py:430} INFO - ::endgroup::
[2025-11-28T16:00:10.699+0000] {taskinstance.py:441} INFO - ::group::Post task execution logs
[2025-11-28T16:00:10.709+0000] {taskinstance.py:2905} ERROR - Task failed with exception
Traceback (most recent call last):
  File "/home/airflow/.local/lib/python3.11/site-packages/airflow/models/taskinstance.py", line 465, in _execute_task
    result = _execute_callable(context=context, **execute_callable_kwargs)
             ^^^^^^^^^^^^^^^^^^^^^^^^^^^^^^^^^^^^^^^^^^^^^^^^^^^^^^^^^^^^^
  File "/home/airflow/.local/lib/python3.11/site-packages/airflow/models/taskinstance.py", line 432, in _execute_callable
    return execute_callable(context=context, **execute_callable_kwargs)
           ^^^^^^^^^^^^^^^^^^^^^^^^^^^^^^^^^^^^^^^^^^^^^^^^^^^^^^^^^^^^
  File "/home/airflow/.local/lib/python3.11/site-packages/airflow/models/baseoperator.py", line 401, in wrapper
    return func(self, *args, **kwargs)
           ^^^^^^^^^^^^^^^^^^^^^^^^^^^
  File "/home/airflow/.local/lib/python3.11/site-packages/airflow/operators/python.py", line 235, in execute
    return_value = self.execute_callable()
                   ^^^^^^^^^^^^^^^^^^^^^^^
  File "/home/airflow/.local/lib/python3.11/site-packages/airflow/operators/python.py", line 252, in execute_callable
    return self.python_callable(*self.op_args, **self.op_kwargs)
           ^^^^^^^^^^^^^^^^^^^^^^^^^^^^^^^^^^^^^^^^^^^^^^^^^^^^^
  File "/opt/airflow/dags/kafka_stream_dag.py", line 38, in _check_kafka
    raise RuntimeError("Kafka topic 'names_topic' is missing")
RuntimeError: Kafka topic 'names_topic' is missing
[2025-11-28T16:00:11.589+0000] {taskinstance.py:1206} INFO - Marking task as UP_FOR_RETRY. dag_id=name_stream_dag, task_id=kafka_health_check, run_id=scheduled__2025-11-28T15:50:00+00:00, execution_date=20251128T155000, start_date=20251128T160005, end_date=20251128T160011
[2025-11-28T16:00:12.629+0000] {standard_task_runner.py:110} ERROR - Failed to execute job 76 for task kafka_health_check (Kafka topic 'names_topic' is missing; 82)
[2025-11-28T16:00:13.412+0000] {local_task_job_runner.py:243} INFO - Task exited with return code 1
[2025-11-28T16:00:13.796+0000] {local_task_job_runner.py:222} INFO - ::endgroup::
