[2025-11-28T22:05:14.279+0000] {local_task_job_runner.py:120} INFO - ::group::Pre task execution logs
[2025-11-28T22:05:14.822+0000] {taskinstance.py:2076} INFO - Dependencies all met for dep_context=non-requeueable deps ti=<TaskInstance: name_stream_dag.stream_to_kafka_task scheduled__2025-11-28T22:00:00+00:00 [queued]>
[2025-11-28T22:05:14.873+0000] {taskinstance.py:2076} INFO - Dependencies all met for dep_context=requeueable deps ti=<TaskInstance: name_stream_dag.stream_to_kafka_task scheduled__2025-11-28T22:00:00+00:00 [queued]>
[2025-11-28T22:05:14.876+0000] {taskinstance.py:2306} INFO - Starting attempt 1 of 2
[2025-11-28T22:05:15.081+0000] {taskinstance.py:2330} INFO - Executing <Task(PythonOperator): stream_to_kafka_task> on 2025-11-28 22:00:00+00:00
[2025-11-28T22:05:15.114+0000] {standard_task_runner.py:64} INFO - Started process 310 to run task
[2025-11-28T22:05:15.131+0000] {standard_task_runner.py:90} INFO - Running: ['***', 'tasks', 'run', 'name_stream_dag', 'stream_to_kafka_task', 'scheduled__2025-11-28T22:00:00+00:00', '--job-id', '405', '--raw', '--subdir', 'DAGS_FOLDER/kafka_stream_dag.py', '--cfg-path', '/tmp/tmpzsmn_s1z']
[2025-11-28T22:05:15.144+0000] {standard_task_runner.py:91} INFO - Job 405: Subtask stream_to_kafka_task
[2025-11-28T22:05:15.816+0000] {task_command.py:426} INFO - Running <TaskInstance: name_stream_dag.stream_to_kafka_task scheduled__2025-11-28T22:00:00+00:00 [running]> on host ba840ab4a6c4
[2025-11-28T22:05:17.853+0000] {taskinstance.py:2648} INFO - Exporting env vars: AIRFLOW_CTX_DAG_OWNER='***' AIRFLOW_CTX_DAG_ID='name_stream_dag' AIRFLOW_CTX_TASK_ID='stream_to_kafka_task' AIRFLOW_CTX_EXECUTION_DATE='2025-11-28T22:00:00+00:00' AIRFLOW_CTX_TRY_NUMBER='1' AIRFLOW_CTX_DAG_RUN_ID='scheduled__2025-11-28T22:00:00+00:00'
[2025-11-28T22:05:17.884+0000] {taskinstance.py:430} INFO - ::endgroup::
[2025-11-28T22:05:18.020+0000] {kafka_streaming_service.py:222} INFO - Starting Kafka stream: bootstrap=kafka:19092 topic=names_topic interval=10 duration=120
[2025-11-28T22:05:20.216+0000] {kafka_streaming_service.py:237} INFO - Iteration 1/12 – sending payload {'name': 'Mr. Adam Barnaby', 'gender': 'male', 'address': '9597, Oak St', 'city': 'Minto', 'nation': 'Canada', 'zip': '312903590464575907996654817453844104088', 'latitude': -65.8572, 'longitude': -114.3789, 'email': 'adam.barnaby@example.com'}
[2025-11-28T22:05:20.232+0000] {kafka_streaming_service.py:210} INFO - Producing record to topic=names_topic payload={'name': 'Mr. Adam Barnaby', 'gender': 'male', 'address': '9597, Oak St', 'city': 'Minto', 'nation': 'Canada', 'zip': '312903590464575907996654817453844104088', 'latitude': -65.8572, 'longitude': -114.3789, 'email': 'adam.barnaby@example.com'}
[2025-11-28T22:05:30.564+0000] {kafka_streaming_service.py:237} INFO - Iteration 2/12 – sending payload {'name': 'Ms. Addison Knight', 'gender': 'female', 'address': '690, Lakeview Ave', 'city': 'Lasalle', 'nation': 'Canada', 'zip': '313786246072934838407230989495832099084', 'latitude': -70.7145, 'longitude': 55.0656, 'email': 'addison.knight@example.com'}
[2025-11-28T22:05:30.576+0000] {kafka_streaming_service.py:210} INFO - Producing record to topic=names_topic payload={'name': 'Ms. Addison Knight', 'gender': 'female', 'address': '690, Lakeview Ave', 'city': 'Lasalle', 'nation': 'Canada', 'zip': '313786246072934838407230989495832099084', 'latitude': -70.7145, 'longitude': 55.0656, 'email': 'addison.knight@example.com'}
[2025-11-28T22:05:30.578+0000] {logging_mixin.py:188} INFO - Delivered to names_topic [0] @ offset 24
[2025-11-28T22:05:40.867+0000] {kafka_streaming_service.py:237} INFO - Iteration 3/12 – sending payload {'name': 'Mr. Eino Niskanen', 'gender': 'male', 'address': '570, Mannerheimintie', 'city': 'Närpes', 'nation': 'Finland', 'zip': '202464171496105589310408946222003486725', 'latitude': -23.2645, 'longitude': -58.4474, 'email': 'eino.niskanen@example.com'}
[2025-11-28T22:05:40.872+0000] {kafka_streaming_service.py:210} INFO - Producing record to topic=names_topic payload={'name': 'Mr. Eino Niskanen', 'gender': 'male', 'address': '570, Mannerheimintie', 'city': 'Närpes', 'nation': 'Finland', 'zip': '202464171496105589310408946222003486725', 'latitude': -23.2645, 'longitude': -58.4474, 'email': 'eino.niskanen@example.com'}
[2025-11-28T22:05:40.874+0000] {logging_mixin.py:188} INFO - Delivered to names_topic [0] @ offset 25
[2025-11-28T22:05:51.222+0000] {kafka_streaming_service.py:237} INFO - Iteration 4/12 – sending payload {'name': 'Miss. Alfreda Vigovskiy', 'gender': 'female', 'address': '5027, Portova', 'city': 'Dovzhansk', 'nation': 'Ukraine', 'zip': '180427806855980281484719506673666776274', 'latitude': 76.7623, 'longitude': 178.6329, 'email': 'alfreda.vigovskiy@example.com'}
[2025-11-28T22:05:51.226+0000] {kafka_streaming_service.py:210} INFO - Producing record to topic=names_topic payload={'name': 'Miss. Alfreda Vigovskiy', 'gender': 'female', 'address': '5027, Portova', 'city': 'Dovzhansk', 'nation': 'Ukraine', 'zip': '180427806855980281484719506673666776274', 'latitude': 76.7623, 'longitude': 178.6329, 'email': 'alfreda.vigovskiy@example.com'}
[2025-11-28T22:05:51.229+0000] {logging_mixin.py:188} INFO - Delivered to names_topic [0] @ offset 26
[2025-11-28T22:06:01.533+0000] {kafka_streaming_service.py:237} INFO - Iteration 5/12 – sending payload {'name': 'Ms. Abbey Brooks', 'gender': 'female', 'address': '5436, Park Lane', 'city': 'Tramore', 'nation': 'Ireland', 'zip': '37169066491321492017304822155210178064', 'latitude': 2.3778, 'longitude': 122.4273, 'email': 'abbey.brooks@example.com'}
[2025-11-28T22:06:01.545+0000] {kafka_streaming_service.py:210} INFO - Producing record to topic=names_topic payload={'name': 'Ms. Abbey Brooks', 'gender': 'female', 'address': '5436, Park Lane', 'city': 'Tramore', 'nation': 'Ireland', 'zip': '37169066491321492017304822155210178064', 'latitude': 2.3778, 'longitude': 122.4273, 'email': 'abbey.brooks@example.com'}
[2025-11-28T22:06:01.561+0000] {logging_mixin.py:188} INFO - Delivered to names_topic [0] @ offset 27
[2025-11-28T22:06:11.779+0000] {kafka_streaming_service.py:237} INFO - Iteration 6/12 – sending payload {'name': 'Mrs. Marilou Bergeron', 'gender': 'female', 'address': '8514, Regent Ave', 'city': 'Dorchester', 'nation': 'Canada', 'zip': '79824438393246476375629467291159551259', 'latitude': -70.3043, 'longitude': 137.3116, 'email': 'marilou.bergeron@example.com'}
[2025-11-28T22:06:11.790+0000] {kafka_streaming_service.py:210} INFO - Producing record to topic=names_topic payload={'name': 'Mrs. Marilou Bergeron', 'gender': 'female', 'address': '8514, Regent Ave', 'city': 'Dorchester', 'nation': 'Canada', 'zip': '79824438393246476375629467291159551259', 'latitude': -70.3043, 'longitude': 137.3116, 'email': 'marilou.bergeron@example.com'}
[2025-11-28T22:06:11.792+0000] {logging_mixin.py:188} INFO - Delivered to names_topic [0] @ offset 28
[2025-11-28T22:06:22.067+0000] {kafka_streaming_service.py:237} INFO - Iteration 7/12 – sending payload {'name': 'Mr. Josep Castillo', 'gender': 'male', 'address': '5037, Avenida de Burgos', 'city': 'Torrevieja', 'nation': 'Spain', 'zip': '46257520453484333603084665538163564950', 'latitude': -32.6119, 'longitude': -106.7998, 'email': 'josep.castillo@example.com'}
[2025-11-28T22:06:22.070+0000] {kafka_streaming_service.py:210} INFO - Producing record to topic=names_topic payload={'name': 'Mr. Josep Castillo', 'gender': 'male', 'address': '5037, Avenida de Burgos', 'city': 'Torrevieja', 'nation': 'Spain', 'zip': '46257520453484333603084665538163564950', 'latitude': -32.6119, 'longitude': -106.7998, 'email': 'josep.castillo@example.com'}
[2025-11-28T22:06:22.072+0000] {logging_mixin.py:188} INFO - Delivered to names_topic [0] @ offset 29
[2025-11-28T22:06:32.313+0000] {kafka_streaming_service.py:237} INFO - Iteration 8/12 – sending payload {'name': 'Miss. Alice Ortiz', 'gender': 'female', 'address': '3051, Grange Road', 'city': 'Norwich', 'nation': 'United Kingdom', 'zip': '73164339858233761910126317656678972084', 'latitude': -12.213, 'longitude': 170.4776, 'email': 'alice.ortiz@example.com'}
[2025-11-28T22:06:32.317+0000] {kafka_streaming_service.py:210} INFO - Producing record to topic=names_topic payload={'name': 'Miss. Alice Ortiz', 'gender': 'female', 'address': '3051, Grange Road', 'city': 'Norwich', 'nation': 'United Kingdom', 'zip': '73164339858233761910126317656678972084', 'latitude': -12.213, 'longitude': 170.4776, 'email': 'alice.ortiz@example.com'}
[2025-11-28T22:06:32.318+0000] {logging_mixin.py:188} INFO - Delivered to names_topic [0] @ offset 30
[2025-11-28T22:06:42.545+0000] {kafka_streaming_service.py:237} INFO - Iteration 9/12 – sending payload {'name': 'Mr. Elvin Haagsma', 'gender': 'male', 'address': '7337, Freesiaberg', 'city': 'Alphen Nb', 'nation': 'Netherlands', 'zip': '174821925292096544326125970691123360148', 'latitude': 35.0186, 'longitude': -160.9288, 'email': 'elvin.haagsma@example.com'}
[2025-11-28T22:06:42.548+0000] {kafka_streaming_service.py:210} INFO - Producing record to topic=names_topic payload={'name': 'Mr. Elvin Haagsma', 'gender': 'male', 'address': '7337, Freesiaberg', 'city': 'Alphen Nb', 'nation': 'Netherlands', 'zip': '174821925292096544326125970691123360148', 'latitude': 35.0186, 'longitude': -160.9288, 'email': 'elvin.haagsma@example.com'}
[2025-11-28T22:06:42.549+0000] {logging_mixin.py:188} INFO - Delivered to names_topic [0] @ offset 31
[2025-11-28T22:06:52.876+0000] {kafka_streaming_service.py:237} INFO - Iteration 10/12 – sending payload {'name': 'Miss. Melania Radanović', 'gender': 'female', 'address': '552, Starog Kapetana', 'city': 'Beočin', 'nation': 'Serbia', 'zip': '77022204805591088648688251270768820189', 'latitude': 59.557, 'longitude': 8.6147, 'email': 'melania.radanovic@example.com'}
[2025-11-28T22:06:52.888+0000] {kafka_streaming_service.py:210} INFO - Producing record to topic=names_topic payload={'name': 'Miss. Melania Radanović', 'gender': 'female', 'address': '552, Starog Kapetana', 'city': 'Beočin', 'nation': 'Serbia', 'zip': '77022204805591088648688251270768820189', 'latitude': 59.557, 'longitude': 8.6147, 'email': 'melania.radanovic@example.com'}
[2025-11-28T22:06:52.892+0000] {logging_mixin.py:188} INFO - Delivered to names_topic [0] @ offset 32
[2025-11-28T22:07:03.173+0000] {kafka_streaming_service.py:237} INFO - Iteration 11/12 – sending payload {'name': 'Mr. Rafaél Candelaria', 'gender': 'male', 'address': '455, Prolongación Albania', 'city': 'Españita', 'nation': 'Mexico', 'zip': '173076586768578448549607355297614826321', 'latitude': 26.8975, 'longitude': -129.9908, 'email': 'rafael.candelaria@example.com'}
[2025-11-28T22:07:03.177+0000] {kafka_streaming_service.py:210} INFO - Producing record to topic=names_topic payload={'name': 'Mr. Rafaél Candelaria', 'gender': 'male', 'address': '455, Prolongación Albania', 'city': 'Españita', 'nation': 'Mexico', 'zip': '173076586768578448549607355297614826321', 'latitude': 26.8975, 'longitude': -129.9908, 'email': 'rafael.candelaria@example.com'}
[2025-11-28T22:07:03.178+0000] {logging_mixin.py:188} INFO - Delivered to names_topic [0] @ offset 33
[2025-11-28T22:07:13.419+0000] {kafka_streaming_service.py:237} INFO - Iteration 12/12 – sending payload {'name': 'Mr. José María Arguello', 'gender': 'male', 'address': '5091, Viaducto Tirado', 'city': 'Praderas del Potrero', 'nation': 'Mexico', 'zip': '143895011789969030659223615731349100622', 'latitude': 25.6745, 'longitude': -27.5244, 'email': 'josemaria.arguello@example.com'}
[2025-11-28T22:07:13.422+0000] {kafka_streaming_service.py:210} INFO - Producing record to topic=names_topic payload={'name': 'Mr. José María Arguello', 'gender': 'male', 'address': '5091, Viaducto Tirado', 'city': 'Praderas del Potrero', 'nation': 'Mexico', 'zip': '143895011789969030659223615731349100622', 'latitude': 25.6745, 'longitude': -27.5244, 'email': 'josemaria.arguello@example.com'}
[2025-11-28T22:07:13.424+0000] {logging_mixin.py:188} INFO - Delivered to names_topic [0] @ offset 34
[2025-11-28T22:07:23.426+0000] {logging_mixin.py:188} INFO - Delivered to names_topic [0] @ offset 35
[2025-11-28T22:07:23.427+0000] {kafka_streaming_service.py:245} INFO - Kafka producer flushed all pending messages.
[2025-11-28T22:07:23.428+0000] {python.py:237} INFO - Done. Returned value was: None
[2025-11-28T22:07:23.430+0000] {taskinstance.py:441} INFO - ::group::Post task execution logs
[2025-11-28T22:07:23.486+0000] {taskinstance.py:1206} INFO - Marking task as SUCCESS. dag_id=name_stream_dag, task_id=stream_to_kafka_task, run_id=scheduled__2025-11-28T22:00:00+00:00, execution_date=20251128T220000, start_date=20251128T220514, end_date=20251128T220723
[2025-11-28T22:07:23.577+0000] {local_task_job_runner.py:243} INFO - Task exited with return code 0
[2025-11-28T22:07:23.685+0000] {taskinstance.py:3503} INFO - 1 downstream tasks scheduled from follow-on schedule check
[2025-11-28T22:07:23.713+0000] {local_task_job_runner.py:222} INFO - ::endgroup::
