[2025-10-07T21:45:07.753+0100] {local_task_job_runner.py:120} INFO - ::group::Pre task execution logs
[2025-10-07T21:45:07.951+0100] {taskinstance.py:2076} INFO - Dependencies all met for dep_context=non-requeueable deps ti=<TaskInstance: name_stream_dag.stream_to_kafka_task scheduled__2025-10-07T20:40:00+00:00 [queued]>
[2025-10-07T21:45:07.968+0100] {taskinstance.py:2076} INFO - Dependencies all met for dep_context=requeueable deps ti=<TaskInstance: name_stream_dag.stream_to_kafka_task scheduled__2025-10-07T20:40:00+00:00 [queued]>
[2025-10-07T21:45:07.969+0100] {taskinstance.py:2306} INFO - Starting attempt 1 of 2
[2025-10-07T21:45:08.124+0100] {taskinstance.py:2330} INFO - Executing <Task(PythonOperator): stream_to_kafka_task> on 2025-10-07 20:40:00+00:00
[2025-10-07T21:45:08.135+0100] {standard_task_runner.py:64} INFO - Started process 371 to run task
[2025-10-07T21:45:08.143+0100] {standard_task_runner.py:90} INFO - Running: ['***', 'tasks', 'run', 'name_stream_dag', 'stream_to_kafka_task', 'scheduled__2025-10-07T20:40:00+00:00', '--job-id', '5', '--raw', '--subdir', 'DAGS_FOLDER/kafka_stream_dag.py', '--cfg-path', '/tmp/tmpdntor166']
[2025-10-07T21:45:08.148+0100] {standard_task_runner.py:91} INFO - Job 5: Subtask stream_to_kafka_task
[2025-10-07T21:45:08.340+0100] {task_command.py:426} INFO - Running <TaskInstance: name_stream_dag.stream_to_kafka_task scheduled__2025-10-07T20:40:00+00:00 [running]> on host e9a80c19b29d
[2025-10-07T21:45:12.407+0100] {taskinstance.py:2648} INFO - Exporting env vars: AIRFLOW_CTX_DAG_OWNER='***' AIRFLOW_CTX_DAG_ID='name_stream_dag' AIRFLOW_CTX_TASK_ID='stream_to_kafka_task' AIRFLOW_CTX_EXECUTION_DATE='2025-10-07T20:40:00+00:00' AIRFLOW_CTX_TRY_NUMBER='1' AIRFLOW_CTX_DAG_RUN_ID='scheduled__2025-10-07T20:40:00+00:00'
[2025-10-07T21:45:12.409+0100] {taskinstance.py:430} INFO - ::endgroup::
[2025-10-07T21:45:24.168+0100] {logging_mixin.py:188} INFO - Delivered to names_topic [0] @ offset 36
[2025-10-07T21:45:34.512+0100] {logging_mixin.py:188} INFO - Delivered to names_topic [0] @ offset 37
[2025-10-07T21:45:45.325+0100] {logging_mixin.py:188} INFO - Delivered to names_topic [0] @ offset 38
[2025-10-07T21:45:55.827+0100] {logging_mixin.py:188} INFO - Delivered to names_topic [0] @ offset 39
[2025-10-07T21:46:06.395+0100] {logging_mixin.py:188} INFO - Delivered to names_topic [0] @ offset 40
[2025-10-07T21:46:16.707+0100] {logging_mixin.py:188} INFO - Delivered to names_topic [0] @ offset 41
[2025-10-07T21:46:27.964+0100] {logging_mixin.py:188} INFO - Delivered to names_topic [0] @ offset 42
[2025-10-07T21:46:38.590+0100] {logging_mixin.py:188} INFO - Delivered to names_topic [0] @ offset 43
[2025-10-07T21:46:48.900+0100] {logging_mixin.py:188} INFO - Delivered to names_topic [0] @ offset 44
[2025-10-07T21:46:59.451+0100] {logging_mixin.py:188} INFO - Delivered to names_topic [0] @ offset 45
[2025-10-07T21:47:09.751+0100] {logging_mixin.py:188} INFO - Delivered to names_topic [0] @ offset 46
[2025-10-07T21:47:19.761+0100] {logging_mixin.py:188} INFO - Delivered to names_topic [0] @ offset 47
[2025-10-07T21:47:19.773+0100] {python.py:237} INFO - Done. Returned value was: None
[2025-10-07T21:47:19.780+0100] {taskinstance.py:441} INFO - ::group::Post task execution logs
[2025-10-07T21:47:19.976+0100] {taskinstance.py:1206} INFO - Marking task as SUCCESS. dag_id=name_stream_dag, task_id=stream_to_kafka_task, run_id=scheduled__2025-10-07T20:40:00+00:00, execution_date=20251007T204000, start_date=20251007T204507, end_date=20251007T204719
[2025-10-07T21:47:20.343+0100] {local_task_job_runner.py:243} INFO - Task exited with return code 0
[2025-10-07T21:47:20.734+0100] {taskinstance.py:3503} INFO - 0 downstream tasks scheduled from follow-on schedule check
[2025-10-07T21:47:20.828+0100] {local_task_job_runner.py:222} INFO - ::endgroup::
