[2025-10-07T22:00:04.791+0100] {local_task_job_runner.py:120} INFO - ::group::Pre task execution logs
[2025-10-07T22:00:06.664+0100] {taskinstance.py:2076} INFO - Dependencies all met for dep_context=non-requeueable deps ti=<TaskInstance: name_stream_dag.stream_to_kafka_task scheduled__2025-10-07T20:55:00+00:00 [queued]>
[2025-10-07T22:00:06.826+0100] {taskinstance.py:2076} INFO - Dependencies all met for dep_context=requeueable deps ti=<TaskInstance: name_stream_dag.stream_to_kafka_task scheduled__2025-10-07T20:55:00+00:00 [queued]>
[2025-10-07T22:00:06.829+0100] {taskinstance.py:2306} INFO - Starting attempt 1 of 2
[2025-10-07T22:00:07.432+0100] {taskinstance.py:2330} INFO - Executing <Task(PythonOperator): stream_to_kafka_task> on 2025-10-07 20:55:00+00:00
[2025-10-07T22:00:07.755+0100] {standard_task_runner.py:90} INFO - Running: ['***', 'tasks', 'run', 'name_stream_dag', 'stream_to_kafka_task', 'scheduled__2025-10-07T20:55:00+00:00', '--job-id', '8', '--raw', '--subdir', 'DAGS_FOLDER/kafka_stream_dag.py', '--cfg-path', '/tmp/tmpbpfhn3_9']
[2025-10-07T22:00:07.789+0100] {standard_task_runner.py:91} INFO - Job 8: Subtask stream_to_kafka_task
[2025-10-07T22:00:07.709+0100] {standard_task_runner.py:64} INFO - Started process 721 to run task
[2025-10-07T22:00:10.075+0100] {task_command.py:426} INFO - Running <TaskInstance: name_stream_dag.stream_to_kafka_task scheduled__2025-10-07T20:55:00+00:00 [running]> on host e9a80c19b29d
[2025-10-07T22:00:13.635+0100] {taskinstance.py:2648} INFO - Exporting env vars: AIRFLOW_CTX_DAG_OWNER='***' AIRFLOW_CTX_DAG_ID='name_stream_dag' AIRFLOW_CTX_TASK_ID='stream_to_kafka_task' AIRFLOW_CTX_EXECUTION_DATE='2025-10-07T20:55:00+00:00' AIRFLOW_CTX_TRY_NUMBER='1' AIRFLOW_CTX_DAG_RUN_ID='scheduled__2025-10-07T20:55:00+00:00'
[2025-10-07T22:00:13.649+0100] {taskinstance.py:430} INFO - ::endgroup::
[2025-10-07T22:00:24.869+0100] {logging_mixin.py:188} INFO - Delivered to names_topic [0] @ offset 72
[2025-10-07T22:00:35.237+0100] {logging_mixin.py:188} INFO - Delivered to names_topic [0] @ offset 73
[2025-10-07T22:00:45.533+0100] {logging_mixin.py:188} INFO - Delivered to names_topic [0] @ offset 74
[2025-10-07T22:00:56.000+0100] {logging_mixin.py:188} INFO - Delivered to names_topic [0] @ offset 75
[2025-10-07T22:01:06.350+0100] {logging_mixin.py:188} INFO - Delivered to names_topic [0] @ offset 76
[2025-10-07T22:01:16.672+0100] {logging_mixin.py:188} INFO - Delivered to names_topic [0] @ offset 77
[2025-10-07T22:01:27.179+0100] {logging_mixin.py:188} INFO - Delivered to names_topic [0] @ offset 78
[2025-10-07T22:01:38.165+0100] {logging_mixin.py:188} INFO - Delivered to names_topic [0] @ offset 79
[2025-10-07T22:01:48.638+0100] {logging_mixin.py:188} INFO - Delivered to names_topic [0] @ offset 80
[2025-10-07T22:01:59.024+0100] {logging_mixin.py:188} INFO - Delivered to names_topic [0] @ offset 81
[2025-10-07T22:02:09.322+0100] {logging_mixin.py:188} INFO - Delivered to names_topic [0] @ offset 82
[2025-10-07T22:02:19.326+0100] {logging_mixin.py:188} INFO - Delivered to names_topic [0] @ offset 83
[2025-10-07T22:02:19.329+0100] {python.py:237} INFO - Done. Returned value was: None
[2025-10-07T22:02:19.332+0100] {taskinstance.py:441} INFO - ::group::Post task execution logs
[2025-10-07T22:02:19.405+0100] {taskinstance.py:1206} INFO - Marking task as SUCCESS. dag_id=name_stream_dag, task_id=stream_to_kafka_task, run_id=scheduled__2025-10-07T20:55:00+00:00, execution_date=20251007T205500, start_date=20251007T210006, end_date=20251007T210219
[2025-10-07T22:02:19.571+0100] {local_task_job_runner.py:243} INFO - Task exited with return code 0
[2025-10-07T22:02:19.755+0100] {taskinstance.py:3503} INFO - 0 downstream tasks scheduled from follow-on schedule check
[2025-10-07T22:02:19.869+0100] {local_task_job_runner.py:222} INFO - ::endgroup::
