[2025-11-28T19:01:56.141+0000] {local_task_job_runner.py:120} INFO - ::group::Pre task execution logs
[2025-11-28T19:01:56.246+0000] {taskinstance.py:2076} INFO - Dependencies all met for dep_context=non-requeueable deps ti=<TaskInstance: name_stream_dag.spark_stream_to_s3 scheduled__2025-11-28T18:50:00+00:00 [queued]>
[2025-11-28T19:01:56.259+0000] {taskinstance.py:2076} INFO - Dependencies all met for dep_context=requeueable deps ti=<TaskInstance: name_stream_dag.spark_stream_to_s3 scheduled__2025-11-28T18:50:00+00:00 [queued]>
[2025-11-28T19:01:56.261+0000] {taskinstance.py:2306} INFO - Starting attempt 1 of 2
[2025-11-28T19:01:56.344+0000] {taskinstance.py:2330} INFO - Executing <Task(DockerOperator): spark_stream_to_s3> on 2025-11-28 18:50:00+00:00
[2025-11-28T19:01:56.355+0000] {standard_task_runner.py:64} INFO - Started process 144 to run task
[2025-11-28T19:01:56.363+0000] {standard_task_runner.py:90} INFO - Running: ['***', 'tasks', 'run', 'name_stream_dag', 'spark_stream_to_s3', 'scheduled__2025-11-28T18:50:00+00:00', '--job-id', '248', '--raw', '--subdir', 'DAGS_FOLDER/kafka_stream_dag.py', '--cfg-path', '/tmp/tmpy1cm1trz']
[2025-11-28T19:01:56.369+0000] {standard_task_runner.py:91} INFO - Job 248: Subtask spark_stream_to_s3
[2025-11-28T19:01:56.620+0000] {task_command.py:426} INFO - Running <TaskInstance: name_stream_dag.spark_stream_to_s3 scheduled__2025-11-28T18:50:00+00:00 [running]> on host 52eea1f05d9c
[2025-11-28T19:01:57.017+0000] {taskinstance.py:2648} INFO - Exporting env vars: AIRFLOW_CTX_DAG_OWNER='***' AIRFLOW_CTX_DAG_ID='name_stream_dag' AIRFLOW_CTX_TASK_ID='spark_stream_to_s3' AIRFLOW_CTX_EXECUTION_DATE='2025-11-28T18:50:00+00:00' AIRFLOW_CTX_TRY_NUMBER='1' AIRFLOW_CTX_DAG_RUN_ID='scheduled__2025-11-28T18:50:00+00:00'
[2025-11-28T19:01:57.019+0000] {taskinstance.py:430} INFO - ::endgroup::
[2025-11-28T19:01:57.142+0000] {docker.py:367} INFO - Starting docker container from image custom-spark
[2025-11-28T19:01:58.009+0000] {docker.py:438} INFO - [38;5;6mspark [38;5;5m19:01:57.98 [0m[38;5;2mINFO [0m ==>
[2025-11-28T19:01:58.014+0000] {docker.py:438} INFO - [38;5;6mspark [38;5;5m19:01:57.99 [0m[38;5;2mINFO [0m ==> [1mWelcome to the Bitnami spark container[0m
[2025-11-28T19:01:58.018+0000] {docker.py:438} INFO - [38;5;6mspark [38;5;5m19:01:57.99 [0m[38;5;2mINFO [0m ==> Subscribe to project updates by watching [1mhttps://github.com/bitnami/containers[0m
[2025-11-28T19:01:58.020+0000] {docker.py:438} INFO - [38;5;6mspark [38;5;5m19:01:58.00 [0m[38;5;2mINFO [0m ==> Submit issues and feature requests at [1mhttps://github.com/bitnami/containers/issues[0m
[2025-11-28T19:01:58.024+0000] {docker.py:438} INFO - [38;5;6mspark [38;5;5m19:01:58.00 [0m[38;5;2mINFO [0m ==> Upgrade to Tanzu Application Catalog for production environments to access custom-configured and pre-packaged software components. Gain enhanced features, including Software Bill of Materials (SBOM), CVE scan result reports, and VEX documents. To learn more, visit [1mhttps://bitnami.com/enterprise[0m
[2025-11-28T19:01:58.025+0000] {docker.py:438} INFO - [38;5;6mspark [38;5;5m19:01:58.01 [0m[38;5;2mINFO [0m ==>
[2025-11-28T19:01:58.056+0000] {docker.py:438} INFO - 
[2025-11-28T19:02:04.838+0000] {docker.py:438} INFO - 25/11/28 19:02:04 INFO SparkContext: Running Spark version 3.5.1
[2025-11-28T19:02:04.844+0000] {docker.py:438} INFO - 25/11/28 19:02:04 INFO SparkContext: OS info Linux, 6.6.87.2-microsoft-standard-WSL2, amd64
[2025-11-28T19:02:04.845+0000] {docker.py:438} INFO - 25/11/28 19:02:04 INFO SparkContext: Java version 17.0.12
[2025-11-28T19:02:04.918+0000] {docker.py:438} INFO - 25/11/28 19:02:04 INFO ResourceUtils: ==============================================================
[2025-11-28T19:02:04.919+0000] {docker.py:438} INFO - 25/11/28 19:02:04 INFO ResourceUtils: No custom resources configured for spark.driver.
[2025-11-28T19:02:04.920+0000] {docker.py:438} INFO - 25/11/28 19:02:04 INFO ResourceUtils: ==============================================================
[2025-11-28T19:02:04.921+0000] {docker.py:438} INFO - 25/11/28 19:02:04 INFO SparkContext: Submitted application: spark_streaming
[2025-11-28T19:02:04.972+0000] {docker.py:438} INFO - 25/11/28 19:02:04 INFO ResourceProfile: Default ResourceProfile created, executor resources: Map(memory -> name: memory, amount: 1024, script: , vendor: , offHeap -> name: offHeap, amount: 0, script: , vendor: ), task resources: Map(cpus -> name: cpus, amount: 1.0)
[2025-11-28T19:02:05.000+0000] {docker.py:438} INFO - 25/11/28 19:02:04 INFO ResourceProfile: Limiting resource is cpu
[2025-11-28T19:02:05.003+0000] {docker.py:438} INFO - 25/11/28 19:02:04 INFO ResourceProfileManager: Added ResourceProfile id: 0
[2025-11-28T19:02:05.157+0000] {docker.py:438} INFO - 25/11/28 19:02:05 INFO SecurityManager: Changing view acls to: spark
[2025-11-28T19:02:05.161+0000] {docker.py:438} INFO - 25/11/28 19:02:05 INFO SecurityManager: Changing modify acls to: spark
[2025-11-28T19:02:05.164+0000] {docker.py:438} INFO - 25/11/28 19:02:05 INFO SecurityManager: Changing view acls groups to:
[2025-11-28T19:02:05.166+0000] {docker.py:438} INFO - 25/11/28 19:02:05 INFO SecurityManager: Changing modify acls groups to:
[2025-11-28T19:02:05.168+0000] {docker.py:438} INFO - 25/11/28 19:02:05 INFO SecurityManager: SecurityManager: authentication disabled; ui acls disabled; users with view permissions: spark; groups with view permissions: EMPTY; users with modify permissions: spark; groups with modify permissions: EMPTY
[2025-11-28T19:02:05.296+0000] {docker.py:438} INFO - 25/11/28 19:02:05 WARN NativeCodeLoader: Unable to load native-hadoop library for your platform... using builtin-java classes where applicable
[2025-11-28T19:02:05.904+0000] {docker.py:438} INFO - 25/11/28 19:02:05 INFO Utils: Successfully started service 'sparkDriver' on port 46621.
[2025-11-28T19:02:05.952+0000] {docker.py:438} INFO - 25/11/28 19:02:05 INFO SparkEnv: Registering MapOutputTracker
[2025-11-28T19:02:06.045+0000] {docker.py:438} INFO - 25/11/28 19:02:06 INFO SparkEnv: Registering BlockManagerMaster
[2025-11-28T19:02:06.096+0000] {docker.py:438} INFO - 25/11/28 19:02:06 INFO BlockManagerMasterEndpoint: Using org.apache.spark.storage.DefaultTopologyMapper for getting topology information
[2025-11-28T19:02:06.098+0000] {docker.py:438} INFO - 25/11/28 19:02:06 INFO BlockManagerMasterEndpoint: BlockManagerMasterEndpoint up
[2025-11-28T19:02:06.111+0000] {docker.py:438} INFO - 25/11/28 19:02:06 INFO SparkEnv: Registering BlockManagerMasterHeartbeat
[2025-11-28T19:02:06.160+0000] {docker.py:438} INFO - 25/11/28 19:02:06 INFO DiskBlockManager: Created local directory at /tmp/blockmgr-1a2fcba2-9eb7-494b-befb-094f3ac2e1bf
[2025-11-28T19:02:06.186+0000] {docker.py:438} INFO - 25/11/28 19:02:06 INFO MemoryStore: MemoryStore started with capacity 434.4 MiB
[2025-11-28T19:02:06.219+0000] {docker.py:438} INFO - 25/11/28 19:02:06 INFO SparkEnv: Registering OutputCommitCoordinator
[2025-11-28T19:02:06.492+0000] {docker.py:438} INFO - 25/11/28 19:02:06 INFO JettyUtils: Start Jetty 0.0.0.0:4040 for SparkUI
[2025-11-28T19:02:06.682+0000] {docker.py:438} INFO - 25/11/28 19:02:06 INFO Utils: Successfully started service 'SparkUI' on port 4040.
[2025-11-28T19:02:06.900+0000] {docker.py:438} INFO - 25/11/28 19:02:06 INFO StandaloneAppClient$ClientEndpoint: Connecting to master spark://spark-master:7077...
[2025-11-28T19:02:06.980+0000] {docker.py:438} INFO - 25/11/28 19:02:06 INFO TransportClientFactory: Successfully created connection to spark-master/172.18.0.2:7077 after 43 ms (0 ms spent in bootstraps)
[2025-11-28T19:02:07.164+0000] {docker.py:438} INFO - 25/11/28 19:02:07 INFO StandaloneSchedulerBackend: Connected to Spark cluster with app ID app-20251128190207-0001
[2025-11-28T19:02:07.181+0000] {docker.py:438} INFO - 25/11/28 19:02:07 INFO Utils: Successfully started service 'org.apache.spark.network.netty.NettyBlockTransferService' on port 35417.
[2025-11-28T19:02:07.183+0000] {docker.py:438} INFO - 25/11/28 19:02:07 INFO NettyBlockTransferService: Server created on 8388d6bf4288:35417
[2025-11-28T19:02:07.188+0000] {docker.py:438} INFO - 25/11/28 19:02:07 INFO BlockManager: Using org.apache.spark.storage.RandomBlockReplicationPolicy for block replication policy
[2025-11-28T19:02:07.200+0000] {docker.py:438} INFO - 25/11/28 19:02:07 INFO BlockManagerMaster: Registering BlockManager BlockManagerId(driver, 8388d6bf4288, 35417, None)
[2025-11-28T19:02:07.205+0000] {docker.py:438} INFO - 25/11/28 19:02:07 INFO BlockManagerMasterEndpoint: Registering block manager 8388d6bf4288:35417 with 434.4 MiB RAM, BlockManagerId(driver, 8388d6bf4288, 35417, None)
[2025-11-28T19:02:07.210+0000] {docker.py:438} INFO - 25/11/28 19:02:07 INFO BlockManagerMaster: Registered BlockManager BlockManagerId(driver, 8388d6bf4288, 35417, None)
[2025-11-28T19:02:07.212+0000] {docker.py:438} INFO - 25/11/28 19:02:07 INFO BlockManager: Initialized BlockManager: BlockManagerId(driver, 8388d6bf4288, 35417, None)
[2025-11-28T19:02:07.567+0000] {docker.py:438} INFO - 25/11/28 19:02:07 INFO StandaloneSchedulerBackend: SchedulerBackend is ready for scheduling beginning after reached minRegisteredResourcesRatio: 0.0
[2025-11-28T19:02:12.483+0000] {docker.py:438} INFO - 2025-11-28 19:02:12,481:spark_structured_streaming:initiate_streaming_to_bucket:INFO:Starting streaming sink (JSON)...
[2025-11-28T19:07:06.687+0000] {local_task_job_runner.py:124} ERROR - Received SIGTERM. Terminating subprocesses
[2025-11-28T19:07:06.704+0000] {process_utils.py:132} INFO - Sending 15 to group 144. PIDs of all processes in the group: [144]
[2025-11-28T19:07:06.723+0000] {process_utils.py:87} INFO - Sending the signal 15 to group 144
[2025-11-28T19:07:06.756+0000] {taskinstance.py:2611} ERROR - Received SIGTERM. Terminating subprocesses.
[2025-11-28T19:07:06.768+0000] {docker.py:533} INFO - Stopping docker container
