[2025-11-28T16:13:17.806+0000] {local_task_job_runner.py:120} INFO - ::group::Pre task execution logs
[2025-11-28T16:13:18.010+0000] {taskinstance.py:2076} INFO - Dependencies all met for dep_context=non-requeueable deps ti=<TaskInstance: name_stream_dag.s3_bucket_health_check scheduled__2025-11-28T16:05:00+00:00 [queued]>
[2025-11-28T16:13:18.046+0000] {taskinstance.py:2076} INFO - Dependencies all met for dep_context=requeueable deps ti=<TaskInstance: name_stream_dag.s3_bucket_health_check scheduled__2025-11-28T16:05:00+00:00 [queued]>
[2025-11-28T16:13:18.047+0000] {taskinstance.py:2306} INFO - Starting attempt 2 of 2
[2025-11-28T16:13:18.133+0000] {taskinstance.py:2330} INFO - Executing <Task(PythonOperator): s3_bucket_health_check> on 2025-11-28 16:05:00+00:00
[2025-11-28T16:13:18.160+0000] {standard_task_runner.py:64} INFO - Started process 166 to run task
[2025-11-28T16:13:18.174+0000] {standard_task_runner.py:90} INFO - Running: ['***', 'tasks', 'run', 'name_stream_dag', 's3_bucket_health_check', 'scheduled__2025-11-28T16:05:00+00:00', '--job-id', '86', '--raw', '--subdir', 'DAGS_FOLDER/kafka_stream_dag.py', '--cfg-path', '/tmp/tmpnnwcsdta']
[2025-11-28T16:13:18.179+0000] {standard_task_runner.py:91} INFO - Job 86: Subtask s3_bucket_health_check
[2025-11-28T16:13:18.815+0000] {task_command.py:426} INFO - Running <TaskInstance: name_stream_dag.s3_bucket_health_check scheduled__2025-11-28T16:05:00+00:00 [running]> on host b35c2091a992
[2025-11-28T16:13:19.378+0000] {taskinstance.py:2648} INFO - Exporting env vars: AIRFLOW_CTX_DAG_OWNER='***' AIRFLOW_CTX_DAG_ID='name_stream_dag' AIRFLOW_CTX_TASK_ID='s3_bucket_health_check' AIRFLOW_CTX_EXECUTION_DATE='2025-11-28T16:05:00+00:00' AIRFLOW_CTX_TRY_NUMBER='2' AIRFLOW_CTX_DAG_RUN_ID='scheduled__2025-11-28T16:05:00+00:00'
[2025-11-28T16:13:19.386+0000] {taskinstance.py:430} INFO - ::endgroup::
[2025-11-28T16:13:23.916+0000] {connectionpool.py:872} WARNING - Retrying (Retry(total=4, connect=None, read=None, redirect=None, status=None)) after connection broken by 'NameResolutionError("<urllib3.connection.HTTPConnection object at 0x79ceef27b050>: Failed to resolve 'minio' ([Errno -2] Name or service not known)")': /names-bucket?location=
[2025-11-28T16:13:27.504+0000] {connectionpool.py:872} WARNING - Retrying (Retry(total=3, connect=None, read=None, redirect=None, status=None)) after connection broken by 'NameResolutionError("<urllib3.connection.HTTPConnection object at 0x79ceeed34950>: Failed to resolve 'minio' ([Errno -2] Name or service not known)")': /names-bucket?location=
[2025-11-28T16:13:31.816+0000] {connectionpool.py:872} WARNING - Retrying (Retry(total=2, connect=None, read=None, redirect=None, status=None)) after connection broken by 'NameResolutionError("<urllib3.connection.HTTPConnection object at 0x79ceeed35990>: Failed to resolve 'minio' ([Errno -2] Name or service not known)")': /names-bucket?location=
[2025-11-28T16:13:36.897+0000] {connectionpool.py:872} WARNING - Retrying (Retry(total=1, connect=None, read=None, redirect=None, status=None)) after connection broken by 'NameResolutionError("<urllib3.connection.HTTPConnection object at 0x79ceeed36910>: Failed to resolve 'minio' ([Errno -2] Name or service not known)")': /names-bucket?location=
[2025-11-28T16:13:44.120+0000] {connectionpool.py:872} WARNING - Retrying (Retry(total=0, connect=None, read=None, redirect=None, status=None)) after connection broken by 'NameResolutionError("<urllib3.connection.HTTPConnection object at 0x79ceeed37850>: Failed to resolve 'minio' ([Errno -5] No address associated with hostname)")': /names-bucket?location=
[2025-11-28T16:13:48.250+0000] {taskinstance.py:441} INFO - ::group::Post task execution logs
[2025-11-28T16:13:48.253+0000] {taskinstance.py:2905} ERROR - Task failed with exception
Traceback (most recent call last):
  File "/home/airflow/.local/lib/python3.11/site-packages/urllib3/connection.py", line 203, in _new_conn
    sock = connection.create_connection(
           ^^^^^^^^^^^^^^^^^^^^^^^^^^^^^
  File "/home/airflow/.local/lib/python3.11/site-packages/urllib3/util/connection.py", line 60, in create_connection
    for res in socket.getaddrinfo(host, port, family, socket.SOCK_STREAM):
               ^^^^^^^^^^^^^^^^^^^^^^^^^^^^^^^^^^^^^^^^^^^^^^^^^^^^^^^^^^
  File "/usr/local/lib/python3.11/socket.py", line 962, in getaddrinfo
    for res in _socket.getaddrinfo(host, port, family, type, proto, flags):
               ^^^^^^^^^^^^^^^^^^^^^^^^^^^^^^^^^^^^^^^^^^^^^^^^^^^^^^^^^^^
socket.gaierror: [Errno -5] No address associated with hostname

The above exception was the direct cause of the following exception:

Traceback (most recent call last):
  File "/home/airflow/.local/lib/python3.11/site-packages/urllib3/connectionpool.py", line 791, in urlopen
    response = self._make_request(
               ^^^^^^^^^^^^^^^^^^^
  File "/home/airflow/.local/lib/python3.11/site-packages/urllib3/connectionpool.py", line 497, in _make_request
    conn.request(
  File "/home/airflow/.local/lib/python3.11/site-packages/urllib3/connection.py", line 395, in request
    self.endheaders()
  File "/usr/local/lib/python3.11/http/client.py", line 1298, in endheaders
    self._send_output(message_body, encode_chunked=encode_chunked)
  File "/usr/local/lib/python3.11/http/client.py", line 1058, in _send_output
    self.send(msg)
  File "/usr/local/lib/python3.11/http/client.py", line 996, in send
    self.connect()
  File "/home/airflow/.local/lib/python3.11/site-packages/urllib3/connection.py", line 243, in connect
    self.sock = self._new_conn()
                ^^^^^^^^^^^^^^^^
  File "/home/airflow/.local/lib/python3.11/site-packages/urllib3/connection.py", line 210, in _new_conn
    raise NameResolutionError(self.host, self, e) from e
urllib3.exceptions.NameResolutionError: <urllib3.connection.HTTPConnection object at 0x79ceeed444d0>: Failed to resolve 'minio' ([Errno -5] No address associated with hostname)

The above exception was the direct cause of the following exception:

Traceback (most recent call last):
  File "/home/airflow/.local/lib/python3.11/site-packages/airflow/models/taskinstance.py", line 465, in _execute_task
    result = _execute_callable(context=context, **execute_callable_kwargs)
             ^^^^^^^^^^^^^^^^^^^^^^^^^^^^^^^^^^^^^^^^^^^^^^^^^^^^^^^^^^^^^
  File "/home/airflow/.local/lib/python3.11/site-packages/airflow/models/taskinstance.py", line 432, in _execute_callable
    return execute_callable(context=context, **execute_callable_kwargs)
           ^^^^^^^^^^^^^^^^^^^^^^^^^^^^^^^^^^^^^^^^^^^^^^^^^^^^^^^^^^^^
  File "/home/airflow/.local/lib/python3.11/site-packages/airflow/models/baseoperator.py", line 401, in wrapper
    return func(self, *args, **kwargs)
           ^^^^^^^^^^^^^^^^^^^^^^^^^^^
  File "/home/airflow/.local/lib/python3.11/site-packages/airflow/operators/python.py", line 235, in execute
    return_value = self.execute_callable()
                   ^^^^^^^^^^^^^^^^^^^^^^^
  File "/home/airflow/.local/lib/python3.11/site-packages/airflow/operators/python.py", line 252, in execute_callable
    return self.python_callable(*self.op_args, **self.op_kwargs)
           ^^^^^^^^^^^^^^^^^^^^^^^^^^^^^^^^^^^^^^^^^^^^^^^^^^^^^
  File "/opt/airflow/dags/kafka_stream_dag.py", line 47, in _check_bucket
    if not client.bucket_exists(bucket):
           ^^^^^^^^^^^^^^^^^^^^^^^^^^^^
  File "/home/airflow/.local/lib/python3.11/site-packages/minio/api.py", line 700, in bucket_exists
    self._execute("HEAD", bucket_name)
  File "/home/airflow/.local/lib/python3.11/site-packages/minio/api.py", line 441, in _execute
    region = self._get_region(bucket_name)
             ^^^^^^^^^^^^^^^^^^^^^^^^^^^^^
  File "/home/airflow/.local/lib/python3.11/site-packages/minio/api.py", line 498, in _get_region
    response = self._url_open(
               ^^^^^^^^^^^^^^^
  File "/home/airflow/.local/lib/python3.11/site-packages/minio/api.py", line 306, in _url_open
    response = self._http.urlopen(
               ^^^^^^^^^^^^^^^^^^^
  File "/home/airflow/.local/lib/python3.11/site-packages/urllib3/poolmanager.py", line 443, in urlopen
    response = conn.urlopen(method, u.request_uri, **kw)
               ^^^^^^^^^^^^^^^^^^^^^^^^^^^^^^^^^^^^^^^^^
  File "/home/airflow/.local/lib/python3.11/site-packages/urllib3/connectionpool.py", line 875, in urlopen
    return self.urlopen(
           ^^^^^^^^^^^^^
  File "/home/airflow/.local/lib/python3.11/site-packages/urllib3/connectionpool.py", line 875, in urlopen
    return self.urlopen(
           ^^^^^^^^^^^^^
  File "/home/airflow/.local/lib/python3.11/site-packages/urllib3/connectionpool.py", line 875, in urlopen
    return self.urlopen(
           ^^^^^^^^^^^^^
  [Previous line repeated 2 more times]
  File "/home/airflow/.local/lib/python3.11/site-packages/urllib3/connectionpool.py", line 845, in urlopen
    retries = retries.increment(
              ^^^^^^^^^^^^^^^^^^
  File "/home/airflow/.local/lib/python3.11/site-packages/urllib3/util/retry.py", line 515, in increment
    raise MaxRetryError(_pool, url, reason) from reason  # type: ignore[arg-type]
    ^^^^^^^^^^^^^^^^^^^^^^^^^^^^^^^^^^^^^^^^^^^^^^^^^^^
urllib3.exceptions.MaxRetryError: HTTPConnectionPool(host='minio', port=9000): Max retries exceeded with url: /names-bucket?location= (Caused by NameResolutionError("<urllib3.connection.HTTPConnection object at 0x79ceeed444d0>: Failed to resolve 'minio' ([Errno -5] No address associated with hostname)"))
[2025-11-28T16:13:48.363+0000] {taskinstance.py:1206} INFO - Marking task as FAILED. dag_id=name_stream_dag, task_id=s3_bucket_health_check, run_id=scheduled__2025-11-28T16:05:00+00:00, execution_date=20251128T160500, start_date=20251128T161318, end_date=20251128T161348
[2025-11-28T16:13:48.506+0000] {standard_task_runner.py:110} ERROR - Failed to execute job 86 for task s3_bucket_health_check (HTTPConnectionPool(host='minio', port=9000): Max retries exceeded with url: /names-bucket?location= (Caused by NameResolutionError("<urllib3.connection.HTTPConnection object at 0x79ceeed444d0>: Failed to resolve 'minio' ([Errno -5] No address associated with hostname)")); 166)
[2025-11-28T16:13:48.563+0000] {local_task_job_runner.py:243} INFO - Task exited with return code 1
[2025-11-28T16:13:49.178+0000] {taskinstance.py:3503} INFO - 0 downstream tasks scheduled from follow-on schedule check
[2025-11-28T16:13:49.554+0000] {local_task_job_runner.py:222} INFO - ::endgroup::
