[2025-11-28T20:21:52.358+0000] {local_task_job_runner.py:120} INFO - ::group::Pre task execution logs
[2025-11-28T20:21:52.619+0000] {taskinstance.py:2076} INFO - Dependencies all met for dep_context=non-requeueable deps ti=<TaskInstance: name_stream_dag.spark_stream_to_s3 manual__2025-11-28T20:04:26.633066+00:00 [queued]>
[2025-11-28T20:21:52.668+0000] {taskinstance.py:2076} INFO - Dependencies all met for dep_context=requeueable deps ti=<TaskInstance: name_stream_dag.spark_stream_to_s3 manual__2025-11-28T20:04:26.633066+00:00 [queued]>
[2025-11-28T20:21:52.684+0000] {taskinstance.py:2306} INFO - Starting attempt 2 of 2
[2025-11-28T20:21:52.915+0000] {taskinstance.py:2330} INFO - Executing <Task(DockerOperator): spark_stream_to_s3> on 2025-11-28 20:04:26.633066+00:00
[2025-11-28T20:21:52.943+0000] {standard_task_runner.py:64} INFO - Started process 90 to run task
[2025-11-28T20:21:52.964+0000] {standard_task_runner.py:90} INFO - Running: ['***', 'tasks', 'run', 'name_stream_dag', 'spark_stream_to_s3', 'manual__2025-11-28T20:04:26.633066+00:00', '--job-id', '268', '--raw', '--subdir', 'DAGS_FOLDER/kafka_stream_dag.py', '--cfg-path', '/tmp/tmp8vhoumcu']
[2025-11-28T20:21:52.975+0000] {standard_task_runner.py:91} INFO - Job 268: Subtask spark_stream_to_s3
[2025-11-28T20:21:53.718+0000] {task_command.py:426} INFO - Running <TaskInstance: name_stream_dag.spark_stream_to_s3 manual__2025-11-28T20:04:26.633066+00:00 [running]> on host 5773cad78b07
[2025-11-28T20:21:56.343+0000] {taskinstance.py:2648} INFO - Exporting env vars: AIRFLOW_CTX_DAG_OWNER='***' AIRFLOW_CTX_DAG_ID='name_stream_dag' AIRFLOW_CTX_TASK_ID='spark_stream_to_s3' AIRFLOW_CTX_EXECUTION_DATE='2025-11-28T20:04:26.633066+00:00' AIRFLOW_CTX_TRY_NUMBER='2' AIRFLOW_CTX_DAG_RUN_ID='manual__2025-11-28T20:04:26.633066+00:00'
[2025-11-28T20:21:56.349+0000] {taskinstance.py:430} INFO - ::endgroup::
[2025-11-28T20:21:57.337+0000] {docker.py:367} INFO - Starting docker container from image custom-spark
[2025-11-28T20:22:04.673+0000] {docker.py:438} INFO - [38;5;6mspark [38;5;5m20:22:04.13 [0m[38;5;2mINFO [0m ==>
[2025-11-28T20:22:04.706+0000] {docker.py:438} INFO - [38;5;6mspark [38;5;5m20:22:04.15 [0m[38;5;2mINFO [0m ==> [1mWelcome to the Bitnami spark container[0m
[2025-11-28T20:22:04.723+0000] {docker.py:438} INFO - [38;5;6mspark [38;5;5m20:22:04.17 [0m[38;5;2mINFO [0m ==> Subscribe to project updates by watching [1mhttps://github.com/bitnami/containers[0m
[2025-11-28T20:22:04.733+0000] {docker.py:438} INFO - [38;5;6mspark [38;5;5m20:22:04.21 [0m[38;5;2mINFO [0m ==> Submit issues and feature requests at [1mhttps://github.com/bitnami/containers/issues[0m
[2025-11-28T20:22:04.750+0000] {docker.py:438} INFO - [38;5;6mspark [38;5;5m20:22:04.23 [0m[38;5;2mINFO [0m ==> Upgrade to Tanzu Application Catalog for production environments to access custom-configured and pre-packaged software components. Gain enhanced features, including Software Bill of Materials (SBOM), CVE scan result reports, and VEX documents. To learn more, visit [1mhttps://bitnami.com/enterprise[0m
[2025-11-28T20:22:04.755+0000] {docker.py:438} INFO - [38;5;6mspark [38;5;5m20:22:04.23 [0m[38;5;2mINFO [0m ==>
[2025-11-28T20:22:04.762+0000] {docker.py:438} INFO - 
[2025-11-28T20:22:23.418+0000] {docker.py:438} INFO - 2025-11-28 20:22:23,272:spark_structured_streaming:main:INFO:Spark streaming config: app_name=spark_streaming brokers=kafka:19092 topic=names_topic bucket=namegeneratorbucket output_prefix=names checkpoint_prefix=checkpoints/names region=eu-west-2 endpoint=None path_style=None ssl_enabled=None
[2025-11-28T20:22:24.699+0000] {docker.py:438} INFO - 25/11/28 20:22:24 INFO SparkContext: Running Spark version 3.5.1
[2025-11-28T20:22:24.728+0000] {docker.py:438} INFO - 25/11/28 20:22:24 INFO SparkContext: OS info Linux, 6.6.87.2-microsoft-standard-WSL2, amd64
[2025-11-28T20:22:24.732+0000] {docker.py:438} INFO - 25/11/28 20:22:24 INFO SparkContext: Java version 17.0.12
[2025-11-28T20:22:25.121+0000] {docker.py:438} INFO - 25/11/28 20:22:25 INFO ResourceUtils: ==============================================================
[2025-11-28T20:22:25.122+0000] {docker.py:438} INFO - 25/11/28 20:22:25 INFO ResourceUtils: No custom resources configured for spark.driver.
[2025-11-28T20:22:25.133+0000] {docker.py:438} INFO - 25/11/28 20:22:25 INFO ResourceUtils: ==============================================================
[2025-11-28T20:22:25.134+0000] {docker.py:438} INFO - 25/11/28 20:22:25 INFO SparkContext: Submitted application: spark_streaming
[2025-11-28T20:22:25.274+0000] {docker.py:438} INFO - 25/11/28 20:22:25 INFO ResourceProfile: Default ResourceProfile created, executor resources: Map(memory -> name: memory, amount: 1024, script: , vendor: , offHeap -> name: offHeap, amount: 0, script: , vendor: ), task resources: Map(cpus -> name: cpus, amount: 1.0)
[2025-11-28T20:22:25.370+0000] {docker.py:438} INFO - 25/11/28 20:22:25 INFO ResourceProfile: Limiting resource is cpu
[2025-11-28T20:22:25.381+0000] {docker.py:438} INFO - 25/11/28 20:22:25 INFO ResourceProfileManager: Added ResourceProfile id: 0
[2025-11-28T20:22:26.203+0000] {docker.py:438} INFO - 25/11/28 20:22:26 INFO SecurityManager: Changing view acls to: spark
[2025-11-28T20:22:26.227+0000] {docker.py:438} INFO - 25/11/28 20:22:26 INFO SecurityManager: Changing modify acls to: spark
[2025-11-28T20:22:26.232+0000] {docker.py:438} INFO - 25/11/28 20:22:26 INFO SecurityManager: Changing view acls groups to:
[2025-11-28T20:22:26.249+0000] {docker.py:438} INFO - 25/11/28 20:22:26 INFO SecurityManager: Changing modify acls groups to: 
[2025-11-28T20:22:26.263+0000] {docker.py:438} INFO - 25/11/28 20:22:26 INFO SecurityManager: SecurityManager: authentication disabled; ui acls disabled; users with view permissions: spark; groups with view permissions: EMPTY; users with modify permissions: spark; groups with modify permissions: EMPTY
[2025-11-28T20:22:26.715+0000] {docker.py:438} INFO - 25/11/28 20:22:26 WARN NativeCodeLoader: Unable to load native-hadoop library for your platform... using builtin-java classes where applicable
[2025-11-28T20:22:27.884+0000] {docker.py:438} INFO - 25/11/28 20:22:27 INFO Utils: Successfully started service 'sparkDriver' on port 43627.
[2025-11-28T20:22:27.980+0000] {docker.py:438} INFO - 25/11/28 20:22:27 INFO SparkEnv: Registering MapOutputTracker
[2025-11-28T20:22:28.118+0000] {docker.py:438} INFO - 25/11/28 20:22:28 INFO SparkEnv: Registering BlockManagerMaster
[2025-11-28T20:22:28.171+0000] {docker.py:438} INFO - 25/11/28 20:22:28 INFO BlockManagerMasterEndpoint: Using org.apache.spark.storage.DefaultTopologyMapper for getting topology information
[2025-11-28T20:22:28.173+0000] {docker.py:438} INFO - 25/11/28 20:22:28 INFO BlockManagerMasterEndpoint: BlockManagerMasterEndpoint up
[2025-11-28T20:22:28.180+0000] {docker.py:438} INFO - 25/11/28 20:22:28 INFO SparkEnv: Registering BlockManagerMasterHeartbeat
[2025-11-28T20:22:28.298+0000] {docker.py:438} INFO - 25/11/28 20:22:28 INFO DiskBlockManager: Created local directory at /tmp/blockmgr-d6b816b8-df1b-40cd-b93c-17109b010a49
[2025-11-28T20:22:28.341+0000] {docker.py:438} INFO - 25/11/28 20:22:28 INFO MemoryStore: MemoryStore started with capacity 434.4 MiB
[2025-11-28T20:22:28.430+0000] {docker.py:438} INFO - 25/11/28 20:22:28 INFO SparkEnv: Registering OutputCommitCoordinator
[2025-11-28T20:22:28.933+0000] {docker.py:438} INFO - 25/11/28 20:22:28 INFO JettyUtils: Start Jetty 0.0.0.0:4040 for SparkUI
[2025-11-28T20:22:29.442+0000] {docker.py:438} INFO - 25/11/28 20:22:29 INFO Utils: Successfully started service 'SparkUI' on port 4040.
[2025-11-28T20:22:30.230+0000] {docker.py:438} INFO - 25/11/28 20:22:30 INFO StandaloneAppClient$ClientEndpoint: Connecting to master spark://spark-master:7077...
[2025-11-28T20:22:30.417+0000] {docker.py:438} INFO - 25/11/28 20:22:30 INFO TransportClientFactory: Successfully created connection to spark-master/172.18.0.3:7077 after 127 ms (0 ms spent in bootstraps)
[2025-11-28T20:22:30.918+0000] {docker.py:438} INFO - 25/11/28 20:22:30 INFO StandaloneSchedulerBackend: Connected to Spark cluster with app ID app-20251128202230-0003
[2025-11-28T20:22:31.009+0000] {docker.py:438} INFO - 25/11/28 20:22:31 INFO Utils: Successfully started service 'org.apache.spark.network.netty.NettyBlockTransferService' on port 34187.
[2025-11-28T20:22:31.014+0000] {docker.py:438} INFO - 25/11/28 20:22:31 INFO NettyBlockTransferService: Server created on ba8ff103369a:34187
[2025-11-28T20:22:31.016+0000] {docker.py:438} INFO - 25/11/28 20:22:31 INFO BlockManager: Using org.apache.spark.storage.RandomBlockReplicationPolicy for block replication policy
[2025-11-28T20:22:31.047+0000] {docker.py:438} INFO - 25/11/28 20:22:31 INFO BlockManagerMaster: Registering BlockManager BlockManagerId(driver, ba8ff103369a, 34187, None)
[2025-11-28T20:22:31.084+0000] {docker.py:438} INFO - 25/11/28 20:22:31 INFO BlockManagerMasterEndpoint: Registering block manager ba8ff103369a:34187 with 434.4 MiB RAM, BlockManagerId(driver, ba8ff103369a, 34187, None)
[2025-11-28T20:22:31.093+0000] {docker.py:438} INFO - 25/11/28 20:22:31 INFO BlockManagerMaster: Registered BlockManager BlockManagerId(driver, ba8ff103369a, 34187, None)
[2025-11-28T20:22:31.100+0000] {docker.py:438} INFO - 25/11/28 20:22:31 INFO BlockManager: Initialized BlockManager: BlockManagerId(driver, ba8ff103369a, 34187, None)
[2025-11-28T20:22:31.975+0000] {docker.py:438} INFO - 25/11/28 20:22:31 INFO StandaloneSchedulerBackend: SchedulerBackend is ready for scheduling beginning after reached minRegisteredResourcesRatio: 0.0
[2025-11-28T20:22:32.772+0000] {docker.py:438} INFO - 2025-11-28 20:22:32,770:spark_structured_streaming:s3_healthcheck_write:INFO:Running S3 healthcheck, writing marker to s3a://namegeneratorbucket/names/healthcheck/_SUCCESS
[2025-11-28T20:22:37.516+0000] {docker.py:438} INFO - 2025-11-28 20:22:37,513:spark_structured_streaming:s3_healthcheck_write:INFO:S3 healthcheck marker successfully written at s3a://namegeneratorbucket/names/healthcheck/_SUCCESS
[2025-11-28T20:22:47.577+0000] {docker.py:438} INFO - 2025-11-28 20:22:47,561:spark_structured_streaming:initiate_streaming_to_bucket:INFO:Starting streaming sink (JSON) to path=s3a://namegeneratorbucket/names with checkpoint=s3a://namegeneratorbucket/checkpoints/names
[2025-11-28T20:22:47.899+0000] {docker.py:438} INFO - 2025-11-28 20:22:47,886:py4j.java_gateway:run:INFO:Callback Server Starting
[2025-11-28T20:22:47.900+0000] {docker.py:438} INFO - 2025-11-28 20:22:47,886:py4j.java_gateway:run:INFO:Socket listening on ('127.0.0.1', 35727)
[2025-11-28T20:22:50.946+0000] {docker.py:438} INFO - 2025-11-28 20:22:50,941:spark_structured_streaming:initiate_streaming_to_bucket:INFO:Streaming query started; awaiting termination.
[2025-11-28T20:22:57.174+0000] {docker.py:438} INFO - 25/11/28 20:22:57 ERROR MicroBatchExecution: Query [id = 4c336e75-d5bd-4e87-9965-a8e18d61c220, runId = 253d7248-1f99-419b-a981-9a83d0fad6d5] terminated with error
[2025-11-28T20:22:57.175+0000] {docker.py:438} INFO - java.util.concurrent.ExecutionException: org.apache.kafka.common.errors.UnknownTopicOrPartitionException: This server does not host this topic-partition.
[2025-11-28T20:22:57.177+0000] {docker.py:438} INFO - 	at java.base/java.util.concurrent.CompletableFuture.reportGet(CompletableFuture.java:396)
[2025-11-28T20:22:57.178+0000] {docker.py:438} INFO - 	at java.base/java.util.concurrent.CompletableFuture.get(CompletableFuture.java:2073)
[2025-11-28T20:22:57.181+0000] {docker.py:438} INFO - 	at org.apache.kafka.common.internals.KafkaFutureImpl.get(KafkaFutureImpl.java:165)
[2025-11-28T20:22:57.184+0000] {docker.py:438} INFO - 	at org.apache.spark.sql.kafka010.ConsumerStrategy.retrieveAllPartitions(ConsumerStrategy.scala:66)
[2025-11-28T20:22:57.193+0000] {docker.py:438} INFO - 	at org.apache.spark.sql.kafka010.ConsumerStrategy.retrieveAllPartitions$(ConsumerStrategy.scala:65)
[2025-11-28T20:22:57.196+0000] {docker.py:438} INFO - 	at org.apache.spark.sql.kafka010.SubscribeStrategy.retrieveAllPartitions(ConsumerStrategy.scala:102)
[2025-11-28T20:22:57.199+0000] {docker.py:438} INFO - 	at org.apache.spark.sql.kafka010.SubscribeStrategy.assignedTopicPartitions(ConsumerStrategy.scala:113)
[2025-11-28T20:22:57.201+0000] {docker.py:438} INFO - 	at org.apache.spark.sql.kafka010.KafkaOffsetReaderAdmin.$anonfun$partitionsAssignedToAdmin$1(KafkaOffsetReaderAdmin.scala:499)
[2025-11-28T20:22:57.204+0000] {docker.py:438} INFO - 	at org.apache.spark.sql.kafka010.KafkaOffsetReaderAdmin.withRetries(KafkaOffsetReaderAdmin.scala:518)
[2025-11-28T20:22:57.208+0000] {docker.py:438} INFO - 	at org.apache.spark.sql.kafka010.KafkaOffsetReaderAdmin.partitionsAssignedToAdmin(KafkaOffsetReaderAdmin.scala:498)
[2025-11-28T20:22:57.212+0000] {docker.py:438} INFO - 	at org.apache.spark.sql.kafka010.KafkaOffsetReaderAdmin.fetchLatestOffsets(KafkaOffsetReaderAdmin.scala:297)
[2025-11-28T20:22:57.214+0000] {docker.py:438} INFO - 	at org.apache.spark.sql.kafka010.KafkaMicroBatchStream.latestOffset(KafkaMicroBatchStream.scala:130)
[2025-11-28T20:22:57.215+0000] {docker.py:438} INFO - 	at org.apache.spark.sql.execution.streaming.MicroBatchExecution.$anonfun$constructNextBatch$4(MicroBatchExecution.scala:491)
[2025-11-28T20:22:57.216+0000] {docker.py:438} INFO - 	at org.apache.spark.sql.execution.streaming.ProgressReporter.reportTimeTaken(ProgressReporter.scala:427)
[2025-11-28T20:22:57.217+0000] {docker.py:438} INFO - 	at org.apache.spark.sql.execution.streaming.ProgressReporter.reportTimeTaken$(ProgressReporter.scala:425)
[2025-11-28T20:22:57.218+0000] {docker.py:438} INFO - 	at org.apache.spark.sql.execution.streaming.StreamExecution.reportTimeTaken(StreamExecution.scala:67)
[2025-11-28T20:22:57.219+0000] {docker.py:438} INFO - 	at org.apache.spark.sql.execution.streaming.MicroBatchExecution.$anonfun$constructNextBatch$2(MicroBatchExecution.scala:490)
[2025-11-28T20:22:57.220+0000] {docker.py:438} INFO - 	at scala.collection.TraversableLike.$anonfun$map$1(TraversableLike.scala:286)
[2025-11-28T20:22:57.221+0000] {docker.py:438} INFO - 	at scala.collection.Iterator.foreach(Iterator.scala:943)
[2025-11-28T20:22:57.225+0000] {docker.py:438} INFO - 	at scala.collection.Iterator.foreach$(Iterator.scala:943)
[2025-11-28T20:22:57.226+0000] {docker.py:438} INFO - 	at scala.collection.AbstractIterator.foreach(Iterator.scala:1431)
[2025-11-28T20:22:57.228+0000] {docker.py:438} INFO - 	at scala.collection.IterableLike.foreach(IterableLike.scala:74)
[2025-11-28T20:22:57.229+0000] {docker.py:438} INFO - 	at scala.collection.IterableLike.foreach$(IterableLike.scala:73)
[2025-11-28T20:22:57.230+0000] {docker.py:438} INFO - 	at scala.collection.AbstractIterable.foreach(Iterable.scala:56)
[2025-11-28T20:22:57.232+0000] {docker.py:438} INFO - 	at scala.collection.TraversableLike.map(TraversableLike.scala:286)
[2025-11-28T20:22:57.233+0000] {docker.py:438} INFO - 	at scala.collection.TraversableLike.map$(TraversableLike.scala:279)
[2025-11-28T20:22:57.234+0000] {docker.py:438} INFO - 	at scala.collection.AbstractTraversable.map(Traversable.scala:108)
[2025-11-28T20:22:57.234+0000] {docker.py:438} INFO - 	at org.apache.spark.sql.execution.streaming.MicroBatchExecution.$anonfun$constructNextBatch$1(MicroBatchExecution.scala:479)
[2025-11-28T20:22:57.236+0000] {docker.py:438} INFO - 	at scala.runtime.java8.JFunction0$mcZ$sp.apply(JFunction0$mcZ$sp.java:23)
[2025-11-28T20:22:57.236+0000] {docker.py:438} INFO - 	at org.apache.spark.sql.execution.streaming.MicroBatchExecution.withProgressLocked(MicroBatchExecution.scala:810)
[2025-11-28T20:22:57.238+0000] {docker.py:438} INFO - 	at org.apache.spark.sql.execution.streaming.MicroBatchExecution.constructNextBatch(MicroBatchExecution.scala:475)
[2025-11-28T20:22:57.238+0000] {docker.py:438} INFO - 	at org.apache.spark.sql.execution.streaming.MicroBatchExecution.$anonfun$runActivatedStream$2(MicroBatchExecution.scala:268)
[2025-11-28T20:22:57.239+0000] {docker.py:438} INFO - 	at scala.runtime.java8.JFunction0$mcV$sp.apply(JFunction0$mcV$sp.java:23)
[2025-11-28T20:22:57.240+0000] {docker.py:438} INFO - 	at org.apache.spark.sql.execution.streaming.ProgressReporter.reportTimeTaken(ProgressReporter.scala:427)
[2025-11-28T20:22:57.241+0000] {docker.py:438} INFO - 	at org.apache.spark.sql.execution.streaming.ProgressReporter.reportTimeTaken$(ProgressReporter.scala:425)
[2025-11-28T20:22:57.242+0000] {docker.py:438} INFO - 	at org.apache.spark.sql.execution.streaming.StreamExecution.reportTimeTaken(StreamExecution.scala:67)
[2025-11-28T20:22:57.243+0000] {docker.py:438} INFO - 	at org.apache.spark.sql.execution.streaming.MicroBatchExecution.$anonfun$runActivatedStream$1(MicroBatchExecution.scala:249)
[2025-11-28T20:22:57.244+0000] {docker.py:438} INFO - 	at org.apache.spark.sql.execution.streaming.ProcessingTimeExecutor.execute(TriggerExecutor.scala:67)
[2025-11-28T20:22:57.245+0000] {docker.py:438} INFO - 	at org.apache.spark.sql.execution.streaming.MicroBatchExecution.runActivatedStream(MicroBatchExecution.scala:239)
[2025-11-28T20:22:57.246+0000] {docker.py:438} INFO - 	at org.apache.spark.sql.execution.streaming.StreamExecution.$anonfun$runStream$1(StreamExecution.scala:311)
[2025-11-28T20:22:57.247+0000] {docker.py:438} INFO - 	at scala.runtime.java8.JFunction0$mcV$sp.apply(JFunction0$mcV$sp.java:23)
[2025-11-28T20:22:57.248+0000] {docker.py:438} INFO - 	at org.apache.spark.sql.SparkSession.withActive(SparkSession.scala:900)
[2025-11-28T20:22:57.249+0000] {docker.py:438} INFO - 	at org.apache.spark.sql.execution.streaming.StreamExecution.org$apache$spark$sql$execution$streaming$StreamExecution$$runStream(StreamExecution.scala:289)
[2025-11-28T20:22:57.250+0000] {docker.py:438} INFO - 	at org.apache.spark.sql.execution.streaming.StreamExecution$$anon$1.$anonfun$run$1(StreamExecution.scala:211)
[2025-11-28T20:22:57.251+0000] {docker.py:438} INFO - 	at scala.runtime.java8.JFunction0$mcV$sp.apply(JFunction0$mcV$sp.java:23)
[2025-11-28T20:22:57.252+0000] {docker.py:438} INFO - 	at org.apache.spark.JobArtifactSet$.withActiveJobArtifactState(JobArtifactSet.scala:94)
[2025-11-28T20:22:57.255+0000] {docker.py:438} INFO - 	at org.apache.spark.sql.execution.streaming.StreamExecution$$anon$1.run(StreamExecution.scala:211)
[2025-11-28T20:22:57.256+0000] {docker.py:438} INFO - Caused by: org.apache.kafka.common.errors.UnknownTopicOrPartitionException: This server does not host this topic-partition.
[2025-11-28T20:22:57.445+0000] {docker.py:438} INFO - 2025-11-28 20:22:57,443:spark_structured_streaming:main:INFO:Stopping Spark session.
[2025-11-28T20:22:58.185+0000] {docker.py:438} INFO - Traceback (most recent call last):
[2025-11-28T20:22:58.186+0000] {docker.py:438} INFO -   File "/opt/spark/app/spark_processing.py", line 331, in <module>
[2025-11-28T20:22:58.188+0000] {docker.py:438} INFO - main()
[2025-11-28T20:22:58.190+0000] {docker.py:438} INFO -   File "/opt/spark/app/spark_processing.py", line 324, in main
[2025-11-28T20:22:58.192+0000] {docker.py:438} INFO - initiate_streaming_to_bucket(transformed_df, path, checkpoint_location)
[2025-11-28T20:22:58.194+0000] {docker.py:438} INFO -   File "/opt/spark/app/spark_processing.py", line 252, in initiate_streaming_to_bucket
[2025-11-28T20:22:58.195+0000] {docker.py:438} INFO -     query.awaitTermination()
[2025-11-28T20:22:58.196+0000] {docker.py:438} INFO -   File "/opt/bitnami/spark/python/lib/pyspark.zip/pyspark/sql/streaming/query.py", line 221, in awaitTermination
[2025-11-28T20:22:58.197+0000] {docker.py:438} INFO -   File "/opt/bitnami/spark/python/lib/py4j-0.10.9.7-src.zip/py4j/java_gateway.py", line 1322, in __call__
[2025-11-28T20:22:58.198+0000] {docker.py:438} INFO -   File "/opt/bitnami/spark/python/lib/pyspark.zip/pyspark/errors/exceptions/captured.py", line 185, in deco
[2025-11-28T20:22:58.199+0000] {docker.py:438} INFO - pyspark.errors.exceptions.captured.StreamingQueryException
[2025-11-28T20:22:58.213+0000] {docker.py:438} INFO - : [STREAM_FAILED] Query [id = 4c336e75-d5bd-4e87-9965-a8e18d61c220, runId = 253d7248-1f99-419b-a981-9a83d0fad6d5] terminated with exception: org.apache.kafka.common.errors.UnknownTopicOrPartitionException: This server does not host this topic-partition.
[2025-11-28T20:22:58.214+0000] {docker.py:438} INFO - 2025-11-28 20:22:58,210:py4j.clientserver:close:INFO:Closing down clientserver connection
[2025-11-28T20:22:59.341+0000] {taskinstance.py:441} INFO - ::group::Post task execution logs
[2025-11-28T20:22:59.529+0000] {taskinstance.py:2905} ERROR - Task failed with exception
Traceback (most recent call last):
  File "/home/airflow/.local/lib/python3.11/site-packages/airflow/models/taskinstance.py", line 465, in _execute_task
    result = _execute_callable(context=context, **execute_callable_kwargs)
             ^^^^^^^^^^^^^^^^^^^^^^^^^^^^^^^^^^^^^^^^^^^^^^^^^^^^^^^^^^^^^
  File "/home/airflow/.local/lib/python3.11/site-packages/airflow/models/taskinstance.py", line 432, in _execute_callable
    return execute_callable(context=context, **execute_callable_kwargs)
           ^^^^^^^^^^^^^^^^^^^^^^^^^^^^^^^^^^^^^^^^^^^^^^^^^^^^^^^^^^^^
  File "/home/airflow/.local/lib/python3.11/site-packages/airflow/models/baseoperator.py", line 401, in wrapper
    return func(self, *args, **kwargs)
           ^^^^^^^^^^^^^^^^^^^^^^^^^^^
  File "/home/airflow/.local/lib/python3.11/site-packages/airflow/providers/docker/operators/docker.py", line 513, in execute
    return self._run_image()
           ^^^^^^^^^^^^^^^^^
  File "/home/airflow/.local/lib/python3.11/site-packages/airflow/providers/docker/operators/docker.py", line 384, in _run_image
    return self._run_image_with_mounts(self.mounts, add_tmp_variable=False)
           ^^^^^^^^^^^^^^^^^^^^^^^^^^^^^^^^^^^^^^^^^^^^^^^^^^^^^^^^^^^^^^^^
  File "/home/airflow/.local/lib/python3.11/site-packages/airflow/providers/docker/operators/docker.py", line 446, in _run_image_with_mounts
    raise DockerContainerFailedException(f"Docker container failed: {result!r}", logs=log_lines)
airflow.providers.docker.exceptions.DockerContainerFailedException: Docker container failed: {'StatusCode': 1}
[2025-11-28T20:22:59.555+0000] {taskinstance.py:1206} INFO - Marking task as FAILED. dag_id=name_stream_dag, task_id=spark_stream_to_s3, run_id=manual__2025-11-28T20:04:26.633066+00:00, execution_date=20251128T200426, start_date=20251128T202152, end_date=20251128T202259
[2025-11-28T20:22:59.812+0000] {standard_task_runner.py:110} ERROR - Failed to execute job 268 for task spark_stream_to_s3 (Docker container failed: {'StatusCode': 1}; 90)
[2025-11-28T20:22:59.881+0000] {local_task_job_runner.py:243} INFO - Task exited with return code 1
[2025-11-28T20:23:00.047+0000] {taskinstance.py:3503} INFO - 0 downstream tasks scheduled from follow-on schedule check
[2025-11-28T20:23:00.068+0000] {local_task_job_runner.py:222} INFO - ::endgroup::
