[2025-11-28T16:32:40.821+0000] {local_task_job_runner.py:120} INFO - ::group::Pre task execution logs
[2025-11-28T16:32:41.259+0000] {taskinstance.py:2076} INFO - Dependencies all met for dep_context=non-requeueable deps ti=<TaskInstance: name_stream_dag.s3_bucket_health_check scheduled__2025-11-28T16:25:00+00:00 [queued]>
[2025-11-28T16:32:41.358+0000] {taskinstance.py:2076} INFO - Dependencies all met for dep_context=requeueable deps ti=<TaskInstance: name_stream_dag.s3_bucket_health_check scheduled__2025-11-28T16:25:00+00:00 [queued]>
[2025-11-28T16:32:41.361+0000] {taskinstance.py:2306} INFO - Starting attempt 2 of 2
[2025-11-28T16:32:41.674+0000] {taskinstance.py:2330} INFO - Executing <Task(PythonOperator): s3_bucket_health_check> on 2025-11-28 16:25:00+00:00
[2025-11-28T16:32:41.710+0000] {standard_task_runner.py:64} INFO - Started process 112 to run task
[2025-11-28T16:32:41.737+0000] {standard_task_runner.py:90} INFO - Running: ['***', 'tasks', 'run', 'name_stream_dag', 's3_bucket_health_check', 'scheduled__2025-11-28T16:25:00+00:00', '--job-id', '121', '--raw', '--subdir', 'DAGS_FOLDER/kafka_stream_dag.py', '--cfg-path', '/tmp/tmp24i9ub0i']
[2025-11-28T16:32:41.775+0000] {standard_task_runner.py:91} INFO - Job 121: Subtask s3_bucket_health_check
[2025-11-28T16:32:43.081+0000] {task_command.py:426} INFO - Running <TaskInstance: name_stream_dag.s3_bucket_health_check scheduled__2025-11-28T16:25:00+00:00 [running]> on host e3cb01ec99b8
[2025-11-28T16:32:45.381+0000] {taskinstance.py:2648} INFO - Exporting env vars: AIRFLOW_CTX_DAG_OWNER='***' AIRFLOW_CTX_DAG_ID='name_stream_dag' AIRFLOW_CTX_TASK_ID='s3_bucket_health_check' AIRFLOW_CTX_EXECUTION_DATE='2025-11-28T16:25:00+00:00' AIRFLOW_CTX_TRY_NUMBER='2' AIRFLOW_CTX_DAG_RUN_ID='scheduled__2025-11-28T16:25:00+00:00'
[2025-11-28T16:32:45.402+0000] {taskinstance.py:430} INFO - ::endgroup::
[2025-11-28T16:32:46.738+0000] {credentials.py:1147} INFO - Found credentials in environment variables.
[2025-11-28T16:32:49.701+0000] {taskinstance.py:441} INFO - ::group::Post task execution logs
[2025-11-28T16:32:49.716+0000] {taskinstance.py:2905} ERROR - Task failed with exception
Traceback (most recent call last):
  File "/home/airflow/.local/lib/python3.11/site-packages/airflow/models/taskinstance.py", line 465, in _execute_task
    result = _execute_callable(context=context, **execute_callable_kwargs)
             ^^^^^^^^^^^^^^^^^^^^^^^^^^^^^^^^^^^^^^^^^^^^^^^^^^^^^^^^^^^^^
  File "/home/airflow/.local/lib/python3.11/site-packages/airflow/models/taskinstance.py", line 432, in _execute_callable
    return execute_callable(context=context, **execute_callable_kwargs)
           ^^^^^^^^^^^^^^^^^^^^^^^^^^^^^^^^^^^^^^^^^^^^^^^^^^^^^^^^^^^^
  File "/home/airflow/.local/lib/python3.11/site-packages/airflow/models/baseoperator.py", line 401, in wrapper
    return func(self, *args, **kwargs)
           ^^^^^^^^^^^^^^^^^^^^^^^^^^^
  File "/home/airflow/.local/lib/python3.11/site-packages/airflow/operators/python.py", line 235, in execute
    return_value = self.execute_callable()
                   ^^^^^^^^^^^^^^^^^^^^^^^
  File "/home/airflow/.local/lib/python3.11/site-packages/airflow/operators/python.py", line 252, in execute_callable
    return self.python_callable(*self.op_args, **self.op_kwargs)
           ^^^^^^^^^^^^^^^^^^^^^^^^^^^^^^^^^^^^^^^^^^^^^^^^^^^^^
  File "/opt/airflow/dags/kafka_stream_dag.py", line 48, in _check_bucket
    s3.head_bucket(Bucket=bucket)
  File "/home/airflow/.local/lib/python3.11/site-packages/botocore/client.py", line 565, in _api_call
    return self._make_api_call(operation_name, kwargs)
           ^^^^^^^^^^^^^^^^^^^^^^^^^^^^^^^^^^^^^^^^^^^
  File "/home/airflow/.local/lib/python3.11/site-packages/botocore/client.py", line 1021, in _make_api_call
    raise error_class(parsed_response, operation_name)
botocore.exceptions.ClientError: An error occurred (403) when calling the HeadBucket operation: Forbidden
[2025-11-28T16:32:50.128+0000] {taskinstance.py:1206} INFO - Marking task as FAILED. dag_id=name_stream_dag, task_id=s3_bucket_health_check, run_id=scheduled__2025-11-28T16:25:00+00:00, execution_date=20251128T162500, start_date=20251128T163241, end_date=20251128T163250
[2025-11-28T16:32:50.845+0000] {standard_task_runner.py:110} ERROR - Failed to execute job 121 for task s3_bucket_health_check (An error occurred (403) when calling the HeadBucket operation: Forbidden; 112)
[2025-11-28T16:32:50.929+0000] {local_task_job_runner.py:243} INFO - Task exited with return code 1
[2025-11-28T16:32:51.545+0000] {taskinstance.py:3503} INFO - 0 downstream tasks scheduled from follow-on schedule check
[2025-11-28T16:32:51.678+0000] {local_task_job_runner.py:222} INFO - ::endgroup::
