[2025-10-08T02:10:01.862+0100] {local_task_job_runner.py:120} INFO - ::group::Pre task execution logs
[2025-10-08T02:10:01.955+0100] {taskinstance.py:2076} INFO - Dependencies all met for dep_context=non-requeueable deps ti=<TaskInstance: name_stream_dag.stream_to_kafka_task scheduled__2025-10-08T01:05:00+00:00 [queued]>
[2025-10-08T02:10:01.972+0100] {taskinstance.py:2076} INFO - Dependencies all met for dep_context=requeueable deps ti=<TaskInstance: name_stream_dag.stream_to_kafka_task scheduled__2025-10-08T01:05:00+00:00 [queued]>
[2025-10-08T02:10:01.973+0100] {taskinstance.py:2306} INFO - Starting attempt 1 of 2
[2025-10-08T02:10:02.033+0100] {taskinstance.py:2330} INFO - Executing <Task(PythonOperator): stream_to_kafka_task> on 2025-10-08 01:05:00+00:00
[2025-10-08T02:10:02.041+0100] {standard_task_runner.py:64} INFO - Started process 590 to run task
[2025-10-08T02:10:02.046+0100] {standard_task_runner.py:90} INFO - Running: ['***', 'tasks', 'run', 'name_stream_dag', 'stream_to_kafka_task', 'scheduled__2025-10-08T01:05:00+00:00', '--job-id', '27', '--raw', '--subdir', 'DAGS_FOLDER/kafka_stream_dag.py', '--cfg-path', '/tmp/tmpg7d1kpe4']
[2025-10-08T02:10:02.051+0100] {standard_task_runner.py:91} INFO - Job 27: Subtask stream_to_kafka_task
[2025-10-08T02:10:02.315+0100] {task_command.py:426} INFO - Running <TaskInstance: name_stream_dag.stream_to_kafka_task scheduled__2025-10-08T01:05:00+00:00 [running]> on host 811935e53272
[2025-10-08T02:10:02.982+0100] {taskinstance.py:2648} INFO - Exporting env vars: AIRFLOW_CTX_DAG_OWNER='***' AIRFLOW_CTX_DAG_ID='name_stream_dag' AIRFLOW_CTX_TASK_ID='stream_to_kafka_task' AIRFLOW_CTX_EXECUTION_DATE='2025-10-08T01:05:00+00:00' AIRFLOW_CTX_TRY_NUMBER='1' AIRFLOW_CTX_DAG_RUN_ID='scheduled__2025-10-08T01:05:00+00:00'
[2025-10-08T02:10:02.983+0100] {taskinstance.py:430} INFO - ::endgroup::
[2025-10-08T02:10:13.901+0100] {logging_mixin.py:188} INFO - Delivered to names_topic [0] @ offset 60
[2025-10-08T02:10:24.200+0100] {logging_mixin.py:188} INFO - Delivered to names_topic [0] @ offset 61
[2025-10-08T02:10:34.638+0100] {logging_mixin.py:188} INFO - Delivered to names_topic [0] @ offset 62
[2025-10-08T02:10:44.985+0100] {logging_mixin.py:188} INFO - Delivered to names_topic [0] @ offset 63
[2025-10-08T02:10:55.353+0100] {logging_mixin.py:188} INFO - Delivered to names_topic [0] @ offset 64
[2025-10-08T02:11:05.697+0100] {logging_mixin.py:188} INFO - Delivered to names_topic [0] @ offset 65
[2025-10-08T02:11:16.065+0100] {logging_mixin.py:188} INFO - Delivered to names_topic [0] @ offset 66
[2025-10-08T02:11:26.343+0100] {logging_mixin.py:188} INFO - Delivered to names_topic [0] @ offset 67
[2025-10-08T02:11:36.648+0100] {logging_mixin.py:188} INFO - Delivered to names_topic [0] @ offset 68
[2025-10-08T02:11:47.008+0100] {logging_mixin.py:188} INFO - Delivered to names_topic [0] @ offset 69
[2025-10-08T02:11:57.240+0100] {logging_mixin.py:188} INFO - Delivered to names_topic [0] @ offset 70
[2025-10-08T02:12:07.243+0100] {logging_mixin.py:188} INFO - Delivered to names_topic [0] @ offset 71
[2025-10-08T02:12:07.244+0100] {python.py:237} INFO - Done. Returned value was: None
[2025-10-08T02:12:07.246+0100] {taskinstance.py:441} INFO - ::group::Post task execution logs
[2025-10-08T02:12:07.320+0100] {taskinstance.py:1206} INFO - Marking task as SUCCESS. dag_id=name_stream_dag, task_id=stream_to_kafka_task, run_id=scheduled__2025-10-08T01:05:00+00:00, execution_date=20251008T010500, start_date=20251008T011001, end_date=20251008T011207
[2025-10-08T02:12:07.475+0100] {local_task_job_runner.py:243} INFO - Task exited with return code 0
[2025-10-08T02:12:07.530+0100] {taskinstance.py:3503} INFO - 0 downstream tasks scheduled from follow-on schedule check
[2025-10-08T02:12:07.566+0100] {local_task_job_runner.py:222} INFO - ::endgroup::
