[2025-11-28T20:39:59.064+0000] {local_task_job_runner.py:120} INFO - ::group::Pre task execution logs
[2025-11-28T20:39:59.239+0000] {taskinstance.py:2076} INFO - Dependencies all met for dep_context=non-requeueable deps ti=<TaskInstance: name_stream_dag.spark_stream_to_s3 manual__2025-11-28T20:23:42.152278+00:00 [queued]>
[2025-11-28T20:39:59.266+0000] {taskinstance.py:2076} INFO - Dependencies all met for dep_context=requeueable deps ti=<TaskInstance: name_stream_dag.spark_stream_to_s3 manual__2025-11-28T20:23:42.152278+00:00 [queued]>
[2025-11-28T20:39:59.268+0000] {taskinstance.py:2306} INFO - Starting attempt 2 of 2
[2025-11-28T20:39:59.353+0000] {taskinstance.py:2330} INFO - Executing <Task(DockerOperator): spark_stream_to_s3> on 2025-11-28 20:23:42.152278+00:00
[2025-11-28T20:39:59.365+0000] {standard_task_runner.py:64} INFO - Started process 199 to run task
[2025-11-28T20:39:59.372+0000] {standard_task_runner.py:90} INFO - Running: ['***', 'tasks', 'run', 'name_stream_dag', 'spark_stream_to_s3', 'manual__2025-11-28T20:23:42.152278+00:00', '--job-id', '279', '--raw', '--subdir', 'DAGS_FOLDER/kafka_stream_dag.py', '--cfg-path', '/tmp/tmp10dn1rpn']
[2025-11-28T20:39:59.381+0000] {standard_task_runner.py:91} INFO - Job 279: Subtask spark_stream_to_s3
[2025-11-28T20:39:59.609+0000] {task_command.py:426} INFO - Running <TaskInstance: name_stream_dag.spark_stream_to_s3 manual__2025-11-28T20:23:42.152278+00:00 [running]> on host 24004975b9d1
[2025-11-28T20:40:00.005+0000] {taskinstance.py:2648} INFO - Exporting env vars: AIRFLOW_CTX_DAG_OWNER='***' AIRFLOW_CTX_DAG_ID='name_stream_dag' AIRFLOW_CTX_TASK_ID='spark_stream_to_s3' AIRFLOW_CTX_EXECUTION_DATE='2025-11-28T20:23:42.152278+00:00' AIRFLOW_CTX_TRY_NUMBER='2' AIRFLOW_CTX_DAG_RUN_ID='manual__2025-11-28T20:23:42.152278+00:00'
[2025-11-28T20:40:00.008+0000] {taskinstance.py:430} INFO - ::endgroup::
[2025-11-28T20:40:00.186+0000] {docker.py:367} INFO - Starting docker container from image custom-spark
[2025-11-28T20:40:00.893+0000] {docker.py:438} INFO - [38;5;6mspark [38;5;5m20:40:00.89 [0m[38;5;2mINFO [0m ==>
[2025-11-28T20:40:00.897+0000] {docker.py:438} INFO - [38;5;6mspark [38;5;5m20:40:00.89 [0m[38;5;2mINFO [0m ==> [1mWelcome to the Bitnami spark container[0m
[2025-11-28T20:40:00.901+0000] {docker.py:438} INFO - [38;5;6mspark [38;5;5m20:40:00.89 [0m[38;5;2mINFO [0m ==> Subscribe to project updates by watching [1mhttps://github.com/bitnami/containers[0m
[2025-11-28T20:40:00.904+0000] {docker.py:438} INFO - [38;5;6mspark [38;5;5m20:40:00.90 [0m[38;5;2mINFO [0m ==> Submit issues and feature requests at [1mhttps://github.com/bitnami/containers/issues[0m
[2025-11-28T20:40:00.908+0000] {docker.py:438} INFO - [38;5;6mspark [38;5;5m20:40:00.90 [0m[38;5;2mINFO [0m ==> Upgrade to Tanzu Application Catalog for production environments to access custom-configured and pre-packaged software components. Gain enhanced features, including Software Bill of Materials (SBOM), CVE scan result reports, and VEX documents. To learn more, visit [1mhttps://bitnami.com/enterprise[0m
[2025-11-28T20:40:00.911+0000] {docker.py:438} INFO - [38;5;6mspark [38;5;5m20:40:00.90 [0m[38;5;2mINFO [0m ==>
[2025-11-28T20:40:00.936+0000] {docker.py:438} INFO - 
[2025-11-28T20:40:08.285+0000] {docker.py:438} INFO - 2025-11-28 20:40:08,274:spark_structured_streaming:main:INFO:Spark streaming config: app_name=spark_streaming brokers=kafka:19092 topic=names_topic bucket=namegeneratorbucket output_prefix=names checkpoint_prefix=checkpoints/names region=eu-west-2 endpoint=None path_style=None ssl_enabled=None
[2025-11-28T20:40:08.616+0000] {docker.py:438} INFO - 25/11/28 20:40:08 INFO SparkContext: Running Spark version 3.5.1
[2025-11-28T20:40:08.624+0000] {docker.py:438} INFO - 25/11/28 20:40:08 INFO SparkContext: OS info Linux, 6.6.87.2-microsoft-standard-WSL2, amd64
[2025-11-28T20:40:08.626+0000] {docker.py:438} INFO - 25/11/28 20:40:08 INFO SparkContext: Java version 17.0.12
[2025-11-28T20:40:08.744+0000] {docker.py:438} INFO - 25/11/28 20:40:08 INFO ResourceUtils: ==============================================================
[2025-11-28T20:40:08.746+0000] {docker.py:438} INFO - 25/11/28 20:40:08 INFO ResourceUtils: No custom resources configured for spark.driver.
[2025-11-28T20:40:08.751+0000] {docker.py:438} INFO - 25/11/28 20:40:08 INFO ResourceUtils: ==============================================================
[2025-11-28T20:40:08.761+0000] {docker.py:438} INFO - 25/11/28 20:40:08 INFO SparkContext: Submitted application: spark_streaming
[2025-11-28T20:40:08.978+0000] {docker.py:438} INFO - 25/11/28 20:40:08 INFO ResourceProfile: Default ResourceProfile created, executor resources: Map(memory -> name: memory, amount: 1024, script: , vendor: , offHeap -> name: offHeap, amount: 0, script: , vendor: ), task resources: Map(cpus -> name: cpus, amount: 1.0)
[2025-11-28T20:40:09.029+0000] {docker.py:438} INFO - 25/11/28 20:40:09 INFO ResourceProfile: Limiting resource is cpu
[2025-11-28T20:40:09.049+0000] {docker.py:438} INFO - 25/11/28 20:40:09 INFO ResourceProfileManager: Added ResourceProfile id: 0
[2025-11-28T20:40:09.315+0000] {docker.py:438} INFO - 25/11/28 20:40:09 INFO SecurityManager: Changing view acls to: spark
[2025-11-28T20:40:09.320+0000] {docker.py:438} INFO - 25/11/28 20:40:09 INFO SecurityManager: Changing modify acls to: spark
[2025-11-28T20:40:09.330+0000] {docker.py:438} INFO - 25/11/28 20:40:09 INFO SecurityManager: Changing view acls groups to:
[2025-11-28T20:40:09.331+0000] {docker.py:438} INFO - 25/11/28 20:40:09 INFO SecurityManager: Changing modify acls groups to:
[2025-11-28T20:40:09.333+0000] {docker.py:438} INFO - 25/11/28 20:40:09 INFO SecurityManager: SecurityManager: authentication disabled; ui acls disabled; users with view permissions: spark; groups with view permissions: EMPTY; users with modify permissions: spark; groups with modify permissions: EMPTY
[2025-11-28T20:40:09.555+0000] {docker.py:438} INFO - 25/11/28 20:40:09 WARN NativeCodeLoader: Unable to load native-hadoop library for your platform... using builtin-java classes where applicable
[2025-11-28T20:40:10.678+0000] {docker.py:438} INFO - 25/11/28 20:40:10 INFO Utils: Successfully started service 'sparkDriver' on port 43909.
[2025-11-28T20:40:10.825+0000] {docker.py:438} INFO - 25/11/28 20:40:10 INFO SparkEnv: Registering MapOutputTracker
[2025-11-28T20:40:11.030+0000] {docker.py:438} INFO - 25/11/28 20:40:11 INFO SparkEnv: Registering BlockManagerMaster
[2025-11-28T20:40:11.130+0000] {docker.py:438} INFO - 25/11/28 20:40:11 INFO BlockManagerMasterEndpoint: Using org.apache.spark.storage.DefaultTopologyMapper for getting topology information
[2025-11-28T20:40:11.132+0000] {docker.py:438} INFO - 25/11/28 20:40:11 INFO BlockManagerMasterEndpoint: BlockManagerMasterEndpoint up
[2025-11-28T20:40:11.143+0000] {docker.py:438} INFO - 25/11/28 20:40:11 INFO SparkEnv: Registering BlockManagerMasterHeartbeat
[2025-11-28T20:40:11.259+0000] {docker.py:438} INFO - 25/11/28 20:40:11 INFO DiskBlockManager: Created local directory at /tmp/blockmgr-fd70e59f-fdde-42cc-ba17-1b6df1a90650
[2025-11-28T20:40:11.326+0000] {docker.py:438} INFO - 25/11/28 20:40:11 INFO MemoryStore: MemoryStore started with capacity 434.4 MiB
[2025-11-28T20:40:11.414+0000] {docker.py:438} INFO - 25/11/28 20:40:11 INFO SparkEnv: Registering OutputCommitCoordinator
[2025-11-28T20:40:11.935+0000] {docker.py:438} INFO - 25/11/28 20:40:11 INFO JettyUtils: Start Jetty 0.0.0.0:4040 for SparkUI
[2025-11-28T20:40:12.108+0000] {docker.py:438} INFO - 25/11/28 20:40:12 INFO Utils: Successfully started service 'SparkUI' on port 4040.
[2025-11-28T20:40:12.541+0000] {docker.py:438} INFO - 25/11/28 20:40:12 INFO StandaloneAppClient$ClientEndpoint: Connecting to master spark://spark-master:7077...
[2025-11-28T20:40:12.745+0000] {docker.py:438} INFO - 25/11/28 20:40:12 INFO TransportClientFactory: Successfully created connection to spark-master/172.18.0.4:7077 after 129 ms (0 ms spent in bootstraps)
[2025-11-28T20:40:13.139+0000] {docker.py:438} INFO - 25/11/28 20:40:13 INFO StandaloneSchedulerBackend: Connected to Spark cluster with app ID app-20251128204013-0006
[2025-11-28T20:40:13.174+0000] {docker.py:438} INFO - 25/11/28 20:40:13 INFO Utils: Successfully started service 'org.apache.spark.network.netty.NettyBlockTransferService' on port 38271.
[2025-11-28T20:40:13.176+0000] {docker.py:438} INFO - 25/11/28 20:40:13 INFO NettyBlockTransferService: Server created on 256a34b41435:38271
[2025-11-28T20:40:13.192+0000] {docker.py:438} INFO - 25/11/28 20:40:13 INFO BlockManager: Using org.apache.spark.storage.RandomBlockReplicationPolicy for block replication policy
[2025-11-28T20:40:13.211+0000] {docker.py:438} INFO - 25/11/28 20:40:13 INFO BlockManagerMaster: Registering BlockManager BlockManagerId(driver, 256a34b41435, 38271, None)
[2025-11-28T20:40:13.221+0000] {docker.py:438} INFO - 25/11/28 20:40:13 INFO BlockManagerMasterEndpoint: Registering block manager 256a34b41435:38271 with 434.4 MiB RAM, BlockManagerId(driver, 256a34b41435, 38271, None)
[2025-11-28T20:40:13.232+0000] {docker.py:438} INFO - 25/11/28 20:40:13 INFO BlockManagerMaster: Registered BlockManager BlockManagerId(driver, 256a34b41435, 38271, None)
[2025-11-28T20:40:13.236+0000] {docker.py:438} INFO - 25/11/28 20:40:13 INFO BlockManager: Initialized BlockManager: BlockManagerId(driver, 256a34b41435, 38271, None)
[2025-11-28T20:40:14.329+0000] {docker.py:438} INFO - 25/11/28 20:40:14 INFO StandaloneSchedulerBackend: SchedulerBackend is ready for scheduling beginning after reached minRegisteredResourcesRatio: 0.0
[2025-11-28T20:40:15.032+0000] {docker.py:438} INFO - 2025-11-28 20:40:15,010:spark_structured_streaming:s3_healthcheck_write:INFO:Running S3 healthcheck, writing marker to s3a://namegeneratorbucket/names/healthcheck/_SUCCESS
[2025-11-28T20:40:21.893+0000] {docker.py:438} INFO - 2025-11-28 20:40:21,887:spark_structured_streaming:s3_healthcheck_write:ERROR:S3 healthcheck FAILED while writing marker to s3a://namegeneratorbucket/names/healthcheck/_SUCCESS
[2025-11-28T20:40:21.895+0000] {docker.py:438} INFO - Traceback (most recent call last):
[2025-11-28T20:40:21.895+0000] {docker.py:438} INFO -   File "/opt/spark/app/spark_processing.py", line 192, in s3_healthcheck_write
[2025-11-28T20:40:21.896+0000] {docker.py:438} INFO -     fs.mkdirs(health_dir_path)
[2025-11-28T20:40:21.897+0000] {docker.py:438} INFO -   File "/opt/bitnami/spark/python/lib/py4j-0.10.9.7-src.zip/py4j/java_gateway.py", line 1322, in __call__
[2025-11-28T20:40:21.899+0000] {docker.py:438} INFO -     return_value = get_return_value(
[2025-11-28T20:40:21.901+0000] {docker.py:438} INFO -                    ^^^^^^^^^^^^^^^^^
[2025-11-28T20:40:21.902+0000] {docker.py:438} INFO -   File "/opt/bitnami/spark/python/lib/pyspark.zip/pyspark/errors/exceptions/captured.py", line 179, in deco
[2025-11-28T20:40:21.904+0000] {docker.py:438} INFO -     return f(*a, **kw)
[2025-11-28T20:40:21.906+0000] {docker.py:438} INFO -            ^^^^^^^^^^^
[2025-11-28T20:40:21.911+0000] {docker.py:438} INFO -   File "/opt/bitnami/spark/python/lib/py4j-0.10.9.7-src.zip/py4j/protocol.py", line 326, in get_return_value
[2025-11-28T20:40:21.912+0000] {docker.py:438} INFO -     raise Py4JJavaError(
[2025-11-28T20:40:21.913+0000] {docker.py:438} INFO - py4j.protocol.Py4JJavaError: An error occurred while calling o38.mkdirs.
[2025-11-28T20:40:21.914+0000] {docker.py:438} INFO - : org.apache.hadoop.fs.s3a.AWSBadRequestException: getFileStatus on s3a://namegeneratorbucket/names/healthcheck: com.amazonaws.services.s3.model.AmazonS3Exception: The provided token has expired. (Service: Amazon S3; Status Code: 400; Error Code: ExpiredToken; Request ID: 43AGMCXNH1SXX1V6; S3 Extended Request ID: jgJL5BZRbncXYLq5hpDE9pJ41+IbNJG6eHFb5Fe9jJ/sIWXGrgeJz/n1eQOK4JzlDYQG6vQZixo=; Proxy: null), S3 Extended Request ID: jgJL5BZRbncXYLq5hpDE9pJ41+IbNJG6eHFb5Fe9jJ/sIWXGrgeJz/n1eQOK4JzlDYQG6vQZixo=:ExpiredToken: The provided token has expired. (Service: Amazon S3; Status Code: 400; Error Code: ExpiredToken; Request ID: 43AGMCXNH1SXX1V6; S3 Extended Request ID: jgJL5BZRbncXYLq5hpDE9pJ41+IbNJG6eHFb5Fe9jJ/sIWXGrgeJz/n1eQOK4JzlDYQG6vQZixo=; Proxy: null)
[2025-11-28T20:40:21.915+0000] {docker.py:438} INFO - 	at org.apache.hadoop.fs.s3a.S3AUtils.translateException(S3AUtils.java:249)
[2025-11-28T20:40:21.917+0000] {docker.py:438} INFO - 	at org.apache.hadoop.fs.s3a.S3AUtils.translateException(S3AUtils.java:175)
[2025-11-28T20:40:21.918+0000] {docker.py:438} INFO - 	at org.apache.hadoop.fs.s3a.S3AFileSystem.s3GetFileStatus(S3AFileSystem.java:3858)
[2025-11-28T20:40:21.921+0000] {docker.py:438} INFO - 	at org.apache.hadoop.fs.s3a.S3AFileSystem.innerGetFileStatus(S3AFileSystem.java:3688)
[2025-11-28T20:40:21.923+0000] {docker.py:438} INFO - 	at org.apache.hadoop.fs.s3a.S3AFileSystem$MkdirOperationCallbacksImpl.probePathStatus(S3AFileSystem.java:3455)
[2025-11-28T20:40:21.924+0000] {docker.py:438} INFO - 	at org.apache.hadoop.fs.s3a.impl.MkdirOperation.probePathStatusOrNull(MkdirOperation.java:135)
[2025-11-28T20:40:21.925+0000] {docker.py:438} INFO - 	at org.apache.hadoop.fs.s3a.impl.MkdirOperation.getPathStatusExpectingDir(MkdirOperation.java:150)
[2025-11-28T20:40:21.926+0000] {docker.py:438} INFO - 	at org.apache.hadoop.fs.s3a.impl.MkdirOperation.execute(MkdirOperation.java:80)
[2025-11-28T20:40:21.927+0000] {docker.py:438} INFO - 	at org.apache.hadoop.fs.s3a.impl.MkdirOperation.execute(MkdirOperation.java:45)
[2025-11-28T20:40:21.928+0000] {docker.py:438} INFO - 	at org.apache.hadoop.fs.s3a.impl.ExecutingStoreOperation.apply(ExecutingStoreOperation.java:76)
[2025-11-28T20:40:21.929+0000] {docker.py:438} INFO - 	at org.apache.hadoop.fs.statistics.impl.IOStatisticsBinding.lambda$trackDurationOfOperation$5(IOStatisticsBinding.java:499)
[2025-11-28T20:40:21.931+0000] {docker.py:438} INFO - 	at org.apache.hadoop.fs.statistics.impl.IOStatisticsBinding.trackDuration(IOStatisticsBinding.java:444)
[2025-11-28T20:40:21.932+0000] {docker.py:438} INFO - 	at org.apache.hadoop.fs.s3a.S3AFileSystem.trackDurationAndSpan(S3AFileSystem.java:2337)
[2025-11-28T20:40:21.933+0000] {docker.py:438} INFO - 	at org.apache.hadoop.fs.s3a.S3AFileSystem.trackDurationAndSpan(S3AFileSystem.java:2356)
[2025-11-28T20:40:21.934+0000] {docker.py:438} INFO - 	at org.apache.hadoop.fs.s3a.S3AFileSystem.mkdirs(S3AFileSystem.java:3428)
[2025-11-28T20:40:21.935+0000] {docker.py:438} INFO - 	at org.apache.hadoop.fs.FileSystem.mkdirs(FileSystem.java:2388)
[2025-11-28T20:40:21.937+0000] {docker.py:438} INFO - 	at java.base/jdk.internal.reflect.NativeMethodAccessorImpl.invoke0(Native Method)
[2025-11-28T20:40:21.938+0000] {docker.py:438} INFO - 	at java.base/jdk.internal.reflect.NativeMethodAccessorImpl.invoke(NativeMethodAccessorImpl.java:77)
[2025-11-28T20:40:21.939+0000] {docker.py:438} INFO - 	at java.base/jdk.internal.reflect.DelegatingMethodAccessorImpl.invoke(DelegatingMethodAccessorImpl.java:43)
[2025-11-28T20:40:21.940+0000] {docker.py:438} INFO - 	at java.base/java.lang.reflect.Method.invoke(Method.java:569)
[2025-11-28T20:40:21.941+0000] {docker.py:438} INFO - 	at py4j.reflection.MethodInvoker.invoke(MethodInvoker.java:244)
[2025-11-28T20:40:21.942+0000] {docker.py:438} INFO - 	at py4j.reflection.ReflectionEngine.invoke(ReflectionEngine.java:374)
[2025-11-28T20:40:21.943+0000] {docker.py:438} INFO - 	at py4j.Gateway.invoke(Gateway.java:282)
[2025-11-28T20:40:21.944+0000] {docker.py:438} INFO - 	at py4j.commands.AbstractCommand.invokeMethod(AbstractCommand.java:132)
[2025-11-28T20:40:21.945+0000] {docker.py:438} INFO - 	at py4j.commands.CallCommand.execute(CallCommand.java:79)
[2025-11-28T20:40:21.946+0000] {docker.py:438} INFO - 	at py4j.ClientServerConnection.waitForCommands(ClientServerConnection.java:182)
[2025-11-28T20:40:21.947+0000] {docker.py:438} INFO - 	at py4j.ClientServerConnection.run(ClientServerConnection.java:106)
[2025-11-28T20:40:21.951+0000] {docker.py:438} INFO - 	at java.base/java.lang.Thread.run(Thread.java:840)
[2025-11-28T20:40:21.952+0000] {docker.py:438} INFO - Caused by: com.amazonaws.services.s3.model.AmazonS3Exception: The provided token has expired. (Service: Amazon S3; Status Code: 400; Error Code: ExpiredToken; Request ID: 43AGMCXNH1SXX1V6; S3 Extended Request ID: jgJL5BZRbncXYLq5hpDE9pJ41+IbNJG6eHFb5Fe9jJ/sIWXGrgeJz/n1eQOK4JzlDYQG6vQZixo=; Proxy: null), S3 Extended Request ID: jgJL5BZRbncXYLq5hpDE9pJ41+IbNJG6eHFb5Fe9jJ/sIWXGrgeJz/n1eQOK4JzlDYQG6vQZixo=
[2025-11-28T20:40:21.953+0000] {docker.py:438} INFO - 	at com.amazonaws.http.AmazonHttpClient$RequestExecutor.handleErrorResponse(AmazonHttpClient.java:1879)
[2025-11-28T20:40:21.954+0000] {docker.py:438} INFO - 	at com.amazonaws.http.AmazonHttpClient$RequestExecutor.handleServiceErrorResponse(AmazonHttpClient.java:1418)
[2025-11-28T20:40:21.955+0000] {docker.py:438} INFO - 	at com.amazonaws.http.AmazonHttpClient$RequestExecutor.executeOneRequest(AmazonHttpClient.java:1387)
[2025-11-28T20:40:21.956+0000] {docker.py:438} INFO - 	at com.amazonaws.http.AmazonHttpClient$RequestExecutor.executeHelper(AmazonHttpClient.java:1157)
[2025-11-28T20:40:21.957+0000] {docker.py:438} INFO - 	at com.amazonaws.http.AmazonHttpClient$RequestExecutor.doExecute(AmazonHttpClient.java:814)
[2025-11-28T20:40:21.958+0000] {docker.py:438} INFO - 	at com.amazonaws.http.AmazonHttpClient$RequestExecutor.executeWithTimer(AmazonHttpClient.java:781)
[2025-11-28T20:40:21.961+0000] {docker.py:438} INFO - 	at com.amazonaws.http.AmazonHttpClient$RequestExecutor.execute(AmazonHttpClient.java:755)
[2025-11-28T20:40:21.962+0000] {docker.py:438} INFO - 	at com.amazonaws.http.AmazonHttpClient$RequestExecutor.access$500(AmazonHttpClient.java:715)
[2025-11-28T20:40:21.963+0000] {docker.py:438} INFO - 	at com.amazonaws.http.AmazonHttpClient$RequestExecutionBuilderImpl.execute(AmazonHttpClient.java:697)
[2025-11-28T20:40:21.964+0000] {docker.py:438} INFO - 	at com.amazonaws.http.AmazonHttpClient.execute(AmazonHttpClient.java:561)
[2025-11-28T20:40:21.967+0000] {docker.py:438} INFO - 	at com.amazonaws.http.AmazonHttpClient.execute(AmazonHttpClient.java:541)
[2025-11-28T20:40:21.971+0000] {docker.py:438} INFO - 	at com.amazonaws.services.s3.AmazonS3Client.invoke(AmazonS3Client.java:5456)
[2025-11-28T20:40:21.975+0000] {docker.py:438} INFO - 	at com.amazonaws.services.s3.AmazonS3Client.invoke(AmazonS3Client.java:5403)
[2025-11-28T20:40:21.985+0000] {docker.py:438} INFO - 	at com.amazonaws.services.s3.AmazonS3Client.invoke(AmazonS3Client.java:5397)
[2025-11-28T20:40:21.991+0000] {docker.py:438} INFO - 	at com.amazonaws.services.s3.AmazonS3Client.listObjectsV2(AmazonS3Client.java:971)
[2025-11-28T20:40:21.994+0000] {docker.py:438} INFO - 	at org.apache.hadoop.fs.s3a.S3AFileSystem.lambda$listObjects$11(S3AFileSystem.java:2595)
[2025-11-28T20:40:21.995+0000] {docker.py:438} INFO - 	at org.apache.hadoop.fs.statistics.impl.IOStatisticsBinding.lambda$trackDurationOfOperation$5(IOStatisticsBinding.java:499)
[2025-11-28T20:40:22.001+0000] {docker.py:438} INFO - 	at org.apache.hadoop.fs.s3a.Invoker.retryUntranslated(Invoker.java:414)
[2025-11-28T20:40:22.002+0000] {docker.py:438} INFO - 	at org.apache.hadoop.fs.s3a.Invoker.retryUntranslated(Invoker.java:377)
[2025-11-28T20:40:22.003+0000] {docker.py:438} INFO - 	at org.apache.hadoop.fs.s3a.S3AFileSystem.listObjects(S3AFileSystem.java:2586)
[2025-11-28T20:40:22.004+0000] {docker.py:438} INFO - 	at org.apache.hadoop.fs.s3a.S3AFileSystem.s3GetFileStatus(S3AFileSystem.java:3832)
[2025-11-28T20:40:22.007+0000] {docker.py:438} INFO - 	... 25 more
[2025-11-28T20:40:22.009+0000] {docker.py:438} INFO - 
[2025-11-28T20:40:22.011+0000] {docker.py:438} INFO - 2025-11-28 20:40:21,891:spark_structured_streaming:main:INFO:Stopping Spark session.
[2025-11-28T20:40:22.453+0000] {docker.py:438} INFO - Traceback (most recent call last):
[2025-11-28T20:40:22.457+0000] {docker.py:438} INFO -   File "/opt/spark/app/spark_processing.py", line 331, in <module>
[2025-11-28T20:40:22.460+0000] {docker.py:438} INFO - main()
[2025-11-28T20:40:22.463+0000] {docker.py:438} INFO -   File "/opt/spark/app/spark_processing.py", line 320, in main
[2025-11-28T20:40:22.470+0000] {docker.py:438} INFO -     s3_healthcheck_write(spark, path)
[2025-11-28T20:40:22.472+0000] {docker.py:438} INFO -   File "/opt/spark/app/spark_processing.py", line 192, in s3_healthcheck_write
[2025-11-28T20:40:22.473+0000] {docker.py:438} INFO -     fs.mkdirs(health_dir_path)
[2025-11-28T20:40:22.475+0000] {docker.py:438} INFO -   File "/opt/bitnami/spark/python/lib/py4j-0.10.9.7-src.zip/py4j/java_gateway.py", line 1322, in __call__
[2025-11-28T20:40:22.476+0000] {docker.py:438} INFO -   File "/opt/bitnami/spark/python/lib/pyspark.zip/pyspark/errors/exceptions/captured.py", line 179, in deco
[2025-11-28T20:40:22.478+0000] {docker.py:438} INFO -   File "/opt/bitnami/spark/python/lib/py4j-0.10.9.7-src.zip/py4j/protocol.py", line 326, in get_return_value
[2025-11-28T20:40:22.479+0000] {docker.py:438} INFO - py4j.protocol
[2025-11-28T20:40:22.480+0000] {docker.py:438} INFO - .Py4JJavaError
[2025-11-28T20:40:22.484+0000] {docker.py:438} INFO - : An error occurred while calling o38.mkdirs.
[2025-11-28T20:40:22.485+0000] {docker.py:438} INFO - : org.apache.hadoop.fs.s3a.AWSBadRequestException: getFileStatus on s3a://namegeneratorbucket/names/healthcheck: com.amazonaws.services.s3.model.AmazonS3Exception: The provided token has expired. (Service: Amazon S3; Status Code: 400; Error Code: ExpiredToken; Request ID: 43AGMCXNH1SXX1V6; S3 Extended Request ID: jgJL5BZRbncXYLq5hpDE9pJ41+IbNJG6eHFb5Fe9jJ/sIWXGrgeJz/n1eQOK4JzlDYQG6vQZixo=; Proxy: null), S3 Extended Request ID: jgJL5BZRbncXYLq5hpDE9pJ41+IbNJG6eHFb5Fe9jJ/sIWXGrgeJz/n1eQOK4JzlDYQG6vQZixo=:ExpiredToken: The provided token has expired. (Service: Amazon S3; Status Code: 400; Error Code: ExpiredToken; Request ID: 43AGMCXNH1SXX1V6; S3 Extended Request ID: jgJL5BZRbncXYLq5hpDE9pJ41+IbNJG6eHFb5Fe9jJ/sIWXGrgeJz/n1eQOK4JzlDYQG6vQZixo=; Proxy: null)
[2025-11-28T20:40:22.486+0000] {docker.py:438} INFO - 	at org.apache.hadoop.fs.s3a.S3AUtils.translateException(S3AUtils.java:249)
[2025-11-28T20:40:22.487+0000] {docker.py:438} INFO - 	at org.apache.hadoop.fs.s3a.S3AUtils.translateException(S3AUtils.java:175)
[2025-11-28T20:40:22.488+0000] {docker.py:438} INFO - 	at org.apache.hadoop.fs.s3a.S3AFileSystem.s3GetFileStatus(S3AFileSystem.java:3858)
[2025-11-28T20:40:22.489+0000] {docker.py:438} INFO - 	at org.apache.hadoop.fs.s3a.S3AFileSystem.innerGetFileStatus(S3AFileSystem.java:3688)
[2025-11-28T20:40:22.489+0000] {docker.py:438} INFO - 	at org.apache.hadoop.fs.s3a.S3AFileSystem$MkdirOperationCallbacksImpl.probePathStatus(S3AFileSystem.java:3455)
[2025-11-28T20:40:22.490+0000] {docker.py:438} INFO - 	at org.apache.hadoop.fs.s3a.impl.MkdirOperation.probePathStatusOrNull(MkdirOperation.java:135)
[2025-11-28T20:40:22.491+0000] {docker.py:438} INFO - 	at org.apache.hadoop.fs.s3a.impl.MkdirOperation.getPathStatusExpectingDir(MkdirOperation.java:150)
[2025-11-28T20:40:22.492+0000] {docker.py:438} INFO - 	at org.apache.hadoop.fs.s3a.impl.MkdirOperation.execute(MkdirOperation.java:80)
[2025-11-28T20:40:22.493+0000] {docker.py:438} INFO - 	at org.apache.hadoop.fs.s3a.impl.MkdirOperation.execute(MkdirOperation.java:45)
[2025-11-28T20:40:22.494+0000] {docker.py:438} INFO - 	at org.apache.hadoop.fs.s3a.impl.ExecutingStoreOperation.apply(ExecutingStoreOperation.java:76)
[2025-11-28T20:40:22.494+0000] {docker.py:438} INFO - 	at org.apache.hadoop.fs.statistics.impl.IOStatisticsBinding.lambda$trackDurationOfOperation$5(IOStatisticsBinding.java:499)
[2025-11-28T20:40:22.495+0000] {docker.py:438} INFO - 	at org.apache.hadoop.fs.statistics.impl.IOStatisticsBinding.trackDuration(IOStatisticsBinding.java:444)
[2025-11-28T20:40:22.496+0000] {docker.py:438} INFO - 	at org.apache.hadoop.fs.s3a.S3AFileSystem.trackDurationAndSpan(S3AFileSystem.java:2337)
[2025-11-28T20:40:22.496+0000] {docker.py:438} INFO - 	at org.apache.hadoop.fs.s3a.S3AFileSystem.trackDurationAndSpan(S3AFileSystem.java:2356)
[2025-11-28T20:40:22.500+0000] {docker.py:438} INFO - 	at org.apache.hadoop.fs.s3a.S3AFileSystem.mkdirs(S3AFileSystem.java:3428)
[2025-11-28T20:40:22.502+0000] {docker.py:438} INFO - 	at org.apache.hadoop.fs.FileSystem.mkdirs(FileSystem.java:2388)
[2025-11-28T20:40:22.503+0000] {docker.py:438} INFO - 	at java.base/jdk.internal.reflect.NativeMethodAccessorImpl.invoke0(Native Method)
[2025-11-28T20:40:22.510+0000] {docker.py:438} INFO - 	at java.base/jdk.internal.reflect.NativeMethodAccessorImpl.invoke(NativeMethodAccessorImpl.java:77)
[2025-11-28T20:40:22.512+0000] {docker.py:438} INFO - 	at java.base/jdk.internal.reflect.DelegatingMethodAccessorImpl.invoke(DelegatingMethodAccessorImpl.java:43)
[2025-11-28T20:40:22.513+0000] {docker.py:438} INFO - 	at java.base/java.lang.reflect.Method.invoke(Method.java:569)
[2025-11-28T20:40:22.515+0000] {docker.py:438} INFO - 	at py4j.reflection.MethodInvoker.invoke(MethodInvoker.java:244)
[2025-11-28T20:40:22.516+0000] {docker.py:438} INFO - 	at py4j.reflection.ReflectionEngine.invoke(ReflectionEngine.java:374)
[2025-11-28T20:40:22.517+0000] {docker.py:438} INFO - 	at py4j.Gateway.invoke(Gateway.java:282)
[2025-11-28T20:40:22.518+0000] {docker.py:438} INFO - 	at py4j.commands.AbstractCommand.invokeMethod(AbstractCommand.java:132)
[2025-11-28T20:40:22.519+0000] {docker.py:438} INFO - 	at py4j.commands.CallCommand.execute(CallCommand.java:79)
[2025-11-28T20:40:22.520+0000] {docker.py:438} INFO - 	at py4j.ClientServerConnection.waitForCommands(ClientServerConnection.java:182)
[2025-11-28T20:40:22.521+0000] {docker.py:438} INFO - 	at py4j.ClientServerConnection.run(ClientServerConnection.java:106)
[2025-11-28T20:40:22.522+0000] {docker.py:438} INFO - 	at java.base/java.lang.Thread.run(Thread.java:840)
[2025-11-28T20:40:22.523+0000] {docker.py:438} INFO - Caused by: com.amazonaws.services.s3.model.AmazonS3Exception: The provided token has expired. (Service: Amazon S3; Status Code: 400; Error Code: ExpiredToken; Request ID: 43AGMCXNH1SXX1V6; S3 Extended Request ID: jgJL5BZRbncXYLq5hpDE9pJ41+IbNJG6eHFb5Fe9jJ/sIWXGrgeJz/n1eQOK4JzlDYQG6vQZixo=; Proxy: null), S3 Extended Request ID: jgJL5BZRbncXYLq5hpDE9pJ41+IbNJG6eHFb5Fe9jJ/sIWXGrgeJz/n1eQOK4JzlDYQG6vQZixo=
[2025-11-28T20:40:22.524+0000] {docker.py:438} INFO - 	at com.amazonaws.http.AmazonHttpClient$RequestExecutor.handleErrorResponse(AmazonHttpClient.java:1879)
[2025-11-28T20:40:22.526+0000] {docker.py:438} INFO - 	at com.amazonaws.http.AmazonHttpClient$RequestExecutor.handleServiceErrorResponse(AmazonHttpClient.java:1418)
[2025-11-28T20:40:22.527+0000] {docker.py:438} INFO - 	at com.amazonaws.http.AmazonHttpClient$RequestExecutor.executeOneRequest(AmazonHttpClient.java:1387)
[2025-11-28T20:40:22.527+0000] {docker.py:438} INFO - 	at com.amazonaws.http.AmazonHttpClient$RequestExecutor.executeHelper(AmazonHttpClient.java:1157)
[2025-11-28T20:40:22.528+0000] {docker.py:438} INFO - 	at com.amazonaws.http.AmazonHttpClient$RequestExecutor.doExecute(AmazonHttpClient.java:814)
[2025-11-28T20:40:22.529+0000] {docker.py:438} INFO - 	at com.amazonaws.http.AmazonHttpClient$RequestExecutor.executeWithTimer(AmazonHttpClient.java:781)
[2025-11-28T20:40:22.530+0000] {docker.py:438} INFO - 	at com.amazonaws.http.AmazonHttpClient$RequestExecutor.execute(AmazonHttpClient.java:755)
[2025-11-28T20:40:22.530+0000] {docker.py:438} INFO - 	at com.amazonaws.http.AmazonHttpClient$RequestExecutor.access$500(AmazonHttpClient.java:715)
[2025-11-28T20:40:22.532+0000] {docker.py:438} INFO - 	at com.amazonaws.http.AmazonHttpClient$RequestExecutionBuilderImpl.execute(AmazonHttpClient.java:697)
[2025-11-28T20:40:22.532+0000] {docker.py:438} INFO - 	at com.amazonaws.http.AmazonHttpClient.execute(AmazonHttpClient.java:561)
[2025-11-28T20:40:22.533+0000] {docker.py:438} INFO - 	at com.amazonaws.http.AmazonHttpClient.execute(AmazonHttpClient.java:541)
[2025-11-28T20:40:22.534+0000] {docker.py:438} INFO - 	at com.amazonaws.services.s3.AmazonS3Client.invoke(AmazonS3Client.java:5456)
[2025-11-28T20:40:22.535+0000] {docker.py:438} INFO - 	at com.amazonaws.services.s3.AmazonS3Client.invoke(AmazonS3Client.java:5403)
[2025-11-28T20:40:22.537+0000] {docker.py:438} INFO - 	at com.amazonaws.services.s3.AmazonS3Client.invoke(AmazonS3Client.java:5397)
[2025-11-28T20:40:22.538+0000] {docker.py:438} INFO - 	at com.amazonaws.services.s3.AmazonS3Client.listObjectsV2(AmazonS3Client.java:971)
[2025-11-28T20:40:22.539+0000] {docker.py:438} INFO - 	at org.apache.hadoop.fs.s3a.S3AFileSystem.lambda$listObjects$11(S3AFileSystem.java:2595)
[2025-11-28T20:40:22.540+0000] {docker.py:438} INFO - 	at org.apache.hadoop.fs.statistics.impl.IOStatisticsBinding.lambda$trackDurationOfOperation$5(IOStatisticsBinding.java:499)
[2025-11-28T20:40:22.541+0000] {docker.py:438} INFO - 	at org.apache.hadoop.fs.s3a.Invoker.retryUntranslated(Invoker.java:414)
[2025-11-28T20:40:22.543+0000] {docker.py:438} INFO - 	at org.apache.hadoop.fs.s3a.Invoker.retryUntranslated(Invoker.java:377)
[2025-11-28T20:40:22.544+0000] {docker.py:438} INFO - 	at org.apache.hadoop.fs.s3a.S3AFileSystem.listObjects(S3AFileSystem.java:2586)
[2025-11-28T20:40:22.545+0000] {docker.py:438} INFO - 	at org.apache.hadoop.fs.s3a.S3AFileSystem.s3GetFileStatus(S3AFileSystem.java:3832)
[2025-11-28T20:40:22.546+0000] {docker.py:438} INFO - 	... 25 more
[2025-11-28T20:40:22.547+0000] {docker.py:438} INFO - 
[2025-11-28T20:40:22.550+0000] {docker.py:438} INFO - 2025-11-28 20:40:22,459:py4j.clientserver:close:INFO:Closing down clientserver connection
[2025-11-28T20:40:23.255+0000] {taskinstance.py:441} INFO - ::group::Post task execution logs
[2025-11-28T20:40:23.750+0000] {taskinstance.py:2905} ERROR - Task failed with exception
Traceback (most recent call last):
  File "/home/airflow/.local/lib/python3.11/site-packages/airflow/models/taskinstance.py", line 465, in _execute_task
    result = _execute_callable(context=context, **execute_callable_kwargs)
             ^^^^^^^^^^^^^^^^^^^^^^^^^^^^^^^^^^^^^^^^^^^^^^^^^^^^^^^^^^^^^
  File "/home/airflow/.local/lib/python3.11/site-packages/airflow/models/taskinstance.py", line 432, in _execute_callable
    return execute_callable(context=context, **execute_callable_kwargs)
           ^^^^^^^^^^^^^^^^^^^^^^^^^^^^^^^^^^^^^^^^^^^^^^^^^^^^^^^^^^^^
  File "/home/airflow/.local/lib/python3.11/site-packages/airflow/models/baseoperator.py", line 401, in wrapper
    return func(self, *args, **kwargs)
           ^^^^^^^^^^^^^^^^^^^^^^^^^^^
  File "/home/airflow/.local/lib/python3.11/site-packages/airflow/providers/docker/operators/docker.py", line 513, in execute
    return self._run_image()
           ^^^^^^^^^^^^^^^^^
  File "/home/airflow/.local/lib/python3.11/site-packages/airflow/providers/docker/operators/docker.py", line 384, in _run_image
    return self._run_image_with_mounts(self.mounts, add_tmp_variable=False)
           ^^^^^^^^^^^^^^^^^^^^^^^^^^^^^^^^^^^^^^^^^^^^^^^^^^^^^^^^^^^^^^^^
  File "/home/airflow/.local/lib/python3.11/site-packages/airflow/providers/docker/operators/docker.py", line 446, in _run_image_with_mounts
    raise DockerContainerFailedException(f"Docker container failed: {result!r}", logs=log_lines)
airflow.providers.docker.exceptions.DockerContainerFailedException: Docker container failed: {'StatusCode': 1}
[2025-11-28T20:40:23.791+0000] {taskinstance.py:1206} INFO - Marking task as FAILED. dag_id=name_stream_dag, task_id=spark_stream_to_s3, run_id=manual__2025-11-28T20:23:42.152278+00:00, execution_date=20251128T202342, start_date=20251128T203959, end_date=20251128T204023
[2025-11-28T20:40:24.019+0000] {standard_task_runner.py:110} ERROR - Failed to execute job 279 for task spark_stream_to_s3 (Docker container failed: {'StatusCode': 1}; 199)
[2025-11-28T20:40:24.232+0000] {local_task_job_runner.py:243} INFO - Task exited with return code 1
[2025-11-28T20:40:24.719+0000] {taskinstance.py:3503} INFO - 0 downstream tasks scheduled from follow-on schedule check
[2025-11-28T20:40:24.779+0000] {local_task_job_runner.py:222} INFO - ::endgroup::
