[2025-11-28T16:45:51.031+0000] {local_task_job_runner.py:120} INFO - ::group::Pre task execution logs
[2025-11-28T16:45:51.255+0000] {taskinstance.py:2076} INFO - Dependencies all met for dep_context=non-requeueable deps ti=<TaskInstance: name_stream_dag.spark_stream_to_s3 scheduled__2025-11-28T16:35:00+00:00 [queued]>
[2025-11-28T16:45:51.303+0000] {taskinstance.py:2076} INFO - Dependencies all met for dep_context=requeueable deps ti=<TaskInstance: name_stream_dag.spark_stream_to_s3 scheduled__2025-11-28T16:35:00+00:00 [queued]>
[2025-11-28T16:45:51.312+0000] {taskinstance.py:2306} INFO - Starting attempt 1 of 2
[2025-11-28T16:45:51.516+0000] {taskinstance.py:2330} INFO - Executing <Task(DockerOperator): spark_stream_to_s3> on 2025-11-28 16:35:00+00:00
[2025-11-28T16:45:51.547+0000] {standard_task_runner.py:64} INFO - Started process 156 to run task
[2025-11-28T16:45:51.570+0000] {standard_task_runner.py:90} INFO - Running: ['***', 'tasks', 'run', 'name_stream_dag', 'spark_stream_to_s3', 'scheduled__2025-11-28T16:35:00+00:00', '--job-id', '126', '--raw', '--subdir', 'DAGS_FOLDER/kafka_stream_dag.py', '--cfg-path', '/tmp/tmp104sgior']
[2025-11-28T16:45:51.607+0000] {standard_task_runner.py:91} INFO - Job 126: Subtask spark_stream_to_s3
[2025-11-28T16:45:52.320+0000] {task_command.py:426} INFO - Running <TaskInstance: name_stream_dag.spark_stream_to_s3 scheduled__2025-11-28T16:35:00+00:00 [running]> on host 5cea8c837706
[2025-11-28T16:45:53.572+0000] {taskinstance.py:2648} INFO - Exporting env vars: AIRFLOW_CTX_DAG_OWNER='***' AIRFLOW_CTX_DAG_ID='name_stream_dag' AIRFLOW_CTX_TASK_ID='spark_stream_to_s3' AIRFLOW_CTX_EXECUTION_DATE='2025-11-28T16:35:00+00:00' AIRFLOW_CTX_TRY_NUMBER='1' AIRFLOW_CTX_DAG_RUN_ID='scheduled__2025-11-28T16:35:00+00:00'
[2025-11-28T16:45:53.577+0000] {taskinstance.py:430} INFO - ::endgroup::
[2025-11-28T16:45:53.939+0000] {docker.py:367} INFO - Starting docker container from image custom-spark
[2025-11-28T16:45:53.946+0000] {taskinstance.py:441} INFO - ::group::Post task execution logs
[2025-11-28T16:45:53.952+0000] {taskinstance.py:2905} ERROR - Task failed with exception
Traceback (most recent call last):
  File "/home/airflow/.local/lib/python3.11/site-packages/airflow/models/taskinstance.py", line 465, in _execute_task
    result = _execute_callable(context=context, **execute_callable_kwargs)
             ^^^^^^^^^^^^^^^^^^^^^^^^^^^^^^^^^^^^^^^^^^^^^^^^^^^^^^^^^^^^^
  File "/home/airflow/.local/lib/python3.11/site-packages/airflow/models/taskinstance.py", line 432, in _execute_callable
    return execute_callable(context=context, **execute_callable_kwargs)
           ^^^^^^^^^^^^^^^^^^^^^^^^^^^^^^^^^^^^^^^^^^^^^^^^^^^^^^^^^^^^
  File "/home/airflow/.local/lib/python3.11/site-packages/airflow/models/baseoperator.py", line 401, in wrapper
    return func(self, *args, **kwargs)
           ^^^^^^^^^^^^^^^^^^^^^^^^^^^
  File "/home/airflow/.local/lib/python3.11/site-packages/airflow/providers/docker/operators/docker.py", line 513, in execute
    return self._run_image()
           ^^^^^^^^^^^^^^^^^
  File "/home/airflow/.local/lib/python3.11/site-packages/airflow/providers/docker/operators/docker.py", line 372, in _run_image
    return self._run_image_with_mounts([*self.mounts, tmp_mount], add_tmp_variable=True)
           ^^^^^^^^^^^^^^^^^^^^^^^^^^^^^^^^^^^^^^^^^^^^^^^^^^^^^^^^^^^^^^^^^^^^^^^^^^^^^
  File "/home/airflow/.local/lib/python3.11/site-packages/airflow/providers/docker/operators/docker.py", line 398, in _run_image_with_mounts
    env_file_vars = self.unpack_environment_variables(self.env_file)
                    ^^^^^^^^^^^^^^^^^^^^^^^^^^^^^^^^^^^^^^^^^^^^^^^^
  File "/home/airflow/.local/lib/python3.11/site-packages/airflow/providers/docker/operators/docker.py", line 548, in unpack_environment_variables
    return dotenv_values(stream=StringIO(env_str))
                                ^^^^^^^^^^^^^^^^^
TypeError: initial_value must be str or None, not list
[2025-11-28T16:45:54.140+0000] {taskinstance.py:1206} INFO - Marking task as UP_FOR_RETRY. dag_id=name_stream_dag, task_id=spark_stream_to_s3, run_id=scheduled__2025-11-28T16:35:00+00:00, execution_date=20251128T163500, start_date=20251128T164551, end_date=20251128T164554
[2025-11-28T16:45:54.654+0000] {standard_task_runner.py:110} ERROR - Failed to execute job 126 for task spark_stream_to_s3 (initial_value must be str or None, not list; 156)
[2025-11-28T16:45:54.741+0000] {local_task_job_runner.py:243} INFO - Task exited with return code 1
[2025-11-28T16:45:54.926+0000] {local_task_job_runner.py:222} INFO - ::endgroup::
