[2025-11-28T16:46:05.604+0000] {local_task_job_runner.py:120} INFO - ::group::Pre task execution logs
[2025-11-28T16:46:06.101+0000] {taskinstance.py:2076} INFO - Dependencies all met for dep_context=non-requeueable deps ti=<TaskInstance: name_stream_dag.spark_stream_to_s3 scheduled__2025-11-28T16:35:00+00:00 [queued]>
[2025-11-28T16:46:06.148+0000] {taskinstance.py:2076} INFO - Dependencies all met for dep_context=requeueable deps ti=<TaskInstance: name_stream_dag.spark_stream_to_s3 scheduled__2025-11-28T16:35:00+00:00 [queued]>
[2025-11-28T16:46:06.152+0000] {taskinstance.py:2306} INFO - Starting attempt 2 of 2
[2025-11-28T16:46:06.368+0000] {taskinstance.py:2330} INFO - Executing <Task(DockerOperator): spark_stream_to_s3> on 2025-11-28 16:35:00+00:00
[2025-11-28T16:46:06.408+0000] {standard_task_runner.py:64} INFO - Started process 166 to run task
[2025-11-28T16:46:06.429+0000] {standard_task_runner.py:90} INFO - Running: ['***', 'tasks', 'run', 'name_stream_dag', 'spark_stream_to_s3', 'scheduled__2025-11-28T16:35:00+00:00', '--job-id', '127', '--raw', '--subdir', 'DAGS_FOLDER/kafka_stream_dag.py', '--cfg-path', '/tmp/tmpqhcekq6l']
[2025-11-28T16:46:06.444+0000] {standard_task_runner.py:91} INFO - Job 127: Subtask spark_stream_to_s3
[2025-11-28T16:46:08.007+0000] {task_command.py:426} INFO - Running <TaskInstance: name_stream_dag.spark_stream_to_s3 scheduled__2025-11-28T16:35:00+00:00 [running]> on host 5cea8c837706
[2025-11-28T16:46:09.067+0000] {taskinstance.py:2648} INFO - Exporting env vars: AIRFLOW_CTX_DAG_OWNER='***' AIRFLOW_CTX_DAG_ID='name_stream_dag' AIRFLOW_CTX_TASK_ID='spark_stream_to_s3' AIRFLOW_CTX_EXECUTION_DATE='2025-11-28T16:35:00+00:00' AIRFLOW_CTX_TRY_NUMBER='2' AIRFLOW_CTX_DAG_RUN_ID='scheduled__2025-11-28T16:35:00+00:00'
[2025-11-28T16:46:09.070+0000] {taskinstance.py:430} INFO - ::endgroup::
[2025-11-28T16:46:09.358+0000] {docker.py:367} INFO - Starting docker container from image custom-spark
[2025-11-28T16:46:09.362+0000] {taskinstance.py:441} INFO - ::group::Post task execution logs
[2025-11-28T16:46:09.371+0000] {taskinstance.py:2905} ERROR - Task failed with exception
Traceback (most recent call last):
  File "/home/airflow/.local/lib/python3.11/site-packages/airflow/models/taskinstance.py", line 465, in _execute_task
    result = _execute_callable(context=context, **execute_callable_kwargs)
             ^^^^^^^^^^^^^^^^^^^^^^^^^^^^^^^^^^^^^^^^^^^^^^^^^^^^^^^^^^^^^
  File "/home/airflow/.local/lib/python3.11/site-packages/airflow/models/taskinstance.py", line 432, in _execute_callable
    return execute_callable(context=context, **execute_callable_kwargs)
           ^^^^^^^^^^^^^^^^^^^^^^^^^^^^^^^^^^^^^^^^^^^^^^^^^^^^^^^^^^^^
  File "/home/airflow/.local/lib/python3.11/site-packages/airflow/models/baseoperator.py", line 401, in wrapper
    return func(self, *args, **kwargs)
           ^^^^^^^^^^^^^^^^^^^^^^^^^^^
  File "/home/airflow/.local/lib/python3.11/site-packages/airflow/providers/docker/operators/docker.py", line 513, in execute
    return self._run_image()
           ^^^^^^^^^^^^^^^^^
  File "/home/airflow/.local/lib/python3.11/site-packages/airflow/providers/docker/operators/docker.py", line 372, in _run_image
    return self._run_image_with_mounts([*self.mounts, tmp_mount], add_tmp_variable=True)
           ^^^^^^^^^^^^^^^^^^^^^^^^^^^^^^^^^^^^^^^^^^^^^^^^^^^^^^^^^^^^^^^^^^^^^^^^^^^^^
  File "/home/airflow/.local/lib/python3.11/site-packages/airflow/providers/docker/operators/docker.py", line 398, in _run_image_with_mounts
    env_file_vars = self.unpack_environment_variables(self.env_file)
                    ^^^^^^^^^^^^^^^^^^^^^^^^^^^^^^^^^^^^^^^^^^^^^^^^
  File "/home/airflow/.local/lib/python3.11/site-packages/airflow/providers/docker/operators/docker.py", line 548, in unpack_environment_variables
    return dotenv_values(stream=StringIO(env_str))
                                ^^^^^^^^^^^^^^^^^
TypeError: initial_value must be str or None, not list
[2025-11-28T16:46:09.509+0000] {taskinstance.py:1206} INFO - Marking task as FAILED. dag_id=name_stream_dag, task_id=spark_stream_to_s3, run_id=scheduled__2025-11-28T16:35:00+00:00, execution_date=20251128T163500, start_date=20251128T164606, end_date=20251128T164609
[2025-11-28T16:46:10.099+0000] {standard_task_runner.py:110} ERROR - Failed to execute job 127 for task spark_stream_to_s3 (initial_value must be str or None, not list; 166)
[2025-11-28T16:46:10.179+0000] {local_task_job_runner.py:243} INFO - Task exited with return code 1
[2025-11-28T16:46:10.417+0000] {taskinstance.py:3503} INFO - 0 downstream tasks scheduled from follow-on schedule check
[2025-11-28T16:46:10.674+0000] {local_task_job_runner.py:222} INFO - ::endgroup::
