[2025-11-28T21:47:03.569+0000] {local_task_job_runner.py:120} INFO - ::group::Pre task execution logs
[2025-11-28T21:47:03.853+0000] {taskinstance.py:2076} INFO - Dependencies all met for dep_context=non-requeueable deps ti=<TaskInstance: name_stream_dag.s3_bucket_health_check scheduled__2025-11-28T21:40:00+00:00 [queued]>
[2025-11-28T21:47:03.887+0000] {taskinstance.py:2076} INFO - Dependencies all met for dep_context=requeueable deps ti=<TaskInstance: name_stream_dag.s3_bucket_health_check scheduled__2025-11-28T21:40:00+00:00 [queued]>
[2025-11-28T21:47:03.891+0000] {taskinstance.py:2306} INFO - Starting attempt 2 of 2
[2025-11-28T21:47:03.994+0000] {taskinstance.py:2330} INFO - Executing <Task(PythonOperator): s3_bucket_health_check> on 2025-11-28 21:40:00+00:00
[2025-11-28T21:47:04.037+0000] {standard_task_runner.py:64} INFO - Started process 358 to run task
[2025-11-28T21:47:04.055+0000] {standard_task_runner.py:90} INFO - Running: ['***', 'tasks', 'run', 'name_stream_dag', 's3_bucket_health_check', 'scheduled__2025-11-28T21:40:00+00:00', '--job-id', '363', '--raw', '--subdir', 'DAGS_FOLDER/kafka_stream_dag.py', '--cfg-path', '/tmp/tmpfvmz4oa2']
[2025-11-28T21:47:04.073+0000] {standard_task_runner.py:91} INFO - Job 363: Subtask s3_bucket_health_check
[2025-11-28T21:47:04.861+0000] {task_command.py:426} INFO - Running <TaskInstance: name_stream_dag.s3_bucket_health_check scheduled__2025-11-28T21:40:00+00:00 [running]> on host aef0c793a450
[2025-11-28T21:47:05.998+0000] {taskinstance.py:2648} INFO - Exporting env vars: AIRFLOW_CTX_DAG_OWNER='***' AIRFLOW_CTX_DAG_ID='name_stream_dag' AIRFLOW_CTX_TASK_ID='s3_bucket_health_check' AIRFLOW_CTX_EXECUTION_DATE='2025-11-28T21:40:00+00:00' AIRFLOW_CTX_TRY_NUMBER='2' AIRFLOW_CTX_DAG_RUN_ID='scheduled__2025-11-28T21:40:00+00:00'
[2025-11-28T21:47:06.005+0000] {taskinstance.py:430} INFO - ::endgroup::
[2025-11-28T21:47:06.120+0000] {credentials.py:1147} INFO - Found credentials in environment variables.
[2025-11-28T21:47:07.191+0000] {taskinstance.py:441} INFO - ::group::Post task execution logs
[2025-11-28T21:47:07.193+0000] {taskinstance.py:2905} ERROR - Task failed with exception
Traceback (most recent call last):
  File "/home/airflow/.local/lib/python3.11/site-packages/airflow/models/taskinstance.py", line 465, in _execute_task
    result = _execute_callable(context=context, **execute_callable_kwargs)
             ^^^^^^^^^^^^^^^^^^^^^^^^^^^^^^^^^^^^^^^^^^^^^^^^^^^^^^^^^^^^^
  File "/home/airflow/.local/lib/python3.11/site-packages/airflow/models/taskinstance.py", line 432, in _execute_callable
    return execute_callable(context=context, **execute_callable_kwargs)
           ^^^^^^^^^^^^^^^^^^^^^^^^^^^^^^^^^^^^^^^^^^^^^^^^^^^^^^^^^^^^
  File "/home/airflow/.local/lib/python3.11/site-packages/airflow/models/baseoperator.py", line 401, in wrapper
    return func(self, *args, **kwargs)
           ^^^^^^^^^^^^^^^^^^^^^^^^^^^
  File "/home/airflow/.local/lib/python3.11/site-packages/airflow/operators/python.py", line 235, in execute
    return_value = self.execute_callable()
                   ^^^^^^^^^^^^^^^^^^^^^^^
  File "/home/airflow/.local/lib/python3.11/site-packages/airflow/operators/python.py", line 252, in execute_callable
    return self.python_callable(*self.op_args, **self.op_kwargs)
           ^^^^^^^^^^^^^^^^^^^^^^^^^^^^^^^^^^^^^^^^^^^^^^^^^^^^^
  File "/opt/airflow/dags/kafka_stream_dag.py", line 52, in _check_bucket
    s3.head_bucket(Bucket=bucket)
  File "/home/airflow/.local/lib/python3.11/site-packages/botocore/client.py", line 565, in _api_call
    return self._make_api_call(operation_name, kwargs)
           ^^^^^^^^^^^^^^^^^^^^^^^^^^^^^^^^^^^^^^^^^^^
  File "/home/airflow/.local/lib/python3.11/site-packages/botocore/client.py", line 1021, in _make_api_call
    raise error_class(parsed_response, operation_name)
botocore.exceptions.ClientError: An error occurred (400) when calling the HeadBucket operation: Bad Request
[2025-11-28T21:47:07.331+0000] {taskinstance.py:1206} INFO - Marking task as FAILED. dag_id=name_stream_dag, task_id=s3_bucket_health_check, run_id=scheduled__2025-11-28T21:40:00+00:00, execution_date=20251128T214000, start_date=20251128T214703, end_date=20251128T214707
[2025-11-28T21:47:07.449+0000] {standard_task_runner.py:110} ERROR - Failed to execute job 363 for task s3_bucket_health_check (An error occurred (400) when calling the HeadBucket operation: Bad Request; 358)
[2025-11-28T21:47:07.554+0000] {local_task_job_runner.py:243} INFO - Task exited with return code 1
[2025-11-28T21:47:07.778+0000] {taskinstance.py:3503} INFO - 0 downstream tasks scheduled from follow-on schedule check
[2025-11-28T21:47:07.827+0000] {local_task_job_runner.py:222} INFO - ::endgroup::
