[2025-11-28T16:00:44.955+0000] {local_task_job_runner.py:120} INFO - ::group::Pre task execution logs
[2025-11-28T16:00:45.194+0000] {taskinstance.py:2076} INFO - Dependencies all met for dep_context=non-requeueable deps ti=<TaskInstance: name_stream_dag.kafka_health_check scheduled__2025-11-28T15:55:00+00:00 [queued]>
[2025-11-28T16:00:45.237+0000] {taskinstance.py:2076} INFO - Dependencies all met for dep_context=requeueable deps ti=<TaskInstance: name_stream_dag.kafka_health_check scheduled__2025-11-28T15:55:00+00:00 [queued]>
[2025-11-28T16:00:45.239+0000] {taskinstance.py:2306} INFO - Starting attempt 1 of 2
[2025-11-28T16:00:45.711+0000] {taskinstance.py:2330} INFO - Executing <Task(PythonOperator): kafka_health_check> on 2025-11-28 15:55:00+00:00
[2025-11-28T16:00:45.735+0000] {standard_task_runner.py:64} INFO - Started process 107 to run task
[2025-11-28T16:00:45.742+0000] {standard_task_runner.py:90} INFO - Running: ['***', 'tasks', 'run', 'name_stream_dag', 'kafka_health_check', 'scheduled__2025-11-28T15:55:00+00:00', '--job-id', '78', '--raw', '--subdir', 'DAGS_FOLDER/kafka_stream_dag.py', '--cfg-path', '/tmp/tmpc070kojf']
[2025-11-28T16:00:45.757+0000] {standard_task_runner.py:91} INFO - Job 78: Subtask kafka_health_check
[2025-11-28T16:00:46.361+0000] {task_command.py:426} INFO - Running <TaskInstance: name_stream_dag.kafka_health_check scheduled__2025-11-28T15:55:00+00:00 [running]> on host b6df6e1405c9
[2025-11-28T16:00:47.776+0000] {taskinstance.py:2648} INFO - Exporting env vars: AIRFLOW_CTX_DAG_OWNER='***' AIRFLOW_CTX_DAG_ID='name_stream_dag' AIRFLOW_CTX_TASK_ID='kafka_health_check' AIRFLOW_CTX_EXECUTION_DATE='2025-11-28T15:55:00+00:00' AIRFLOW_CTX_TRY_NUMBER='1' AIRFLOW_CTX_DAG_RUN_ID='scheduled__2025-11-28T15:55:00+00:00'
[2025-11-28T16:00:47.780+0000] {taskinstance.py:430} INFO - ::endgroup::
[2025-11-28T16:00:47.857+0000] {taskinstance.py:441} INFO - ::group::Post task execution logs
[2025-11-28T16:00:47.859+0000] {taskinstance.py:2905} ERROR - Task failed with exception
Traceback (most recent call last):
  File "/home/airflow/.local/lib/python3.11/site-packages/airflow/models/taskinstance.py", line 465, in _execute_task
    result = _execute_callable(context=context, **execute_callable_kwargs)
             ^^^^^^^^^^^^^^^^^^^^^^^^^^^^^^^^^^^^^^^^^^^^^^^^^^^^^^^^^^^^^
  File "/home/airflow/.local/lib/python3.11/site-packages/airflow/models/taskinstance.py", line 432, in _execute_callable
    return execute_callable(context=context, **execute_callable_kwargs)
           ^^^^^^^^^^^^^^^^^^^^^^^^^^^^^^^^^^^^^^^^^^^^^^^^^^^^^^^^^^^^
  File "/home/airflow/.local/lib/python3.11/site-packages/airflow/models/baseoperator.py", line 401, in wrapper
    return func(self, *args, **kwargs)
           ^^^^^^^^^^^^^^^^^^^^^^^^^^^
  File "/home/airflow/.local/lib/python3.11/site-packages/airflow/operators/python.py", line 235, in execute
    return_value = self.execute_callable()
                   ^^^^^^^^^^^^^^^^^^^^^^^
  File "/home/airflow/.local/lib/python3.11/site-packages/airflow/operators/python.py", line 252, in execute_callable
    return self.python_callable(*self.op_args, **self.op_kwargs)
           ^^^^^^^^^^^^^^^^^^^^^^^^^^^^^^^^^^^^^^^^^^^^^^^^^^^^^
  File "/opt/airflow/dags/kafka_stream_dag.py", line 38, in _check_kafka
    raise RuntimeError("Kafka topic 'names_topic' is missing")
RuntimeError: Kafka topic 'names_topic' is missing
[2025-11-28T16:00:47.943+0000] {taskinstance.py:1206} INFO - Marking task as UP_FOR_RETRY. dag_id=name_stream_dag, task_id=kafka_health_check, run_id=scheduled__2025-11-28T15:55:00+00:00, execution_date=20251128T155500, start_date=20251128T160045, end_date=20251128T160047
[2025-11-28T16:00:48.325+0000] {standard_task_runner.py:110} ERROR - Failed to execute job 78 for task kafka_health_check (Kafka topic 'names_topic' is missing; 107)
[2025-11-28T16:00:48.387+0000] {local_task_job_runner.py:243} INFO - Task exited with return code 1
[2025-11-28T16:00:48.629+0000] {taskinstance.py:3503} INFO - 0 downstream tasks scheduled from follow-on schedule check
[2025-11-28T16:00:48.786+0000] {local_task_job_runner.py:222} INFO - ::endgroup::
