[2025-11-28T19:43:55.033+0000] {local_task_job_runner.py:120} INFO - ::group::Pre task execution logs
[2025-11-28T19:43:55.305+0000] {taskinstance.py:2076} INFO - Dependencies all met for dep_context=non-requeueable deps ti=<TaskInstance: name_stream_dag.spark_stream_to_s3 manual__2025-11-28T19:29:00.910965+00:00 [queued]>
[2025-11-28T19:43:55.337+0000] {taskinstance.py:2076} INFO - Dependencies all met for dep_context=requeueable deps ti=<TaskInstance: name_stream_dag.spark_stream_to_s3 manual__2025-11-28T19:29:00.910965+00:00 [queued]>
[2025-11-28T19:43:55.346+0000] {taskinstance.py:2306} INFO - Starting attempt 2 of 2
[2025-11-28T19:43:55.578+0000] {taskinstance.py:2330} INFO - Executing <Task(DockerOperator): spark_stream_to_s3> on 2025-11-28 19:29:00.910965+00:00
[2025-11-28T19:43:55.606+0000] {standard_task_runner.py:64} INFO - Started process 83 to run task
[2025-11-28T19:43:55.618+0000] {standard_task_runner.py:90} INFO - Running: ['***', 'tasks', 'run', 'name_stream_dag', 'spark_stream_to_s3', 'manual__2025-11-28T19:29:00.910965+00:00', '--job-id', '256', '--raw', '--subdir', 'DAGS_FOLDER/kafka_stream_dag.py', '--cfg-path', '/tmp/tmpr38e85fa']
[2025-11-28T19:43:55.643+0000] {standard_task_runner.py:91} INFO - Job 256: Subtask spark_stream_to_s3
[2025-11-28T19:43:56.607+0000] {task_command.py:426} INFO - Running <TaskInstance: name_stream_dag.spark_stream_to_s3 manual__2025-11-28T19:29:00.910965+00:00 [running]> on host a7e95fe2a808
[2025-11-28T19:43:58.468+0000] {taskinstance.py:2648} INFO - Exporting env vars: AIRFLOW_CTX_DAG_OWNER='***' AIRFLOW_CTX_DAG_ID='name_stream_dag' AIRFLOW_CTX_TASK_ID='spark_stream_to_s3' AIRFLOW_CTX_EXECUTION_DATE='2025-11-28T19:29:00.910965+00:00' AIRFLOW_CTX_TRY_NUMBER='2' AIRFLOW_CTX_DAG_RUN_ID='manual__2025-11-28T19:29:00.910965+00:00'
[2025-11-28T19:43:58.474+0000] {taskinstance.py:430} INFO - ::endgroup::
[2025-11-28T19:43:59.026+0000] {docker.py:367} INFO - Starting docker container from image custom-spark
[2025-11-28T19:44:02.713+0000] {docker.py:438} INFO - [38;5;6mspark [38;5;5m19:44:02.50 [0m[38;5;2mINFO [0m ==>
[2025-11-28T19:44:02.718+0000] {docker.py:438} INFO - [38;5;6mspark [38;5;5m19:44:02.51 [0m[38;5;2mINFO [0m ==> [1mWelcome to the Bitnami spark container[0m
[2025-11-28T19:44:02.723+0000] {docker.py:438} INFO - [38;5;6mspark [38;5;5m19:44:02.51 [0m[38;5;2mINFO [0m ==> Subscribe to project updates by watching [1mhttps://github.com/bitnami/containers[0m
[2025-11-28T19:44:02.725+0000] {docker.py:438} INFO - [38;5;6mspark [38;5;5m19:44:02.52 [0m[38;5;2mINFO [0m ==> Submit issues and feature requests at [1mhttps://github.com/bitnami/containers/issues[0m
[2025-11-28T19:44:02.729+0000] {docker.py:438} INFO - [38;5;6mspark [38;5;5m19:44:02.58 [0m[38;5;2mINFO [0m ==> Upgrade to Tanzu Application Catalog for production environments to access custom-configured and pre-packaged software components. Gain enhanced features, including Software Bill of Materials (SBOM), CVE scan result reports, and VEX documents. To learn more, visit [1mhttps://bitnami.com/enterprise[0m
[2025-11-28T19:44:02.733+0000] {docker.py:438} INFO - [38;5;6mspark [38;5;5m19:44:02.60 [0m[38;5;2mINFO [0m ==>
[2025-11-28T19:44:02.787+0000] {docker.py:438} INFO - 
[2025-11-28T19:44:20.235+0000] {docker.py:438} INFO - 2025-11-28 19:44:20,226:spark_structured_streaming:main:INFO:Spark streaming config: app_name=spark_streaming brokers=kafka:19092 topic=names_topic bucket=namegeneratorbucket output_prefix=names checkpoint_prefix=checkpoints/names region=eu-west-2 endpoint=None path_style=None ssl_enabled=None
[2025-11-28T19:44:20.725+0000] {docker.py:438} INFO - 25/11/28 19:44:20 INFO SparkContext: Running Spark version 3.5.1
[2025-11-28T19:44:20.737+0000] {docker.py:438} INFO - 25/11/28 19:44:20 INFO SparkContext: OS info Linux, 6.6.87.2-microsoft-standard-WSL2, amd64
[2025-11-28T19:44:20.743+0000] {docker.py:438} INFO - 25/11/28 19:44:20 INFO SparkContext: Java version 17.0.12
[2025-11-28T19:44:20.866+0000] {docker.py:438} INFO - 25/11/28 19:44:20 INFO ResourceUtils: ==============================================================
[2025-11-28T19:44:20.871+0000] {docker.py:438} INFO - 25/11/28 19:44:20 INFO ResourceUtils: No custom resources configured for spark.driver.
[2025-11-28T19:44:20.876+0000] {docker.py:438} INFO - 25/11/28 19:44:20 INFO ResourceUtils: ==============================================================
[2025-11-28T19:44:20.878+0000] {docker.py:438} INFO - 25/11/28 19:44:20 INFO SparkContext: Submitted application: spark_streaming
[2025-11-28T19:44:20.935+0000] {docker.py:438} INFO - 25/11/28 19:44:20 INFO ResourceProfile: Default ResourceProfile created, executor resources: Map(memory -> name: memory, amount: 1024, script: , vendor: , offHeap -> name: offHeap, amount: 0, script: , vendor: ), task resources: Map(cpus -> name: cpus, amount: 1.0)
[2025-11-28T19:44:20.956+0000] {docker.py:438} INFO - 25/11/28 19:44:20 INFO ResourceProfile: Limiting resource is cpu
[2025-11-28T19:44:20.958+0000] {docker.py:438} INFO - 25/11/28 19:44:20 INFO ResourceProfileManager: Added ResourceProfile id: 0
[2025-11-28T19:44:21.369+0000] {docker.py:438} INFO - 25/11/28 19:44:21 INFO SecurityManager: Changing view acls to: spark
[2025-11-28T19:44:21.433+0000] {docker.py:438} INFO - 25/11/28 19:44:21 INFO SecurityManager: Changing modify acls to: spark
[2025-11-28T19:44:21.435+0000] {docker.py:438} INFO - 25/11/28 19:44:21 INFO SecurityManager: Changing view acls groups to:
[2025-11-28T19:44:21.449+0000] {docker.py:438} INFO - 25/11/28 19:44:21 INFO SecurityManager: Changing modify acls groups to:
[2025-11-28T19:44:21.454+0000] {docker.py:438} INFO - 25/11/28 19:44:21 INFO SecurityManager: SecurityManager: authentication disabled; ui acls disabled; users with view permissions: spark; groups with view permissions: EMPTY; users with modify permissions: spark; groups with modify permissions: EMPTY
[2025-11-28T19:44:21.562+0000] {docker.py:438} INFO - 25/11/28 19:44:21 WARN NativeCodeLoader: Unable to load native-hadoop library for your platform... using builtin-java classes where applicable
[2025-11-28T19:44:23.354+0000] {docker.py:438} INFO - 25/11/28 19:44:23 INFO Utils: Successfully started service 'sparkDriver' on port 35057.
[2025-11-28T19:44:23.524+0000] {docker.py:438} INFO - 25/11/28 19:44:23 INFO SparkEnv: Registering MapOutputTracker
[2025-11-28T19:44:23.751+0000] {docker.py:438} INFO - 25/11/28 19:44:23 INFO SparkEnv: Registering BlockManagerMaster
[2025-11-28T19:44:23.924+0000] {docker.py:438} INFO - 25/11/28 19:44:23 INFO BlockManagerMasterEndpoint: Using org.apache.spark.storage.DefaultTopologyMapper for getting topology information
[2025-11-28T19:44:23.929+0000] {docker.py:438} INFO - 25/11/28 19:44:23 INFO BlockManagerMasterEndpoint: BlockManagerMasterEndpoint up
[2025-11-28T19:44:23.977+0000] {docker.py:438} INFO - 25/11/28 19:44:23 INFO SparkEnv: Registering BlockManagerMasterHeartbeat
[2025-11-28T19:44:24.135+0000] {docker.py:438} INFO - 25/11/28 19:44:24 INFO DiskBlockManager: Created local directory at /tmp/blockmgr-1bd51162-c95b-4303-b355-62fcc069c425
[2025-11-28T19:44:24.226+0000] {docker.py:438} INFO - 25/11/28 19:44:24 INFO MemoryStore: MemoryStore started with capacity 434.4 MiB
[2025-11-28T19:44:24.388+0000] {docker.py:438} INFO - 25/11/28 19:44:24 INFO SparkEnv: Registering OutputCommitCoordinator
[2025-11-28T19:44:25.286+0000] {docker.py:438} INFO - 25/11/28 19:44:25 INFO JettyUtils: Start Jetty 0.0.0.0:4040 for SparkUI
[2025-11-28T19:44:26.072+0000] {docker.py:438} INFO - 25/11/28 19:44:26 INFO Utils: Successfully started service 'SparkUI' on port 4040.
[2025-11-28T19:44:27.156+0000] {docker.py:438} INFO - 25/11/28 19:44:27 INFO StandaloneAppClient$ClientEndpoint: Connecting to master spark://spark-master:7077...
[2025-11-28T19:44:27.495+0000] {docker.py:438} INFO - 25/11/28 19:44:27 INFO TransportClientFactory: Successfully created connection to spark-master/172.18.0.4:7077 after 189 ms (0 ms spent in bootstraps)
[2025-11-28T19:44:27.809+0000] {docker.py:438} INFO - 25/11/28 19:44:27 INFO StandaloneSchedulerBackend: Connected to Spark cluster with app ID app-20251128194427-0001
[2025-11-28T19:44:27.832+0000] {docker.py:438} INFO - 25/11/28 19:44:27 INFO Utils: Successfully started service 'org.apache.spark.network.netty.NettyBlockTransferService' on port 40135.
[2025-11-28T19:44:27.833+0000] {docker.py:438} INFO - 25/11/28 19:44:27 INFO NettyBlockTransferService: Server created on b3ed47fc5ec1:40135
[2025-11-28T19:44:27.836+0000] {docker.py:438} INFO - 25/11/28 19:44:27 INFO BlockManager: Using org.apache.spark.storage.RandomBlockReplicationPolicy for block replication policy
[2025-11-28T19:44:27.871+0000] {docker.py:438} INFO - 25/11/28 19:44:27 INFO BlockManagerMaster: Registering BlockManager BlockManagerId(driver, b3ed47fc5ec1, 40135, None)
[2025-11-28T19:44:27.877+0000] {docker.py:438} INFO - 25/11/28 19:44:27 INFO BlockManagerMasterEndpoint: Registering block manager b3ed47fc5ec1:40135 with 434.4 MiB RAM, BlockManagerId(driver, b3ed47fc5ec1, 40135, None)
[2025-11-28T19:44:27.881+0000] {docker.py:438} INFO - 25/11/28 19:44:27 INFO BlockManagerMaster: Registered BlockManager BlockManagerId(driver, b3ed47fc5ec1, 40135, None)
[2025-11-28T19:44:27.884+0000] {docker.py:438} INFO - 25/11/28 19:44:27 INFO BlockManager: Initialized BlockManager: BlockManagerId(driver, b3ed47fc5ec1, 40135, None)
[2025-11-28T19:44:28.364+0000] {docker.py:438} INFO - 25/11/28 19:44:28 INFO StandaloneSchedulerBackend: SchedulerBackend is ready for scheduling beginning after reached minRegisteredResourcesRatio: 0.0
[2025-11-28T19:44:29.143+0000] {docker.py:438} INFO - 2025-11-28 19:44:29,138:spark_structured_streaming:s3_healthcheck_write:INFO:Running S3 healthcheck write to s3a://namegeneratorbucket/names/_healthcheck
[2025-11-28T19:45:42.762+0000] {local_task_job_runner.py:313} WARNING - State of this instance has been externally set to None. Terminating instance.
[2025-11-28T19:45:42.764+0000] {local_task_job_runner.py:222} INFO - ::endgroup::
[2025-11-28T19:45:42.772+0000] {process_utils.py:132} INFO - Sending 15 to group 83. PIDs of all processes in the group: [83]
[2025-11-28T19:45:42.776+0000] {process_utils.py:87} INFO - Sending the signal 15 to group 83
[2025-11-28T19:45:42.778+0000] {taskinstance.py:2611} ERROR - Received SIGTERM. Terminating subprocesses.
[2025-11-28T19:45:42.780+0000] {docker.py:533} INFO - Stopping docker container
[2025-11-28T19:45:45.793+0000] {taskinstance.py:441} INFO - ::group::Post task execution logs
[2025-11-28T19:45:45.980+0000] {taskinstance.py:2905} ERROR - Task failed with exception
Traceback (most recent call last):
  File "/home/airflow/.local/lib/python3.11/site-packages/airflow/models/taskinstance.py", line 465, in _execute_task
    result = _execute_callable(context=context, **execute_callable_kwargs)
             ^^^^^^^^^^^^^^^^^^^^^^^^^^^^^^^^^^^^^^^^^^^^^^^^^^^^^^^^^^^^^
  File "/home/airflow/.local/lib/python3.11/site-packages/airflow/models/taskinstance.py", line 432, in _execute_callable
    return execute_callable(context=context, **execute_callable_kwargs)
           ^^^^^^^^^^^^^^^^^^^^^^^^^^^^^^^^^^^^^^^^^^^^^^^^^^^^^^^^^^^^
  File "/home/airflow/.local/lib/python3.11/site-packages/airflow/models/baseoperator.py", line 401, in wrapper
    return func(self, *args, **kwargs)
           ^^^^^^^^^^^^^^^^^^^^^^^^^^^
  File "/home/airflow/.local/lib/python3.11/site-packages/airflow/providers/docker/operators/docker.py", line 513, in execute
    return self._run_image()
           ^^^^^^^^^^^^^^^^^
  File "/home/airflow/.local/lib/python3.11/site-packages/airflow/providers/docker/operators/docker.py", line 384, in _run_image
    return self._run_image_with_mounts(self.mounts, add_tmp_variable=False)
           ^^^^^^^^^^^^^^^^^^^^^^^^^^^^^^^^^^^^^^^^^^^^^^^^^^^^^^^^^^^^^^^^
  File "/home/airflow/.local/lib/python3.11/site-packages/airflow/providers/docker/operators/docker.py", line 434, in _run_image_with_mounts
    for log_chunk in logstream:
  File "/home/airflow/.local/lib/python3.11/site-packages/docker/types/daemon.py", line 29, in __next__
    return next(self._stream)
           ^^^^^^^^^^^^^^^^^^
  File "/home/airflow/.local/lib/python3.11/site-packages/docker/api/client.py", line 438, in <genexpr>
    gen = (data for (_, data) in gen)
          ^^^^^^^^^^^^^^^^^^^^^^^^^^^
  File "/home/airflow/.local/lib/python3.11/site-packages/docker/utils/socket.py", line 112, in frames_iter_no_tty
    (stream, n) = next_frame_header(socket)
                  ^^^^^^^^^^^^^^^^^^^^^^^^^
  File "/home/airflow/.local/lib/python3.11/site-packages/docker/utils/socket.py", line 84, in next_frame_header
    data = read_exactly(socket, 8)
           ^^^^^^^^^^^^^^^^^^^^^^^
  File "/home/airflow/.local/lib/python3.11/site-packages/docker/utils/socket.py", line 69, in read_exactly
    next_data = read(socket, n - len(data))
                ^^^^^^^^^^^^^^^^^^^^^^^^^^^
  File "/home/airflow/.local/lib/python3.11/site-packages/docker/utils/socket.py", line 40, in read
    poll.poll()
  File "/home/airflow/.local/lib/python3.11/site-packages/airflow/models/taskinstance.py", line 2613, in signal_handler
    raise AirflowTaskTerminated("Task received SIGTERM signal")
airflow.exceptions.AirflowTaskTerminated: Task received SIGTERM signal
[2025-11-28T19:45:46.001+0000] {taskinstance.py:1206} INFO - Marking task as FAILED. dag_id=name_stream_dag, task_id=spark_stream_to_s3, run_id=manual__2025-11-28T19:29:00.910965+00:00, execution_date=20251128T192900, start_date=20251128T194355, end_date=20251128T194545
[2025-11-28T19:45:46.224+0000] {standard_task_runner.py:110} ERROR - Failed to execute job 256 for task spark_stream_to_s3 ((psycopg2.errors.ForeignKeyViolation) insert or update on table "task_fail" violates foreign key constraint "task_fail_ti_fkey"
DETAIL:  Key (dag_id, task_id, run_id, map_index)=(name_stream_dag, spark_stream_to_s3, manual__2025-11-28T19:29:00.910965+00:00, -1) is not present in table "task_instance".

[SQL: INSERT INTO task_fail (task_id, dag_id, run_id, map_index, start_date, end_date, duration) VALUES (%(task_id)s, %(dag_id)s, %(run_id)s, %(map_index)s, %(start_date)s, %(end_date)s, %(duration)s) RETURNING task_fail.id]
[parameters: {'task_id': 'spark_stream_to_s3', 'dag_id': 'name_stream_dag', 'run_id': 'manual__2025-11-28T19:29:00.910965+00:00', 'map_index': -1, 'start_date': datetime.datetime(2025, 11, 28, 19, 43, 55, 308999, tzinfo=Timezone('UTC')), 'end_date': datetime.datetime(2025, 11, 28, 19, 45, 45, 999752, tzinfo=Timezone('UTC')), 'duration': 110}]
(Background on this error at: https://sqlalche.me/e/14/gkpj); 83)
[2025-11-28T19:45:46.331+0000] {process_utils.py:80} INFO - Process psutil.Process(pid=83, status='terminated', exitcode=1, started='19:43:55') (83) terminated with exit code 1
