[2025-11-28T19:31:34.088+0000] {local_task_job_runner.py:120} INFO - ::group::Pre task execution logs
[2025-11-28T19:31:34.217+0000] {taskinstance.py:2076} INFO - Dependencies all met for dep_context=non-requeueable deps ti=<TaskInstance: name_stream_dag.spark_stream_to_s3 manual__2025-11-28T19:29:00.910965+00:00 [queued]>
[2025-11-28T19:31:34.274+0000] {taskinstance.py:2076} INFO - Dependencies all met for dep_context=requeueable deps ti=<TaskInstance: name_stream_dag.spark_stream_to_s3 manual__2025-11-28T19:29:00.910965+00:00 [queued]>
[2025-11-28T19:31:34.279+0000] {taskinstance.py:2306} INFO - Starting attempt 1 of 2
[2025-11-28T19:31:34.609+0000] {taskinstance.py:2330} INFO - Executing <Task(DockerOperator): spark_stream_to_s3> on 2025-11-28 19:29:00.910965+00:00
[2025-11-28T19:31:34.673+0000] {standard_task_runner.py:64} INFO - Started process 210 to run task
[2025-11-28T19:31:34.684+0000] {standard_task_runner.py:90} INFO - Running: ['***', 'tasks', 'run', 'name_stream_dag', 'spark_stream_to_s3', 'manual__2025-11-28T19:29:00.910965+00:00', '--job-id', '254', '--raw', '--subdir', 'DAGS_FOLDER/kafka_stream_dag.py', '--cfg-path', '/tmp/tmptt2lwzfh']
[2025-11-28T19:31:34.690+0000] {standard_task_runner.py:91} INFO - Job 254: Subtask spark_stream_to_s3
[2025-11-28T19:31:35.233+0000] {task_command.py:426} INFO - Running <TaskInstance: name_stream_dag.spark_stream_to_s3 manual__2025-11-28T19:29:00.910965+00:00 [running]> on host 04fe2a3c9497
[2025-11-28T19:31:36.056+0000] {taskinstance.py:2648} INFO - Exporting env vars: AIRFLOW_CTX_DAG_OWNER='***' AIRFLOW_CTX_DAG_ID='name_stream_dag' AIRFLOW_CTX_TASK_ID='spark_stream_to_s3' AIRFLOW_CTX_EXECUTION_DATE='2025-11-28T19:29:00.910965+00:00' AIRFLOW_CTX_TRY_NUMBER='1' AIRFLOW_CTX_DAG_RUN_ID='manual__2025-11-28T19:29:00.910965+00:00'
[2025-11-28T19:31:36.058+0000] {taskinstance.py:430} INFO - ::endgroup::
[2025-11-28T19:31:36.206+0000] {docker.py:367} INFO - Starting docker container from image custom-spark
[2025-11-28T19:31:37.133+0000] {docker.py:438} INFO - [38;5;6mspark [38;5;5m19:31:37.10 [0m[38;5;2mINFO [0m ==>
[2025-11-28T19:31:37.137+0000] {docker.py:438} INFO - [38;5;6mspark [38;5;5m19:31:37.11 [0m[38;5;2mINFO [0m ==> [1mWelcome to the Bitnami spark container[0m
[2025-11-28T19:31:37.138+0000] {docker.py:438} INFO - [38;5;6mspark [38;5;5m19:31:37.12 [0m[38;5;2mINFO [0m ==> Subscribe to project updates by watching [1mhttps://github.com/bitnami/containers[0m
[2025-11-28T19:31:37.141+0000] {docker.py:438} INFO - [38;5;6mspark [38;5;5m19:31:37.12 [0m[38;5;2mINFO [0m ==> Submit issues and feature requests at [1mhttps://github.com/bitnami/containers/issues[0m
[2025-11-28T19:31:37.145+0000] {docker.py:438} INFO - [38;5;6mspark [38;5;5m19:31:37.14 [0m[38;5;2mINFO [0m ==> Upgrade to Tanzu Application Catalog for production environments to access custom-configured and pre-packaged software components. Gain enhanced features, including Software Bill of Materials (SBOM), CVE scan result reports, and VEX documents. To learn more, visit [1mhttps://bitnami.com/enterprise[0m
[2025-11-28T19:31:37.159+0000] {docker.py:438} INFO - [38;5;6mspark [38;5;5m19:31:37.15 [0m[38;5;2mINFO [0m ==>
[2025-11-28T19:31:37.195+0000] {docker.py:438} INFO - 
[2025-11-28T19:31:49.572+0000] {docker.py:438} INFO - 2025-11-28 19:31:49,525:spark_structured_streaming:main:INFO:Spark streaming config: app_name=spark_streaming brokers=kafka:19092 topic=names_topic bucket=namegeneratorbucket output_prefix=names checkpoint_prefix=checkpoints/names region=eu-west-2 endpoint=None path_style=None ssl_enabled=None
[2025-11-28T19:31:50.170+0000] {docker.py:438} INFO - 25/11/28 19:31:50 INFO SparkContext: Running Spark version 3.5.1
[2025-11-28T19:31:50.182+0000] {docker.py:438} INFO - 25/11/28 19:31:50 INFO SparkContext: OS info Linux, 6.6.87.2-microsoft-standard-WSL2, amd64
[2025-11-28T19:31:50.190+0000] {docker.py:438} INFO - 25/11/28 19:31:50 INFO SparkContext: Java version 17.0.12
[2025-11-28T19:31:50.364+0000] {docker.py:438} INFO - 25/11/28 19:31:50 INFO ResourceUtils: ==============================================================
[2025-11-28T19:31:50.370+0000] {docker.py:438} INFO - 25/11/28 19:31:50 INFO ResourceUtils: No custom resources configured for spark.driver.
[2025-11-28T19:31:50.373+0000] {docker.py:438} INFO - 25/11/28 19:31:50 INFO ResourceUtils: ==============================================================
[2025-11-28T19:31:50.384+0000] {docker.py:438} INFO - 25/11/28 19:31:50 INFO SparkContext: Submitted application: spark_streaming
[2025-11-28T19:31:50.505+0000] {docker.py:438} INFO - 25/11/28 19:31:50 INFO ResourceProfile: Default ResourceProfile created, executor resources: Map(memory -> name: memory, amount: 1024, script: , vendor: , offHeap -> name: offHeap, amount: 0, script: , vendor: ), task resources: Map(cpus -> name: cpus, amount: 1.0)
[2025-11-28T19:31:50.549+0000] {docker.py:438} INFO - 25/11/28 19:31:50 INFO ResourceProfile: Limiting resource is cpu
[2025-11-28T19:31:50.560+0000] {docker.py:438} INFO - 25/11/28 19:31:50 INFO ResourceProfileManager: Added ResourceProfile id: 0
[2025-11-28T19:31:50.893+0000] {docker.py:438} INFO - 25/11/28 19:31:50 INFO SecurityManager: Changing view acls to: spark
[2025-11-28T19:31:50.900+0000] {docker.py:438} INFO - 25/11/28 19:31:50 INFO SecurityManager: Changing modify acls to: spark
[2025-11-28T19:31:50.909+0000] {docker.py:438} INFO - 25/11/28 19:31:50 INFO SecurityManager: Changing view acls groups to:
[2025-11-28T19:31:50.916+0000] {docker.py:438} INFO - 25/11/28 19:31:50 INFO SecurityManager: Changing modify acls groups to:
[2025-11-28T19:31:50.922+0000] {docker.py:438} INFO - 25/11/28 19:31:50 INFO SecurityManager: SecurityManager: authentication disabled; ui acls disabled; users with view permissions: spark; groups with view permissions: EMPTY; users with modify permissions: spark; groups with modify permissions: EMPTY
[2025-11-28T19:31:51.276+0000] {docker.py:438} INFO - 25/11/28 19:31:51 WARN NativeCodeLoader: Unable to load native-hadoop library for your platform... using builtin-java classes where applicable
[2025-11-28T19:31:52.432+0000] {docker.py:438} INFO - 25/11/28 19:31:52 INFO Utils: Successfully started service 'sparkDriver' on port 40897.
[2025-11-28T19:31:52.554+0000] {docker.py:438} INFO - 25/11/28 19:31:52 INFO SparkEnv: Registering MapOutputTracker
[2025-11-28T19:31:52.685+0000] {docker.py:438} INFO - 25/11/28 19:31:52 INFO SparkEnv: Registering BlockManagerMaster
[2025-11-28T19:31:52.770+0000] {docker.py:438} INFO - 25/11/28 19:31:52 INFO BlockManagerMasterEndpoint: Using org.apache.spark.storage.DefaultTopologyMapper for getting topology information
[2025-11-28T19:31:52.775+0000] {docker.py:438} INFO - 25/11/28 19:31:52 INFO BlockManagerMasterEndpoint: BlockManagerMasterEndpoint up
[2025-11-28T19:31:52.805+0000] {docker.py:438} INFO - 25/11/28 19:31:52 INFO SparkEnv: Registering BlockManagerMasterHeartbeat
[2025-11-28T19:31:53.019+0000] {docker.py:438} INFO - 25/11/28 19:31:53 INFO DiskBlockManager: Created local directory at /tmp/blockmgr-55e96ff6-51e3-403b-9ca0-6590d15b1d7a
[2025-11-28T19:31:53.080+0000] {docker.py:438} INFO - 25/11/28 19:31:53 INFO MemoryStore: MemoryStore started with capacity 434.4 MiB
[2025-11-28T19:31:53.150+0000] {docker.py:438} INFO - 25/11/28 19:31:53 INFO SparkEnv: Registering OutputCommitCoordinator
[2025-11-28T19:31:53.820+0000] {docker.py:438} INFO - 25/11/28 19:31:53 INFO JettyUtils: Start Jetty 0.0.0.0:4040 for SparkUI
[2025-11-28T19:31:54.130+0000] {docker.py:438} INFO - 25/11/28 19:31:54 INFO Utils: Successfully started service 'SparkUI' on port 4040.
[2025-11-28T19:31:54.766+0000] {docker.py:438} INFO - 25/11/28 19:31:54 INFO StandaloneAppClient$ClientEndpoint: Connecting to master spark://spark-master:7077...
[2025-11-28T19:31:54.952+0000] {docker.py:438} INFO - 25/11/28 19:31:54 INFO TransportClientFactory: Successfully created connection to spark-master/172.19.0.4:7077 after 114 ms (0 ms spent in bootstraps)
[2025-11-28T19:31:55.283+0000] {docker.py:438} INFO - 25/11/28 19:31:55 INFO StandaloneSchedulerBackend: Connected to Spark cluster with app ID app-20251128193155-0003
[2025-11-28T19:31:55.431+0000] {docker.py:438} INFO - 25/11/28 19:31:55 INFO Utils: Successfully started service 'org.apache.spark.network.netty.NettyBlockTransferService' on port 37115.
[2025-11-28T19:31:55.436+0000] {docker.py:438} INFO - 25/11/28 19:31:55 INFO NettyBlockTransferService: Server created on d636def22212:37115
[2025-11-28T19:31:55.442+0000] {docker.py:438} INFO - 25/11/28 19:31:55 INFO BlockManager: Using org.apache.spark.storage.RandomBlockReplicationPolicy for block replication policy
[2025-11-28T19:31:55.475+0000] {docker.py:438} INFO - 25/11/28 19:31:55 INFO BlockManagerMaster: Registering BlockManager BlockManagerId(driver, d636def22212, 37115, None)
[2025-11-28T19:31:55.489+0000] {docker.py:438} INFO - 25/11/28 19:31:55 INFO BlockManagerMasterEndpoint: Registering block manager d636def22212:37115 with 434.4 MiB RAM, BlockManagerId(driver, d636def22212, 37115, None)
[2025-11-28T19:31:55.499+0000] {docker.py:438} INFO - 25/11/28 19:31:55 INFO BlockManagerMaster: Registered BlockManager BlockManagerId(driver, d636def22212, 37115, None)
[2025-11-28T19:31:55.507+0000] {docker.py:438} INFO - 25/11/28 19:31:55 INFO BlockManager: Initialized BlockManager: BlockManagerId(driver, d636def22212, 37115, None)
[2025-11-28T19:31:56.618+0000] {docker.py:438} INFO - 25/11/28 19:31:56 INFO StandaloneSchedulerBackend: SchedulerBackend is ready for scheduling beginning after reached minRegisteredResourcesRatio: 0.0
[2025-11-28T19:31:57.731+0000] {docker.py:438} INFO - 2025-11-28 19:31:57,714:spark_structured_streaming:s3_healthcheck_write:INFO:Running S3 healthcheck write to s3a://namegeneratorbucket/names/_healthcheck
[2025-11-28T19:38:45.469+0000] {local_task_job_runner.py:124} ERROR - Received SIGTERM. Terminating subprocesses
[2025-11-28T19:38:45.570+0000] {process_utils.py:132} INFO - Sending 15 to group 210. PIDs of all processes in the group: [210]
[2025-11-28T19:38:45.601+0000] {process_utils.py:87} INFO - Sending the signal 15 to group 210
[2025-11-28T19:38:45.640+0000] {taskinstance.py:2611} ERROR - Received SIGTERM. Terminating subprocesses.
[2025-11-28T19:38:45.672+0000] {docker.py:533} INFO - Stopping docker container
