[2025-10-07T21:35:22.636+0100] {local_task_job_runner.py:120} INFO - ::group::Pre task execution logs
[2025-10-07T21:35:22.856+0100] {taskinstance.py:2076} INFO - Dependencies all met for dep_context=non-requeueable deps ti=<TaskInstance: name_stream_dag.stream_to_kafka_task scheduled__2025-10-07T20:30:00+00:00 [queued]>
[2025-10-07T21:35:22.880+0100] {taskinstance.py:2076} INFO - Dependencies all met for dep_context=requeueable deps ti=<TaskInstance: name_stream_dag.stream_to_kafka_task scheduled__2025-10-07T20:30:00+00:00 [queued]>
[2025-10-07T21:35:22.881+0100] {taskinstance.py:2306} INFO - Starting attempt 1 of 2
[2025-10-07T21:35:22.961+0100] {taskinstance.py:2330} INFO - Executing <Task(PythonOperator): stream_to_kafka_task> on 2025-10-07 20:30:00+00:00
[2025-10-07T21:35:22.979+0100] {standard_task_runner.py:64} INFO - Started process 142 to run task
[2025-10-07T21:35:22.987+0100] {standard_task_runner.py:90} INFO - Running: ['***', 'tasks', 'run', 'name_stream_dag', 'stream_to_kafka_task', 'scheduled__2025-10-07T20:30:00+00:00', '--job-id', '3', '--raw', '--subdir', 'DAGS_FOLDER/kafka_stream_dag.py', '--cfg-path', '/tmp/tmp3i9r2sj0']
[2025-10-07T21:35:22.996+0100] {standard_task_runner.py:91} INFO - Job 3: Subtask stream_to_kafka_task
[2025-10-07T21:35:23.324+0100] {task_command.py:426} INFO - Running <TaskInstance: name_stream_dag.stream_to_kafka_task scheduled__2025-10-07T20:30:00+00:00 [running]> on host e9a80c19b29d
[2025-10-07T21:35:25.981+0100] {taskinstance.py:2648} INFO - Exporting env vars: AIRFLOW_CTX_DAG_OWNER='***' AIRFLOW_CTX_DAG_ID='name_stream_dag' AIRFLOW_CTX_TASK_ID='stream_to_kafka_task' AIRFLOW_CTX_EXECUTION_DATE='2025-10-07T20:30:00+00:00' AIRFLOW_CTX_TRY_NUMBER='1' AIRFLOW_CTX_DAG_RUN_ID='scheduled__2025-10-07T20:30:00+00:00'
[2025-10-07T21:35:25.983+0100] {taskinstance.py:430} INFO - ::endgroup::
[2025-10-07T21:35:37.006+0100] {logging_mixin.py:188} INFO - Delivered to names_topic [0] @ offset 12
[2025-10-07T21:35:47.669+0100] {logging_mixin.py:188} INFO - Delivered to names_topic [0] @ offset 13
[2025-10-07T21:35:57.436+0100] {logging_mixin.py:188} INFO - Delivered to names_topic [0] @ offset 14
[2025-10-07T21:36:07.842+0100] {logging_mixin.py:188} INFO - Delivered to names_topic [0] @ offset 15
[2025-10-07T21:36:17.421+0100] {logging_mixin.py:188} INFO - Delivered to names_topic [0] @ offset 16
[2025-10-07T21:36:27.928+0100] {logging_mixin.py:188} INFO - Delivered to names_topic [0] @ offset 17
[2025-10-07T21:36:38.443+0100] {logging_mixin.py:188} INFO - Delivered to names_topic [0] @ offset 18
[2025-10-07T21:36:47.876+0100] {logging_mixin.py:188} INFO - Delivered to names_topic [0] @ offset 19
[2025-10-07T21:36:58.656+0100] {logging_mixin.py:188} INFO - Delivered to names_topic [0] @ offset 20
[2025-10-07T21:37:09.206+0100] {logging_mixin.py:188} INFO - Delivered to names_topic [0] @ offset 21
[2025-10-07T21:37:18.892+0100] {logging_mixin.py:188} INFO - Delivered to names_topic [0] @ offset 22
[2025-10-07T21:37:28.895+0100] {logging_mixin.py:188} INFO - Delivered to names_topic [0] @ offset 23
[2025-10-07T21:37:28.909+0100] {python.py:237} INFO - Done. Returned value was: None
[2025-10-07T21:37:28.920+0100] {taskinstance.py:441} INFO - ::group::Post task execution logs
[2025-10-07T21:37:29.470+0100] {taskinstance.py:1206} INFO - Marking task as SUCCESS. dag_id=name_stream_dag, task_id=stream_to_kafka_task, run_id=scheduled__2025-10-07T20:30:00+00:00, execution_date=20251007T203000, start_date=20251007T203522, end_date=20251007T203729
[2025-10-07T21:37:29.738+0100] {local_task_job_runner.py:243} INFO - Task exited with return code 0
[2025-10-07T21:37:29.899+0100] {taskinstance.py:3503} INFO - 0 downstream tasks scheduled from follow-on schedule check
[2025-10-07T21:37:29.939+0100] {local_task_job_runner.py:222} INFO - ::endgroup::
