[2025-11-28T21:38:20.516+0000] {local_task_job_runner.py:120} INFO - ::group::Pre task execution logs
[2025-11-28T21:38:20.684+0000] {taskinstance.py:2076} INFO - Dependencies all met for dep_context=non-requeueable deps ti=<TaskInstance: name_stream_dag.stream_to_kafka_task scheduled__2025-11-28T21:30:00+00:00 [queued]>
[2025-11-28T21:38:20.708+0000] {taskinstance.py:2076} INFO - Dependencies all met for dep_context=requeueable deps ti=<TaskInstance: name_stream_dag.stream_to_kafka_task scheduled__2025-11-28T21:30:00+00:00 [queued]>
[2025-11-28T21:38:20.710+0000] {taskinstance.py:2306} INFO - Starting attempt 1 of 2
[2025-11-28T21:38:20.811+0000] {taskinstance.py:2330} INFO - Executing <Task(PythonOperator): stream_to_kafka_task> on 2025-11-28 21:30:00+00:00
[2025-11-28T21:38:20.839+0000] {standard_task_runner.py:64} INFO - Started process 153 to run task
[2025-11-28T21:38:20.852+0000] {standard_task_runner.py:90} INFO - Running: ['***', 'tasks', 'run', 'name_stream_dag', 'stream_to_kafka_task', 'scheduled__2025-11-28T21:30:00+00:00', '--job-id', '358', '--raw', '--subdir', 'DAGS_FOLDER/kafka_stream_dag.py', '--cfg-path', '/tmp/tmpvd670e5i']
[2025-11-28T21:38:20.861+0000] {standard_task_runner.py:91} INFO - Job 358: Subtask stream_to_kafka_task
[2025-11-28T21:38:21.312+0000] {task_command.py:426} INFO - Running <TaskInstance: name_stream_dag.stream_to_kafka_task scheduled__2025-11-28T21:30:00+00:00 [running]> on host aef0c793a450
[2025-11-28T21:38:22.117+0000] {taskinstance.py:2648} INFO - Exporting env vars: AIRFLOW_CTX_DAG_OWNER='***' AIRFLOW_CTX_DAG_ID='name_stream_dag' AIRFLOW_CTX_TASK_ID='stream_to_kafka_task' AIRFLOW_CTX_EXECUTION_DATE='2025-11-28T21:30:00+00:00' AIRFLOW_CTX_TRY_NUMBER='1' AIRFLOW_CTX_DAG_RUN_ID='scheduled__2025-11-28T21:30:00+00:00'
[2025-11-28T21:38:22.122+0000] {taskinstance.py:430} INFO - ::endgroup::
[2025-11-28T21:38:22.171+0000] {kafka_streaming_service.py:222} INFO - Starting Kafka stream: bootstrap=kafka:19092 topic=names_topic interval=10 duration=120
[2025-11-28T21:38:22.537+0000] {kafka_streaming_service.py:237} INFO - Iteration 1/12 – sending payload {'name': 'Ms. Erle Chaudhry', 'gender': 'female', 'address': '9323, Torshovgata', 'city': 'Grua', 'nation': 'Norway', 'zip': '280026645994592502904111367919470408688', 'latitude': 41.9281, 'longitude': 102.436, 'email': 'erle.chaudhry@example.com'}
[2025-11-28T21:38:22.540+0000] {kafka_streaming_service.py:210} INFO - Producing record to topic=names_topic payload={'name': 'Ms. Erle Chaudhry', 'gender': 'female', 'address': '9323, Torshovgata', 'city': 'Grua', 'nation': 'Norway', 'zip': '280026645994592502904111367919470408688', 'latitude': 41.9281, 'longitude': 102.436, 'email': 'erle.chaudhry@example.com'}
[2025-11-28T21:38:33.554+0000] {kafka_streaming_service.py:237} INFO - Iteration 2/12 – sending payload {'name': 'Mr. Jack Li', 'gender': 'male', 'address': '4206, King St', 'city': 'Stirling', 'nation': 'Canada', 'zip': '199074897915255439662048738910241012335', 'latitude': -65.2274, 'longitude': -77.2439, 'email': 'jack.li@example.com'}
[2025-11-28T21:38:33.575+0000] {kafka_streaming_service.py:210} INFO - Producing record to topic=names_topic payload={'name': 'Mr. Jack Li', 'gender': 'male', 'address': '4206, King St', 'city': 'Stirling', 'nation': 'Canada', 'zip': '199074897915255439662048738910241012335', 'latitude': -65.2274, 'longitude': -77.2439, 'email': 'jack.li@example.com'}
[2025-11-28T21:38:33.585+0000] {logging_mixin.py:188} INFO - Delivered to names_topic [0] @ offset 0
[2025-11-28T21:38:43.617+0000] {kafka_streaming_service.py:237} INFO - Iteration 3/12 – sending payload {'name': 'Mr. Blake Snyder', 'gender': 'male', 'address': '9536, The Crescent', 'city': 'Kildare', 'nation': 'Ireland', 'zip': '182606457543088555262274251999025357092', 'latitude': 1.225, 'longitude': -3.5917, 'email': 'blake.snyder@example.com'}
[2025-11-28T21:38:43.619+0000] {kafka_streaming_service.py:210} INFO - Producing record to topic=names_topic payload={'name': 'Mr. Blake Snyder', 'gender': 'male', 'address': '9536, The Crescent', 'city': 'Kildare', 'nation': 'Ireland', 'zip': '182606457543088555262274251999025357092', 'latitude': 1.225, 'longitude': -3.5917, 'email': 'blake.snyder@example.com'}
[2025-11-28T21:38:43.620+0000] {logging_mixin.py:188} INFO - Delivered to names_topic [0] @ offset 1
[2025-11-28T21:38:54.196+0000] {kafka_streaming_service.py:237} INFO - Iteration 4/12 – sending payload {'name': 'Mr. Jayden Coleman', 'gender': 'male', 'address': '5993, Washington Ave', 'city': 'Norfolk', 'nation': 'United States', 'zip': '273038574392683960364316431505289762118', 'latitude': 83.5547, 'longitude': -113.3577, 'email': 'jayden.coleman@example.com'}
[2025-11-28T21:38:54.198+0000] {kafka_streaming_service.py:210} INFO - Producing record to topic=names_topic payload={'name': 'Mr. Jayden Coleman', 'gender': 'male', 'address': '5993, Washington Ave', 'city': 'Norfolk', 'nation': 'United States', 'zip': '273038574392683960364316431505289762118', 'latitude': 83.5547, 'longitude': -113.3577, 'email': 'jayden.coleman@example.com'}
[2025-11-28T21:38:54.198+0000] {logging_mixin.py:188} INFO - Delivered to names_topic [0] @ offset 2
[2025-11-28T21:39:04.475+0000] {kafka_streaming_service.py:237} INFO - Iteration 5/12 – sending payload {'name': 'Miss. Bratislava Dokić', 'gender': 'female', 'address': '9468, Slavka Milićevića', 'city': 'Zvečan', 'nation': 'Serbia', 'zip': '204814358313423838709234550621767274803', 'latitude': 61.2023, 'longitude': 35.1606, 'email': 'bratislava.dokic@example.com'}
[2025-11-28T21:39:04.478+0000] {kafka_streaming_service.py:210} INFO - Producing record to topic=names_topic payload={'name': 'Miss. Bratislava Dokić', 'gender': 'female', 'address': '9468, Slavka Milićevića', 'city': 'Zvečan', 'nation': 'Serbia', 'zip': '204814358313423838709234550621767274803', 'latitude': 61.2023, 'longitude': 35.1606, 'email': 'bratislava.dokic@example.com'}
[2025-11-28T21:39:04.479+0000] {logging_mixin.py:188} INFO - Delivered to names_topic [0] @ offset 3
[2025-11-28T21:39:15.177+0000] {kafka_streaming_service.py:237} INFO - Iteration 6/12 – sending payload {'name': "Mr. Yarema P'yurko", 'gender': 'male', 'address': '2538, Plehanova', 'city': 'Zalishchiki', 'nation': 'Ukraine', 'zip': '191444442655382900471411754682862744212', 'latitude': 78.3438, 'longitude': -91.2678, 'email': "yarema.p'yurko@example.com"}
[2025-11-28T21:39:15.214+0000] {kafka_streaming_service.py:210} INFO - Producing record to topic=names_topic payload={'name': "Mr. Yarema P'yurko", 'gender': 'male', 'address': '2538, Plehanova', 'city': 'Zalishchiki', 'nation': 'Ukraine', 'zip': '191444442655382900471411754682862744212', 'latitude': 78.3438, 'longitude': -91.2678, 'email': "yarema.p'yurko@example.com"}
[2025-11-28T21:39:15.242+0000] {logging_mixin.py:188} INFO - Delivered to names_topic [0] @ offset 4
[2025-11-28T21:39:25.882+0000] {kafka_streaming_service.py:237} INFO - Iteration 7/12 – sending payload {'name': 'Mr. Nicolay Grøstad', 'gender': 'male', 'address': '5055, Agmund Bolts vei', 'city': 'Honningsvåg', 'nation': 'Norway', 'zip': '219152750377788021455743734936390064085', 'latitude': 42.3581, 'longitude': -98.5392, 'email': 'nicolay.grostad@example.com'}
[2025-11-28T21:39:25.901+0000] {kafka_streaming_service.py:210} INFO - Producing record to topic=names_topic payload={'name': 'Mr. Nicolay Grøstad', 'gender': 'male', 'address': '5055, Agmund Bolts vei', 'city': 'Honningsvåg', 'nation': 'Norway', 'zip': '219152750377788021455743734936390064085', 'latitude': 42.3581, 'longitude': -98.5392, 'email': 'nicolay.grostad@example.com'}
[2025-11-28T21:39:25.913+0000] {logging_mixin.py:188} INFO - Delivered to names_topic [0] @ offset 5
[2025-11-28T21:39:37.040+0000] {kafka_streaming_service.py:237} INFO - Iteration 8/12 – sending payload {'name': 'Mr. Oskold Burch', 'gender': 'male', 'address': '4545, Panasa Mirnogo', 'city': 'Gorodnya', 'nation': 'Ukraine', 'zip': '205689358868198449311157853335916632894', 'latitude': 79.779, 'longitude': -143.4773, 'email': 'oskold.burch@example.com'}
[2025-11-28T21:39:37.051+0000] {kafka_streaming_service.py:210} INFO - Producing record to topic=names_topic payload={'name': 'Mr. Oskold Burch', 'gender': 'male', 'address': '4545, Panasa Mirnogo', 'city': 'Gorodnya', 'nation': 'Ukraine', 'zip': '205689358868198449311157853335916632894', 'latitude': 79.779, 'longitude': -143.4773, 'email': 'oskold.burch@example.com'}
[2025-11-28T21:39:37.054+0000] {logging_mixin.py:188} INFO - Delivered to names_topic [0] @ offset 6
[2025-11-28T21:39:47.239+0000] {kafka_streaming_service.py:237} INFO - Iteration 9/12 – sending payload {'name': 'Mr. Brent Payne', 'gender': 'male', 'address': '213, Rectory Lane', 'city': 'Ely', 'nation': 'United Kingdom', 'zip': '173506506013151068734438558556162371198', 'latitude': -9.0303, 'longitude': -71.1276, 'email': 'brent.payne@example.com'}
[2025-11-28T21:39:47.241+0000] {kafka_streaming_service.py:210} INFO - Producing record to topic=names_topic payload={'name': 'Mr. Brent Payne', 'gender': 'male', 'address': '213, Rectory Lane', 'city': 'Ely', 'nation': 'United Kingdom', 'zip': '173506506013151068734438558556162371198', 'latitude': -9.0303, 'longitude': -71.1276, 'email': 'brent.payne@example.com'}
[2025-11-28T21:39:47.242+0000] {logging_mixin.py:188} INFO - Delivered to names_topic [0] @ offset 7
[2025-11-28T21:39:57.512+0000] {kafka_streaming_service.py:237} INFO - Iteration 10/12 – sending payload {'name': 'Mr. Valdemar Johansen', 'gender': 'male', 'address': '3994, Kirkegade', 'city': 'Pandrup', 'nation': 'Denmark', 'zip': '235720587991136197776347963108088467032', 'latitude': -44.7862, 'longitude': -29.6534, 'email': 'valdemar.johansen@example.com'}
[2025-11-28T21:39:57.515+0000] {kafka_streaming_service.py:210} INFO - Producing record to topic=names_topic payload={'name': 'Mr. Valdemar Johansen', 'gender': 'male', 'address': '3994, Kirkegade', 'city': 'Pandrup', 'nation': 'Denmark', 'zip': '235720587991136197776347963108088467032', 'latitude': -44.7862, 'longitude': -29.6534, 'email': 'valdemar.johansen@example.com'}
[2025-11-28T21:39:57.516+0000] {logging_mixin.py:188} INFO - Delivered to names_topic [0] @ offset 8
[2025-11-28T21:40:07.809+0000] {kafka_streaming_service.py:237} INFO - Iteration 11/12 – sending payload {'name': 'Miss. Salma Carbajal', 'gender': 'female', 'address': '8808, Circunvalación Beltrán', 'city': 'Tepexco', 'nation': 'Mexico', 'zip': '83171728125922852938182501752378329966', 'latitude': 28.5775, 'longitude': 3.1066, 'email': 'salma.carbajal@example.com'}
[2025-11-28T21:40:07.813+0000] {kafka_streaming_service.py:210} INFO - Producing record to topic=names_topic payload={'name': 'Miss. Salma Carbajal', 'gender': 'female', 'address': '8808, Circunvalación Beltrán', 'city': 'Tepexco', 'nation': 'Mexico', 'zip': '83171728125922852938182501752378329966', 'latitude': 28.5775, 'longitude': 3.1066, 'email': 'salma.carbajal@example.com'}
[2025-11-28T21:40:07.817+0000] {logging_mixin.py:188} INFO - Delivered to names_topic [0] @ offset 9
[2025-11-28T21:40:18.086+0000] {kafka_streaming_service.py:237} INFO - Iteration 12/12 – sending payload {'name': 'Ms. Sheryl Butler', 'gender': 'female', 'address': '6111, George Street', 'city': 'Portlaoise', 'nation': 'Ireland', 'zip': '236242449042417831898300536109632679150', 'latitude': -0.6581, 'longitude': 124.9601, 'email': 'sheryl.butler@example.com'}
[2025-11-28T21:40:18.088+0000] {kafka_streaming_service.py:210} INFO - Producing record to topic=names_topic payload={'name': 'Ms. Sheryl Butler', 'gender': 'female', 'address': '6111, George Street', 'city': 'Portlaoise', 'nation': 'Ireland', 'zip': '236242449042417831898300536109632679150', 'latitude': -0.6581, 'longitude': 124.9601, 'email': 'sheryl.butler@example.com'}
[2025-11-28T21:40:18.093+0000] {logging_mixin.py:188} INFO - Delivered to names_topic [0] @ offset 10
[2025-11-28T21:40:28.095+0000] {logging_mixin.py:188} INFO - Delivered to names_topic [0] @ offset 11
[2025-11-28T21:40:28.096+0000] {kafka_streaming_service.py:245} INFO - Kafka producer flushed all pending messages.
[2025-11-28T21:40:28.098+0000] {python.py:237} INFO - Done. Returned value was: None
[2025-11-28T21:40:28.099+0000] {taskinstance.py:441} INFO - ::group::Post task execution logs
[2025-11-28T21:40:28.195+0000] {taskinstance.py:1206} INFO - Marking task as SUCCESS. dag_id=name_stream_dag, task_id=stream_to_kafka_task, run_id=scheduled__2025-11-28T21:30:00+00:00, execution_date=20251128T213000, start_date=20251128T213820, end_date=20251128T214028
[2025-11-28T21:40:28.396+0000] {local_task_job_runner.py:243} INFO - Task exited with return code 0
[2025-11-28T21:40:28.517+0000] {taskinstance.py:3503} INFO - 1 downstream tasks scheduled from follow-on schedule check
[2025-11-28T21:40:28.548+0000] {local_task_job_runner.py:222} INFO - ::endgroup::
