[2025-11-28T21:56:57.585+0000] {local_task_job_runner.py:120} INFO - ::group::Pre task execution logs
[2025-11-28T21:56:57.932+0000] {taskinstance.py:2076} INFO - Dependencies all met for dep_context=non-requeueable deps ti=<TaskInstance: name_stream_dag.stream_to_kafka_task scheduled__2025-11-28T21:50:00+00:00 [queued]>
[2025-11-28T21:56:58.095+0000] {taskinstance.py:2076} INFO - Dependencies all met for dep_context=requeueable deps ti=<TaskInstance: name_stream_dag.stream_to_kafka_task scheduled__2025-11-28T21:50:00+00:00 [queued]>
[2025-11-28T21:56:58.112+0000] {taskinstance.py:2306} INFO - Starting attempt 1 of 2
[2025-11-28T21:56:58.218+0000] {taskinstance.py:2330} INFO - Executing <Task(PythonOperator): stream_to_kafka_task> on 2025-11-28 21:50:00+00:00
[2025-11-28T21:56:58.280+0000] {standard_task_runner.py:64} INFO - Started process 89 to run task
[2025-11-28T21:56:58.308+0000] {standard_task_runner.py:90} INFO - Running: ['***', 'tasks', 'run', 'name_stream_dag', 'stream_to_kafka_task', 'scheduled__2025-11-28T21:50:00+00:00', '--job-id', '397', '--raw', '--subdir', 'DAGS_FOLDER/kafka_stream_dag.py', '--cfg-path', '/tmp/tmpu26d22so']
[2025-11-28T21:56:58.366+0000] {standard_task_runner.py:91} INFO - Job 397: Subtask stream_to_kafka_task
[2025-11-28T21:56:59.791+0000] {task_command.py:426} INFO - Running <TaskInstance: name_stream_dag.stream_to_kafka_task scheduled__2025-11-28T21:50:00+00:00 [running]> on host ba840ab4a6c4
[2025-11-28T21:57:02.623+0000] {taskinstance.py:2648} INFO - Exporting env vars: AIRFLOW_CTX_DAG_OWNER='***' AIRFLOW_CTX_DAG_ID='name_stream_dag' AIRFLOW_CTX_TASK_ID='stream_to_kafka_task' AIRFLOW_CTX_EXECUTION_DATE='2025-11-28T21:50:00+00:00' AIRFLOW_CTX_TRY_NUMBER='1' AIRFLOW_CTX_DAG_RUN_ID='scheduled__2025-11-28T21:50:00+00:00'
[2025-11-28T21:57:02.636+0000] {taskinstance.py:430} INFO - ::endgroup::
[2025-11-28T21:57:02.703+0000] {kafka_streaming_service.py:222} INFO - Starting Kafka stream: bootstrap=kafka:19092 topic=names_topic interval=10 duration=120
[2025-11-28T21:57:04.861+0000] {kafka_streaming_service.py:237} INFO - Iteration 1/12 – sending payload {'name': 'Miss. Sedef Topçuoğlu', 'gender': 'female', 'address': '5334, Maçka Cd', 'city': 'Şanlıurfa', 'nation': 'Turkey', 'zip': '228832946450209141620719215693508530727', 'latitude': 68.4845, 'longitude': 53.0656, 'email': 'sedef.topcuoglu@example.com'}
[2025-11-28T21:57:04.871+0000] {kafka_streaming_service.py:210} INFO - Producing record to topic=names_topic payload={'name': 'Miss. Sedef Topçuoğlu', 'gender': 'female', 'address': '5334, Maçka Cd', 'city': 'Şanlıurfa', 'nation': 'Turkey', 'zip': '228832946450209141620719215693508530727', 'latitude': 68.4845, 'longitude': 53.0656, 'email': 'sedef.topcuoglu@example.com'}
[2025-11-28T21:57:15.297+0000] {kafka_streaming_service.py:237} INFO - Iteration 2/12 – sending payload {'name': 'Mr. Rushil Nagane', 'gender': 'male', 'address': '1770, Shivajinagar', 'city': 'Shahjahanpur', 'nation': 'India', 'zip': '235081432061546247375691174201448147512', 'latitude': 4.9294, 'longitude': -20.7587, 'email': 'rushil.nagane@example.com'}
[2025-11-28T21:57:15.310+0000] {kafka_streaming_service.py:210} INFO - Producing record to topic=names_topic payload={'name': 'Mr. Rushil Nagane', 'gender': 'male', 'address': '1770, Shivajinagar', 'city': 'Shahjahanpur', 'nation': 'India', 'zip': '235081432061546247375691174201448147512', 'latitude': 4.9294, 'longitude': -20.7587, 'email': 'rushil.nagane@example.com'}
[2025-11-28T21:57:15.317+0000] {logging_mixin.py:188} INFO - Delivered to names_topic [0] @ offset 0
[2025-11-28T21:57:25.636+0000] {kafka_streaming_service.py:237} INFO - Iteration 3/12 – sending payload {'name': 'Mr. Ken Holmes', 'gender': 'male', 'address': '1219, Forest Ln', 'city': 'Mobile', 'nation': 'United States', 'zip': '225723436752664663156536894315912395431', 'latitude': 88.7061, 'longitude': -73.474, 'email': 'ken.holmes@example.com'}
[2025-11-28T21:57:25.641+0000] {kafka_streaming_service.py:210} INFO - Producing record to topic=names_topic payload={'name': 'Mr. Ken Holmes', 'gender': 'male', 'address': '1219, Forest Ln', 'city': 'Mobile', 'nation': 'United States', 'zip': '225723436752664663156536894315912395431', 'latitude': 88.7061, 'longitude': -73.474, 'email': 'ken.holmes@example.com'}
[2025-11-28T21:57:25.643+0000] {logging_mixin.py:188} INFO - Delivered to names_topic [0] @ offset 1
[2025-11-28T21:57:35.907+0000] {kafka_streaming_service.py:237} INFO - Iteration 4/12 – sending payload {'name': 'Mr. Mikael Lassila', 'gender': 'male', 'address': '656, Otavalankatu', 'city': 'Masku', 'nation': 'Finland', 'zip': '323149789046265935964271295939655918503', 'latitude': -27.6431, 'longitude': -141.7118, 'email': 'mikael.lassila@example.com'}
[2025-11-28T21:57:35.917+0000] {kafka_streaming_service.py:210} INFO - Producing record to topic=names_topic payload={'name': 'Mr. Mikael Lassila', 'gender': 'male', 'address': '656, Otavalankatu', 'city': 'Masku', 'nation': 'Finland', 'zip': '323149789046265935964271295939655918503', 'latitude': -27.6431, 'longitude': -141.7118, 'email': 'mikael.lassila@example.com'}
[2025-11-28T21:57:35.921+0000] {logging_mixin.py:188} INFO - Delivered to names_topic [0] @ offset 2
[2025-11-28T21:57:46.229+0000] {kafka_streaming_service.py:237} INFO - Iteration 5/12 – sending payload {'name': 'Mr. Daniel Chu', 'gender': 'male', 'address': '3282, College Ave', 'city': 'Brockton', 'nation': 'Canada', 'zip': '172594082136361636895659811404044384595', 'latitude': -70.5389, 'longitude': -172.9415, 'email': 'daniel.chu@example.com'}
[2025-11-28T21:57:46.232+0000] {kafka_streaming_service.py:210} INFO - Producing record to topic=names_topic payload={'name': 'Mr. Daniel Chu', 'gender': 'male', 'address': '3282, College Ave', 'city': 'Brockton', 'nation': 'Canada', 'zip': '172594082136361636895659811404044384595', 'latitude': -70.5389, 'longitude': -172.9415, 'email': 'daniel.chu@example.com'}
[2025-11-28T21:57:46.234+0000] {logging_mixin.py:188} INFO - Delivered to names_topic [0] @ offset 3
[2025-11-28T21:57:56.485+0000] {kafka_streaming_service.py:237} INFO - Iteration 6/12 – sending payload {'name': 'Mr. Arquimedes Melo', 'gender': 'male', 'address': '6410, Rua Dezessete ', 'city': 'Bento Gonçalves', 'nation': 'Brazil', 'zip': '269239850086630646834607130969702799157', 'latitude': -75.0939, 'longitude': -33.5994, 'email': 'arquimedes.melo@example.com'}
[2025-11-28T21:57:56.488+0000] {kafka_streaming_service.py:210} INFO - Producing record to topic=names_topic payload={'name': 'Mr. Arquimedes Melo', 'gender': 'male', 'address': '6410, Rua Dezessete ', 'city': 'Bento Gonçalves', 'nation': 'Brazil', 'zip': '269239850086630646834607130969702799157', 'latitude': -75.0939, 'longitude': -33.5994, 'email': 'arquimedes.melo@example.com'}
[2025-11-28T21:57:56.492+0000] {logging_mixin.py:188} INFO - Delivered to names_topic [0] @ offset 4
[2025-11-28T21:58:06.733+0000] {kafka_streaming_service.py:237} INFO - Iteration 7/12 – sending payload {'name': 'Mr. Magnus Görgen', 'gender': 'male', 'address': '6773, Drosselweg', 'city': 'Illertissen', 'nation': 'Germany', 'zip': '235511065918039162375768173821572286619', 'latitude': -49.4164, 'longitude': -135.2965, 'email': 'magnus.gorgen@example.com'}
[2025-11-28T21:58:06.742+0000] {kafka_streaming_service.py:210} INFO - Producing record to topic=names_topic payload={'name': 'Mr. Magnus Görgen', 'gender': 'male', 'address': '6773, Drosselweg', 'city': 'Illertissen', 'nation': 'Germany', 'zip': '235511065918039162375768173821572286619', 'latitude': -49.4164, 'longitude': -135.2965, 'email': 'magnus.gorgen@example.com'}
[2025-11-28T21:58:06.743+0000] {logging_mixin.py:188} INFO - Delivered to names_topic [0] @ offset 5
[2025-11-28T21:58:18.545+0000] {kafka_streaming_service.py:237} INFO - Iteration 8/12 – sending payload {'name': 'Mr. José Alvarez', 'gender': 'male', 'address': '527, Continuación Zacatecas', 'city': 'Guerrero', 'nation': 'Mexico', 'zip': '228918341913425934539182388699846099660', 'latitude': 22.5733, 'longitude': -45.1825, 'email': 'jose.alvarez@example.com'}
[2025-11-28T21:58:18.552+0000] {kafka_streaming_service.py:210} INFO - Producing record to topic=names_topic payload={'name': 'Mr. José Alvarez', 'gender': 'male', 'address': '527, Continuación Zacatecas', 'city': 'Guerrero', 'nation': 'Mexico', 'zip': '228918341913425934539182388699846099660', 'latitude': 22.5733, 'longitude': -45.1825, 'email': 'jose.alvarez@example.com'}
[2025-11-28T21:58:18.556+0000] {logging_mixin.py:188} INFO - Delivered to names_topic [0] @ offset 6
[2025-11-28T21:58:28.907+0000] {kafka_streaming_service.py:237} INFO - Iteration 9/12 – sending payload {'name': 'Mrs. Brittany Beck', 'gender': 'female', 'address': '4445, Grange Road', 'city': 'Kildare', 'nation': 'Ireland', 'zip': '244514198290805512237901960191218088055', 'latitude': -3.6113, 'longitude': 39.9477, 'email': 'brittany.beck@example.com'}
[2025-11-28T21:58:28.916+0000] {kafka_streaming_service.py:210} INFO - Producing record to topic=names_topic payload={'name': 'Mrs. Brittany Beck', 'gender': 'female', 'address': '4445, Grange Road', 'city': 'Kildare', 'nation': 'Ireland', 'zip': '244514198290805512237901960191218088055', 'latitude': -3.6113, 'longitude': 39.9477, 'email': 'brittany.beck@example.com'}
[2025-11-28T21:58:28.922+0000] {logging_mixin.py:188} INFO - Delivered to names_topic [0] @ offset 7
[2025-11-28T21:58:39.172+0000] {kafka_streaming_service.py:237} INFO - Iteration 10/12 – sending payload {'name': 'Mr. آدرین کوتی', 'gender': 'male', 'address': '9871, آیت الله مدرس', 'city': 'اسلام\u200cشهر', 'nation': 'Iran', 'zip': '25740472040317910338376017908818805936', 'latitude': 13.3252, 'longitude': -148.7262, 'email': 'adryn.khwty@example.com'}
[2025-11-28T21:58:39.175+0000] {kafka_streaming_service.py:210} INFO - Producing record to topic=names_topic payload={'name': 'Mr. آدرین کوتی', 'gender': 'male', 'address': '9871, آیت الله مدرس', 'city': 'اسلام\u200cشهر', 'nation': 'Iran', 'zip': '25740472040317910338376017908818805936', 'latitude': 13.3252, 'longitude': -148.7262, 'email': 'adryn.khwty@example.com'}
[2025-11-28T21:58:39.177+0000] {logging_mixin.py:188} INFO - Delivered to names_topic [0] @ offset 8
[2025-11-28T21:58:49.508+0000] {kafka_streaming_service.py:237} INFO - Iteration 11/12 – sending payload {'name': 'Mr. Kenneth Clark', 'gender': 'male', 'address': '6896, High Street', 'city': 'Lichfield', 'nation': 'United Kingdom', 'zip': '190026593349605166939472435138851830757', 'latitude': -9.3774, 'longitude': -160.9619, 'email': 'kenneth.clark@example.com'}
[2025-11-28T21:58:49.510+0000] {kafka_streaming_service.py:210} INFO - Producing record to topic=names_topic payload={'name': 'Mr. Kenneth Clark', 'gender': 'male', 'address': '6896, High Street', 'city': 'Lichfield', 'nation': 'United Kingdom', 'zip': '190026593349605166939472435138851830757', 'latitude': -9.3774, 'longitude': -160.9619, 'email': 'kenneth.clark@example.com'}
[2025-11-28T21:58:49.511+0000] {logging_mixin.py:188} INFO - Delivered to names_topic [0] @ offset 9
[2025-11-28T21:58:59.830+0000] {kafka_streaming_service.py:237} INFO - Iteration 12/12 – sending payload {'name': 'Mr. Rafaél Velásquez', 'gender': 'male', 'address': '2893, Avenida Baja California Sur', 'city': 'Coatlán del Río', 'nation': 'Mexico', 'zip': '58433787932608128710098466489689699681', 'latitude': 25.1322, 'longitude': -13.3295, 'email': 'rafael.velasquez@example.com'}
[2025-11-28T21:58:59.837+0000] {kafka_streaming_service.py:210} INFO - Producing record to topic=names_topic payload={'name': 'Mr. Rafaél Velásquez', 'gender': 'male', 'address': '2893, Avenida Baja California Sur', 'city': 'Coatlán del Río', 'nation': 'Mexico', 'zip': '58433787932608128710098466489689699681', 'latitude': 25.1322, 'longitude': -13.3295, 'email': 'rafael.velasquez@example.com'}
[2025-11-28T21:58:59.842+0000] {logging_mixin.py:188} INFO - Delivered to names_topic [0] @ offset 10
[2025-11-28T21:59:09.769+0000] {logging_mixin.py:188} INFO - Delivered to names_topic [0] @ offset 11
[2025-11-28T21:59:09.776+0000] {kafka_streaming_service.py:245} INFO - Kafka producer flushed all pending messages.
[2025-11-28T21:59:09.812+0000] {python.py:237} INFO - Done. Returned value was: None
[2025-11-28T21:59:09.814+0000] {taskinstance.py:441} INFO - ::group::Post task execution logs
[2025-11-28T21:59:10.200+0000] {taskinstance.py:1206} INFO - Marking task as SUCCESS. dag_id=name_stream_dag, task_id=stream_to_kafka_task, run_id=scheduled__2025-11-28T21:50:00+00:00, execution_date=20251128T215000, start_date=20251128T215657, end_date=20251128T215910
[2025-11-28T21:59:10.489+0000] {local_task_job_runner.py:243} INFO - Task exited with return code 0
[2025-11-28T21:59:10.848+0000] {taskinstance.py:3503} INFO - 0 downstream tasks scheduled from follow-on schedule check
[2025-11-28T21:59:11.062+0000] {local_task_job_runner.py:222} INFO - ::endgroup::
