[2025-11-28T19:46:02.620+0000] {local_task_job_runner.py:120} INFO - ::group::Pre task execution logs
[2025-11-28T19:46:02.769+0000] {taskinstance.py:2076} INFO - Dependencies all met for dep_context=non-requeueable deps ti=<TaskInstance: name_stream_dag.stream_to_kafka_task manual__2025-11-28T19:45:39.889454+00:00 [queued]>
[2025-11-28T19:46:02.798+0000] {taskinstance.py:2076} INFO - Dependencies all met for dep_context=requeueable deps ti=<TaskInstance: name_stream_dag.stream_to_kafka_task manual__2025-11-28T19:45:39.889454+00:00 [queued]>
[2025-11-28T19:46:02.799+0000] {taskinstance.py:2306} INFO - Starting attempt 1 of 2
[2025-11-28T19:46:02.883+0000] {taskinstance.py:2330} INFO - Executing <Task(PythonOperator): stream_to_kafka_task> on 2025-11-28 19:45:39.889454+00:00
[2025-11-28T19:46:02.914+0000] {standard_task_runner.py:64} INFO - Started process 134 to run task
[2025-11-28T19:46:02.921+0000] {standard_task_runner.py:90} INFO - Running: ['***', 'tasks', 'run', 'name_stream_dag', 'stream_to_kafka_task', 'manual__2025-11-28T19:45:39.889454+00:00', '--job-id', '259', '--raw', '--subdir', 'DAGS_FOLDER/kafka_stream_dag.py', '--cfg-path', '/tmp/tmpt2uklweo']
[2025-11-28T19:46:02.944+0000] {standard_task_runner.py:91} INFO - Job 259: Subtask stream_to_kafka_task
[2025-11-28T19:46:03.587+0000] {task_command.py:426} INFO - Running <TaskInstance: name_stream_dag.stream_to_kafka_task manual__2025-11-28T19:45:39.889454+00:00 [running]> on host a7e95fe2a808
[2025-11-28T19:46:04.422+0000] {taskinstance.py:2648} INFO - Exporting env vars: AIRFLOW_CTX_DAG_OWNER='***' AIRFLOW_CTX_DAG_ID='name_stream_dag' AIRFLOW_CTX_TASK_ID='stream_to_kafka_task' AIRFLOW_CTX_EXECUTION_DATE='2025-11-28T19:45:39.889454+00:00' AIRFLOW_CTX_TRY_NUMBER='1' AIRFLOW_CTX_DAG_RUN_ID='manual__2025-11-28T19:45:39.889454+00:00'
[2025-11-28T19:46:04.429+0000] {taskinstance.py:430} INFO - ::endgroup::
[2025-11-28T19:46:04.466+0000] {kafka_streaming_service.py:222} INFO - Starting Kafka stream: bootstrap=kafka:19092 topic=names_topic interval=10 duration=120
[2025-11-28T19:46:04.864+0000] {kafka_streaming_service.py:237} INFO - Iteration 1/12 – sending payload {'name': 'Mr. Loïs Berger', 'gender': 'male', 'address': "2227, Rue de L'Abbé-Roger-Derry", 'city': 'Besançon', 'nation': 'France', 'zip': '169787171261488234534691152139895248442', 'latitude': -15.3247, 'longitude': -11.9399, 'email': 'lois.berger@example.com'}
[2025-11-28T19:46:04.871+0000] {kafka_streaming_service.py:210} INFO - Producing record to topic=names_topic payload={'name': 'Mr. Loïs Berger', 'gender': 'male', 'address': "2227, Rue de L'Abbé-Roger-Derry", 'city': 'Besançon', 'nation': 'France', 'zip': '169787171261488234534691152139895248442', 'latitude': -15.3247, 'longitude': -11.9399, 'email': 'lois.berger@example.com'}
[2025-11-28T19:46:15.090+0000] {kafka_streaming_service.py:237} INFO - Iteration 2/12 – sending payload {'name': 'Mrs. Andrijana Srećković', 'gender': 'female', 'address': '4261, Batuska', 'city': 'Novi Pazar', 'nation': 'Serbia', 'zip': '137257001581167060991027800650616356848', 'latitude': 56.6751, 'longitude': 98.6901, 'email': 'andrijana.sreckovic@example.com'}
[2025-11-28T19:46:15.096+0000] {kafka_streaming_service.py:210} INFO - Producing record to topic=names_topic payload={'name': 'Mrs. Andrijana Srećković', 'gender': 'female', 'address': '4261, Batuska', 'city': 'Novi Pazar', 'nation': 'Serbia', 'zip': '137257001581167060991027800650616356848', 'latitude': 56.6751, 'longitude': 98.6901, 'email': 'andrijana.sreckovic@example.com'}
[2025-11-28T19:46:15.103+0000] {logging_mixin.py:188} INFO - Delivered to names_topic [0] @ offset 0
[2025-11-28T19:46:25.472+0000] {kafka_streaming_service.py:237} INFO - Iteration 3/12 – sending payload {'name': 'Mademoiselle. Édith Bertrand', 'gender': 'female', 'address': "7571, Place de L'Abbé-Jean-Lebeuf", 'city': 'Kallnach', 'nation': 'Switzerland', 'zip': '271443126028944531372374669502161602907', 'latitude': -63.3896, 'longitude': 32.2805, 'email': 'edith.bertrand@example.com'}
[2025-11-28T19:46:25.475+0000] {kafka_streaming_service.py:210} INFO - Producing record to topic=names_topic payload={'name': 'Mademoiselle. Édith Bertrand', 'gender': 'female', 'address': "7571, Place de L'Abbé-Jean-Lebeuf", 'city': 'Kallnach', 'nation': 'Switzerland', 'zip': '271443126028944531372374669502161602907', 'latitude': -63.3896, 'longitude': 32.2805, 'email': 'edith.bertrand@example.com'}
[2025-11-28T19:46:25.476+0000] {logging_mixin.py:188} INFO - Delivered to names_topic [0] @ offset 1
[2025-11-28T19:46:36.356+0000] {kafka_streaming_service.py:237} INFO - Iteration 4/12 – sending payload {'name': 'Mr. Emin Milde', 'gender': 'male', 'address': '3397, Hans Steinpukkers vei', 'city': 'Austreim', 'nation': 'Norway', 'zip': '67778527216334921129204538380960503363', 'latitude': 38.7699, 'longitude': -173.4398, 'email': 'emin.milde@example.com'}
[2025-11-28T19:46:36.359+0000] {kafka_streaming_service.py:210} INFO - Producing record to topic=names_topic payload={'name': 'Mr. Emin Milde', 'gender': 'male', 'address': '3397, Hans Steinpukkers vei', 'city': 'Austreim', 'nation': 'Norway', 'zip': '67778527216334921129204538380960503363', 'latitude': 38.7699, 'longitude': -173.4398, 'email': 'emin.milde@example.com'}
[2025-11-28T19:46:36.363+0000] {logging_mixin.py:188} INFO - Delivered to names_topic [0] @ offset 2
[2025-11-28T19:46:46.665+0000] {kafka_streaming_service.py:237} INFO - Iteration 5/12 – sending payload {'name': 'Mr. Baptiste Durand', 'gender': 'male', 'address': '5915, Rue Dugas-Montbel', 'city': 'Grenoble', 'nation': 'France', 'zip': '126414469688665575595778208947117662196', 'latitude': -14.0018, 'longitude': -165.9307, 'email': 'baptiste.durand@example.com'}
[2025-11-28T19:46:46.674+0000] {kafka_streaming_service.py:210} INFO - Producing record to topic=names_topic payload={'name': 'Mr. Baptiste Durand', 'gender': 'male', 'address': '5915, Rue Dugas-Montbel', 'city': 'Grenoble', 'nation': 'France', 'zip': '126414469688665575595778208947117662196', 'latitude': -14.0018, 'longitude': -165.9307, 'email': 'baptiste.durand@example.com'}
[2025-11-28T19:46:46.675+0000] {logging_mixin.py:188} INFO - Delivered to names_topic [0] @ offset 3
[2025-11-28T19:46:56.996+0000] {kafka_streaming_service.py:237} INFO - Iteration 6/12 – sending payload {'name': 'Mr. Christoffer Nielsen', 'gender': 'male', 'address': '8728, Brogade', 'city': 'Amager', 'nation': 'Denmark', 'zip': '18364194897097329574223841009325325573', 'latitude': -45.7592, 'longitude': -2.17, 'email': 'christoffer.nielsen@example.com'}
[2025-11-28T19:46:57.001+0000] {kafka_streaming_service.py:210} INFO - Producing record to topic=names_topic payload={'name': 'Mr. Christoffer Nielsen', 'gender': 'male', 'address': '8728, Brogade', 'city': 'Amager', 'nation': 'Denmark', 'zip': '18364194897097329574223841009325325573', 'latitude': -45.7592, 'longitude': -2.17, 'email': 'christoffer.nielsen@example.com'}
[2025-11-28T19:46:57.003+0000] {logging_mixin.py:188} INFO - Delivered to names_topic [0] @ offset 4
[2025-11-28T19:47:07.417+0000] {kafka_streaming_service.py:237} INFO - Iteration 7/12 – sending payload {'name': 'Ms. Melina Đokanović', 'gender': 'female', 'address': '2125, Milije Marinkovića', 'city': 'Srbobran', 'nation': 'Serbia', 'zip': '42852936907232301178951342604500660622', 'latitude': 55.7275, 'longitude': 89.539, 'email': 'melina.dokanovic@example.com'}
[2025-11-28T19:47:07.420+0000] {kafka_streaming_service.py:210} INFO - Producing record to topic=names_topic payload={'name': 'Ms. Melina Đokanović', 'gender': 'female', 'address': '2125, Milije Marinkovića', 'city': 'Srbobran', 'nation': 'Serbia', 'zip': '42852936907232301178951342604500660622', 'latitude': 55.7275, 'longitude': 89.539, 'email': 'melina.dokanovic@example.com'}
[2025-11-28T19:47:07.422+0000] {logging_mixin.py:188} INFO - Delivered to names_topic [0] @ offset 5
[2025-11-28T19:47:17.714+0000] {kafka_streaming_service.py:237} INFO - Iteration 8/12 – sending payload {'name': 'Mrs. Higina Nogueira', 'gender': 'female', 'address': '2771, Rua Treze de Maio ', 'city': 'Maringá', 'nation': 'Brazil', 'zip': '233194298684765634187391907025256446620', 'latitude': -78.8183, 'longitude': 92.9917, 'email': 'higina.nogueira@example.com'}
[2025-11-28T19:47:17.718+0000] {kafka_streaming_service.py:210} INFO - Producing record to topic=names_topic payload={'name': 'Mrs. Higina Nogueira', 'gender': 'female', 'address': '2771, Rua Treze de Maio ', 'city': 'Maringá', 'nation': 'Brazil', 'zip': '233194298684765634187391907025256446620', 'latitude': -78.8183, 'longitude': 92.9917, 'email': 'higina.nogueira@example.com'}
[2025-11-28T19:47:17.719+0000] {logging_mixin.py:188} INFO - Delivered to names_topic [0] @ offset 6
[2025-11-28T19:47:28.198+0000] {kafka_streaming_service.py:237} INFO - Iteration 9/12 – sending payload {'name': 'Mr. Lenni Sakala', 'gender': 'male', 'address': '6175, Otavalankatu', 'city': 'Jalasjärvi', 'nation': 'Finland', 'zip': '77375345803188557374847859246413466253', 'latitude': -27.9858, 'longitude': -89.4953, 'email': 'lenni.sakala@example.com'}
[2025-11-28T19:47:28.200+0000] {kafka_streaming_service.py:210} INFO - Producing record to topic=names_topic payload={'name': 'Mr. Lenni Sakala', 'gender': 'male', 'address': '6175, Otavalankatu', 'city': 'Jalasjärvi', 'nation': 'Finland', 'zip': '77375345803188557374847859246413466253', 'latitude': -27.9858, 'longitude': -89.4953, 'email': 'lenni.sakala@example.com'}
[2025-11-28T19:47:28.201+0000] {logging_mixin.py:188} INFO - Delivered to names_topic [0] @ offset 7
[2025-11-28T19:47:38.500+0000] {kafka_streaming_service.py:237} INFO - Iteration 10/12 – sending payload {'name': 'Miss. Madeleine Wood', 'gender': 'female', 'address': '3335, Sherborne Street', 'city': 'Hastings', 'nation': 'New Zealand', 'zip': '262721790215851466542682868209045724493', 'latitude': 54.6112, 'longitude': 146.9809, 'email': 'madeleine.wood@example.com'}
[2025-11-28T19:47:38.502+0000] {kafka_streaming_service.py:210} INFO - Producing record to topic=names_topic payload={'name': 'Miss. Madeleine Wood', 'gender': 'female', 'address': '3335, Sherborne Street', 'city': 'Hastings', 'nation': 'New Zealand', 'zip': '262721790215851466542682868209045724493', 'latitude': 54.6112, 'longitude': 146.9809, 'email': 'madeleine.wood@example.com'}
[2025-11-28T19:47:38.505+0000] {logging_mixin.py:188} INFO - Delivered to names_topic [0] @ offset 8
[2025-11-28T19:47:48.787+0000] {kafka_streaming_service.py:237} INFO - Iteration 11/12 – sending payload {'name': 'Miss. Harper Li', 'gender': 'female', 'address': '7470, Blenheim Road', 'city': 'Auckland', 'nation': 'New Zealand', 'zip': '53918762894462451648389608165568959501', 'latitude': 54.1954, 'longitude': 112.6945, 'email': 'harper.li@example.com'}
[2025-11-28T19:47:48.790+0000] {kafka_streaming_service.py:210} INFO - Producing record to topic=names_topic payload={'name': 'Miss. Harper Li', 'gender': 'female', 'address': '7470, Blenheim Road', 'city': 'Auckland', 'nation': 'New Zealand', 'zip': '53918762894462451648389608165568959501', 'latitude': 54.1954, 'longitude': 112.6945, 'email': 'harper.li@example.com'}
[2025-11-28T19:47:48.797+0000] {logging_mixin.py:188} INFO - Delivered to names_topic [0] @ offset 9
[2025-11-28T19:47:59.159+0000] {kafka_streaming_service.py:237} INFO - Iteration 12/12 – sending payload {'name': 'Mr. Alexander Olsen', 'gender': 'male', 'address': '7739, Overgade', 'city': 'Billum', 'nation': 'Denmark', 'zip': '236932015767173962747674133331510728053', 'latitude': -46.3959, 'longitude': -59.922, 'email': 'alexander.olsen@example.com'}
[2025-11-28T19:47:59.160+0000] {kafka_streaming_service.py:210} INFO - Producing record to topic=names_topic payload={'name': 'Mr. Alexander Olsen', 'gender': 'male', 'address': '7739, Overgade', 'city': 'Billum', 'nation': 'Denmark', 'zip': '236932015767173962747674133331510728053', 'latitude': -46.3959, 'longitude': -59.922, 'email': 'alexander.olsen@example.com'}
[2025-11-28T19:47:59.162+0000] {logging_mixin.py:188} INFO - Delivered to names_topic [0] @ offset 10
[2025-11-28T19:48:09.165+0000] {logging_mixin.py:188} INFO - Delivered to names_topic [0] @ offset 11
[2025-11-28T19:48:09.167+0000] {kafka_streaming_service.py:245} INFO - Kafka producer flushed all pending messages.
[2025-11-28T19:48:09.177+0000] {python.py:237} INFO - Done. Returned value was: None
[2025-11-28T19:48:09.179+0000] {taskinstance.py:441} INFO - ::group::Post task execution logs
[2025-11-28T19:48:09.401+0000] {taskinstance.py:1206} INFO - Marking task as SUCCESS. dag_id=name_stream_dag, task_id=stream_to_kafka_task, run_id=manual__2025-11-28T19:45:39.889454+00:00, execution_date=20251128T194539, start_date=20251128T194602, end_date=20251128T194809
[2025-11-28T19:48:09.556+0000] {local_task_job_runner.py:243} INFO - Task exited with return code 0
[2025-11-28T19:48:09.847+0000] {taskinstance.py:3503} INFO - 1 downstream tasks scheduled from follow-on schedule check
[2025-11-28T19:48:09.917+0000] {local_task_job_runner.py:222} INFO - ::endgroup::
