[2025-10-07T21:50:01.642+0100] {local_task_job_runner.py:120} INFO - ::group::Pre task execution logs
[2025-10-07T21:50:01.764+0100] {taskinstance.py:2076} INFO - Dependencies all met for dep_context=non-requeueable deps ti=<TaskInstance: name_stream_dag.stream_to_kafka_task scheduled__2025-10-07T20:45:00+00:00 [queued]>
[2025-10-07T21:50:01.789+0100] {taskinstance.py:2076} INFO - Dependencies all met for dep_context=requeueable deps ti=<TaskInstance: name_stream_dag.stream_to_kafka_task scheduled__2025-10-07T20:45:00+00:00 [queued]>
[2025-10-07T21:50:01.791+0100] {taskinstance.py:2306} INFO - Starting attempt 1 of 2
[2025-10-07T21:50:01.895+0100] {taskinstance.py:2330} INFO - Executing <Task(PythonOperator): stream_to_kafka_task> on 2025-10-07 20:45:00+00:00
[2025-10-07T21:50:01.909+0100] {standard_task_runner.py:64} INFO - Started process 481 to run task
[2025-10-07T21:50:01.917+0100] {standard_task_runner.py:90} INFO - Running: ['***', 'tasks', 'run', 'name_stream_dag', 'stream_to_kafka_task', 'scheduled__2025-10-07T20:45:00+00:00', '--job-id', '6', '--raw', '--subdir', 'DAGS_FOLDER/kafka_stream_dag.py', '--cfg-path', '/tmp/tmp3ydpk3f6']
[2025-10-07T21:50:01.925+0100] {standard_task_runner.py:91} INFO - Job 6: Subtask stream_to_kafka_task
[2025-10-07T21:50:02.200+0100] {task_command.py:426} INFO - Running <TaskInstance: name_stream_dag.stream_to_kafka_task scheduled__2025-10-07T20:45:00+00:00 [running]> on host e9a80c19b29d
[2025-10-07T21:50:03.194+0100] {taskinstance.py:2648} INFO - Exporting env vars: AIRFLOW_CTX_DAG_OWNER='***' AIRFLOW_CTX_DAG_ID='name_stream_dag' AIRFLOW_CTX_TASK_ID='stream_to_kafka_task' AIRFLOW_CTX_EXECUTION_DATE='2025-10-07T20:45:00+00:00' AIRFLOW_CTX_TRY_NUMBER='1' AIRFLOW_CTX_DAG_RUN_ID='scheduled__2025-10-07T20:45:00+00:00'
[2025-10-07T21:50:03.198+0100] {taskinstance.py:430} INFO - ::endgroup::
[2025-10-07T21:50:14.383+0100] {logging_mixin.py:188} INFO - Delivered to names_topic [0] @ offset 48
[2025-10-07T21:50:24.833+0100] {logging_mixin.py:188} INFO - Delivered to names_topic [0] @ offset 49
[2025-10-07T21:50:35.417+0100] {logging_mixin.py:188} INFO - Delivered to names_topic [0] @ offset 50
[2025-10-07T21:50:45.766+0100] {logging_mixin.py:188} INFO - Delivered to names_topic [0] @ offset 51
[2025-10-07T21:50:56.199+0100] {logging_mixin.py:188} INFO - Delivered to names_topic [0] @ offset 52
[2025-10-07T21:51:06.483+0100] {logging_mixin.py:188} INFO - Delivered to names_topic [0] @ offset 53
[2025-10-07T21:51:16.861+0100] {logging_mixin.py:188} INFO - Delivered to names_topic [0] @ offset 54
[2025-10-07T21:51:27.155+0100] {logging_mixin.py:188} INFO - Delivered to names_topic [0] @ offset 55
[2025-10-07T21:51:37.520+0100] {logging_mixin.py:188} INFO - Delivered to names_topic [0] @ offset 56
[2025-10-07T21:51:47.949+0100] {logging_mixin.py:188} INFO - Delivered to names_topic [0] @ offset 57
[2025-10-07T21:51:58.325+0100] {logging_mixin.py:188} INFO - Delivered to names_topic [0] @ offset 58
[2025-10-07T21:52:08.314+0100] {logging_mixin.py:188} INFO - Delivered to names_topic [0] @ offset 59
[2025-10-07T21:52:08.342+0100] {python.py:237} INFO - Done. Returned value was: None
[2025-10-07T21:52:08.344+0100] {taskinstance.py:441} INFO - ::group::Post task execution logs
[2025-10-07T21:52:08.561+0100] {taskinstance.py:1206} INFO - Marking task as SUCCESS. dag_id=name_stream_dag, task_id=stream_to_kafka_task, run_id=scheduled__2025-10-07T20:45:00+00:00, execution_date=20251007T204500, start_date=20251007T205001, end_date=20251007T205208
[2025-10-07T21:52:08.832+0100] {local_task_job_runner.py:243} INFO - Task exited with return code 0
[2025-10-07T21:52:09.091+0100] {local_task_job_runner.py:222} INFO - ::endgroup::
