[2025-11-28T15:19:05.264+0000] {processor.py:161} INFO - Started process (PID=74) to work on /opt/airflow/dags/kafka_stream_dag.py
[2025-11-28T15:19:05.282+0000] {processor.py:830} INFO - Processing file /opt/airflow/dags/kafka_stream_dag.py for tasks to queue
[2025-11-28T15:19:05.301+0000] {logging_mixin.py:188} INFO - [2025-11-28T15:19:05.298+0000] {dagbag.py:545} INFO - Filling up the DagBag from /opt/airflow/dags/kafka_stream_dag.py
[2025-11-28T15:19:05.529+0000] {processor.py:840} INFO - DAG(s) 'name_stream_dag' retrieved from /opt/airflow/dags/kafka_stream_dag.py
[2025-11-28T15:19:06.451+0000] {logging_mixin.py:188} INFO - [2025-11-28T15:19:06.451+0000] {dag.py:3089} INFO - Sync 1 DAGs
[2025-11-28T15:19:07.578+0000] {processor.py:183} INFO - Processing /opt/airflow/dags/kafka_stream_dag.py took 2.382 seconds
[2025-11-28T15:19:37.886+0000] {processor.py:161} INFO - Started process (PID=89) to work on /opt/airflow/dags/kafka_stream_dag.py
[2025-11-28T15:19:37.892+0000] {processor.py:830} INFO - Processing file /opt/airflow/dags/kafka_stream_dag.py for tasks to queue
[2025-11-28T15:19:37.901+0000] {logging_mixin.py:188} INFO - [2025-11-28T15:19:37.900+0000] {dagbag.py:545} INFO - Filling up the DagBag from /opt/airflow/dags/kafka_stream_dag.py
[2025-11-28T15:19:37.980+0000] {processor.py:840} INFO - DAG(s) 'name_stream_dag' retrieved from /opt/airflow/dags/kafka_stream_dag.py
[2025-11-28T15:19:38.147+0000] {logging_mixin.py:188} INFO - [2025-11-28T15:19:38.146+0000] {dag.py:3089} INFO - Sync 1 DAGs
[2025-11-28T15:19:38.508+0000] {processor.py:183} INFO - Processing /opt/airflow/dags/kafka_stream_dag.py took 0.641 seconds
[2025-11-28T15:20:09.377+0000] {processor.py:161} INFO - Started process (PID=102) to work on /opt/airflow/dags/kafka_stream_dag.py
[2025-11-28T15:20:09.379+0000] {processor.py:830} INFO - Processing file /opt/airflow/dags/kafka_stream_dag.py for tasks to queue
[2025-11-28T15:20:09.385+0000] {logging_mixin.py:188} INFO - [2025-11-28T15:20:09.385+0000] {dagbag.py:545} INFO - Filling up the DagBag from /opt/airflow/dags/kafka_stream_dag.py
[2025-11-28T15:20:09.455+0000] {processor.py:840} INFO - DAG(s) 'name_stream_dag' retrieved from /opt/airflow/dags/kafka_stream_dag.py
[2025-11-28T15:20:09.617+0000] {logging_mixin.py:188} INFO - [2025-11-28T15:20:09.616+0000] {dag.py:3089} INFO - Sync 1 DAGs
[2025-11-28T15:20:10.005+0000] {processor.py:183} INFO - Processing /opt/airflow/dags/kafka_stream_dag.py took 0.645 seconds
[2025-11-28T15:20:40.170+0000] {processor.py:161} INFO - Started process (PID=115) to work on /opt/airflow/dags/kafka_stream_dag.py
[2025-11-28T15:20:40.173+0000] {processor.py:830} INFO - Processing file /opt/airflow/dags/kafka_stream_dag.py for tasks to queue
[2025-11-28T15:20:40.179+0000] {logging_mixin.py:188} INFO - [2025-11-28T15:20:40.178+0000] {dagbag.py:545} INFO - Filling up the DagBag from /opt/airflow/dags/kafka_stream_dag.py
[2025-11-28T15:20:40.247+0000] {processor.py:840} INFO - DAG(s) 'name_stream_dag' retrieved from /opt/airflow/dags/kafka_stream_dag.py
[2025-11-28T15:20:40.396+0000] {logging_mixin.py:188} INFO - [2025-11-28T15:20:40.396+0000] {dag.py:3089} INFO - Sync 1 DAGs
[2025-11-28T15:20:40.601+0000] {processor.py:183} INFO - Processing /opt/airflow/dags/kafka_stream_dag.py took 0.446 seconds
[2025-11-28T15:21:11.405+0000] {processor.py:161} INFO - Started process (PID=128) to work on /opt/airflow/dags/kafka_stream_dag.py
[2025-11-28T15:21:11.412+0000] {processor.py:830} INFO - Processing file /opt/airflow/dags/kafka_stream_dag.py for tasks to queue
[2025-11-28T15:21:11.417+0000] {logging_mixin.py:188} INFO - [2025-11-28T15:21:11.416+0000] {dagbag.py:545} INFO - Filling up the DagBag from /opt/airflow/dags/kafka_stream_dag.py
[2025-11-28T15:21:11.523+0000] {processor.py:840} INFO - DAG(s) 'name_stream_dag' retrieved from /opt/airflow/dags/kafka_stream_dag.py
[2025-11-28T15:21:11.949+0000] {logging_mixin.py:188} INFO - [2025-11-28T15:21:11.948+0000] {dag.py:3089} INFO - Sync 1 DAGs
[2025-11-28T15:21:12.431+0000] {processor.py:183} INFO - Processing /opt/airflow/dags/kafka_stream_dag.py took 1.074 seconds
[2025-11-28T15:21:43.322+0000] {processor.py:161} INFO - Started process (PID=142) to work on /opt/airflow/dags/kafka_stream_dag.py
[2025-11-28T15:21:43.324+0000] {processor.py:830} INFO - Processing file /opt/airflow/dags/kafka_stream_dag.py for tasks to queue
[2025-11-28T15:21:43.327+0000] {logging_mixin.py:188} INFO - [2025-11-28T15:21:43.326+0000] {dagbag.py:545} INFO - Filling up the DagBag from /opt/airflow/dags/kafka_stream_dag.py
[2025-11-28T15:21:43.371+0000] {processor.py:840} INFO - DAG(s) 'name_stream_dag' retrieved from /opt/airflow/dags/kafka_stream_dag.py
[2025-11-28T15:21:43.485+0000] {logging_mixin.py:188} INFO - [2025-11-28T15:21:43.484+0000] {dag.py:3089} INFO - Sync 1 DAGs
[2025-11-28T15:21:44.361+0000] {processor.py:183} INFO - Processing /opt/airflow/dags/kafka_stream_dag.py took 1.059 seconds
[2025-11-28T15:22:15.393+0000] {processor.py:161} INFO - Started process (PID=155) to work on /opt/airflow/dags/kafka_stream_dag.py
[2025-11-28T15:22:15.412+0000] {processor.py:830} INFO - Processing file /opt/airflow/dags/kafka_stream_dag.py for tasks to queue
[2025-11-28T15:22:15.416+0000] {logging_mixin.py:188} INFO - [2025-11-28T15:22:15.416+0000] {dagbag.py:545} INFO - Filling up the DagBag from /opt/airflow/dags/kafka_stream_dag.py
[2025-11-28T15:22:15.520+0000] {processor.py:840} INFO - DAG(s) 'name_stream_dag' retrieved from /opt/airflow/dags/kafka_stream_dag.py
[2025-11-28T15:22:15.605+0000] {logging_mixin.py:188} INFO - [2025-11-28T15:22:15.604+0000] {dag.py:3089} INFO - Sync 1 DAGs
[2025-11-28T15:22:16.296+0000] {processor.py:183} INFO - Processing /opt/airflow/dags/kafka_stream_dag.py took 0.913 seconds
[2025-11-28T15:22:47.334+0000] {processor.py:161} INFO - Started process (PID=168) to work on /opt/airflow/dags/kafka_stream_dag.py
[2025-11-28T15:22:47.339+0000] {processor.py:830} INFO - Processing file /opt/airflow/dags/kafka_stream_dag.py for tasks to queue
[2025-11-28T15:22:47.352+0000] {logging_mixin.py:188} INFO - [2025-11-28T15:22:47.349+0000] {dagbag.py:545} INFO - Filling up the DagBag from /opt/airflow/dags/kafka_stream_dag.py
[2025-11-28T15:22:47.528+0000] {processor.py:840} INFO - DAG(s) 'name_stream_dag' retrieved from /opt/airflow/dags/kafka_stream_dag.py
[2025-11-28T15:22:47.706+0000] {logging_mixin.py:188} INFO - [2025-11-28T15:22:47.706+0000] {dag.py:3089} INFO - Sync 1 DAGs
[2025-11-28T15:22:49.309+0000] {processor.py:183} INFO - Processing /opt/airflow/dags/kafka_stream_dag.py took 2.003 seconds
[2025-11-28T15:23:20.413+0000] {processor.py:161} INFO - Started process (PID=181) to work on /opt/airflow/dags/kafka_stream_dag.py
[2025-11-28T15:23:20.416+0000] {processor.py:830} INFO - Processing file /opt/airflow/dags/kafka_stream_dag.py for tasks to queue
[2025-11-28T15:23:20.421+0000] {logging_mixin.py:188} INFO - [2025-11-28T15:23:20.420+0000] {dagbag.py:545} INFO - Filling up the DagBag from /opt/airflow/dags/kafka_stream_dag.py
[2025-11-28T15:23:20.510+0000] {processor.py:840} INFO - DAG(s) 'name_stream_dag' retrieved from /opt/airflow/dags/kafka_stream_dag.py
[2025-11-28T15:23:21.151+0000] {logging_mixin.py:188} INFO - [2025-11-28T15:23:21.151+0000] {dag.py:3089} INFO - Sync 1 DAGs
[2025-11-28T15:23:21.424+0000] {processor.py:183} INFO - Processing /opt/airflow/dags/kafka_stream_dag.py took 1.038 seconds
[2025-11-28T15:23:53.068+0000] {processor.py:161} INFO - Started process (PID=194) to work on /opt/airflow/dags/kafka_stream_dag.py
[2025-11-28T15:23:53.069+0000] {processor.py:830} INFO - Processing file /opt/airflow/dags/kafka_stream_dag.py for tasks to queue
[2025-11-28T15:23:53.073+0000] {logging_mixin.py:188} INFO - [2025-11-28T15:23:53.071+0000] {dagbag.py:545} INFO - Filling up the DagBag from /opt/airflow/dags/kafka_stream_dag.py
[2025-11-28T15:23:53.121+0000] {processor.py:840} INFO - DAG(s) 'name_stream_dag' retrieved from /opt/airflow/dags/kafka_stream_dag.py
[2025-11-28T15:23:53.223+0000] {logging_mixin.py:188} INFO - [2025-11-28T15:23:53.223+0000] {dag.py:3089} INFO - Sync 1 DAGs
[2025-11-28T15:23:53.268+0000] {logging_mixin.py:188} INFO - [2025-11-28T15:23:53.268+0000] {dag.py:3947} INFO - Setting next_dagrun for name_stream_dag to 2025-11-28 15:20:00+00:00, run_after=2025-11-28 15:25:00+00:00
[2025-11-28T15:23:53.561+0000] {processor.py:183} INFO - Processing /opt/airflow/dags/kafka_stream_dag.py took 1.301 seconds
[2025-11-28T15:24:24.427+0000] {processor.py:161} INFO - Started process (PID=199) to work on /opt/airflow/dags/kafka_stream_dag.py
[2025-11-28T15:24:24.429+0000] {processor.py:830} INFO - Processing file /opt/airflow/dags/kafka_stream_dag.py for tasks to queue
[2025-11-28T15:24:24.433+0000] {logging_mixin.py:188} INFO - [2025-11-28T15:24:24.432+0000] {dagbag.py:545} INFO - Filling up the DagBag from /opt/airflow/dags/kafka_stream_dag.py
[2025-11-28T15:24:24.471+0000] {processor.py:840} INFO - DAG(s) 'name_stream_dag' retrieved from /opt/airflow/dags/kafka_stream_dag.py
[2025-11-28T15:24:24.733+0000] {logging_mixin.py:188} INFO - [2025-11-28T15:24:24.732+0000] {dag.py:3089} INFO - Sync 1 DAGs
[2025-11-28T15:24:24.849+0000] {logging_mixin.py:188} INFO - [2025-11-28T15:24:24.849+0000] {dag.py:3947} INFO - Setting next_dagrun for name_stream_dag to 2025-11-28 15:20:00+00:00, run_after=2025-11-28 15:25:00+00:00
[2025-11-28T15:24:25.213+0000] {processor.py:183} INFO - Processing /opt/airflow/dags/kafka_stream_dag.py took 0.803 seconds
[2025-11-28T15:24:56.432+0000] {processor.py:161} INFO - Started process (PID=212) to work on /opt/airflow/dags/kafka_stream_dag.py
[2025-11-28T15:24:56.435+0000] {processor.py:830} INFO - Processing file /opt/airflow/dags/kafka_stream_dag.py for tasks to queue
[2025-11-28T15:24:56.442+0000] {logging_mixin.py:188} INFO - [2025-11-28T15:24:56.441+0000] {dagbag.py:545} INFO - Filling up the DagBag from /opt/airflow/dags/kafka_stream_dag.py
[2025-11-28T15:24:56.488+0000] {processor.py:840} INFO - DAG(s) 'name_stream_dag' retrieved from /opt/airflow/dags/kafka_stream_dag.py
[2025-11-28T15:24:56.631+0000] {logging_mixin.py:188} INFO - [2025-11-28T15:24:56.630+0000] {dag.py:3089} INFO - Sync 1 DAGs
[2025-11-28T15:24:56.788+0000] {logging_mixin.py:188} INFO - [2025-11-28T15:24:56.787+0000] {dag.py:3947} INFO - Setting next_dagrun for name_stream_dag to 2025-11-28 15:20:00+00:00, run_after=2025-11-28 15:25:00+00:00
[2025-11-28T15:24:57.023+0000] {processor.py:183} INFO - Processing /opt/airflow/dags/kafka_stream_dag.py took 0.611 seconds
[2025-11-28T15:25:29.203+0000] {processor.py:161} INFO - Started process (PID=235) to work on /opt/airflow/dags/kafka_stream_dag.py
[2025-11-28T15:25:29.206+0000] {processor.py:830} INFO - Processing file /opt/airflow/dags/kafka_stream_dag.py for tasks to queue
[2025-11-28T15:25:29.210+0000] {logging_mixin.py:188} INFO - [2025-11-28T15:25:29.209+0000] {dagbag.py:545} INFO - Filling up the DagBag from /opt/airflow/dags/kafka_stream_dag.py
[2025-11-28T15:25:29.250+0000] {processor.py:840} INFO - DAG(s) 'name_stream_dag' retrieved from /opt/airflow/dags/kafka_stream_dag.py
[2025-11-28T15:25:29.317+0000] {logging_mixin.py:188} INFO - [2025-11-28T15:25:29.316+0000] {dag.py:3089} INFO - Sync 1 DAGs
[2025-11-28T15:25:29.467+0000] {processor.py:183} INFO - Processing /opt/airflow/dags/kafka_stream_dag.py took 0.280 seconds
[2025-11-28T15:26:02.228+0000] {processor.py:161} INFO - Started process (PID=248) to work on /opt/airflow/dags/kafka_stream_dag.py
[2025-11-28T15:26:02.230+0000] {processor.py:830} INFO - Processing file /opt/airflow/dags/kafka_stream_dag.py for tasks to queue
[2025-11-28T15:26:02.234+0000] {logging_mixin.py:188} INFO - [2025-11-28T15:26:02.233+0000] {dagbag.py:545} INFO - Filling up the DagBag from /opt/airflow/dags/kafka_stream_dag.py
[2025-11-28T15:26:02.274+0000] {processor.py:840} INFO - DAG(s) 'name_stream_dag' retrieved from /opt/airflow/dags/kafka_stream_dag.py
[2025-11-28T15:26:02.344+0000] {logging_mixin.py:188} INFO - [2025-11-28T15:26:02.344+0000] {dag.py:3089} INFO - Sync 1 DAGs
[2025-11-28T15:26:02.441+0000] {processor.py:183} INFO - Processing /opt/airflow/dags/kafka_stream_dag.py took 0.226 seconds
[2025-11-28T15:26:34.284+0000] {processor.py:161} INFO - Started process (PID=261) to work on /opt/airflow/dags/kafka_stream_dag.py
[2025-11-28T15:26:34.288+0000] {processor.py:830} INFO - Processing file /opt/airflow/dags/kafka_stream_dag.py for tasks to queue
[2025-11-28T15:26:34.292+0000] {logging_mixin.py:188} INFO - [2025-11-28T15:26:34.291+0000] {dagbag.py:545} INFO - Filling up the DagBag from /opt/airflow/dags/kafka_stream_dag.py
[2025-11-28T15:26:34.336+0000] {processor.py:840} INFO - DAG(s) 'name_stream_dag' retrieved from /opt/airflow/dags/kafka_stream_dag.py
[2025-11-28T15:26:34.422+0000] {logging_mixin.py:188} INFO - [2025-11-28T15:26:34.421+0000] {dag.py:3089} INFO - Sync 1 DAGs
[2025-11-28T15:26:34.574+0000] {processor.py:183} INFO - Processing /opt/airflow/dags/kafka_stream_dag.py took 0.303 seconds
[2025-11-28T15:27:07.055+0000] {processor.py:161} INFO - Started process (PID=274) to work on /opt/airflow/dags/kafka_stream_dag.py
[2025-11-28T15:27:07.057+0000] {processor.py:830} INFO - Processing file /opt/airflow/dags/kafka_stream_dag.py for tasks to queue
[2025-11-28T15:27:07.060+0000] {logging_mixin.py:188} INFO - [2025-11-28T15:27:07.060+0000] {dagbag.py:545} INFO - Filling up the DagBag from /opt/airflow/dags/kafka_stream_dag.py
[2025-11-28T15:27:07.104+0000] {processor.py:840} INFO - DAG(s) 'name_stream_dag' retrieved from /opt/airflow/dags/kafka_stream_dag.py
[2025-11-28T15:27:07.197+0000] {logging_mixin.py:188} INFO - [2025-11-28T15:27:07.196+0000] {dag.py:3089} INFO - Sync 1 DAGs
[2025-11-28T15:27:07.342+0000] {processor.py:183} INFO - Processing /opt/airflow/dags/kafka_stream_dag.py took 0.299 seconds
[2025-11-28T15:27:40.314+0000] {processor.py:161} INFO - Started process (PID=279) to work on /opt/airflow/dags/kafka_stream_dag.py
[2025-11-28T15:27:40.316+0000] {processor.py:830} INFO - Processing file /opt/airflow/dags/kafka_stream_dag.py for tasks to queue
[2025-11-28T15:27:40.320+0000] {logging_mixin.py:188} INFO - [2025-11-28T15:27:40.319+0000] {dagbag.py:545} INFO - Filling up the DagBag from /opt/airflow/dags/kafka_stream_dag.py
[2025-11-28T15:27:40.355+0000] {processor.py:840} INFO - DAG(s) 'name_stream_dag' retrieved from /opt/airflow/dags/kafka_stream_dag.py
[2025-11-28T15:27:40.439+0000] {logging_mixin.py:188} INFO - [2025-11-28T15:27:40.438+0000] {dag.py:3089} INFO - Sync 1 DAGs
[2025-11-28T15:27:40.484+0000] {logging_mixin.py:188} INFO - [2025-11-28T15:27:40.484+0000] {dag.py:3947} INFO - Setting next_dagrun for name_stream_dag to 2025-11-28 15:25:00+00:00, run_after=2025-11-28 15:30:00+00:00
[2025-11-28T15:27:40.569+0000] {processor.py:183} INFO - Processing /opt/airflow/dags/kafka_stream_dag.py took 0.271 seconds
[2025-11-28T15:28:12.133+0000] {processor.py:161} INFO - Started process (PID=292) to work on /opt/airflow/dags/kafka_stream_dag.py
[2025-11-28T15:28:12.136+0000] {processor.py:830} INFO - Processing file /opt/airflow/dags/kafka_stream_dag.py for tasks to queue
[2025-11-28T15:28:12.139+0000] {logging_mixin.py:188} INFO - [2025-11-28T15:28:12.138+0000] {dagbag.py:545} INFO - Filling up the DagBag from /opt/airflow/dags/kafka_stream_dag.py
[2025-11-28T15:28:12.178+0000] {processor.py:840} INFO - DAG(s) 'name_stream_dag' retrieved from /opt/airflow/dags/kafka_stream_dag.py
[2025-11-28T15:28:12.282+0000] {logging_mixin.py:188} INFO - [2025-11-28T15:28:12.281+0000] {dag.py:3089} INFO - Sync 1 DAGs
[2025-11-28T15:28:12.335+0000] {logging_mixin.py:188} INFO - [2025-11-28T15:28:12.335+0000] {dag.py:3947} INFO - Setting next_dagrun for name_stream_dag to 2025-11-28 15:25:00+00:00, run_after=2025-11-28 15:30:00+00:00
[2025-11-28T15:28:12.406+0000] {processor.py:183} INFO - Processing /opt/airflow/dags/kafka_stream_dag.py took 0.284 seconds
[2025-11-28T15:28:45.289+0000] {processor.py:161} INFO - Started process (PID=305) to work on /opt/airflow/dags/kafka_stream_dag.py
[2025-11-28T15:28:45.291+0000] {processor.py:830} INFO - Processing file /opt/airflow/dags/kafka_stream_dag.py for tasks to queue
[2025-11-28T15:28:45.294+0000] {logging_mixin.py:188} INFO - [2025-11-28T15:28:45.294+0000] {dagbag.py:545} INFO - Filling up the DagBag from /opt/airflow/dags/kafka_stream_dag.py
[2025-11-28T15:28:45.328+0000] {processor.py:840} INFO - DAG(s) 'name_stream_dag' retrieved from /opt/airflow/dags/kafka_stream_dag.py
[2025-11-28T15:28:45.437+0000] {logging_mixin.py:188} INFO - [2025-11-28T15:28:45.437+0000] {dag.py:3089} INFO - Sync 1 DAGs
[2025-11-28T15:28:45.479+0000] {logging_mixin.py:188} INFO - [2025-11-28T15:28:45.479+0000] {dag.py:3947} INFO - Setting next_dagrun for name_stream_dag to 2025-11-28 15:25:00+00:00, run_after=2025-11-28 15:30:00+00:00
[2025-11-28T15:28:45.550+0000] {processor.py:183} INFO - Processing /opt/airflow/dags/kafka_stream_dag.py took 0.271 seconds
[2025-11-28T15:29:17.218+0000] {processor.py:161} INFO - Started process (PID=318) to work on /opt/airflow/dags/kafka_stream_dag.py
[2025-11-28T15:29:17.220+0000] {processor.py:830} INFO - Processing file /opt/airflow/dags/kafka_stream_dag.py for tasks to queue
[2025-11-28T15:29:17.223+0000] {logging_mixin.py:188} INFO - [2025-11-28T15:29:17.223+0000] {dagbag.py:545} INFO - Filling up the DagBag from /opt/airflow/dags/kafka_stream_dag.py
[2025-11-28T15:29:17.259+0000] {processor.py:840} INFO - DAG(s) 'name_stream_dag' retrieved from /opt/airflow/dags/kafka_stream_dag.py
[2025-11-28T15:29:17.336+0000] {logging_mixin.py:188} INFO - [2025-11-28T15:29:17.336+0000] {dag.py:3089} INFO - Sync 1 DAGs
[2025-11-28T15:29:17.372+0000] {logging_mixin.py:188} INFO - [2025-11-28T15:29:17.372+0000] {dag.py:3947} INFO - Setting next_dagrun for name_stream_dag to 2025-11-28 15:25:00+00:00, run_after=2025-11-28 15:30:00+00:00
[2025-11-28T15:29:17.479+0000] {processor.py:183} INFO - Processing /opt/airflow/dags/kafka_stream_dag.py took 0.274 seconds
[2025-11-28T15:29:47.956+0000] {processor.py:161} INFO - Started process (PID=331) to work on /opt/airflow/dags/kafka_stream_dag.py
[2025-11-28T15:29:47.970+0000] {processor.py:830} INFO - Processing file /opt/airflow/dags/kafka_stream_dag.py for tasks to queue
[2025-11-28T15:29:47.990+0000] {logging_mixin.py:188} INFO - [2025-11-28T15:29:47.989+0000] {dagbag.py:545} INFO - Filling up the DagBag from /opt/airflow/dags/kafka_stream_dag.py
[2025-11-28T15:29:48.086+0000] {processor.py:840} INFO - DAG(s) 'name_stream_dag' retrieved from /opt/airflow/dags/kafka_stream_dag.py
[2025-11-28T15:29:48.412+0000] {logging_mixin.py:188} INFO - [2025-11-28T15:29:48.412+0000] {dag.py:3089} INFO - Sync 1 DAGs
[2025-11-28T15:29:48.558+0000] {logging_mixin.py:188} INFO - [2025-11-28T15:29:48.557+0000] {dag.py:3947} INFO - Setting next_dagrun for name_stream_dag to 2025-11-28 15:25:00+00:00, run_after=2025-11-28 15:30:00+00:00
[2025-11-28T15:29:48.746+0000] {processor.py:183} INFO - Processing /opt/airflow/dags/kafka_stream_dag.py took 0.819 seconds
[2025-11-28T15:30:19.125+0000] {processor.py:161} INFO - Started process (PID=353) to work on /opt/airflow/dags/kafka_stream_dag.py
[2025-11-28T15:30:19.133+0000] {processor.py:830} INFO - Processing file /opt/airflow/dags/kafka_stream_dag.py for tasks to queue
[2025-11-28T15:30:19.146+0000] {logging_mixin.py:188} INFO - [2025-11-28T15:30:19.143+0000] {dagbag.py:545} INFO - Filling up the DagBag from /opt/airflow/dags/kafka_stream_dag.py
[2025-11-28T15:30:19.198+0000] {processor.py:840} INFO - DAG(s) 'name_stream_dag' retrieved from /opt/airflow/dags/kafka_stream_dag.py
[2025-11-28T15:30:19.351+0000] {logging_mixin.py:188} INFO - [2025-11-28T15:30:19.350+0000] {dag.py:3089} INFO - Sync 1 DAGs
[2025-11-28T15:30:19.574+0000] {processor.py:183} INFO - Processing /opt/airflow/dags/kafka_stream_dag.py took 0.475 seconds
[2025-11-28T15:30:50.280+0000] {processor.py:161} INFO - Started process (PID=358) to work on /opt/airflow/dags/kafka_stream_dag.py
[2025-11-28T15:30:50.282+0000] {processor.py:830} INFO - Processing file /opt/airflow/dags/kafka_stream_dag.py for tasks to queue
[2025-11-28T15:30:50.285+0000] {logging_mixin.py:188} INFO - [2025-11-28T15:30:50.285+0000] {dagbag.py:545} INFO - Filling up the DagBag from /opt/airflow/dags/kafka_stream_dag.py
[2025-11-28T15:30:50.324+0000] {processor.py:840} INFO - DAG(s) 'name_stream_dag' retrieved from /opt/airflow/dags/kafka_stream_dag.py
[2025-11-28T15:30:50.452+0000] {logging_mixin.py:188} INFO - [2025-11-28T15:30:50.452+0000] {dag.py:3089} INFO - Sync 1 DAGs
[2025-11-28T15:30:50.952+0000] {processor.py:183} INFO - Processing /opt/airflow/dags/kafka_stream_dag.py took 0.684 seconds
[2025-11-28T15:31:21.133+0000] {processor.py:161} INFO - Started process (PID=371) to work on /opt/airflow/dags/kafka_stream_dag.py
[2025-11-28T15:31:21.134+0000] {processor.py:830} INFO - Processing file /opt/airflow/dags/kafka_stream_dag.py for tasks to queue
[2025-11-28T15:31:21.139+0000] {logging_mixin.py:188} INFO - [2025-11-28T15:31:21.139+0000] {dagbag.py:545} INFO - Filling up the DagBag from /opt/airflow/dags/kafka_stream_dag.py
[2025-11-28T15:31:21.181+0000] {processor.py:840} INFO - DAG(s) 'name_stream_dag' retrieved from /opt/airflow/dags/kafka_stream_dag.py
[2025-11-28T15:31:21.328+0000] {logging_mixin.py:188} INFO - [2025-11-28T15:31:21.328+0000] {dag.py:3089} INFO - Sync 1 DAGs
[2025-11-28T15:31:21.738+0000] {processor.py:183} INFO - Processing /opt/airflow/dags/kafka_stream_dag.py took 0.631 seconds
[2025-11-28T15:31:52.676+0000] {processor.py:161} INFO - Started process (PID=385) to work on /opt/airflow/dags/kafka_stream_dag.py
[2025-11-28T15:31:52.678+0000] {processor.py:830} INFO - Processing file /opt/airflow/dags/kafka_stream_dag.py for tasks to queue
[2025-11-28T15:31:52.683+0000] {logging_mixin.py:188} INFO - [2025-11-28T15:31:52.681+0000] {dagbag.py:545} INFO - Filling up the DagBag from /opt/airflow/dags/kafka_stream_dag.py
[2025-11-28T15:31:52.734+0000] {processor.py:840} INFO - DAG(s) 'name_stream_dag' retrieved from /opt/airflow/dags/kafka_stream_dag.py
[2025-11-28T15:31:53.078+0000] {logging_mixin.py:188} INFO - [2025-11-28T15:31:53.077+0000] {dag.py:3089} INFO - Sync 1 DAGs
[2025-11-28T15:31:53.460+0000] {processor.py:183} INFO - Processing /opt/airflow/dags/kafka_stream_dag.py took 0.808 seconds
[2025-11-28T15:32:24.038+0000] {processor.py:161} INFO - Started process (PID=399) to work on /opt/airflow/dags/kafka_stream_dag.py
[2025-11-28T15:32:24.102+0000] {processor.py:830} INFO - Processing file /opt/airflow/dags/kafka_stream_dag.py for tasks to queue
[2025-11-28T15:32:24.115+0000] {logging_mixin.py:188} INFO - [2025-11-28T15:32:24.114+0000] {dagbag.py:545} INFO - Filling up the DagBag from /opt/airflow/dags/kafka_stream_dag.py
[2025-11-28T15:32:24.448+0000] {processor.py:840} INFO - DAG(s) 'name_stream_dag' retrieved from /opt/airflow/dags/kafka_stream_dag.py
[2025-11-28T15:32:24.906+0000] {logging_mixin.py:188} INFO - [2025-11-28T15:32:24.905+0000] {dag.py:3089} INFO - Sync 1 DAGs
[2025-11-28T15:32:25.200+0000] {logging_mixin.py:188} INFO - [2025-11-28T15:32:25.200+0000] {dag.py:3947} INFO - Setting next_dagrun for name_stream_dag to 2025-11-28 15:30:00+00:00, run_after=2025-11-28 15:35:00+00:00
[2025-11-28T15:32:25.547+0000] {processor.py:183} INFO - Processing /opt/airflow/dags/kafka_stream_dag.py took 1.568 seconds
