[2025-11-28T17:22:43.611+0000] {local_task_job_runner.py:120} INFO - ::group::Pre task execution logs
[2025-11-28T17:22:43.869+0000] {taskinstance.py:2076} INFO - Dependencies all met for dep_context=non-requeueable deps ti=<TaskInstance: name_stream_dag.spark_stream_to_s3 scheduled__2025-11-28T17:05:00+00:00 [queued]>
[2025-11-28T17:22:43.903+0000] {taskinstance.py:2076} INFO - Dependencies all met for dep_context=requeueable deps ti=<TaskInstance: name_stream_dag.spark_stream_to_s3 scheduled__2025-11-28T17:05:00+00:00 [queued]>
[2025-11-28T17:22:43.906+0000] {taskinstance.py:2306} INFO - Starting attempt 1 of 2
[2025-11-28T17:22:44.091+0000] {taskinstance.py:2330} INFO - Executing <Task(DockerOperator): spark_stream_to_s3> on 2025-11-28 17:05:00+00:00
[2025-11-28T17:22:44.117+0000] {standard_task_runner.py:64} INFO - Started process 141 to run task
[2025-11-28T17:22:44.134+0000] {standard_task_runner.py:90} INFO - Running: ['***', 'tasks', 'run', 'name_stream_dag', 'spark_stream_to_s3', 'scheduled__2025-11-28T17:05:00+00:00', '--job-id', '196', '--raw', '--subdir', 'DAGS_FOLDER/kafka_stream_dag.py', '--cfg-path', '/tmp/tmpntr8i_bd']
[2025-11-28T17:22:44.143+0000] {standard_task_runner.py:91} INFO - Job 196: Subtask spark_stream_to_s3
[2025-11-28T17:22:45.114+0000] {task_command.py:426} INFO - Running <TaskInstance: name_stream_dag.spark_stream_to_s3 scheduled__2025-11-28T17:05:00+00:00 [running]> on host 7feb6e3fcd43
[2025-11-28T17:22:46.656+0000] {taskinstance.py:2648} INFO - Exporting env vars: AIRFLOW_CTX_DAG_OWNER='***' AIRFLOW_CTX_DAG_ID='name_stream_dag' AIRFLOW_CTX_TASK_ID='spark_stream_to_s3' AIRFLOW_CTX_EXECUTION_DATE='2025-11-28T17:05:00+00:00' AIRFLOW_CTX_TRY_NUMBER='1' AIRFLOW_CTX_DAG_RUN_ID='scheduled__2025-11-28T17:05:00+00:00'
[2025-11-28T17:22:46.665+0000] {taskinstance.py:430} INFO - ::endgroup::
[2025-11-28T17:22:47.082+0000] {docker.py:367} INFO - Starting docker container from image custom-spark
[2025-11-28T17:22:48.740+0000] {docker.py:438} INFO - [38;5;6mspark [38;5;5m17:22:48.67 [0m[38;5;2mINFO [0m ==>
[2025-11-28T17:22:48.743+0000] {docker.py:438} INFO - [38;5;6mspark [38;5;5m17:22:48.68 [0m[38;5;2mINFO [0m ==> [1mWelcome to the Bitnami spark container[0m
[2025-11-28T17:22:48.745+0000] {docker.py:438} INFO - [38;5;6mspark [38;5;5m17:22:48.69 [0m[38;5;2mINFO [0m ==> Subscribe to project updates by watching [1mhttps://github.com/bitnami/containers[0m
[2025-11-28T17:22:48.746+0000] {docker.py:438} INFO - [38;5;6mspark [38;5;5m17:22:48.71 [0m[38;5;2mINFO [0m ==> Submit issues and feature requests at [1mhttps://github.com/bitnami/containers/issues[0m
[2025-11-28T17:22:48.747+0000] {docker.py:438} INFO - [38;5;6mspark [38;5;5m17:22:48.73 [0m[38;5;2mINFO [0m ==> Upgrade to Tanzu Application Catalog for production environments to access custom-configured and pre-packaged software components. Gain enhanced features, including Software Bill of Materials (SBOM), CVE scan result reports, and VEX documents. To learn more, visit [1mhttps://bitnami.com/enterprise[0m
[2025-11-28T17:22:48.748+0000] {docker.py:438} INFO - [38;5;6mspark [38;5;5m17:22:48.73 [0m[38;5;2mINFO [0m ==>
[2025-11-28T17:22:48.815+0000] {docker.py:438} INFO - 
[2025-11-28T17:23:06.188+0000] {docker.py:438} INFO - 25/11/28 17:23:06 INFO SparkContext: Running Spark version 3.5.1
[2025-11-28T17:23:06.235+0000] {docker.py:438} INFO - 25/11/28 17:23:06 INFO SparkContext: OS info Linux, 6.6.87.2-microsoft-standard-WSL2, amd64
[2025-11-28T17:23:06.238+0000] {docker.py:438} INFO - 25/11/28 17:23:06 INFO SparkContext: Java version 17.0.12
[2025-11-28T17:23:06.477+0000] {docker.py:438} INFO - 25/11/28 17:23:06 INFO ResourceUtils: ==============================================================
[2025-11-28T17:23:06.492+0000] {docker.py:438} INFO - 25/11/28 17:23:06 INFO ResourceUtils: No custom resources configured for spark.driver.
[2025-11-28T17:23:06.504+0000] {docker.py:438} INFO - 25/11/28 17:23:06 INFO ResourceUtils: ==============================================================
[2025-11-28T17:23:06.513+0000] {docker.py:438} INFO - 25/11/28 17:23:06 INFO SparkContext: Submitted application: spark_streaming
[2025-11-28T17:23:06.795+0000] {docker.py:438} INFO - 25/11/28 17:23:06 INFO ResourceProfile: Default ResourceProfile created, executor resources: Map(memory -> name: memory, amount: 1024, script: , vendor: , offHeap -> name: offHeap, amount: 0, script: , vendor: ), task resources: Map(cpus -> name: cpus, amount: 1.0)
[2025-11-28T17:23:06.800+0000] {docker.py:438} INFO - 25/11/28 17:23:06 INFO ResourceProfile: Limiting resource is cpu
[2025-11-28T17:23:06.804+0000] {docker.py:438} INFO - 25/11/28 17:23:06 INFO ResourceProfileManager: Added ResourceProfile id: 0
[2025-11-28T17:23:07.352+0000] {docker.py:438} INFO - 25/11/28 17:23:07 INFO SecurityManager: Changing view acls to: spark
[2025-11-28T17:23:07.354+0000] {docker.py:438} INFO - 25/11/28 17:23:07 INFO SecurityManager: Changing modify acls to: spark
[2025-11-28T17:23:07.367+0000] {docker.py:438} INFO - 25/11/28 17:23:07 INFO SecurityManager: Changing view acls groups to:
[2025-11-28T17:23:07.369+0000] {docker.py:438} INFO - 25/11/28 17:23:07 INFO SecurityManager: Changing modify acls groups to:
[2025-11-28T17:23:07.370+0000] {docker.py:438} INFO - 25/11/28 17:23:07 INFO SecurityManager: SecurityManager: authentication disabled; ui acls disabled; users with view permissions: spark; groups with view permissions: EMPTY; users with modify permissions: spark; groups with modify permissions: EMPTY
[2025-11-28T17:23:07.586+0000] {docker.py:438} INFO - 25/11/28 17:23:07 WARN NativeCodeLoader: Unable to load native-hadoop library for your platform... using builtin-java classes where applicable
[2025-11-28T17:23:08.937+0000] {docker.py:438} INFO - 25/11/28 17:23:08 INFO Utils: Successfully started service 'sparkDriver' on port 40259.
[2025-11-28T17:23:09.055+0000] {docker.py:438} INFO - 25/11/28 17:23:09 INFO SparkEnv: Registering MapOutputTracker
[2025-11-28T17:23:09.299+0000] {docker.py:438} INFO - 25/11/28 17:23:09 INFO SparkEnv: Registering BlockManagerMaster
[2025-11-28T17:23:09.387+0000] {docker.py:438} INFO - 25/11/28 17:23:09 INFO BlockManagerMasterEndpoint: Using org.apache.spark.storage.DefaultTopologyMapper for getting topology information
[2025-11-28T17:23:09.389+0000] {docker.py:438} INFO - 25/11/28 17:23:09 INFO BlockManagerMasterEndpoint: BlockManagerMasterEndpoint up
[2025-11-28T17:23:09.403+0000] {docker.py:438} INFO - 25/11/28 17:23:09 INFO SparkEnv: Registering BlockManagerMasterHeartbeat
[2025-11-28T17:23:09.480+0000] {docker.py:438} INFO - 25/11/28 17:23:09 INFO DiskBlockManager: Created local directory at /tmp/blockmgr-1db39b19-7ad1-4c8f-bda1-6d856b028427
[2025-11-28T17:23:09.548+0000] {docker.py:438} INFO - 25/11/28 17:23:09 INFO MemoryStore: MemoryStore started with capacity 434.4 MiB
[2025-11-28T17:23:09.647+0000] {docker.py:438} INFO - 25/11/28 17:23:09 INFO SparkEnv: Registering OutputCommitCoordinator
[2025-11-28T17:23:10.079+0000] {docker.py:438} INFO - 25/11/28 17:23:10 INFO JettyUtils: Start Jetty 0.0.0.0:4040 for SparkUI
[2025-11-28T17:23:10.413+0000] {docker.py:438} INFO - 25/11/28 17:23:10 INFO Utils: Successfully started service 'SparkUI' on port 4040.
[2025-11-28T17:23:11.067+0000] {docker.py:438} INFO - 25/11/28 17:23:11 INFO StandaloneAppClient$ClientEndpoint: Connecting to master spark://spark-master:7077...
[2025-11-28T17:23:11.258+0000] {docker.py:438} INFO - 25/11/28 17:23:11 INFO TransportClientFactory: Successfully created connection to spark-master/172.18.0.4:7077 after 112 ms (0 ms spent in bootstraps)
[2025-11-28T17:23:11.936+0000] {docker.py:438} INFO - 25/11/28 17:23:11 INFO StandaloneSchedulerBackend: Connected to Spark cluster with app ID app-20251128172311-0008
[2025-11-28T17:23:11.999+0000] {docker.py:438} INFO - 25/11/28 17:23:11 INFO Utils: Successfully started service 'org.apache.spark.network.netty.NettyBlockTransferService' on port 45181.
[2025-11-28T17:23:12.007+0000] {docker.py:438} INFO - 25/11/28 17:23:11 INFO NettyBlockTransferService: Server created on 742248407ceb:45181
[2025-11-28T17:23:12.047+0000] {docker.py:438} INFO - 25/11/28 17:23:12 INFO BlockManager: Using org.apache.spark.storage.RandomBlockReplicationPolicy for block replication policy
[2025-11-28T17:23:12.066+0000] {docker.py:438} INFO - 25/11/28 17:23:12 INFO StandaloneAppClient$ClientEndpoint: Executor added: app-20251128172311-0008/0 on worker-20251128171757-172.19.0.5-36597 (172.19.0.5:36597) with 2 core(s)
[2025-11-28T17:23:12.067+0000] {docker.py:438} INFO - 25/11/28 17:23:12 INFO StandaloneSchedulerBackend: Granted executor ID app-20251128172311-0008/0 on hostPort 172.19.0.5:36597 with 2 core(s), 1024.0 MiB RAM
[2025-11-28T17:23:12.069+0000] {docker.py:438} INFO - 25/11/28 17:23:12 INFO StandaloneAppClient$ClientEndpoint: Executor added: app-20251128172311-0008/1 on worker-20251128171757-172.18.0.6-37405 (172.18.0.6:37405) with 2 core(s)
[2025-11-28T17:23:12.099+0000] {docker.py:438} INFO - 25/11/28 17:23:12 INFO StandaloneSchedulerBackend: Granted executor ID app-20251128172311-0008/1 on hostPort 172.18.0.6:37405 with 2 core(s), 1024.0 MiB RAM
[2025-11-28T17:23:12.126+0000] {docker.py:438} INFO - 25/11/28 17:23:12 INFO BlockManagerMaster: Registering BlockManager BlockManagerId(driver, 742248407ceb, 45181, None)
[2025-11-28T17:23:12.164+0000] {docker.py:438} INFO - 25/11/28 17:23:12 INFO BlockManagerMasterEndpoint: Registering block manager 742248407ceb:45181 with 434.4 MiB RAM, BlockManagerId(driver, 742248407ceb, 45181, None)
[2025-11-28T17:23:12.203+0000] {docker.py:438} INFO - 25/11/28 17:23:12 INFO BlockManagerMaster: Registered BlockManager BlockManagerId(driver, 742248407ceb, 45181, None)
[2025-11-28T17:23:12.210+0000] {docker.py:438} INFO - 25/11/28 17:23:12 INFO BlockManager: Initialized BlockManager: BlockManagerId(driver, 742248407ceb, 45181, None)
[2025-11-28T17:23:12.472+0000] {docker.py:438} INFO - 25/11/28 17:23:12 INFO StandaloneAppClient$ClientEndpoint: Executor updated: app-20251128172311-0008/0 is now RUNNING
[2025-11-28T17:23:12.569+0000] {docker.py:438} INFO - 25/11/28 17:23:12 INFO StandaloneAppClient$ClientEndpoint: Executor updated: app-20251128172311-0008/1 is now RUNNING
[2025-11-28T17:23:13.513+0000] {docker.py:438} INFO - 25/11/28 17:23:13 INFO StandaloneSchedulerBackend: SchedulerBackend is ready for scheduling beginning after reached minRegisteredResourcesRatio: 0.0
[2025-11-28T17:23:33.433+0000] {docker.py:438} INFO - 2025-11-28 17:23:33,402:spark_structured_streaming:initiate_streaming_to_bucket:INFO:Starting streaming sink (JSON)...
[2025-11-28T17:23:46.615+0000] {docker.py:438} INFO - Traceback (most recent call last):
[2025-11-28T17:23:46.630+0000] {docker.py:438} INFO -   File "/opt/spark/app/spark_processing.py", line 219, in <module>
[2025-11-28T17:23:46.642+0000] {docker.py:438} INFO - main()
[2025-11-28T17:23:46.646+0000] {docker.py:438} INFO -   File "/opt/spark/app/spark_processing.py", line 213, in main
[2025-11-28T17:23:46.650+0000] {docker.py:438} INFO -     initiate_streaming_to_bucket(transformed_df, path, checkpoint_location)
[2025-11-28T17:23:46.651+0000] {docker.py:438} INFO -   File "/opt/spark/app/spark_processing.py", line 160, in initiate_streaming_to_bucket
[2025-11-28T17:23:46.654+0000] {docker.py:438} INFO -     .start()
[2025-11-28T17:23:46.667+0000] {docker.py:438} INFO -      ^^^^^^^
[2025-11-28T17:23:46.683+0000] {docker.py:438} INFO -   File "/opt/bitnami/spark/python/lib/pyspark.zip/pyspark/sql/streaming/readwriter.py", line 1527, in start
[2025-11-28T17:23:46.693+0000] {docker.py:438} INFO -   File "/opt/bitnami/spark/python/lib/py4j-0.10.9.7-src.zip/py4j/java_gateway.py", line 1322, in __call__
[2025-11-28T17:23:46.704+0000] {docker.py:438} INFO - File "/opt/bitnami/spark/python/lib/pyspark.zip/pyspark/errors/exceptions/captured.py", line 179, in deco
[2025-11-28T17:23:46.709+0000] {docker.py:438} INFO - File "/opt/bitnami/spark/python/lib/py4j-0.10.9.7-src.zip/py4j/protocol.py", line 326, in get_return_value
[2025-11-28T17:23:46.721+0000] {docker.py:438} INFO - py4j.protocol
[2025-11-28T17:23:46.728+0000] {docker.py:438} INFO - .Py4JJavaError
[2025-11-28T17:23:46.754+0000] {docker.py:438} INFO - : An error occurred while calling o60.start.
[2025-11-28T17:23:46.756+0000] {docker.py:438} INFO - : org.apache.hadoop.fs.s3a.AWSBadRequestException: getFileStatus on s3a://namegeneratorbucket/names/_spark_metadata: com.amazonaws.services.s3.model.AmazonS3Exception: Bad Request (Service: Amazon S3; Status Code: 400; Error Code: 400 Bad Request; Request ID: YT5ZX52NRB5B8W07; S3 Extended Request ID: 8RyPeqAzx2xKLNbgP4gPYiyWIcM9ffJRpvAWBC9xY4vFkob/BAhxSDOtF7Afl3TC5KR6VZltheO6j9irWyEqeSlkS8OrPFnc; Proxy: null), S3 Extended Request ID: 8RyPeqAzx2xKLNbgP4gPYiyWIcM9ffJRpvAWBC9xY4vFkob/BAhxSDOtF7Afl3TC5KR6VZltheO6j9irWyEqeSlkS8OrPFnc:400 Bad Request: Bad Request (Service: Amazon S3; Status Code: 400; Error Code: 400 Bad Request; Request ID: YT5ZX52NRB5B8W07; S3 Extended Request ID: 8RyPeqAzx2xKLNbgP4gPYiyWIcM9ffJRpvAWBC9xY4vFkob/BAhxSDOtF7Afl3TC5KR6VZltheO6j9irWyEqeSlkS8OrPFnc; Proxy: null)
[2025-11-28T17:23:46.758+0000] {docker.py:438} INFO - 	at org.apache.hadoop.fs.s3a.S3AUtils.translateException(S3AUtils.java:249)
[2025-11-28T17:23:46.760+0000] {docker.py:438} INFO - 	at org.apache.hadoop.fs.s3a.S3AUtils.translateException(S3AUtils.java:175)
[2025-11-28T17:23:46.762+0000] {docker.py:438} INFO - 	at org.apache.hadoop.fs.s3a.S3AFileSystem.s3GetFileStatus(S3AFileSystem.java:3796)
[2025-11-28T17:23:46.771+0000] {docker.py:438} INFO - 	at org.apache.hadoop.fs.s3a.S3AFileSystem.innerGetFileStatus(S3AFileSystem.java:3688)
[2025-11-28T17:23:46.773+0000] {docker.py:438} INFO - 	at org.apache.hadoop.fs.s3a.S3AFileSystem.lambda$getFileStatus$24(S3AFileSystem.java:3556)
[2025-11-28T17:23:46.775+0000] {docker.py:438} INFO - 	at org.apache.hadoop.fs.statistics.impl.IOStatisticsBinding.lambda$trackDurationOfOperation$5(IOStatisticsBinding.java:499)
[2025-11-28T17:23:46.776+0000] {docker.py:438} INFO - 	at org.apache.hadoop.fs.statistics.impl.IOStatisticsBinding.trackDuration(IOStatisticsBinding.java:444)
[2025-11-28T17:23:46.777+0000] {docker.py:438} INFO - 	at org.apache.hadoop.fs.s3a.S3AFileSystem.trackDurationAndSpan(S3AFileSystem.java:2337)
[2025-11-28T17:23:46.777+0000] {docker.py:438} INFO - 	at org.apache.hadoop.fs.s3a.S3AFileSystem.trackDurationAndSpan(S3AFileSystem.java:2356)
[2025-11-28T17:23:46.780+0000] {docker.py:438} INFO - 	at org.apache.hadoop.fs.s3a.S3AFileSystem.getFileStatus(S3AFileSystem.java:3554)
[2025-11-28T17:23:46.783+0000] {docker.py:438} INFO - 	at org.apache.hadoop.fs.DelegateToFileSystem.getFileStatus(DelegateToFileSystem.java:128)
[2025-11-28T17:23:46.784+0000] {docker.py:438} INFO - 	at org.apache.hadoop.fs.FileContext$15.next(FileContext.java:1247)
[2025-11-28T17:23:46.786+0000] {docker.py:438} INFO - 	at org.apache.hadoop.fs.FileContext$15.next(FileContext.java:1243)
[2025-11-28T17:23:46.787+0000] {docker.py:438} INFO - 	at org.apache.hadoop.fs.FSLinkResolver.resolve(FSLinkResolver.java:90)
[2025-11-28T17:23:46.788+0000] {docker.py:438} INFO - 	at org.apache.hadoop.fs.FileContext.getFileStatus(FileContext.java:1249)
[2025-11-28T17:23:46.790+0000] {docker.py:438} INFO - 	at org.apache.hadoop.fs.FileContext$Util.exists(FileContext.java:1747)
[2025-11-28T17:23:46.791+0000] {docker.py:438} INFO - 	at org.apache.spark.sql.execution.streaming.AbstractFileContextBasedCheckpointFileManager.exists(CheckpointFileManager.scala:327)
[2025-11-28T17:23:46.792+0000] {docker.py:438} INFO - 	at org.apache.spark.sql.execution.streaming.HDFSMetadataLog.<init>(HDFSMetadataLog.scala:66)
[2025-11-28T17:23:46.793+0000] {docker.py:438} INFO - 	at org.apache.spark.sql.execution.streaming.CompactibleFileStreamLog.<init>(CompactibleFileStreamLog.scala:48)
[2025-11-28T17:23:46.794+0000] {docker.py:438} INFO - 	at org.apache.spark.sql.execution.streaming.FileStreamSinkLog.<init>(FileStreamSinkLog.scala:91)
[2025-11-28T17:23:46.795+0000] {docker.py:438} INFO - 	at org.apache.spark.sql.execution.streaming.FileStreamSink.<init>(FileStreamSink.scala:139)
[2025-11-28T17:23:46.796+0000] {docker.py:438} INFO - 	at org.apache.spark.sql.execution.datasources.DataSource.createSink(DataSource.scala:322)
[2025-11-28T17:23:46.797+0000] {docker.py:438} INFO - 	at org.apache.spark.sql.streaming.DataStreamWriter.createV1Sink(DataStreamWriter.scala:442)
[2025-11-28T17:23:46.801+0000] {docker.py:438} INFO - 	at org.apache.spark.sql.streaming.DataStreamWriter.startInternal(DataStreamWriter.scala:407)
[2025-11-28T17:23:46.805+0000] {docker.py:438} INFO - 	at org.apache.spark.sql.streaming.DataStreamWriter.start(DataStreamWriter.scala:251)
[2025-11-28T17:23:46.807+0000] {docker.py:438} INFO - 	at java.base/jdk.internal.reflect.NativeMethodAccessorImpl.invoke0(Native Method)
[2025-11-28T17:23:46.808+0000] {docker.py:438} INFO - 	at java.base/jdk.internal.reflect.NativeMethodAccessorImpl.invoke(NativeMethodAccessorImpl.java:77)
[2025-11-28T17:23:46.809+0000] {docker.py:438} INFO - 	at java.base/jdk.internal.reflect.DelegatingMethodAccessorImpl.invoke(DelegatingMethodAccessorImpl.java:43)
[2025-11-28T17:23:46.811+0000] {docker.py:438} INFO - 	at java.base/java.lang.reflect.Method.invoke(Method.java:569)
[2025-11-28T17:23:46.812+0000] {docker.py:438} INFO - 	at py4j.reflection.MethodInvoker.invoke(MethodInvoker.java:244)
[2025-11-28T17:23:46.813+0000] {docker.py:438} INFO - 	at py4j.reflection.ReflectionEngine.invoke(ReflectionEngine.java:374)
[2025-11-28T17:23:46.815+0000] {docker.py:438} INFO - 	at py4j.Gateway.invoke(Gateway.java:282)
[2025-11-28T17:23:46.817+0000] {docker.py:438} INFO - 	at py4j.commands.AbstractCommand.invokeMethod(AbstractCommand.java:132)
[2025-11-28T17:23:46.818+0000] {docker.py:438} INFO - 	at py4j.commands.CallCommand.execute(CallCommand.java:79)
[2025-11-28T17:23:46.819+0000] {docker.py:438} INFO - 	at py4j.ClientServerConnection.waitForCommands(ClientServerConnection.java:182)
[2025-11-28T17:23:46.821+0000] {docker.py:438} INFO - 	at py4j.ClientServerConnection.run(ClientServerConnection.java:106)
[2025-11-28T17:23:46.825+0000] {docker.py:438} INFO - 	at java.base/java.lang.Thread.run(Thread.java:840)
[2025-11-28T17:23:46.830+0000] {docker.py:438} INFO - Caused by: com.amazonaws.services.s3.model.AmazonS3Exception: Bad Request (Service: Amazon S3; Status Code: 400; Error Code: 400 Bad Request; Request ID: YT5ZX52NRB5B8W07; S3 Extended Request ID: 8RyPeqAzx2xKLNbgP4gPYiyWIcM9ffJRpvAWBC9xY4vFkob/BAhxSDOtF7Afl3TC5KR6VZltheO6j9irWyEqeSlkS8OrPFnc; Proxy: null), S3 Extended Request ID: 8RyPeqAzx2xKLNbgP4gPYiyWIcM9ffJRpvAWBC9xY4vFkob/BAhxSDOtF7Afl3TC5KR6VZltheO6j9irWyEqeSlkS8OrPFnc
[2025-11-28T17:23:46.832+0000] {docker.py:438} INFO - 	at com.amazonaws.http.AmazonHttpClient$RequestExecutor.handleErrorResponse(AmazonHttpClient.java:1879)
[2025-11-28T17:23:46.833+0000] {docker.py:438} INFO - 	at com.amazonaws.http.AmazonHttpClient$RequestExecutor.handleServiceErrorResponse(AmazonHttpClient.java:1418)
[2025-11-28T17:23:46.834+0000] {docker.py:438} INFO - 	at com.amazonaws.http.AmazonHttpClient$RequestExecutor.executeOneRequest(AmazonHttpClient.java:1387)
[2025-11-28T17:23:46.836+0000] {docker.py:438} INFO - 	at com.amazonaws.http.AmazonHttpClient$RequestExecutor.executeHelper(AmazonHttpClient.java:1157)
[2025-11-28T17:23:46.837+0000] {docker.py:438} INFO - 	at com.amazonaws.http.AmazonHttpClient$RequestExecutor.doExecute(AmazonHttpClient.java:814)
[2025-11-28T17:23:46.838+0000] {docker.py:438} INFO - 	at com.amazonaws.http.AmazonHttpClient$RequestExecutor.executeWithTimer(AmazonHttpClient.java:781)
[2025-11-28T17:23:46.839+0000] {docker.py:438} INFO - 	at com.amazonaws.http.AmazonHttpClient$RequestExecutor.execute(AmazonHttpClient.java:755)
[2025-11-28T17:23:46.849+0000] {docker.py:438} INFO - 	at com.amazonaws.http.AmazonHttpClient$RequestExecutor.access$500(AmazonHttpClient.java:715)
[2025-11-28T17:23:46.850+0000] {docker.py:438} INFO - 	at com.amazonaws.http.AmazonHttpClient$RequestExecutionBuilderImpl.execute(AmazonHttpClient.java:697)
[2025-11-28T17:23:46.852+0000] {docker.py:438} INFO - 	at com.amazonaws.http.AmazonHttpClient.execute(AmazonHttpClient.java:561)
[2025-11-28T17:23:46.853+0000] {docker.py:438} INFO - 	at com.amazonaws.http.AmazonHttpClient.execute(AmazonHttpClient.java:541)
[2025-11-28T17:23:46.854+0000] {docker.py:438} INFO - 	at com.amazonaws.services.s3.AmazonS3Client.invoke(AmazonS3Client.java:5456)
[2025-11-28T17:23:46.855+0000] {docker.py:438} INFO - 	at com.amazonaws.services.s3.AmazonS3Client.invoke(AmazonS3Client.java:5403)
[2025-11-28T17:23:46.857+0000] {docker.py:438} INFO - 	at com.amazonaws.services.s3.AmazonS3Client.getObjectMetadata(AmazonS3Client.java:1372)
[2025-11-28T17:23:46.858+0000] {docker.py:438} INFO - 	at org.apache.hadoop.fs.s3a.S3AFileSystem.lambda$getObjectMetadata$10(S3AFileSystem.java:2545)
[2025-11-28T17:23:46.859+0000] {docker.py:438} INFO - 	at org.apache.hadoop.fs.s3a.Invoker.retryUntranslated(Invoker.java:414)
[2025-11-28T17:23:46.868+0000] {docker.py:438} INFO - 	at org.apache.hadoop.fs.s3a.Invoker.retryUntranslated(Invoker.java:377)
[2025-11-28T17:23:46.869+0000] {docker.py:438} INFO - 	at org.apache.hadoop.fs.s3a.S3AFileSystem.getObjectMetadata(S3AFileSystem.java:2533)
[2025-11-28T17:23:46.871+0000] {docker.py:438} INFO - 	at org.apache.hadoop.fs.s3a.S3AFileSystem.getObjectMetadata(S3AFileSystem.java:2513)
[2025-11-28T17:23:46.872+0000] {docker.py:438} INFO - 	at org.apache.hadoop.fs.s3a.S3AFileSystem.s3GetFileStatus(S3AFileSystem.java:3776)
[2025-11-28T17:23:46.874+0000] {docker.py:438} INFO - 	... 34 more
[2025-11-28T17:23:46.875+0000] {docker.py:438} INFO - 2025-11-28 17:23:46,613:py4j.clientserver:close:INFO:Closing down clientserver connection
[2025-11-28T17:23:48.677+0000] {taskinstance.py:441} INFO - ::group::Post task execution logs
[2025-11-28T17:23:49.460+0000] {taskinstance.py:2905} ERROR - Task failed with exception
Traceback (most recent call last):
  File "/home/airflow/.local/lib/python3.11/site-packages/airflow/models/taskinstance.py", line 465, in _execute_task
    result = _execute_callable(context=context, **execute_callable_kwargs)
             ^^^^^^^^^^^^^^^^^^^^^^^^^^^^^^^^^^^^^^^^^^^^^^^^^^^^^^^^^^^^^
  File "/home/airflow/.local/lib/python3.11/site-packages/airflow/models/taskinstance.py", line 432, in _execute_callable
    return execute_callable(context=context, **execute_callable_kwargs)
           ^^^^^^^^^^^^^^^^^^^^^^^^^^^^^^^^^^^^^^^^^^^^^^^^^^^^^^^^^^^^
  File "/home/airflow/.local/lib/python3.11/site-packages/airflow/models/baseoperator.py", line 401, in wrapper
    return func(self, *args, **kwargs)
           ^^^^^^^^^^^^^^^^^^^^^^^^^^^
  File "/home/airflow/.local/lib/python3.11/site-packages/airflow/providers/docker/operators/docker.py", line 513, in execute
    return self._run_image()
           ^^^^^^^^^^^^^^^^^
  File "/home/airflow/.local/lib/python3.11/site-packages/airflow/providers/docker/operators/docker.py", line 384, in _run_image
    return self._run_image_with_mounts(self.mounts, add_tmp_variable=False)
           ^^^^^^^^^^^^^^^^^^^^^^^^^^^^^^^^^^^^^^^^^^^^^^^^^^^^^^^^^^^^^^^^
  File "/home/airflow/.local/lib/python3.11/site-packages/airflow/providers/docker/operators/docker.py", line 446, in _run_image_with_mounts
    raise DockerContainerFailedException(f"Docker container failed: {result!r}", logs=log_lines)
airflow.providers.docker.exceptions.DockerContainerFailedException: Docker container failed: {'StatusCode': 1}
[2025-11-28T17:23:49.536+0000] {taskinstance.py:1206} INFO - Marking task as UP_FOR_RETRY. dag_id=name_stream_dag, task_id=spark_stream_to_s3, run_id=scheduled__2025-11-28T17:05:00+00:00, execution_date=20251128T170500, start_date=20251128T172243, end_date=20251128T172349
[2025-11-28T17:23:50.021+0000] {standard_task_runner.py:110} ERROR - Failed to execute job 196 for task spark_stream_to_s3 (Docker container failed: {'StatusCode': 1}; 141)
[2025-11-28T17:23:50.174+0000] {local_task_job_runner.py:243} INFO - Task exited with return code 1
[2025-11-28T17:23:51.043+0000] {taskinstance.py:3503} INFO - 0 downstream tasks scheduled from follow-on schedule check
[2025-11-28T17:23:51.494+0000] {local_task_job_runner.py:222} INFO - ::endgroup::
