[2025-11-28T17:24:16.502+0000] {local_task_job_runner.py:120} INFO - ::group::Pre task execution logs
[2025-11-28T17:24:16.796+0000] {taskinstance.py:2076} INFO - Dependencies all met for dep_context=non-requeueable deps ti=<TaskInstance: name_stream_dag.spark_stream_to_s3 scheduled__2025-11-28T17:05:00+00:00 [queued]>
[2025-11-28T17:24:16.816+0000] {taskinstance.py:2076} INFO - Dependencies all met for dep_context=requeueable deps ti=<TaskInstance: name_stream_dag.spark_stream_to_s3 scheduled__2025-11-28T17:05:00+00:00 [queued]>
[2025-11-28T17:24:16.817+0000] {taskinstance.py:2306} INFO - Starting attempt 2 of 2
[2025-11-28T17:24:16.941+0000] {taskinstance.py:2330} INFO - Executing <Task(DockerOperator): spark_stream_to_s3> on 2025-11-28 17:05:00+00:00
[2025-11-28T17:24:16.960+0000] {standard_task_runner.py:64} INFO - Started process 174 to run task
[2025-11-28T17:24:16.971+0000] {standard_task_runner.py:90} INFO - Running: ['***', 'tasks', 'run', 'name_stream_dag', 'spark_stream_to_s3', 'scheduled__2025-11-28T17:05:00+00:00', '--job-id', '197', '--raw', '--subdir', 'DAGS_FOLDER/kafka_stream_dag.py', '--cfg-path', '/tmp/tmprteb8ebb']
[2025-11-28T17:24:16.978+0000] {standard_task_runner.py:91} INFO - Job 197: Subtask spark_stream_to_s3
[2025-11-28T17:24:17.681+0000] {task_command.py:426} INFO - Running <TaskInstance: name_stream_dag.spark_stream_to_s3 scheduled__2025-11-28T17:05:00+00:00 [running]> on host 7feb6e3fcd43
[2025-11-28T17:24:18.330+0000] {taskinstance.py:2648} INFO - Exporting env vars: AIRFLOW_CTX_DAG_OWNER='***' AIRFLOW_CTX_DAG_ID='name_stream_dag' AIRFLOW_CTX_TASK_ID='spark_stream_to_s3' AIRFLOW_CTX_EXECUTION_DATE='2025-11-28T17:05:00+00:00' AIRFLOW_CTX_TRY_NUMBER='2' AIRFLOW_CTX_DAG_RUN_ID='scheduled__2025-11-28T17:05:00+00:00'
[2025-11-28T17:24:18.332+0000] {taskinstance.py:430} INFO - ::endgroup::
[2025-11-28T17:24:18.616+0000] {docker.py:367} INFO - Starting docker container from image custom-spark
[2025-11-28T17:24:19.759+0000] {docker.py:438} INFO - [38;5;6mspark [38;5;5m17:24:19.71 [0m[38;5;2mINFO [0m ==>
[2025-11-28T17:24:19.770+0000] {docker.py:438} INFO - [38;5;6mspark [38;5;5m17:24:19.72 [0m[38;5;2mINFO [0m ==> [1mWelcome to the Bitnami spark container[0m
[2025-11-28T17:24:19.773+0000] {docker.py:438} INFO - [38;5;6mspark [38;5;5m17:24:19.73 [0m[38;5;2mINFO [0m ==> Subscribe to project updates by watching [1mhttps://github.com/bitnami/containers[0m
[2025-11-28T17:24:19.783+0000] {docker.py:438} INFO - [38;5;6mspark [38;5;5m17:24:19.74 [0m[38;5;2mINFO [0m ==> Submit issues and feature requests at [1mhttps://github.com/bitnami/containers/issues[0m
[2025-11-28T17:24:19.793+0000] {docker.py:438} INFO - [38;5;6mspark [38;5;5m17:24:19.75 [0m[38;5;2mINFO [0m ==> Upgrade to Tanzu Application Catalog for production environments to access custom-configured and pre-packaged software components. Gain enhanced features, including Software Bill of Materials (SBOM), CVE scan result reports, and VEX documents. To learn more, visit [1mhttps://bitnami.com/enterprise[0m
[2025-11-28T17:24:19.796+0000] {docker.py:438} INFO - [38;5;6mspark [38;5;5m17:24:19.76 [0m[38;5;2mINFO [0m ==>
[2025-11-28T17:24:19.807+0000] {docker.py:438} INFO - 
[2025-11-28T17:24:31.008+0000] {docker.py:438} INFO - 25/11/28 17:24:30 INFO SparkContext: Running Spark version 3.5.1
[2025-11-28T17:24:31.011+0000] {docker.py:438} INFO - 25/11/28 17:24:31 INFO SparkContext: OS info Linux, 6.6.87.2-microsoft-standard-WSL2, amd64
[2025-11-28T17:24:31.023+0000] {docker.py:438} INFO - 25/11/28 17:24:31 INFO SparkContext: Java version 17.0.12
[2025-11-28T17:24:31.149+0000] {docker.py:438} INFO - 25/11/28 17:24:31 INFO ResourceUtils: ==============================================================
[2025-11-28T17:24:31.158+0000] {docker.py:438} INFO - 25/11/28 17:24:31 INFO ResourceUtils: No custom resources configured for spark.driver.
[2025-11-28T17:24:31.168+0000] {docker.py:438} INFO - 25/11/28 17:24:31 INFO ResourceUtils: ==============================================================
[2025-11-28T17:24:31.173+0000] {docker.py:438} INFO - 25/11/28 17:24:31 INFO SparkContext: Submitted application: spark_streaming
[2025-11-28T17:24:31.281+0000] {docker.py:438} INFO - 25/11/28 17:24:31 INFO ResourceProfile: Default ResourceProfile created, executor resources: Map(memory -> name: memory, amount: 1024, script: , vendor: , offHeap -> name: offHeap, amount: 0, script: , vendor: ), task resources: Map(cpus -> name: cpus, amount: 1.0)
[2025-11-28T17:24:31.330+0000] {docker.py:438} INFO - 25/11/28 17:24:31 INFO ResourceProfile: Limiting resource is cpu
[2025-11-28T17:24:31.342+0000] {docker.py:438} INFO - 25/11/28 17:24:31 INFO ResourceProfileManager: Added ResourceProfile id: 0
[2025-11-28T17:24:31.646+0000] {docker.py:438} INFO - 25/11/28 17:24:31 INFO SecurityManager: Changing view acls to: spark
[2025-11-28T17:24:31.652+0000] {docker.py:438} INFO - 25/11/28 17:24:31 INFO SecurityManager: Changing modify acls to: spark
[2025-11-28T17:24:31.656+0000] {docker.py:438} INFO - 25/11/28 17:24:31 INFO SecurityManager: Changing view acls groups to:
[2025-11-28T17:24:31.659+0000] {docker.py:438} INFO - 25/11/28 17:24:31 INFO SecurityManager: Changing modify acls groups to:
[2025-11-28T17:24:31.663+0000] {docker.py:438} INFO - 25/11/28 17:24:31 INFO SecurityManager: SecurityManager: authentication disabled; ui acls disabled; users with view permissions: spark; groups with view permissions: EMPTY; users with modify permissions: spark; groups with modify permissions: EMPTY
[2025-11-28T17:24:31.848+0000] {docker.py:438} INFO - 25/11/28 17:24:31 WARN NativeCodeLoader: Unable to load native-hadoop library for your platform... using builtin-java classes where applicable
[2025-11-28T17:24:33.475+0000] {docker.py:438} INFO - 25/11/28 17:24:33 INFO Utils: Successfully started service 'sparkDriver' on port 46761.
[2025-11-28T17:24:33.736+0000] {docker.py:438} INFO - 25/11/28 17:24:33 INFO SparkEnv: Registering MapOutputTracker
[2025-11-28T17:24:33.988+0000] {docker.py:438} INFO - 25/11/28 17:24:33 INFO SparkEnv: Registering BlockManagerMaster
[2025-11-28T17:24:34.049+0000] {docker.py:438} INFO - 25/11/28 17:24:34 INFO BlockManagerMasterEndpoint: Using org.apache.spark.storage.DefaultTopologyMapper for getting topology information
[2025-11-28T17:24:34.052+0000] {docker.py:438} INFO - 25/11/28 17:24:34 INFO BlockManagerMasterEndpoint: BlockManagerMasterEndpoint up
[2025-11-28T17:24:34.101+0000] {docker.py:438} INFO - 25/11/28 17:24:34 INFO SparkEnv: Registering BlockManagerMasterHeartbeat
[2025-11-28T17:24:34.265+0000] {docker.py:438} INFO - 25/11/28 17:24:34 INFO DiskBlockManager: Created local directory at /tmp/blockmgr-a00bf3f2-98e7-433c-b40a-9481c7840f75
[2025-11-28T17:24:34.384+0000] {docker.py:438} INFO - 25/11/28 17:24:34 INFO MemoryStore: MemoryStore started with capacity 434.4 MiB
[2025-11-28T17:24:34.545+0000] {docker.py:438} INFO - 25/11/28 17:24:34 INFO SparkEnv: Registering OutputCommitCoordinator
[2025-11-28T17:24:35.277+0000] {docker.py:438} INFO - 25/11/28 17:24:35 INFO JettyUtils: Start Jetty 0.0.0.0:4040 for SparkUI
[2025-11-28T17:24:35.697+0000] {docker.py:438} INFO - 25/11/28 17:24:35 INFO Utils: Successfully started service 'SparkUI' on port 4040.
[2025-11-28T17:24:37.041+0000] {docker.py:438} INFO - 25/11/28 17:24:37 INFO StandaloneAppClient$ClientEndpoint: Connecting to master spark://spark-master:7077...
[2025-11-28T17:24:37.483+0000] {docker.py:438} INFO - 25/11/28 17:24:37 INFO TransportClientFactory: Successfully created connection to spark-master/172.18.0.4:7077 after 249 ms (0 ms spent in bootstraps)
[2025-11-28T17:24:38.320+0000] {docker.py:438} INFO - 25/11/28 17:24:38 INFO StandaloneSchedulerBackend: Connected to Spark cluster with app ID app-20251128172438-0011
[2025-11-28T17:24:38.401+0000] {docker.py:438} INFO - 25/11/28 17:24:38 INFO Utils: Successfully started service 'org.apache.spark.network.netty.NettyBlockTransferService' on port 38623.
[2025-11-28T17:24:38.407+0000] {docker.py:438} INFO - 25/11/28 17:24:38 INFO NettyBlockTransferService: Server created on 0108ce903587:38623
[2025-11-28T17:24:38.413+0000] {docker.py:438} INFO - 25/11/28 17:24:38 INFO BlockManager: Using org.apache.spark.storage.RandomBlockReplicationPolicy for block replication policy
[2025-11-28T17:24:38.466+0000] {docker.py:438} INFO - 25/11/28 17:24:38 INFO BlockManagerMaster: Registering BlockManager BlockManagerId(driver, 0108ce903587, 38623, None)
[2025-11-28T17:24:38.532+0000] {docker.py:438} INFO - 25/11/28 17:24:38 INFO BlockManagerMasterEndpoint: Registering block manager 0108ce903587:38623 with 434.4 MiB RAM, BlockManagerId(driver, 0108ce903587, 38623, None)
[2025-11-28T17:24:38.567+0000] {docker.py:438} INFO - 25/11/28 17:24:38 INFO BlockManagerMaster: Registered BlockManager BlockManagerId(driver, 0108ce903587, 38623, None)
[2025-11-28T17:24:38.602+0000] {docker.py:438} INFO - 25/11/28 17:24:38 INFO BlockManager: Initialized BlockManager: BlockManagerId(driver, 0108ce903587, 38623, None)
[2025-11-28T17:24:40.487+0000] {docker.py:438} INFO - 25/11/28 17:24:40 INFO StandaloneSchedulerBackend: SchedulerBackend is ready for scheduling beginning after reached minRegisteredResourcesRatio: 0.0
[2025-11-28T17:24:57.804+0000] {docker.py:438} INFO - 2025-11-28 17:24:57,796:spark_structured_streaming:initiate_streaming_to_bucket:INFO:Starting streaming sink (JSON)...
[2025-11-28T17:25:08.399+0000] {docker.py:438} INFO - Traceback (most recent call last):
[2025-11-28T17:25:08.401+0000] {docker.py:438} INFO -   File "/opt/spark/app/spark_processing.py", line 219, in <module>
[2025-11-28T17:25:08.406+0000] {docker.py:438} INFO - main()
[2025-11-28T17:25:08.410+0000] {docker.py:438} INFO -   File "/opt/spark/app/spark_processing.py", line 213, in main
[2025-11-28T17:25:08.413+0000] {docker.py:438} INFO -     initiate_streaming_to_bucket(transformed_df, path, checkpoint_location)
[2025-11-28T17:25:08.415+0000] {docker.py:438} INFO -   File "/opt/spark/app/spark_processing.py", line 160, in initiate_streaming_to_bucket
[2025-11-28T17:25:08.416+0000] {docker.py:438} INFO -     .start()
[2025-11-28T17:25:08.417+0000] {docker.py:438} INFO -      ^^^^^^^
[2025-11-28T17:25:08.422+0000] {docker.py:438} INFO -   File "/opt/bitnami/spark/python/lib/pyspark.zip/pyspark/sql/streaming/readwriter.py", line 1527, in start
[2025-11-28T17:25:08.423+0000] {docker.py:438} INFO -   File "/opt/bitnami/spark/python/lib/py4j-0.10.9.7-src.zip/py4j/java_gateway.py", line 1322, in __call__
[2025-11-28T17:25:08.433+0000] {docker.py:438} INFO -   File "/opt/bitnami/spark/python/lib/pyspark.zip/pyspark/errors/exceptions/captured.py", line 179, in deco
[2025-11-28T17:25:08.436+0000] {docker.py:438} INFO -   File "/opt/bitnami/spark/python/lib/py4j-0.10.9.7-src.zip/py4j/protocol.py", line 326, in get_return_value
[2025-11-28T17:25:08.437+0000] {docker.py:438} INFO - py4j.protocol.Py4JJavaError
[2025-11-28T17:25:08.439+0000] {docker.py:438} INFO - : An error occurred while calling o60.start.
[2025-11-28T17:25:08.442+0000] {docker.py:438} INFO - : org.apache.hadoop.fs.s3a.AWSBadRequestException: getFileStatus on s3a://namegeneratorbucket/names/_spark_metadata: com.amazonaws.services.s3.model.AmazonS3Exception: Bad Request (Service: Amazon S3; Status Code: 400; Error Code: 400 Bad Request; Request ID: 065HDYVEJT75BER9; S3 Extended Request ID: nx7Xvtc+QirxY2w+EP57k0BLmu80afDKQV2gqeTHETiQge4b4v4x9m3BNj91arZVRNBeird6akP2GuVmQ2e3VsP+UmsulVe9r98LNKCsThE=; Proxy: null), S3 Extended Request ID: nx7Xvtc+QirxY2w+EP57k0BLmu80afDKQV2gqeTHETiQge4b4v4x9m3BNj91arZVRNBeird6akP2GuVmQ2e3VsP+UmsulVe9r98LNKCsThE=:400 Bad Request: Bad Request (Service: Amazon S3; Status Code: 400; Error Code: 400 Bad Request; Request ID: 065HDYVEJT75BER9; S3 Extended Request ID: nx7Xvtc+QirxY2w+EP57k0BLmu80afDKQV2gqeTHETiQge4b4v4x9m3BNj91arZVRNBeird6akP2GuVmQ2e3VsP+UmsulVe9r98LNKCsThE=; Proxy: null)
[2025-11-28T17:25:08.447+0000] {docker.py:438} INFO - 	at org.apache.hadoop.fs.s3a.S3AUtils.translateException(S3AUtils.java:249)
[2025-11-28T17:25:08.453+0000] {docker.py:438} INFO - 	at org.apache.hadoop.fs.s3a.S3AUtils.translateException(S3AUtils.java:175)
[2025-11-28T17:25:08.454+0000] {docker.py:438} INFO - 	at org.apache.hadoop.fs.s3a.S3AFileSystem.s3GetFileStatus(S3AFileSystem.java:3796)
[2025-11-28T17:25:08.458+0000] {docker.py:438} INFO - 	at org.apache.hadoop.fs.s3a.S3AFileSystem.innerGetFileStatus(S3AFileSystem.java:3688)
[2025-11-28T17:25:08.459+0000] {docker.py:438} INFO - 	at org.apache.hadoop.fs.s3a.S3AFileSystem.lambda$getFileStatus$24(S3AFileSystem.java:3556)
[2025-11-28T17:25:08.460+0000] {docker.py:438} INFO - 	at org.apache.hadoop.fs.statistics.impl.IOStatisticsBinding.lambda$trackDurationOfOperation$5(IOStatisticsBinding.java:499)
[2025-11-28T17:25:08.462+0000] {docker.py:438} INFO - 	at org.apache.hadoop.fs.statistics.impl.IOStatisticsBinding.trackDuration(IOStatisticsBinding.java:444)
[2025-11-28T17:25:08.463+0000] {docker.py:438} INFO - 	at org.apache.hadoop.fs.s3a.S3AFileSystem.trackDurationAndSpan(S3AFileSystem.java:2337)
[2025-11-28T17:25:08.465+0000] {docker.py:438} INFO - 	at org.apache.hadoop.fs.s3a.S3AFileSystem.trackDurationAndSpan(S3AFileSystem.java:2356)
[2025-11-28T17:25:08.466+0000] {docker.py:438} INFO - 	at org.apache.hadoop.fs.s3a.S3AFileSystem.getFileStatus(S3AFileSystem.java:3554)
[2025-11-28T17:25:08.467+0000] {docker.py:438} INFO - 	at org.apache.hadoop.fs.DelegateToFileSystem.getFileStatus(DelegateToFileSystem.java:128)
[2025-11-28T17:25:08.471+0000] {docker.py:438} INFO - 	at org.apache.hadoop.fs.FileContext$15.next(FileContext.java:1247)
[2025-11-28T17:25:08.473+0000] {docker.py:438} INFO - 	at org.apache.hadoop.fs.FileContext$15.next(FileContext.java:1243)
[2025-11-28T17:25:08.480+0000] {docker.py:438} INFO - 	at org.apache.hadoop.fs.FSLinkResolver.resolve(FSLinkResolver.java:90)
[2025-11-28T17:25:08.481+0000] {docker.py:438} INFO - 	at org.apache.hadoop.fs.FileContext.getFileStatus(FileContext.java:1249)
[2025-11-28T17:25:08.483+0000] {docker.py:438} INFO - 	at org.apache.hadoop.fs.FileContext$Util.exists(FileContext.java:1747)
[2025-11-28T17:25:08.484+0000] {docker.py:438} INFO - 	at org.apache.spark.sql.execution.streaming.AbstractFileContextBasedCheckpointFileManager.exists(CheckpointFileManager.scala:327)
[2025-11-28T17:25:08.486+0000] {docker.py:438} INFO - 	at org.apache.spark.sql.execution.streaming.HDFSMetadataLog.<init>(HDFSMetadataLog.scala:66)
[2025-11-28T17:25:08.487+0000] {docker.py:438} INFO - 	at org.apache.spark.sql.execution.streaming.CompactibleFileStreamLog.<init>(CompactibleFileStreamLog.scala:48)
[2025-11-28T17:25:08.489+0000] {docker.py:438} INFO - 	at org.apache.spark.sql.execution.streaming.FileStreamSinkLog.<init>(FileStreamSinkLog.scala:91)
[2025-11-28T17:25:08.490+0000] {docker.py:438} INFO - 	at org.apache.spark.sql.execution.streaming.FileStreamSink.<init>(FileStreamSink.scala:139)
[2025-11-28T17:25:08.490+0000] {docker.py:438} INFO - 	at org.apache.spark.sql.execution.datasources.DataSource.createSink(DataSource.scala:322)
[2025-11-28T17:25:08.491+0000] {docker.py:438} INFO - 	at org.apache.spark.sql.streaming.DataStreamWriter.createV1Sink(DataStreamWriter.scala:442)
[2025-11-28T17:25:08.499+0000] {docker.py:438} INFO - 	at org.apache.spark.sql.streaming.DataStreamWriter.startInternal(DataStreamWriter.scala:407)
[2025-11-28T17:25:08.499+0000] {docker.py:438} INFO - 	at org.apache.spark.sql.streaming.DataStreamWriter.start(DataStreamWriter.scala:251)
[2025-11-28T17:25:08.500+0000] {docker.py:438} INFO - 	at java.base/jdk.internal.reflect.NativeMethodAccessorImpl.invoke0(Native Method)
[2025-11-28T17:25:08.502+0000] {docker.py:438} INFO - 	at java.base/jdk.internal.reflect.NativeMethodAccessorImpl.invoke(NativeMethodAccessorImpl.java:77)
[2025-11-28T17:25:08.503+0000] {docker.py:438} INFO - 	at java.base/jdk.internal.reflect.DelegatingMethodAccessorImpl.invoke(DelegatingMethodAccessorImpl.java:43)
[2025-11-28T17:25:08.506+0000] {docker.py:438} INFO - 	at java.base/java.lang.reflect.Method.invoke(Method.java:569)
[2025-11-28T17:25:08.507+0000] {docker.py:438} INFO - 	at py4j.reflection.MethodInvoker.invoke(MethodInvoker.java:244)
[2025-11-28T17:25:08.508+0000] {docker.py:438} INFO - 	at py4j.reflection.ReflectionEngine.invoke(ReflectionEngine.java:374)
[2025-11-28T17:25:08.509+0000] {docker.py:438} INFO - 	at py4j.Gateway.invoke(Gateway.java:282)
[2025-11-28T17:25:08.515+0000] {docker.py:438} INFO - 	at py4j.commands.AbstractCommand.invokeMethod(AbstractCommand.java:132)
[2025-11-28T17:25:08.519+0000] {docker.py:438} INFO - 	at py4j.commands.CallCommand.execute(CallCommand.java:79)
[2025-11-28T17:25:08.521+0000] {docker.py:438} INFO - 	at py4j.ClientServerConnection.waitForCommands(ClientServerConnection.java:182)
[2025-11-28T17:25:08.523+0000] {docker.py:438} INFO - 	at py4j.ClientServerConnection.run(ClientServerConnection.java:106)
[2025-11-28T17:25:08.524+0000] {docker.py:438} INFO - 	at java.base/java.lang.Thread.run(Thread.java:840)
[2025-11-28T17:25:08.525+0000] {docker.py:438} INFO - Caused by: com.amazonaws.services.s3.model.AmazonS3Exception: Bad Request (Service: Amazon S3; Status Code: 400; Error Code: 400 Bad Request; Request ID: 065HDYVEJT75BER9; S3 Extended Request ID: nx7Xvtc+QirxY2w+EP57k0BLmu80afDKQV2gqeTHETiQge4b4v4x9m3BNj91arZVRNBeird6akP2GuVmQ2e3VsP+UmsulVe9r98LNKCsThE=; Proxy: null), S3 Extended Request ID: nx7Xvtc+QirxY2w+EP57k0BLmu80afDKQV2gqeTHETiQge4b4v4x9m3BNj91arZVRNBeird6akP2GuVmQ2e3VsP+UmsulVe9r98LNKCsThE=
[2025-11-28T17:25:08.526+0000] {docker.py:438} INFO - 	at com.amazonaws.http.AmazonHttpClient$RequestExecutor.handleErrorResponse(AmazonHttpClient.java:1879)
[2025-11-28T17:25:08.528+0000] {docker.py:438} INFO - 	at com.amazonaws.http.AmazonHttpClient$RequestExecutor.handleServiceErrorResponse(AmazonHttpClient.java:1418)
[2025-11-28T17:25:08.530+0000] {docker.py:438} INFO - 	at com.amazonaws.http.AmazonHttpClient$RequestExecutor.executeOneRequest(AmazonHttpClient.java:1387)
[2025-11-28T17:25:08.531+0000] {docker.py:438} INFO - 	at com.amazonaws.http.AmazonHttpClient$RequestExecutor.executeHelper(AmazonHttpClient.java:1157)
[2025-11-28T17:25:08.532+0000] {docker.py:438} INFO - 	at com.amazonaws.http.AmazonHttpClient$RequestExecutor.doExecute(AmazonHttpClient.java:814)
[2025-11-28T17:25:08.534+0000] {docker.py:438} INFO - 	at com.amazonaws.http.AmazonHttpClient$RequestExecutor.executeWithTimer(AmazonHttpClient.java:781)
[2025-11-28T17:25:08.537+0000] {docker.py:438} INFO - 	at com.amazonaws.http.AmazonHttpClient$RequestExecutor.execute(AmazonHttpClient.java:755)
[2025-11-28T17:25:08.539+0000] {docker.py:438} INFO - 	at com.amazonaws.http.AmazonHttpClient$RequestExecutor.access$500(AmazonHttpClient.java:715)
[2025-11-28T17:25:08.539+0000] {docker.py:438} INFO - 	at com.amazonaws.http.AmazonHttpClient$RequestExecutionBuilderImpl.execute(AmazonHttpClient.java:697)
[2025-11-28T17:25:08.541+0000] {docker.py:438} INFO - 	at com.amazonaws.http.AmazonHttpClient.execute(AmazonHttpClient.java:561)
[2025-11-28T17:25:08.542+0000] {docker.py:438} INFO - 	at com.amazonaws.http.AmazonHttpClient.execute(AmazonHttpClient.java:541)
[2025-11-28T17:25:08.547+0000] {docker.py:438} INFO - 	at com.amazonaws.services.s3.AmazonS3Client.invoke(AmazonS3Client.java:5456)
[2025-11-28T17:25:08.550+0000] {docker.py:438} INFO - 	at com.amazonaws.services.s3.AmazonS3Client.invoke(AmazonS3Client.java:5403)
[2025-11-28T17:25:08.551+0000] {docker.py:438} INFO - 	at com.amazonaws.services.s3.AmazonS3Client.getObjectMetadata(AmazonS3Client.java:1372)
[2025-11-28T17:25:08.554+0000] {docker.py:438} INFO - 	at org.apache.hadoop.fs.s3a.S3AFileSystem.lambda$getObjectMetadata$10(S3AFileSystem.java:2545)
[2025-11-28T17:25:08.556+0000] {docker.py:438} INFO - 	at org.apache.hadoop.fs.s3a.Invoker.retryUntranslated(Invoker.java:414)
[2025-11-28T17:25:08.557+0000] {docker.py:438} INFO - 	at org.apache.hadoop.fs.s3a.Invoker.retryUntranslated(Invoker.java:377)
[2025-11-28T17:25:08.559+0000] {docker.py:438} INFO - 	at org.apache.hadoop.fs.s3a.S3AFileSystem.getObjectMetadata(S3AFileSystem.java:2533)
[2025-11-28T17:25:08.562+0000] {docker.py:438} INFO - 	at org.apache.hadoop.fs.s3a.S3AFileSystem.getObjectMetadata(S3AFileSystem.java:2513)
[2025-11-28T17:25:08.564+0000] {docker.py:438} INFO - 	at org.apache.hadoop.fs.s3a.S3AFileSystem.s3GetFileStatus(S3AFileSystem.java:3776)
[2025-11-28T17:25:08.575+0000] {docker.py:438} INFO - 	... 34 more
[2025-11-28T17:25:08.580+0000] {docker.py:438} INFO - 2025-11-28 17:25:08,403:py4j.clientserver:close:INFO:Closing down clientserver connection
[2025-11-28T17:25:09.851+0000] {taskinstance.py:441} INFO - ::group::Post task execution logs
[2025-11-28T17:25:10.189+0000] {taskinstance.py:2905} ERROR - Task failed with exception
Traceback (most recent call last):
  File "/home/airflow/.local/lib/python3.11/site-packages/airflow/models/taskinstance.py", line 465, in _execute_task
    result = _execute_callable(context=context, **execute_callable_kwargs)
             ^^^^^^^^^^^^^^^^^^^^^^^^^^^^^^^^^^^^^^^^^^^^^^^^^^^^^^^^^^^^^
  File "/home/airflow/.local/lib/python3.11/site-packages/airflow/models/taskinstance.py", line 432, in _execute_callable
    return execute_callable(context=context, **execute_callable_kwargs)
           ^^^^^^^^^^^^^^^^^^^^^^^^^^^^^^^^^^^^^^^^^^^^^^^^^^^^^^^^^^^^
  File "/home/airflow/.local/lib/python3.11/site-packages/airflow/models/baseoperator.py", line 401, in wrapper
    return func(self, *args, **kwargs)
           ^^^^^^^^^^^^^^^^^^^^^^^^^^^
  File "/home/airflow/.local/lib/python3.11/site-packages/airflow/providers/docker/operators/docker.py", line 513, in execute
    return self._run_image()
           ^^^^^^^^^^^^^^^^^
  File "/home/airflow/.local/lib/python3.11/site-packages/airflow/providers/docker/operators/docker.py", line 384, in _run_image
    return self._run_image_with_mounts(self.mounts, add_tmp_variable=False)
           ^^^^^^^^^^^^^^^^^^^^^^^^^^^^^^^^^^^^^^^^^^^^^^^^^^^^^^^^^^^^^^^^
  File "/home/airflow/.local/lib/python3.11/site-packages/airflow/providers/docker/operators/docker.py", line 446, in _run_image_with_mounts
    raise DockerContainerFailedException(f"Docker container failed: {result!r}", logs=log_lines)
airflow.providers.docker.exceptions.DockerContainerFailedException: Docker container failed: {'StatusCode': 1}
[2025-11-28T17:25:10.215+0000] {taskinstance.py:1206} INFO - Marking task as FAILED. dag_id=name_stream_dag, task_id=spark_stream_to_s3, run_id=scheduled__2025-11-28T17:05:00+00:00, execution_date=20251128T170500, start_date=20251128T172416, end_date=20251128T172510
[2025-11-28T17:25:10.647+0000] {standard_task_runner.py:110} ERROR - Failed to execute job 197 for task spark_stream_to_s3 (Docker container failed: {'StatusCode': 1}; 174)
[2025-11-28T17:25:10.750+0000] {local_task_job_runner.py:243} INFO - Task exited with return code 1
[2025-11-28T17:25:11.270+0000] {local_task_job_runner.py:222} INFO - ::endgroup::
