[2025-10-08T02:05:01.518+0100] {local_task_job_runner.py:120} INFO - ::group::Pre task execution logs
[2025-10-08T02:05:01.651+0100] {taskinstance.py:2076} INFO - Dependencies all met for dep_context=non-requeueable deps ti=<TaskInstance: name_stream_dag.stream_to_kafka_task scheduled__2025-10-08T01:00:00+00:00 [queued]>
[2025-10-08T02:05:01.673+0100] {taskinstance.py:2076} INFO - Dependencies all met for dep_context=requeueable deps ti=<TaskInstance: name_stream_dag.stream_to_kafka_task scheduled__2025-10-08T01:00:00+00:00 [queued]>
[2025-10-08T02:05:01.675+0100] {taskinstance.py:2306} INFO - Starting attempt 1 of 2
[2025-10-08T02:05:01.804+0100] {taskinstance.py:2330} INFO - Executing <Task(PythonOperator): stream_to_kafka_task> on 2025-10-08 01:00:00+00:00
[2025-10-08T02:05:01.813+0100] {standard_task_runner.py:64} INFO - Started process 467 to run task
[2025-10-08T02:05:01.821+0100] {standard_task_runner.py:90} INFO - Running: ['***', 'tasks', 'run', 'name_stream_dag', 'stream_to_kafka_task', 'scheduled__2025-10-08T01:00:00+00:00', '--job-id', '26', '--raw', '--subdir', 'DAGS_FOLDER/kafka_stream_dag.py', '--cfg-path', '/tmp/tmpte12nc_9']
[2025-10-08T02:05:01.827+0100] {standard_task_runner.py:91} INFO - Job 26: Subtask stream_to_kafka_task
[2025-10-08T02:05:02.073+0100] {task_command.py:426} INFO - Running <TaskInstance: name_stream_dag.stream_to_kafka_task scheduled__2025-10-08T01:00:00+00:00 [running]> on host 811935e53272
[2025-10-08T02:05:02.954+0100] {taskinstance.py:2648} INFO - Exporting env vars: AIRFLOW_CTX_DAG_OWNER='***' AIRFLOW_CTX_DAG_ID='name_stream_dag' AIRFLOW_CTX_TASK_ID='stream_to_kafka_task' AIRFLOW_CTX_EXECUTION_DATE='2025-10-08T01:00:00+00:00' AIRFLOW_CTX_TRY_NUMBER='1' AIRFLOW_CTX_DAG_RUN_ID='scheduled__2025-10-08T01:00:00+00:00'
[2025-10-08T02:05:02.956+0100] {taskinstance.py:430} INFO - ::endgroup::
[2025-10-08T02:05:13.769+0100] {logging_mixin.py:188} INFO - Delivered to names_topic [0] @ offset 48
[2025-10-08T02:05:24.045+0100] {logging_mixin.py:188} INFO - Delivered to names_topic [0] @ offset 49
[2025-10-08T02:05:34.438+0100] {logging_mixin.py:188} INFO - Delivered to names_topic [0] @ offset 50
[2025-10-08T02:05:44.930+0100] {logging_mixin.py:188} INFO - Delivered to names_topic [0] @ offset 51
[2025-10-08T02:05:55.263+0100] {logging_mixin.py:188} INFO - Delivered to names_topic [0] @ offset 52
[2025-10-08T02:06:05.638+0100] {logging_mixin.py:188} INFO - Delivered to names_topic [0] @ offset 53
[2025-10-08T02:06:16.032+0100] {logging_mixin.py:188} INFO - Delivered to names_topic [0] @ offset 54
[2025-10-08T02:06:26.469+0100] {logging_mixin.py:188} INFO - Delivered to names_topic [0] @ offset 55
[2025-10-08T02:06:36.828+0100] {logging_mixin.py:188} INFO - Delivered to names_topic [0] @ offset 56
[2025-10-08T02:06:47.162+0100] {logging_mixin.py:188} INFO - Delivered to names_topic [0] @ offset 57
[2025-10-08T02:06:57.444+0100] {logging_mixin.py:188} INFO - Delivered to names_topic [0] @ offset 58
[2025-10-08T02:07:07.446+0100] {logging_mixin.py:188} INFO - Delivered to names_topic [0] @ offset 59
[2025-10-08T02:07:07.448+0100] {python.py:237} INFO - Done. Returned value was: None
[2025-10-08T02:07:07.449+0100] {taskinstance.py:441} INFO - ::group::Post task execution logs
[2025-10-08T02:07:07.507+0100] {taskinstance.py:1206} INFO - Marking task as SUCCESS. dag_id=name_stream_dag, task_id=stream_to_kafka_task, run_id=scheduled__2025-10-08T01:00:00+00:00, execution_date=20251008T010000, start_date=20251008T010501, end_date=20251008T010707
[2025-10-08T02:07:07.606+0100] {local_task_job_runner.py:243} INFO - Task exited with return code 0
[2025-10-08T02:07:07.673+0100] {taskinstance.py:3503} INFO - 0 downstream tasks scheduled from follow-on schedule check
[2025-10-08T02:07:07.711+0100] {local_task_job_runner.py:222} INFO - ::endgroup::
