[2025-11-28T21:10:31.911+0000] {local_task_job_runner.py:120} INFO - ::group::Pre task execution logs
[2025-11-28T21:10:32.815+0000] {taskinstance.py:2076} INFO - Dependencies all met for dep_context=non-requeueable deps ti=<TaskInstance: name_stream_dag.stream_to_kafka_task scheduled__2025-11-28T21:00:00+00:00 [queued]>
[2025-11-28T21:10:32.867+0000] {taskinstance.py:2076} INFO - Dependencies all met for dep_context=requeueable deps ti=<TaskInstance: name_stream_dag.stream_to_kafka_task scheduled__2025-11-28T21:00:00+00:00 [queued]>
[2025-11-28T21:10:32.881+0000] {taskinstance.py:2306} INFO - Starting attempt 1 of 2
[2025-11-28T21:10:33.342+0000] {taskinstance.py:2330} INFO - Executing <Task(PythonOperator): stream_to_kafka_task> on 2025-11-28 21:00:00+00:00
[2025-11-28T21:10:33.377+0000] {standard_task_runner.py:64} INFO - Started process 140 to run task
[2025-11-28T21:10:33.400+0000] {standard_task_runner.py:90} INFO - Running: ['***', 'tasks', 'run', 'name_stream_dag', 'stream_to_kafka_task', 'scheduled__2025-11-28T21:00:00+00:00', '--job-id', '352', '--raw', '--subdir', 'DAGS_FOLDER/kafka_stream_dag.py', '--cfg-path', '/tmp/tmpvmx3_iqt']
[2025-11-28T21:10:33.418+0000] {standard_task_runner.py:91} INFO - Job 352: Subtask stream_to_kafka_task
[2025-11-28T21:10:34.867+0000] {task_command.py:426} INFO - Running <TaskInstance: name_stream_dag.stream_to_kafka_task scheduled__2025-11-28T21:00:00+00:00 [running]> on host 3c6232649979
[2025-11-28T21:10:39.070+0000] {taskinstance.py:2648} INFO - Exporting env vars: AIRFLOW_CTX_DAG_OWNER='***' AIRFLOW_CTX_DAG_ID='name_stream_dag' AIRFLOW_CTX_TASK_ID='stream_to_kafka_task' AIRFLOW_CTX_EXECUTION_DATE='2025-11-28T21:00:00+00:00' AIRFLOW_CTX_TRY_NUMBER='1' AIRFLOW_CTX_DAG_RUN_ID='scheduled__2025-11-28T21:00:00+00:00'
[2025-11-28T21:10:39.091+0000] {taskinstance.py:430} INFO - ::endgroup::
[2025-11-28T21:10:39.185+0000] {kafka_streaming_service.py:222} INFO - Starting Kafka stream: bootstrap=kafka:19092 topic=names_topic interval=10 duration=120
[2025-11-28T21:10:40.493+0000] {kafka_streaming_service.py:237} INFO - Iteration 1/12 – sending payload {'name': 'Mr. George Thomas', 'gender': 'male', 'address': '8038, Chatham Road', 'city': 'Invercargill', 'nation': 'New Zealand', 'zip': '174590232676316846760720902154554670498', 'latitude': 48.5277, 'longitude': -72.9247, 'email': 'george.thomas@example.com'}
[2025-11-28T21:10:40.496+0000] {kafka_streaming_service.py:210} INFO - Producing record to topic=names_topic payload={'name': 'Mr. George Thomas', 'gender': 'male', 'address': '8038, Chatham Road', 'city': 'Invercargill', 'nation': 'New Zealand', 'zip': '174590232676316846760720902154554670498', 'latitude': 48.5277, 'longitude': -72.9247, 'email': 'george.thomas@example.com'}
[2025-11-28T21:10:51.513+0000] {kafka_streaming_service.py:237} INFO - Iteration 2/12 – sending payload {'name': 'Mr. Alfredo Chapman', 'gender': 'male', 'address': '1917, Station Road', 'city': 'Belfast', 'nation': 'United Kingdom', 'zip': '199346703693172424871464727634300732956', 'latitude': -8.0488, 'longitude': -91.469, 'email': 'alfredo.chapman@example.com'}
[2025-11-28T21:10:51.516+0000] {kafka_streaming_service.py:210} INFO - Producing record to topic=names_topic payload={'name': 'Mr. Alfredo Chapman', 'gender': 'male', 'address': '1917, Station Road', 'city': 'Belfast', 'nation': 'United Kingdom', 'zip': '199346703693172424871464727634300732956', 'latitude': -8.0488, 'longitude': -91.469, 'email': 'alfredo.chapman@example.com'}
[2025-11-28T21:10:51.517+0000] {logging_mixin.py:188} INFO - Delivered to names_topic [0] @ offset 0
[2025-11-28T21:11:01.793+0000] {kafka_streaming_service.py:237} INFO - Iteration 3/12 – sending payload {'name': 'Mr. Ivan Hayes', 'gender': 'male', 'address': '294, Bruce St', 'city': 'Wichita Falls', 'nation': 'United States', 'zip': '297524922488852081812024154241732790917', 'latitude': 82.2794, 'longitude': -9.7498, 'email': 'ivan.hayes@example.com'}
[2025-11-28T21:11:01.795+0000] {kafka_streaming_service.py:210} INFO - Producing record to topic=names_topic payload={'name': 'Mr. Ivan Hayes', 'gender': 'male', 'address': '294, Bruce St', 'city': 'Wichita Falls', 'nation': 'United States', 'zip': '297524922488852081812024154241732790917', 'latitude': 82.2794, 'longitude': -9.7498, 'email': 'ivan.hayes@example.com'}
[2025-11-28T21:11:01.796+0000] {logging_mixin.py:188} INFO - Delivered to names_topic [0] @ offset 1
[2025-11-28T21:11:12.333+0000] {kafka_streaming_service.py:237} INFO - Iteration 4/12 – sending payload {'name': 'Mr. Walter Moore', 'gender': 'male', 'address': '7657, Woodland St', 'city': 'Richardson', 'nation': 'United States', 'zip': '6917965279718926035855028117517241259', 'latitude': 84.1421, 'longitude': -145.777, 'email': 'walter.moore@example.com'}
[2025-11-28T21:11:12.336+0000] {kafka_streaming_service.py:210} INFO - Producing record to topic=names_topic payload={'name': 'Mr. Walter Moore', 'gender': 'male', 'address': '7657, Woodland St', 'city': 'Richardson', 'nation': 'United States', 'zip': '6917965279718926035855028117517241259', 'latitude': 84.1421, 'longitude': -145.777, 'email': 'walter.moore@example.com'}
[2025-11-28T21:11:12.339+0000] {logging_mixin.py:188} INFO - Delivered to names_topic [0] @ offset 2
[2025-11-28T21:11:22.856+0000] {kafka_streaming_service.py:237} INFO - Iteration 5/12 – sending payload {'name': 'Miss. Naïma Van Diemen', 'gender': 'female', 'address': '4388, Gelderwoudsestraat', 'city': 'Beegden', 'nation': 'Netherlands', 'zip': '180665858288042751220657030416768117382', 'latitude': 35.0132, 'longitude': 115.2388, 'email': 'naima.vandiemen@example.com'}
[2025-11-28T21:11:22.863+0000] {kafka_streaming_service.py:210} INFO - Producing record to topic=names_topic payload={'name': 'Miss. Naïma Van Diemen', 'gender': 'female', 'address': '4388, Gelderwoudsestraat', 'city': 'Beegden', 'nation': 'Netherlands', 'zip': '180665858288042751220657030416768117382', 'latitude': 35.0132, 'longitude': 115.2388, 'email': 'naima.vandiemen@example.com'}
[2025-11-28T21:11:22.872+0000] {logging_mixin.py:188} INFO - Delivered to names_topic [0] @ offset 3
[2025-11-28T21:11:33.118+0000] {kafka_streaming_service.py:237} INFO - Iteration 6/12 – sending payload {'name': 'Ms. Carina Monteiro', 'gender': 'female', 'address': '8799, Rua Santos Dumont ', 'city': 'Caxias do Sul', 'nation': 'Brazil', 'zip': '7501540400668600592432759726589910585', 'latitude': -75.8426, 'longitude': 152.9373, 'email': 'carina.monteiro@example.com'}
[2025-11-28T21:11:33.121+0000] {kafka_streaming_service.py:210} INFO - Producing record to topic=names_topic payload={'name': 'Ms. Carina Monteiro', 'gender': 'female', 'address': '8799, Rua Santos Dumont ', 'city': 'Caxias do Sul', 'nation': 'Brazil', 'zip': '7501540400668600592432759726589910585', 'latitude': -75.8426, 'longitude': 152.9373, 'email': 'carina.monteiro@example.com'}
[2025-11-28T21:11:33.122+0000] {logging_mixin.py:188} INFO - Delivered to names_topic [0] @ offset 4
[2025-11-28T21:11:43.626+0000] {kafka_streaming_service.py:237} INFO - Iteration 7/12 – sending payload {'name': 'Mr. Xandro Baartmans', 'gender': 'male', 'address': '883, Blokwieke', 'city': 'Amstelhoek', 'nation': 'Netherlands', 'zip': '85145263486665468420428704724811049510', 'latitude': 33.0437, 'longitude': -15.6552, 'email': 'xandro.baartmans@example.com'}
[2025-11-28T21:11:43.629+0000] {kafka_streaming_service.py:210} INFO - Producing record to topic=names_topic payload={'name': 'Mr. Xandro Baartmans', 'gender': 'male', 'address': '883, Blokwieke', 'city': 'Amstelhoek', 'nation': 'Netherlands', 'zip': '85145263486665468420428704724811049510', 'latitude': 33.0437, 'longitude': -15.6552, 'email': 'xandro.baartmans@example.com'}
[2025-11-28T21:11:43.635+0000] {logging_mixin.py:188} INFO - Delivered to names_topic [0] @ offset 5
[2025-11-28T21:11:54.719+0000] {kafka_streaming_service.py:237} INFO - Iteration 8/12 – sending payload {'name': 'Mr. Isaac Marshall', 'gender': 'male', 'address': '9424, Walnut Hill Ln', 'city': 'Warren', 'nation': 'United States', 'zip': '315202586904155786409448868711983942271', 'latitude': 82.9653, 'longitude': -136.5652, 'email': 'isaac.marshall@example.com'}
[2025-11-28T21:11:54.725+0000] {kafka_streaming_service.py:210} INFO - Producing record to topic=names_topic payload={'name': 'Mr. Isaac Marshall', 'gender': 'male', 'address': '9424, Walnut Hill Ln', 'city': 'Warren', 'nation': 'United States', 'zip': '315202586904155786409448868711983942271', 'latitude': 82.9653, 'longitude': -136.5652, 'email': 'isaac.marshall@example.com'}
[2025-11-28T21:11:54.726+0000] {logging_mixin.py:188} INFO - Delivered to names_topic [0] @ offset 6
[2025-11-28T21:12:05.927+0000] {kafka_streaming_service.py:237} INFO - Iteration 9/12 – sending payload {'name': 'Ms. Yarina Chebikin', 'gender': 'female', 'address': '4169, Ivana Boyka', 'city': 'Dublyani', 'nation': 'Ukraine', 'zip': '24728714186931642867706756735334262525', 'latitude': 80.5394, 'longitude': 94.2462, 'email': 'yarina.chebikin@example.com'}
[2025-11-28T21:12:05.992+0000] {kafka_streaming_service.py:210} INFO - Producing record to topic=names_topic payload={'name': 'Ms. Yarina Chebikin', 'gender': 'female', 'address': '4169, Ivana Boyka', 'city': 'Dublyani', 'nation': 'Ukraine', 'zip': '24728714186931642867706756735334262525', 'latitude': 80.5394, 'longitude': 94.2462, 'email': 'yarina.chebikin@example.com'}
[2025-11-28T21:12:06.107+0000] {logging_mixin.py:188} INFO - Delivered to names_topic [0] @ offset 7
[2025-11-28T21:12:16.534+0000] {kafka_streaming_service.py:237} INFO - Iteration 10/12 – sending payload {'name': 'Mr. Manuel Limón', 'gender': 'male', 'address': '653, Corredor Beltrán', 'city': 'Rodríguez Clara', 'nation': 'Mexico', 'zip': '227391236483068544822057330643747535732', 'latitude': 29.5576, 'longitude': -35.1637, 'email': 'manuel.limon@example.com'}
[2025-11-28T21:12:16.569+0000] {kafka_streaming_service.py:210} INFO - Producing record to topic=names_topic payload={'name': 'Mr. Manuel Limón', 'gender': 'male', 'address': '653, Corredor Beltrán', 'city': 'Rodríguez Clara', 'nation': 'Mexico', 'zip': '227391236483068544822057330643747535732', 'latitude': 29.5576, 'longitude': -35.1637, 'email': 'manuel.limon@example.com'}
[2025-11-28T21:12:16.584+0000] {logging_mixin.py:188} INFO - Delivered to names_topic [0] @ offset 8
[2025-11-28T21:12:27.295+0000] {kafka_streaming_service.py:237} INFO - Iteration 11/12 – sending payload {'name': 'Mr. Elio Rey', 'gender': 'male', 'address': '910, Rue Desaix', 'city': 'Versailles', 'nation': 'France', 'zip': '46633907160527549338236178936156181050', 'latitude': -14.7074, 'longitude': -0.9836, 'email': 'elio.rey@example.com'}
[2025-11-28T21:12:27.309+0000] {kafka_streaming_service.py:210} INFO - Producing record to topic=names_topic payload={'name': 'Mr. Elio Rey', 'gender': 'male', 'address': '910, Rue Desaix', 'city': 'Versailles', 'nation': 'France', 'zip': '46633907160527549338236178936156181050', 'latitude': -14.7074, 'longitude': -0.9836, 'email': 'elio.rey@example.com'}
[2025-11-28T21:12:27.313+0000] {logging_mixin.py:188} INFO - Delivered to names_topic [0] @ offset 9
[2025-11-28T21:12:37.625+0000] {kafka_streaming_service.py:237} INFO - Iteration 12/12 – sending payload {'name': 'Mrs. Neysa Kumari', 'gender': 'female', 'address': '5538, Ranganathan St', 'city': 'Kolhapur', 'nation': 'India', 'zip': '84613115489183571537574426442076700520', 'latitude': 8.042, 'longitude': 65.4955, 'email': 'neysa.kumari@example.com'}
[2025-11-28T21:12:37.641+0000] {kafka_streaming_service.py:210} INFO - Producing record to topic=names_topic payload={'name': 'Mrs. Neysa Kumari', 'gender': 'female', 'address': '5538, Ranganathan St', 'city': 'Kolhapur', 'nation': 'India', 'zip': '84613115489183571537574426442076700520', 'latitude': 8.042, 'longitude': 65.4955, 'email': 'neysa.kumari@example.com'}
[2025-11-28T21:12:37.643+0000] {logging_mixin.py:188} INFO - Delivered to names_topic [0] @ offset 10
[2025-11-28T21:12:47.566+0000] {logging_mixin.py:188} INFO - Delivered to names_topic [0] @ offset 11
[2025-11-28T21:12:47.577+0000] {kafka_streaming_service.py:245} INFO - Kafka producer flushed all pending messages.
[2025-11-28T21:12:47.596+0000] {python.py:237} INFO - Done. Returned value was: None
[2025-11-28T21:12:47.609+0000] {taskinstance.py:441} INFO - ::group::Post task execution logs
[2025-11-28T21:12:48.026+0000] {taskinstance.py:1206} INFO - Marking task as SUCCESS. dag_id=name_stream_dag, task_id=stream_to_kafka_task, run_id=scheduled__2025-11-28T21:00:00+00:00, execution_date=20251128T210000, start_date=20251128T211032, end_date=20251128T211248
[2025-11-28T21:12:48.534+0000] {local_task_job_runner.py:243} INFO - Task exited with return code 0
[2025-11-28T21:12:48.884+0000] {local_task_job_runner.py:222} INFO - ::endgroup::
