[2025-11-28T20:23:54.958+0000] {local_task_job_runner.py:120} INFO - ::group::Pre task execution logs
[2025-11-28T20:23:55.051+0000] {taskinstance.py:2076} INFO - Dependencies all met for dep_context=non-requeueable deps ti=<TaskInstance: name_stream_dag.stream_to_kafka_task scheduled__2025-11-28T20:15:00+00:00 [queued]>
[2025-11-28T20:23:55.070+0000] {taskinstance.py:2076} INFO - Dependencies all met for dep_context=requeueable deps ti=<TaskInstance: name_stream_dag.stream_to_kafka_task scheduled__2025-11-28T20:15:00+00:00 [queued]>
[2025-11-28T20:23:55.071+0000] {taskinstance.py:2306} INFO - Starting attempt 1 of 2
[2025-11-28T20:23:55.191+0000] {taskinstance.py:2330} INFO - Executing <Task(PythonOperator): stream_to_kafka_task> on 2025-11-28 20:15:00+00:00
[2025-11-28T20:23:55.202+0000] {standard_task_runner.py:64} INFO - Started process 138 to run task
[2025-11-28T20:23:55.207+0000] {standard_task_runner.py:90} INFO - Running: ['***', 'tasks', 'run', 'name_stream_dag', 'stream_to_kafka_task', 'scheduled__2025-11-28T20:15:00+00:00', '--job-id', '271', '--raw', '--subdir', 'DAGS_FOLDER/kafka_stream_dag.py', '--cfg-path', '/tmp/tmpr7iyao_7']
[2025-11-28T20:23:55.213+0000] {standard_task_runner.py:91} INFO - Job 271: Subtask stream_to_kafka_task
[2025-11-28T20:23:55.796+0000] {task_command.py:426} INFO - Running <TaskInstance: name_stream_dag.stream_to_kafka_task scheduled__2025-11-28T20:15:00+00:00 [running]> on host 5773cad78b07
[2025-11-28T20:23:56.729+0000] {taskinstance.py:2648} INFO - Exporting env vars: AIRFLOW_CTX_DAG_OWNER='***' AIRFLOW_CTX_DAG_ID='name_stream_dag' AIRFLOW_CTX_TASK_ID='stream_to_kafka_task' AIRFLOW_CTX_EXECUTION_DATE='2025-11-28T20:15:00+00:00' AIRFLOW_CTX_TRY_NUMBER='1' AIRFLOW_CTX_DAG_RUN_ID='scheduled__2025-11-28T20:15:00+00:00'
[2025-11-28T20:23:56.731+0000] {taskinstance.py:430} INFO - ::endgroup::
[2025-11-28T20:23:56.756+0000] {kafka_streaming_service.py:222} INFO - Starting Kafka stream: bootstrap=kafka:19092 topic=names_topic interval=10 duration=120
[2025-11-28T20:23:57.202+0000] {kafka_streaming_service.py:237} INFO - Iteration 1/12 – sending payload {'name': 'Miss. Iris Grenz', 'gender': 'female', 'address': '6924, Raiffeisenstraße', 'city': 'Bingen am Rhein', 'nation': 'Germany', 'zip': '182860373340052992762495094451990576970', 'latitude': -47.9608, 'longitude': 171.3197, 'email': 'iris.grenz@example.com'}
[2025-11-28T20:23:57.206+0000] {kafka_streaming_service.py:210} INFO - Producing record to topic=names_topic payload={'name': 'Miss. Iris Grenz', 'gender': 'female', 'address': '6924, Raiffeisenstraße', 'city': 'Bingen am Rhein', 'nation': 'Germany', 'zip': '182860373340052992762495094451990576970', 'latitude': -47.9608, 'longitude': 171.3197, 'email': 'iris.grenz@example.com'}
[2025-11-28T20:24:07.580+0000] {kafka_streaming_service.py:237} INFO - Iteration 2/12 – sending payload {'name': 'Mrs. Karina Macapura', 'gender': 'female', 'address': '3842, Docenka', 'city': 'Nova Odesa', 'nation': 'Ukraine', 'zip': '85056822555121608853496827108331325280', 'latitude': 75.5626, 'longitude': 38.6818, 'email': 'karina.macapura@example.com'}
[2025-11-28T20:24:07.582+0000] {kafka_streaming_service.py:210} INFO - Producing record to topic=names_topic payload={'name': 'Mrs. Karina Macapura', 'gender': 'female', 'address': '3842, Docenka', 'city': 'Nova Odesa', 'nation': 'Ukraine', 'zip': '85056822555121608853496827108331325280', 'latitude': 75.5626, 'longitude': 38.6818, 'email': 'karina.macapura@example.com'}
[2025-11-28T20:24:07.583+0000] {logging_mixin.py:188} INFO - Delivered to names_topic [0] @ offset 0
[2025-11-28T20:24:17.888+0000] {kafka_streaming_service.py:237} INFO - Iteration 3/12 – sending payload {'name': 'Ms. Taylor Clark', 'gender': 'female', 'address': '277, Spring St', 'city': 'Sterling Heights', 'nation': 'United States', 'zip': '90123269620832272122810660993152033720', 'latitude': 89.8995, 'longitude': 63.7463, 'email': 'taylor.clark@example.com'}
[2025-11-28T20:24:17.893+0000] {kafka_streaming_service.py:210} INFO - Producing record to topic=names_topic payload={'name': 'Ms. Taylor Clark', 'gender': 'female', 'address': '277, Spring St', 'city': 'Sterling Heights', 'nation': 'United States', 'zip': '90123269620832272122810660993152033720', 'latitude': 89.8995, 'longitude': 63.7463, 'email': 'taylor.clark@example.com'}
[2025-11-28T20:24:17.897+0000] {logging_mixin.py:188} INFO - Delivered to names_topic [0] @ offset 1
[2025-11-28T20:24:28.210+0000] {kafka_streaming_service.py:237} INFO - Iteration 4/12 – sending payload {'name': 'Mrs. Kavyashri Babu', 'gender': 'female', 'address': '7102, Altamount Rd', 'city': 'Berhampore', 'nation': 'India', 'zip': '1190222181954074872720498718893188816', 'latitude': 10.7377, 'longitude': 59.7068, 'email': 'kavyashri.babu@example.com'}
[2025-11-28T20:24:28.217+0000] {kafka_streaming_service.py:210} INFO - Producing record to topic=names_topic payload={'name': 'Mrs. Kavyashri Babu', 'gender': 'female', 'address': '7102, Altamount Rd', 'city': 'Berhampore', 'nation': 'India', 'zip': '1190222181954074872720498718893188816', 'latitude': 10.7377, 'longitude': 59.7068, 'email': 'kavyashri.babu@example.com'}
[2025-11-28T20:24:28.220+0000] {logging_mixin.py:188} INFO - Delivered to names_topic [0] @ offset 2
[2025-11-28T20:24:38.465+0000] {kafka_streaming_service.py:237} INFO - Iteration 5/12 – sending payload {'name': 'Mrs. Linnea Haataja', 'gender': 'female', 'address': '8003, Hämeenkatu', 'city': 'Asikkala', 'nation': 'Finland', 'zip': '118853663613314783509005392368108815312', 'latitude': -23.8097, 'longitude': 165.6958, 'email': 'linnea.haataja@example.com'}
[2025-11-28T20:24:38.468+0000] {kafka_streaming_service.py:210} INFO - Producing record to topic=names_topic payload={'name': 'Mrs. Linnea Haataja', 'gender': 'female', 'address': '8003, Hämeenkatu', 'city': 'Asikkala', 'nation': 'Finland', 'zip': '118853663613314783509005392368108815312', 'latitude': -23.8097, 'longitude': 165.6958, 'email': 'linnea.haataja@example.com'}
[2025-11-28T20:24:38.469+0000] {logging_mixin.py:188} INFO - Delivered to names_topic [0] @ offset 3
[2025-11-28T20:24:48.642+0000] {kafka_streaming_service.py:237} INFO - Iteration 6/12 – sending payload {'name': 'Mr. Jeet Thampy', 'gender': 'male', 'address': '5335, Lamington Rd', 'city': 'Darbhanga', 'nation': 'India', 'zip': '240434108877713507031277053530040523111', 'latitude': 5.4267, 'longitude': -1.0023, 'email': 'jeet.thampy@example.com'}
[2025-11-28T20:24:48.644+0000] {kafka_streaming_service.py:210} INFO - Producing record to topic=names_topic payload={'name': 'Mr. Jeet Thampy', 'gender': 'male', 'address': '5335, Lamington Rd', 'city': 'Darbhanga', 'nation': 'India', 'zip': '240434108877713507031277053530040523111', 'latitude': 5.4267, 'longitude': -1.0023, 'email': 'jeet.thampy@example.com'}
[2025-11-28T20:24:48.645+0000] {logging_mixin.py:188} INFO - Delivered to names_topic [0] @ offset 4
[2025-11-28T20:24:58.881+0000] {kafka_streaming_service.py:237} INFO - Iteration 7/12 – sending payload {'name': 'Mr. Morris Fleming', 'gender': 'male', 'address': '1802, New Road', 'city': 'Cambridge', 'nation': 'United Kingdom', 'zip': '316666766434504177708189266528118634809', 'latitude': -12.0199, 'longitude': -104.3465, 'email': 'morris.fleming@example.com'}
[2025-11-28T20:24:58.884+0000] {kafka_streaming_service.py:210} INFO - Producing record to topic=names_topic payload={'name': 'Mr. Morris Fleming', 'gender': 'male', 'address': '1802, New Road', 'city': 'Cambridge', 'nation': 'United Kingdom', 'zip': '316666766434504177708189266528118634809', 'latitude': -12.0199, 'longitude': -104.3465, 'email': 'morris.fleming@example.com'}
[2025-11-28T20:24:58.885+0000] {logging_mixin.py:188} INFO - Delivered to names_topic [0] @ offset 5
[2025-11-28T20:25:09.183+0000] {kafka_streaming_service.py:237} INFO - Iteration 8/12 – sending payload {'name': 'Ms. Galina Maksimović', 'gender': 'female', 'address': '2479, Lipik', 'city': 'Bela Palanka', 'nation': 'Serbia', 'zip': '322350147948666878189085736527975083004', 'latitude': 60.7406, 'longitude': 124.4085, 'email': 'galina.maksimovic@example.com'}
[2025-11-28T20:25:09.185+0000] {kafka_streaming_service.py:210} INFO - Producing record to topic=names_topic payload={'name': 'Ms. Galina Maksimović', 'gender': 'female', 'address': '2479, Lipik', 'city': 'Bela Palanka', 'nation': 'Serbia', 'zip': '322350147948666878189085736527975083004', 'latitude': 60.7406, 'longitude': 124.4085, 'email': 'galina.maksimovic@example.com'}
[2025-11-28T20:25:09.187+0000] {logging_mixin.py:188} INFO - Delivered to names_topic [0] @ offset 6
[2025-11-28T20:25:19.535+0000] {kafka_streaming_service.py:237} INFO - Iteration 9/12 – sending payload {'name': 'Miss. Milla Jarvinen', 'gender': 'female', 'address': '3880, Rotuaari', 'city': 'Orivesi', 'nation': 'Finland', 'zip': '36538408256420710000386873800276733321', 'latitude': -29.1068, 'longitude': 41.8834, 'email': 'milla.jarvinen@example.com'}
[2025-11-28T20:25:19.538+0000] {kafka_streaming_service.py:210} INFO - Producing record to topic=names_topic payload={'name': 'Miss. Milla Jarvinen', 'gender': 'female', 'address': '3880, Rotuaari', 'city': 'Orivesi', 'nation': 'Finland', 'zip': '36538408256420710000386873800276733321', 'latitude': -29.1068, 'longitude': 41.8834, 'email': 'milla.jarvinen@example.com'}
[2025-11-28T20:25:19.539+0000] {logging_mixin.py:188} INFO - Delivered to names_topic [0] @ offset 7
[2025-11-28T20:25:29.852+0000] {kafka_streaming_service.py:237} INFO - Iteration 10/12 – sending payload {'name': 'Mr. Voyislav Maksyuta', 'gender': 'male', 'address': '4093, Ievgena Grebinki', 'city': 'Gorodishche', 'nation': 'Ukraine', 'zip': '66470934171428207376515747768167324491', 'latitude': 73.2371, 'longitude': -39.6369, 'email': 'voyislav.maksyuta@example.com'}
[2025-11-28T20:25:29.856+0000] {kafka_streaming_service.py:210} INFO - Producing record to topic=names_topic payload={'name': 'Mr. Voyislav Maksyuta', 'gender': 'male', 'address': '4093, Ievgena Grebinki', 'city': 'Gorodishche', 'nation': 'Ukraine', 'zip': '66470934171428207376515747768167324491', 'latitude': 73.2371, 'longitude': -39.6369, 'email': 'voyislav.maksyuta@example.com'}
[2025-11-28T20:25:29.858+0000] {logging_mixin.py:188} INFO - Delivered to names_topic [0] @ offset 8
[2025-11-28T20:25:40.112+0000] {kafka_streaming_service.py:237} INFO - Iteration 11/12 – sending payload {'name': 'Mr. Enrique Brown', 'gender': 'male', 'address': '841, London Road', 'city': 'Inverness', 'nation': 'United Kingdom', 'zip': '95049078746452222046671441076849420314', 'latitude': -10.6538, 'longitude': -103.9301, 'email': 'enrique.brown@example.com'}
[2025-11-28T20:25:40.119+0000] {kafka_streaming_service.py:210} INFO - Producing record to topic=names_topic payload={'name': 'Mr. Enrique Brown', 'gender': 'male', 'address': '841, London Road', 'city': 'Inverness', 'nation': 'United Kingdom', 'zip': '95049078746452222046671441076849420314', 'latitude': -10.6538, 'longitude': -103.9301, 'email': 'enrique.brown@example.com'}
[2025-11-28T20:25:40.120+0000] {logging_mixin.py:188} INFO - Delivered to names_topic [0] @ offset 9
[2025-11-28T20:25:50.379+0000] {kafka_streaming_service.py:237} INFO - Iteration 12/12 – sending payload {'name': 'Mr. Volkan Toraman', 'gender': 'male', 'address': '7056, Atatürk Sk', 'city': 'Sivas', 'nation': 'Turkey', 'zip': '107430688297346757556840942993771387836', 'latitude': 69.177, 'longitude': -28.9417, 'email': 'volkan.toraman@example.com'}
[2025-11-28T20:25:50.385+0000] {kafka_streaming_service.py:210} INFO - Producing record to topic=names_topic payload={'name': 'Mr. Volkan Toraman', 'gender': 'male', 'address': '7056, Atatürk Sk', 'city': 'Sivas', 'nation': 'Turkey', 'zip': '107430688297346757556840942993771387836', 'latitude': 69.177, 'longitude': -28.9417, 'email': 'volkan.toraman@example.com'}
[2025-11-28T20:25:50.387+0000] {logging_mixin.py:188} INFO - Delivered to names_topic [0] @ offset 10
[2025-11-28T20:26:00.389+0000] {logging_mixin.py:188} INFO - Delivered to names_topic [0] @ offset 11
[2025-11-28T20:26:00.394+0000] {kafka_streaming_service.py:245} INFO - Kafka producer flushed all pending messages.
[2025-11-28T20:26:00.398+0000] {python.py:237} INFO - Done. Returned value was: None
[2025-11-28T20:26:00.399+0000] {taskinstance.py:441} INFO - ::group::Post task execution logs
[2025-11-28T20:26:00.593+0000] {taskinstance.py:1206} INFO - Marking task as SUCCESS. dag_id=name_stream_dag, task_id=stream_to_kafka_task, run_id=scheduled__2025-11-28T20:15:00+00:00, execution_date=20251128T201500, start_date=20251128T202355, end_date=20251128T202600
[2025-11-28T20:26:01.012+0000] {local_task_job_runner.py:243} INFO - Task exited with return code 0
[2025-11-28T20:26:01.229+0000] {taskinstance.py:3503} INFO - 1 downstream tasks scheduled from follow-on schedule check
[2025-11-28T20:26:01.310+0000] {local_task_job_runner.py:222} INFO - ::endgroup::
