[2025-11-28T22:00:40.226+0000] {local_task_job_runner.py:120} INFO - ::group::Pre task execution logs
[2025-11-28T22:00:40.322+0000] {taskinstance.py:2076} INFO - Dependencies all met for dep_context=non-requeueable deps ti=<TaskInstance: name_stream_dag.stream_to_kafka_task scheduled__2025-11-28T21:55:00+00:00 [queued]>
[2025-11-28T22:00:40.346+0000] {taskinstance.py:2076} INFO - Dependencies all met for dep_context=requeueable deps ti=<TaskInstance: name_stream_dag.stream_to_kafka_task scheduled__2025-11-28T21:55:00+00:00 [queued]>
[2025-11-28T22:00:40.347+0000] {taskinstance.py:2306} INFO - Starting attempt 1 of 2
[2025-11-28T22:00:40.411+0000] {taskinstance.py:2330} INFO - Executing <Task(PythonOperator): stream_to_kafka_task> on 2025-11-28 21:55:00+00:00
[2025-11-28T22:00:40.426+0000] {standard_task_runner.py:64} INFO - Started process 191 to run task
[2025-11-28T22:00:40.438+0000] {standard_task_runner.py:90} INFO - Running: ['***', 'tasks', 'run', 'name_stream_dag', 'stream_to_kafka_task', 'scheduled__2025-11-28T21:55:00+00:00', '--job-id', '401', '--raw', '--subdir', 'DAGS_FOLDER/kafka_stream_dag.py', '--cfg-path', '/tmp/tmpip68ninw']
[2025-11-28T22:00:40.452+0000] {standard_task_runner.py:91} INFO - Job 401: Subtask stream_to_kafka_task
[2025-11-28T22:00:40.840+0000] {task_command.py:426} INFO - Running <TaskInstance: name_stream_dag.stream_to_kafka_task scheduled__2025-11-28T21:55:00+00:00 [running]> on host ba840ab4a6c4
[2025-11-28T22:00:41.472+0000] {taskinstance.py:2648} INFO - Exporting env vars: AIRFLOW_CTX_DAG_OWNER='***' AIRFLOW_CTX_DAG_ID='name_stream_dag' AIRFLOW_CTX_TASK_ID='stream_to_kafka_task' AIRFLOW_CTX_EXECUTION_DATE='2025-11-28T21:55:00+00:00' AIRFLOW_CTX_TRY_NUMBER='1' AIRFLOW_CTX_DAG_RUN_ID='scheduled__2025-11-28T21:55:00+00:00'
[2025-11-28T22:00:41.474+0000] {taskinstance.py:430} INFO - ::endgroup::
[2025-11-28T22:00:41.499+0000] {kafka_streaming_service.py:222} INFO - Starting Kafka stream: bootstrap=kafka:19092 topic=names_topic interval=10 duration=120
[2025-11-28T22:00:41.960+0000] {kafka_streaming_service.py:237} INFO - Iteration 1/12 – sending payload {'name': 'Mrs. Dircenéia Rodrigues', 'gender': 'female', 'address': '6537, Rua Onze ', 'city': 'Rondonópolis', 'nation': 'Brazil', 'zip': '7768502128800724717218311976950969432', 'latitude': -80.967, 'longitude': 163.0196, 'email': 'dirceneia.rodrigues@example.com'}
[2025-11-28T22:00:41.963+0000] {kafka_streaming_service.py:210} INFO - Producing record to topic=names_topic payload={'name': 'Mrs. Dircenéia Rodrigues', 'gender': 'female', 'address': '6537, Rua Onze ', 'city': 'Rondonópolis', 'nation': 'Brazil', 'zip': '7768502128800724717218311976950969432', 'latitude': -80.967, 'longitude': 163.0196, 'email': 'dirceneia.rodrigues@example.com'}
[2025-11-28T22:00:52.277+0000] {kafka_streaming_service.py:237} INFO - Iteration 2/12 – sending payload {'name': 'Ms. Sarah Lucas', 'gender': 'female', 'address': '4529, Manchester Road', 'city': 'Lincoln', 'nation': 'United Kingdom', 'zip': '132867317702593488607077934810614994169', 'latitude': -4.4743, 'longitude': 34.2052, 'email': 'sarah.lucas@example.com'}
[2025-11-28T22:00:52.281+0000] {kafka_streaming_service.py:210} INFO - Producing record to topic=names_topic payload={'name': 'Ms. Sarah Lucas', 'gender': 'female', 'address': '4529, Manchester Road', 'city': 'Lincoln', 'nation': 'United Kingdom', 'zip': '132867317702593488607077934810614994169', 'latitude': -4.4743, 'longitude': 34.2052, 'email': 'sarah.lucas@example.com'}
[2025-11-28T22:00:52.284+0000] {logging_mixin.py:188} INFO - Delivered to names_topic [0] @ offset 12
[2025-11-28T22:01:02.709+0000] {kafka_streaming_service.py:237} INFO - Iteration 3/12 – sending payload {'name': 'Mrs. Annette Martinez', 'gender': 'female', 'address': '4878, Preston Rd', 'city': 'Jersey City', 'nation': 'United States', 'zip': '196704329989026052480348577839127312223', 'latitude': 83.5676, 'longitude': 141.1421, 'email': 'annette.martinez@example.com'}
[2025-11-28T22:01:02.716+0000] {kafka_streaming_service.py:210} INFO - Producing record to topic=names_topic payload={'name': 'Mrs. Annette Martinez', 'gender': 'female', 'address': '4878, Preston Rd', 'city': 'Jersey City', 'nation': 'United States', 'zip': '196704329989026052480348577839127312223', 'latitude': 83.5676, 'longitude': 141.1421, 'email': 'annette.martinez@example.com'}
[2025-11-28T22:01:02.718+0000] {logging_mixin.py:188} INFO - Delivered to names_topic [0] @ offset 13
[2025-11-28T22:01:13.042+0000] {kafka_streaming_service.py:237} INFO - Iteration 4/12 – sending payload {'name': 'Miss. Kady Heijmans', 'gender': 'female', 'address': '827, Aalstraat', 'city': 'Hoensbroek', 'nation': 'Netherlands', 'zip': '45725259908563359407912526437674092950', 'latitude': 34.3797, 'longitude': 156.304, 'email': 'kady.heijmans@example.com'}
[2025-11-28T22:01:13.050+0000] {kafka_streaming_service.py:210} INFO - Producing record to topic=names_topic payload={'name': 'Miss. Kady Heijmans', 'gender': 'female', 'address': '827, Aalstraat', 'city': 'Hoensbroek', 'nation': 'Netherlands', 'zip': '45725259908563359407912526437674092950', 'latitude': 34.3797, 'longitude': 156.304, 'email': 'kady.heijmans@example.com'}
[2025-11-28T22:01:13.058+0000] {logging_mixin.py:188} INFO - Delivered to names_topic [0] @ offset 14
[2025-11-28T22:01:23.681+0000] {kafka_streaming_service.py:237} INFO - Iteration 5/12 – sending payload {'name': 'Mr. Wen Zwart', 'gender': 'male', 'address': '266, Juffrouw Blekkinghstraat', 'city': 'Maasbracht', 'nation': 'Netherlands', 'zip': '36581893300097200266752288392710063342', 'latitude': 38.0626, 'longitude': -64.6249, 'email': 'wen.zwart@example.com'}
[2025-11-28T22:01:23.708+0000] {kafka_streaming_service.py:210} INFO - Producing record to topic=names_topic payload={'name': 'Mr. Wen Zwart', 'gender': 'male', 'address': '266, Juffrouw Blekkinghstraat', 'city': 'Maasbracht', 'nation': 'Netherlands', 'zip': '36581893300097200266752288392710063342', 'latitude': 38.0626, 'longitude': -64.6249, 'email': 'wen.zwart@example.com'}
[2025-11-28T22:01:23.720+0000] {logging_mixin.py:188} INFO - Delivered to names_topic [0] @ offset 15
[2025-11-28T22:01:33.966+0000] {kafka_streaming_service.py:237} INFO - Iteration 6/12 – sending payload {'name': 'Miss. Caitlin Henderson', 'gender': 'female', 'address': '3475, Mill Lane', 'city': 'Peterborough', 'nation': 'United Kingdom', 'zip': '144991060894546091784575507778781676265', 'latitude': -9.7802, 'longitude': 83.4466, 'email': 'caitlin.henderson@example.com'}
[2025-11-28T22:01:33.969+0000] {kafka_streaming_service.py:210} INFO - Producing record to topic=names_topic payload={'name': 'Miss. Caitlin Henderson', 'gender': 'female', 'address': '3475, Mill Lane', 'city': 'Peterborough', 'nation': 'United Kingdom', 'zip': '144991060894546091784575507778781676265', 'latitude': -9.7802, 'longitude': 83.4466, 'email': 'caitlin.henderson@example.com'}
[2025-11-28T22:01:33.975+0000] {logging_mixin.py:188} INFO - Delivered to names_topic [0] @ offset 16
[2025-11-28T22:01:44.265+0000] {kafka_streaming_service.py:237} INFO - Iteration 7/12 – sending payload {'name': 'Mr. David Bergeron', 'gender': 'male', 'address': '8169, Lake of Bays Road', 'city': 'Radisson', 'nation': 'Canada', 'zip': '22950580639334491796967678543339997466', 'latitude': -71.6292, 'longitude': -44.838, 'email': 'david.bergeron@example.com'}
[2025-11-28T22:01:44.267+0000] {kafka_streaming_service.py:210} INFO - Producing record to topic=names_topic payload={'name': 'Mr. David Bergeron', 'gender': 'male', 'address': '8169, Lake of Bays Road', 'city': 'Radisson', 'nation': 'Canada', 'zip': '22950580639334491796967678543339997466', 'latitude': -71.6292, 'longitude': -44.838, 'email': 'david.bergeron@example.com'}
[2025-11-28T22:01:44.271+0000] {logging_mixin.py:188} INFO - Delivered to names_topic [0] @ offset 17
[2025-11-28T22:01:54.641+0000] {kafka_streaming_service.py:237} INFO - Iteration 8/12 – sending payload {'name': 'Ms. Maëlia Berger', 'gender': 'female', 'address': '1211, Rue des Cuirassiers', 'city': 'Saint-Pierre', 'nation': 'France', 'zip': '233698754455295580764483756648713451856', 'latitude': -17.4322, 'longitude': 173.3159, 'email': 'maelia.berger@example.com'}
[2025-11-28T22:01:54.647+0000] {kafka_streaming_service.py:210} INFO - Producing record to topic=names_topic payload={'name': 'Ms. Maëlia Berger', 'gender': 'female', 'address': '1211, Rue des Cuirassiers', 'city': 'Saint-Pierre', 'nation': 'France', 'zip': '233698754455295580764483756648713451856', 'latitude': -17.4322, 'longitude': 173.3159, 'email': 'maelia.berger@example.com'}
[2025-11-28T22:01:54.649+0000] {logging_mixin.py:188} INFO - Delivered to names_topic [0] @ offset 18
[2025-11-28T22:02:04.945+0000] {kafka_streaming_service.py:237} INFO - Iteration 9/12 – sending payload {'name': 'Miss. Malou Sørensen', 'gender': 'female', 'address': '5194, Grønnegården', 'city': 'Pandrup', 'nation': 'Denmark', 'zip': '195011871221143017528556244129825684949', 'latitude': -45.8505, 'longitude': 84.8489, 'email': 'malou.sorensen@example.com'}
[2025-11-28T22:02:04.947+0000] {kafka_streaming_service.py:210} INFO - Producing record to topic=names_topic payload={'name': 'Miss. Malou Sørensen', 'gender': 'female', 'address': '5194, Grønnegården', 'city': 'Pandrup', 'nation': 'Denmark', 'zip': '195011871221143017528556244129825684949', 'latitude': -45.8505, 'longitude': 84.8489, 'email': 'malou.sorensen@example.com'}
[2025-11-28T22:02:04.950+0000] {logging_mixin.py:188} INFO - Delivered to names_topic [0] @ offset 19
[2025-11-28T22:02:15.372+0000] {kafka_streaming_service.py:237} INFO - Iteration 10/12 – sending payload {'name': 'Ms. Alicia Lo', 'gender': 'female', 'address': '2338, Queen St', 'city': 'Springfield', 'nation': 'Canada', 'zip': '22735412700011434421859163893405717729', 'latitude': -66.0249, 'longitude': 20.2858, 'email': 'alicia.lo@example.com'}
[2025-11-28T22:02:15.378+0000] {kafka_streaming_service.py:210} INFO - Producing record to topic=names_topic payload={'name': 'Ms. Alicia Lo', 'gender': 'female', 'address': '2338, Queen St', 'city': 'Springfield', 'nation': 'Canada', 'zip': '22735412700011434421859163893405717729', 'latitude': -66.0249, 'longitude': 20.2858, 'email': 'alicia.lo@example.com'}
[2025-11-28T22:02:15.379+0000] {logging_mixin.py:188} INFO - Delivered to names_topic [0] @ offset 20
[2025-11-28T22:02:25.833+0000] {kafka_streaming_service.py:237} INFO - Iteration 11/12 – sending payload {'name': 'Mrs. Eliza Carlson', 'gender': 'female', 'address': '1371, Church Street', 'city': 'Cork', 'nation': 'Ireland', 'zip': '334686114033351983747074454964354995242', 'latitude': -3.657, 'longitude': 152.889, 'email': 'eliza.carlson@example.com'}
[2025-11-28T22:02:25.845+0000] {kafka_streaming_service.py:210} INFO - Producing record to topic=names_topic payload={'name': 'Mrs. Eliza Carlson', 'gender': 'female', 'address': '1371, Church Street', 'city': 'Cork', 'nation': 'Ireland', 'zip': '334686114033351983747074454964354995242', 'latitude': -3.657, 'longitude': 152.889, 'email': 'eliza.carlson@example.com'}
[2025-11-28T22:02:25.856+0000] {logging_mixin.py:188} INFO - Delivered to names_topic [0] @ offset 21
[2025-11-28T22:02:36.001+0000] {kafka_streaming_service.py:237} INFO - Iteration 12/12 – sending payload {'name': 'Mr. Albert Madsen', 'gender': 'male', 'address': '7301, Rådyrvej', 'city': 'Sommersted', 'nation': 'Denmark', 'zip': '217197893156105578884196066435202042843', 'latitude': -43.9307, 'longitude': -148.8602, 'email': 'albert.madsen@example.com'}
[2025-11-28T22:02:36.004+0000] {kafka_streaming_service.py:210} INFO - Producing record to topic=names_topic payload={'name': 'Mr. Albert Madsen', 'gender': 'male', 'address': '7301, Rådyrvej', 'city': 'Sommersted', 'nation': 'Denmark', 'zip': '217197893156105578884196066435202042843', 'latitude': -43.9307, 'longitude': -148.8602, 'email': 'albert.madsen@example.com'}
[2025-11-28T22:02:36.008+0000] {logging_mixin.py:188} INFO - Delivered to names_topic [0] @ offset 22
[2025-11-28T22:02:46.012+0000] {logging_mixin.py:188} INFO - Delivered to names_topic [0] @ offset 23
[2025-11-28T22:02:46.016+0000] {kafka_streaming_service.py:245} INFO - Kafka producer flushed all pending messages.
[2025-11-28T22:02:46.037+0000] {python.py:237} INFO - Done. Returned value was: None
[2025-11-28T22:02:46.041+0000] {taskinstance.py:441} INFO - ::group::Post task execution logs
[2025-11-28T22:02:46.231+0000] {taskinstance.py:1206} INFO - Marking task as SUCCESS. dag_id=name_stream_dag, task_id=stream_to_kafka_task, run_id=scheduled__2025-11-28T21:55:00+00:00, execution_date=20251128T215500, start_date=20251128T220040, end_date=20251128T220246
[2025-11-28T22:02:46.536+0000] {local_task_job_runner.py:243} INFO - Task exited with return code 0
[2025-11-28T22:02:46.770+0000] {taskinstance.py:3503} INFO - 1 downstream tasks scheduled from follow-on schedule check
[2025-11-28T22:02:46.849+0000] {local_task_job_runner.py:222} INFO - ::endgroup::
