[2025-10-07T21:33:00.562+0100] {manager.py:470} INFO - Processing files using up to 2 processes at a time 
[2025-10-07T21:33:00.585+0100] {manager.py:471} INFO - Process each file at most once every 30 seconds
[2025-10-07T21:33:00.600+0100] {manager.py:472} INFO - Checking for new files in /opt/airflow/dags every 300 seconds
[2025-10-07T21:33:00.631+0100] {manager.py:737} INFO - Searching for files in /opt/airflow/dags
[2025-10-07T21:33:01.159+0100] {manager.py:740} INFO - There are 1 files in /opt/airflow/dags
[2025-10-07T21:33:01.574+0100] {manager.py:878} INFO - 
================================================================================
DAG File Processing Stats

File Path                                PID  Runtime      # DAGs    # Errors  Last Runtime    Last Run
-------------------------------------  -----  ---------  --------  ----------  --------------  ----------
/opt/airflow/dags/kafka_stream_dag.py     75  0.13s             0           0
================================================================================
[2025-10-07T21:33:31.658+0100] {manager.py:878} INFO - 
================================================================================
DAG File Processing Stats

File Path                              PID    Runtime      # DAGs    # Errors  Last Runtime    Last Run
-------------------------------------  -----  ---------  --------  ----------  --------------  -------------------
/opt/airflow/dags/kafka_stream_dag.py                           1           0  3.43s           2025-10-07T20:33:04
================================================================================
[2025-10-07T21:34:01.140+0100] {manager.py:878} INFO - 
================================================================================
DAG File Processing Stats

File Path                              PID    Runtime      # DAGs    # Errors  Last Runtime    Last Run
-------------------------------------  -----  ---------  --------  ----------  --------------  -------------------
/opt/airflow/dags/kafka_stream_dag.py                           1           0  0.51s           2025-10-07T20:33:36
================================================================================
[2025-10-07T21:34:30.993+0100] {manager.py:878} INFO - 
================================================================================
DAG File Processing Stats

File Path                              PID    Runtime      # DAGs    # Errors  Last Runtime    Last Run
-------------------------------------  -----  ---------  --------  ----------  --------------  -------------------
/opt/airflow/dags/kafka_stream_dag.py                           1           0  4.32s           2025-10-07T20:34:12
================================================================================
[2025-10-07T21:35:00.257+0100] {manager.py:878} INFO - 
================================================================================
DAG File Processing Stats

File Path                              PID    Runtime      # DAGs    # Errors  Last Runtime    Last Run
-------------------------------------  -----  ---------  --------  ----------  --------------  -------------------
/opt/airflow/dags/kafka_stream_dag.py                           1           0  0.53s           2025-10-07T20:34:43
================================================================================
[2025-10-07T21:35:29.320+0100] {manager.py:878} INFO - 
================================================================================
DAG File Processing Stats

File Path                              PID    Runtime      # DAGs    # Errors  Last Runtime    Last Run
-------------------------------------  -----  ---------  --------  ----------  --------------  -------------------
/opt/airflow/dags/kafka_stream_dag.py                           1           0  2.16s           2025-10-07T20:35:17
================================================================================
[2025-10-07T21:35:58.926+0100] {manager.py:878} INFO - 
================================================================================
DAG File Processing Stats

File Path                              PID    Runtime      # DAGs    # Errors  Last Runtime    Last Run
-------------------------------------  -----  ---------  --------  ----------  --------------  -------------------
/opt/airflow/dags/kafka_stream_dag.py                           1           0  1.14s           2025-10-07T20:35:48
================================================================================
[2025-10-07T21:36:28.624+0100] {manager.py:878} INFO - 
================================================================================
DAG File Processing Stats

File Path                              PID    Runtime      # DAGs    # Errors  Last Runtime    Last Run
-------------------------------------  -----  ---------  --------  ----------  --------------  -------------------
/opt/airflow/dags/kafka_stream_dag.py                           1           0  1.32s           2025-10-07T20:36:20
================================================================================
[2025-10-07T21:36:58.499+0100] {manager.py:878} INFO - 
================================================================================
DAG File Processing Stats

File Path                              PID    Runtime      # DAGs    # Errors  Last Runtime    Last Run
-------------------------------------  -----  ---------  --------  ----------  --------------  -------------------
/opt/airflow/dags/kafka_stream_dag.py                           1           0  1.06s           2025-10-07T20:36:52
================================================================================
[2025-10-07T21:37:28.869+0100] {manager.py:878} INFO - 
================================================================================
DAG File Processing Stats

File Path                              PID    Runtime      # DAGs    # Errors  Last Runtime    Last Run
-------------------------------------  -----  ---------  --------  ----------  --------------  -------------------
/opt/airflow/dags/kafka_stream_dag.py                           1           0  2.57s           2025-10-07T20:37:25
================================================================================
[2025-10-07T21:37:58.223+0100] {manager.py:878} INFO - 
================================================================================
DAG File Processing Stats

File Path                              PID    Runtime      # DAGs    # Errors  Last Runtime    Last Run
-------------------------------------  -----  ---------  --------  ----------  --------------  -------------------
/opt/airflow/dags/kafka_stream_dag.py                           1           0  0.61s           2025-10-07T20:37:56
================================================================================
[2025-10-07T21:38:00.810+0100] {manager.py:737} INFO - Searching for files in /opt/airflow/dags
[2025-10-07T21:38:01.344+0100] {manager.py:740} INFO - There are 1 files in /opt/airflow/dags
[2025-10-07T21:38:27.704+0100] {manager.py:878} INFO - 
================================================================================
DAG File Processing Stats

File Path                              PID    Runtime      # DAGs    # Errors  Last Runtime    Last Run
-------------------------------------  -----  ---------  --------  ----------  --------------  -------------------
/opt/airflow/dags/kafka_stream_dag.py                           1           0  0.54s           2025-10-07T20:38:27
================================================================================
[2025-10-07T21:38:57.629+0100] {manager.py:878} INFO - 
================================================================================
DAG File Processing Stats

File Path                                PID  Runtime      # DAGs    # Errors  Last Runtime    Last Run
-------------------------------------  -----  ---------  --------  ----------  --------------  -------------------
/opt/airflow/dags/kafka_stream_dag.py    219  0.03s             1           0  0.54s           2025-10-07T20:38:27
================================================================================
[2025-10-07T21:39:27.398+0100] {manager.py:878} INFO - 
================================================================================
DAG File Processing Stats

File Path                              PID    Runtime      # DAGs    # Errors  Last Runtime    Last Run
-------------------------------------  -----  ---------  --------  ----------  --------------  -------------------
/opt/airflow/dags/kafka_stream_dag.py                           1           0  0.87s           2025-10-07T20:38:58
================================================================================
[2025-10-07T21:39:57.362+0100] {manager.py:878} INFO - 
================================================================================
DAG File Processing Stats

File Path                              PID    Runtime      # DAGs    # Errors  Last Runtime    Last Run
-------------------------------------  -----  ---------  --------  ----------  --------------  -------------------
/opt/airflow/dags/kafka_stream_dag.py                           1           0  0.74s           2025-10-07T20:39:29
================================================================================
[2025-10-07T21:40:27.350+0100] {manager.py:878} INFO - 
================================================================================
DAG File Processing Stats

File Path                              PID    Runtime      # DAGs    # Errors  Last Runtime    Last Run
-------------------------------------  -----  ---------  --------  ----------  --------------  -------------------
/opt/airflow/dags/kafka_stream_dag.py                           1           0  1.97s           2025-10-07T20:40:02
================================================================================
[2025-10-07T21:40:57.229+0100] {manager.py:878} INFO - 
================================================================================
DAG File Processing Stats

File Path                              PID    Runtime      # DAGs    # Errors  Last Runtime    Last Run
-------------------------------------  -----  ---------  --------  ----------  --------------  -------------------
/opt/airflow/dags/kafka_stream_dag.py                           1           0  1.47s           2025-10-07T20:40:34
================================================================================
[2025-10-07T21:41:26.929+0100] {manager.py:878} INFO - 
================================================================================
DAG File Processing Stats

File Path                              PID    Runtime      # DAGs    # Errors  Last Runtime    Last Run
-------------------------------------  -----  ---------  --------  ----------  --------------  -------------------
/opt/airflow/dags/kafka_stream_dag.py                           1           0  6.97s           2025-10-07T20:41:11
================================================================================
[2025-10-07T21:41:56.598+0100] {manager.py:878} INFO - 
================================================================================
DAG File Processing Stats

File Path                              PID    Runtime      # DAGs    # Errors  Last Runtime    Last Run
-------------------------------------  -----  ---------  --------  ----------  --------------  -------------------
/opt/airflow/dags/kafka_stream_dag.py                           1           0  2.34s           2025-10-07T20:41:44
================================================================================
[2025-10-07T21:42:26.381+0100] {manager.py:878} INFO - 
================================================================================
DAG File Processing Stats

File Path                              PID    Runtime      # DAGs    # Errors  Last Runtime    Last Run
-------------------------------------  -----  ---------  --------  ----------  --------------  -------------------
/opt/airflow/dags/kafka_stream_dag.py                           1           0  2.03s           2025-10-07T20:42:17
================================================================================
[2025-10-07T21:42:56.625+0100] {manager.py:878} INFO - 
================================================================================
DAG File Processing Stats

File Path                              PID    Runtime      # DAGs    # Errors  Last Runtime    Last Run
-------------------------------------  -----  ---------  --------  ----------  --------------  -------------------
/opt/airflow/dags/kafka_stream_dag.py                           1           0  1.06s           2025-10-07T20:42:48
================================================================================
[2025-10-07T21:43:00.866+0100] {manager.py:737} INFO - Searching for files in /opt/airflow/dags
[2025-10-07T21:43:01.091+0100] {manager.py:740} INFO - There are 1 files in /opt/airflow/dags
[2025-10-07T21:43:26.819+0100] {manager.py:878} INFO - 
================================================================================
DAG File Processing Stats

File Path                              PID    Runtime      # DAGs    # Errors  Last Runtime    Last Run
-------------------------------------  -----  ---------  --------  ----------  --------------  -------------------
/opt/airflow/dags/kafka_stream_dag.py                           1           0  2.84s           2025-10-07T20:43:21
================================================================================
[2025-10-07T21:43:56.923+0100] {manager.py:878} INFO - 
================================================================================
DAG File Processing Stats

File Path                              PID    Runtime      # DAGs    # Errors  Last Runtime    Last Run
-------------------------------------  -----  ---------  --------  ----------  --------------  -------------------
/opt/airflow/dags/kafka_stream_dag.py                           1           0  1.98s           2025-10-07T20:43:53
================================================================================
[2025-10-07T21:44:26.773+0100] {manager.py:878} INFO - 
================================================================================
DAG File Processing Stats

File Path                              PID    Runtime      # DAGs    # Errors  Last Runtime    Last Run
-------------------------------------  -----  ---------  --------  ----------  --------------  -------------------
/opt/airflow/dags/kafka_stream_dag.py                           1           0  1.26s           2025-10-07T20:44:25
================================================================================
[2025-10-07T21:44:56.742+0100] {manager.py:878} INFO - 
================================================================================
DAG File Processing Stats

File Path                              PID    Runtime      # DAGs    # Errors  Last Runtime    Last Run
-------------------------------------  -----  ---------  --------  ----------  --------------  -------------------
/opt/airflow/dags/kafka_stream_dag.py                           1           0  0.69s           2025-10-07T20:44:56
================================================================================
[2025-10-07T21:45:26.731+0100] {manager.py:878} INFO - 
================================================================================
DAG File Processing Stats

File Path                              PID    Runtime      # DAGs    # Errors  Last Runtime    Last Run
-------------------------------------  -----  ---------  --------  ----------  --------------  -------------------
/opt/airflow/dags/kafka_stream_dag.py                           1           0  0.69s           2025-10-07T20:44:56
================================================================================
[2025-10-07T21:45:57.054+0100] {manager.py:878} INFO - 
================================================================================
DAG File Processing Stats

File Path                              PID    Runtime      # DAGs    # Errors  Last Runtime    Last Run
-------------------------------------  -----  ---------  --------  ----------  --------------  -------------------
/opt/airflow/dags/kafka_stream_dag.py                           1           0  0.90s           2025-10-07T20:45:28
================================================================================
[2025-10-07T21:46:26.945+0100] {manager.py:878} INFO - 
================================================================================
DAG File Processing Stats

File Path                              PID    Runtime      # DAGs    # Errors  Last Runtime    Last Run
-------------------------------------  -----  ---------  --------  ----------  --------------  -------------------
/opt/airflow/dags/kafka_stream_dag.py                           1           0  0.48s           2025-10-07T20:45:59
================================================================================
[2025-10-07T21:46:57.847+0100] {manager.py:878} INFO - 
================================================================================
DAG File Processing Stats

File Path                              PID    Runtime      # DAGs    # Errors  Last Runtime    Last Run
-------------------------------------  -----  ---------  --------  ----------  --------------  -------------------
/opt/airflow/dags/kafka_stream_dag.py                           1           0  1.32s           2025-10-07T20:46:31
================================================================================
[2025-10-07T21:47:27.934+0100] {manager.py:878} INFO - 
================================================================================
DAG File Processing Stats

File Path                              PID    Runtime      # DAGs    # Errors  Last Runtime    Last Run
-------------------------------------  -----  ---------  --------  ----------  --------------  -------------------
/opt/airflow/dags/kafka_stream_dag.py                           1           0  1.49s           2025-10-07T20:47:03
================================================================================
[2025-10-07T21:47:57.968+0100] {manager.py:878} INFO - 
================================================================================
DAG File Processing Stats

File Path                              PID    Runtime      # DAGs    # Errors  Last Runtime    Last Run
-------------------------------------  -----  ---------  --------  ----------  --------------  -------------------
/opt/airflow/dags/kafka_stream_dag.py                           1           0  0.96s           2025-10-07T20:47:34
================================================================================
[2025-10-07T21:48:01.010+0100] {manager.py:737} INFO - Searching for files in /opt/airflow/dags
[2025-10-07T21:48:01.158+0100] {manager.py:740} INFO - There are 1 files in /opt/airflow/dags
[2025-10-07T21:48:28.209+0100] {manager.py:878} INFO - 
================================================================================
DAG File Processing Stats

File Path                              PID    Runtime      # DAGs    # Errors  Last Runtime    Last Run
-------------------------------------  -----  ---------  --------  ----------  --------------  -------------------
/opt/airflow/dags/kafka_stream_dag.py                           1           0  0.61s           2025-10-07T20:48:05
================================================================================
[2025-10-07T21:48:58.797+0100] {manager.py:878} INFO - 
================================================================================
DAG File Processing Stats

File Path                              PID    Runtime      # DAGs    # Errors  Last Runtime    Last Run
-------------------------------------  -----  ---------  --------  ----------  --------------  -------------------
/opt/airflow/dags/kafka_stream_dag.py                           1           0  0.68s           2025-10-07T20:48:36
================================================================================
[2025-10-07T21:49:28.761+0100] {manager.py:878} INFO - 
================================================================================
DAG File Processing Stats

File Path                              PID    Runtime      # DAGs    # Errors  Last Runtime    Last Run
-------------------------------------  -----  ---------  --------  ----------  --------------  -------------------
/opt/airflow/dags/kafka_stream_dag.py                           1           0  2.02s           2025-10-07T20:49:09
================================================================================
[2025-10-07T21:49:58.828+0100] {manager.py:878} INFO - 
================================================================================
DAG File Processing Stats

File Path                              PID    Runtime      # DAGs    # Errors  Last Runtime    Last Run
-------------------------------------  -----  ---------  --------  ----------  --------------  -------------------
/opt/airflow/dags/kafka_stream_dag.py                           1           0  2.91s           2025-10-07T20:49:42
================================================================================
[2025-10-07T21:50:28.916+0100] {manager.py:878} INFO - 
================================================================================
DAG File Processing Stats

File Path                              PID    Runtime      # DAGs    # Errors  Last Runtime    Last Run
-------------------------------------  -----  ---------  --------  ----------  --------------  -------------------
/opt/airflow/dags/kafka_stream_dag.py                           1           0  0.77s           2025-10-07T20:50:13
================================================================================
[2025-10-07T21:50:59.143+0100] {manager.py:878} INFO - 
================================================================================
DAG File Processing Stats

File Path                              PID    Runtime      # DAGs    # Errors  Last Runtime    Last Run
-------------------------------------  -----  ---------  --------  ----------  --------------  -------------------
/opt/airflow/dags/kafka_stream_dag.py                           1           0  0.75s           2025-10-07T20:50:44
================================================================================
[2025-10-07T21:51:29.233+0100] {manager.py:878} INFO - 
================================================================================
DAG File Processing Stats

File Path                              PID    Runtime      # DAGs    # Errors  Last Runtime    Last Run
-------------------------------------  -----  ---------  --------  ----------  --------------  -------------------
/opt/airflow/dags/kafka_stream_dag.py                           1           0  0.97s           2025-10-07T20:51:16
================================================================================
[2025-10-07T21:51:59.839+0100] {manager.py:878} INFO - 
================================================================================
DAG File Processing Stats

File Path                              PID    Runtime      # DAGs    # Errors  Last Runtime    Last Run
-------------------------------------  -----  ---------  --------  ----------  --------------  -------------------
/opt/airflow/dags/kafka_stream_dag.py                           1           0  0.90s           2025-10-07T20:51:47
================================================================================
[2025-10-07T21:52:30.193+0100] {manager.py:878} INFO - 
================================================================================
DAG File Processing Stats

File Path                              PID    Runtime      # DAGs    # Errors  Last Runtime    Last Run
-------------------------------------  -----  ---------  --------  ----------  --------------  -------------------
/opt/airflow/dags/kafka_stream_dag.py                           1           0  0.74s           2025-10-07T20:52:18
================================================================================
[2025-10-07T21:53:00.380+0100] {manager.py:878} INFO - 
================================================================================
DAG File Processing Stats

File Path                              PID    Runtime      # DAGs    # Errors  Last Runtime    Last Run
-------------------------------------  -----  ---------  --------  ----------  --------------  -------------------
/opt/airflow/dags/kafka_stream_dag.py                           1           0  2.00s           2025-10-07T20:52:50
================================================================================
[2025-10-07T21:53:01.477+0100] {manager.py:737} INFO - Searching for files in /opt/airflow/dags
[2025-10-07T21:53:02.171+0100] {manager.py:740} INFO - There are 1 files in /opt/airflow/dags
[2025-10-07T21:53:30.624+0100] {manager.py:878} INFO - 
================================================================================
DAG File Processing Stats

File Path                              PID    Runtime      # DAGs    # Errors  Last Runtime    Last Run
-------------------------------------  -----  ---------  --------  ----------  --------------  -------------------
/opt/airflow/dags/kafka_stream_dag.py                           1           0  2.59s           2025-10-07T20:53:23
================================================================================
[2025-10-07T21:54:00.702+0100] {manager.py:878} INFO - 
================================================================================
DAG File Processing Stats

File Path                              PID    Runtime      # DAGs    # Errors  Last Runtime    Last Run
-------------------------------------  -----  ---------  --------  ----------  --------------  -------------------
/opt/airflow/dags/kafka_stream_dag.py                           1           0  0.42s           2025-10-07T20:53:54
================================================================================
[2025-10-07T21:54:31.361+0100] {manager.py:878} INFO - 
================================================================================
DAG File Processing Stats

File Path                              PID    Runtime      # DAGs    # Errors  Last Runtime    Last Run
-------------------------------------  -----  ---------  --------  ----------  --------------  -------------------
/opt/airflow/dags/kafka_stream_dag.py                           1           0  0.68s           2025-10-07T20:54:25
================================================================================
[2025-10-07T21:55:01.691+0100] {manager.py:878} INFO - 
================================================================================
DAG File Processing Stats

File Path                              PID    Runtime      # DAGs    # Errors  Last Runtime    Last Run
-------------------------------------  -----  ---------  --------  ----------  --------------  -------------------
/opt/airflow/dags/kafka_stream_dag.py                           1           0  0.64s           2025-10-07T20:54:56
================================================================================
[2025-10-07T21:55:32.204+0100] {manager.py:878} INFO - 
================================================================================
DAG File Processing Stats

File Path                              PID    Runtime      # DAGs    # Errors  Last Runtime    Last Run
-------------------------------------  -----  ---------  --------  ----------  --------------  -------------------
/opt/airflow/dags/kafka_stream_dag.py                           1           0  1.34s           2025-10-07T20:55:28
================================================================================
[2025-10-07T21:56:03.122+0100] {manager.py:878} INFO - 
================================================================================
DAG File Processing Stats

File Path                              PID    Runtime      # DAGs    # Errors  Last Runtime    Last Run
-------------------------------------  -----  ---------  --------  ----------  --------------  -------------------
/opt/airflow/dags/kafka_stream_dag.py                           1           0  0.61s           2025-10-07T20:55:59
================================================================================
[2025-10-07T21:56:33.887+0100] {manager.py:878} INFO - 
================================================================================
DAG File Processing Stats

File Path                              PID    Runtime      # DAGs    # Errors  Last Runtime    Last Run
-------------------------------------  -----  ---------  --------  ----------  --------------  -------------------
/opt/airflow/dags/kafka_stream_dag.py                           1           0  1.30s           2025-10-07T20:56:31
================================================================================
[2025-10-07T21:57:04.404+0100] {manager.py:878} INFO - 
================================================================================
DAG File Processing Stats

File Path                              PID    Runtime      # DAGs    # Errors  Last Runtime    Last Run
-------------------------------------  -----  ---------  --------  ----------  --------------  -------------------
/opt/airflow/dags/kafka_stream_dag.py                           1           0  1.73s           2025-10-07T20:57:03
================================================================================
[2025-10-07T21:57:34.931+0100] {manager.py:878} INFO - 
================================================================================
DAG File Processing Stats

File Path                                PID  Runtime      # DAGs    # Errors  Last Runtime    Last Run
-------------------------------------  -----  ---------  --------  ----------  --------------  -------------------
/opt/airflow/dags/kafka_stream_dag.py    663  1.17s             1           0  1.73s           2025-10-07T20:57:03
================================================================================
[2025-10-07T21:58:01.660+0100] {manager.py:737} INFO - Searching for files in /opt/airflow/dags
[2025-10-07T21:58:02.078+0100] {manager.py:740} INFO - There are 1 files in /opt/airflow/dags
[2025-10-07T21:58:05.288+0100] {manager.py:878} INFO - 
================================================================================
DAG File Processing Stats

File Path                              PID    Runtime      # DAGs    # Errors  Last Runtime    Last Run
-------------------------------------  -----  ---------  --------  ----------  --------------  -------------------
/opt/airflow/dags/kafka_stream_dag.py                           1           0  3.04s           2025-10-07T20:57:36
================================================================================
[2025-10-07T21:58:36.062+0100] {manager.py:878} INFO - 
================================================================================
DAG File Processing Stats

File Path                              PID    Runtime      # DAGs    # Errors  Last Runtime    Last Run
-------------------------------------  -----  ---------  --------  ----------  --------------  -------------------
/opt/airflow/dags/kafka_stream_dag.py                           1           0  1.99s           2025-10-07T20:58:09
================================================================================
[2025-10-07T21:59:06.507+0100] {manager.py:878} INFO - 
================================================================================
DAG File Processing Stats

File Path                              PID    Runtime      # DAGs    # Errors  Last Runtime    Last Run
-------------------------------------  -----  ---------  --------  ----------  --------------  -------------------
/opt/airflow/dags/kafka_stream_dag.py                           1           0  1.72s           2025-10-07T20:58:41
================================================================================
[2025-10-07T21:59:36.586+0100] {manager.py:878} INFO - 
================================================================================
DAG File Processing Stats

File Path                              PID    Runtime      # DAGs    # Errors  Last Runtime    Last Run
-------------------------------------  -----  ---------  --------  ----------  --------------  -------------------
/opt/airflow/dags/kafka_stream_dag.py                           1           0  0.51s           2025-10-07T20:59:13
================================================================================
[2025-10-07T22:00:07.200+0100] {manager.py:878} INFO - 
================================================================================
DAG File Processing Stats

File Path                              PID    Runtime      # DAGs    # Errors  Last Runtime    Last Run
-------------------------------------  -----  ---------  --------  ----------  --------------  -------------------
/opt/airflow/dags/kafka_stream_dag.py                           1           0  0.73s           2025-10-07T20:59:44
================================================================================
[2025-10-07T22:00:37.398+0100] {manager.py:878} INFO - 
================================================================================
DAG File Processing Stats

File Path                              PID    Runtime      # DAGs    # Errors  Last Runtime    Last Run
-------------------------------------  -----  ---------  --------  ----------  --------------  -------------------
/opt/airflow/dags/kafka_stream_dag.py                           1           0  2.06s           2025-10-07T21:00:17
================================================================================
[2025-10-07T22:01:07.816+0100] {manager.py:878} INFO - 
================================================================================
DAG File Processing Stats

File Path                              PID    Runtime      # DAGs    # Errors  Last Runtime    Last Run
-------------------------------------  -----  ---------  --------  ----------  --------------  -------------------
/opt/airflow/dags/kafka_stream_dag.py                           1           0  0.65s           2025-10-07T21:00:47
================================================================================
[2025-10-07T22:01:38.290+0100] {manager.py:878} INFO - 
================================================================================
DAG File Processing Stats

File Path                              PID    Runtime      # DAGs    # Errors  Last Runtime    Last Run
-------------------------------------  -----  ---------  --------  ----------  --------------  -------------------
/opt/airflow/dags/kafka_stream_dag.py                           1           0  0.93s           2025-10-07T21:01:18
================================================================================
[2025-10-07T22:02:08.497+0100] {manager.py:878} INFO - 
================================================================================
DAG File Processing Stats

File Path                              PID    Runtime      # DAGs    # Errors  Last Runtime    Last Run
-------------------------------------  -----  ---------  --------  ----------  --------------  -------------------
/opt/airflow/dags/kafka_stream_dag.py                           1           0  0.56s           2025-10-07T21:01:50
================================================================================
[2025-10-07T22:02:38.926+0100] {manager.py:878} INFO - 
================================================================================
DAG File Processing Stats

File Path                              PID    Runtime      # DAGs    # Errors  Last Runtime    Last Run
-------------------------------------  -----  ---------  --------  ----------  --------------  -------------------
/opt/airflow/dags/kafka_stream_dag.py                           1           0  1.30s           2025-10-07T21:02:21
================================================================================
[2025-10-07T22:03:02.387+0100] {manager.py:737} INFO - Searching for files in /opt/airflow/dags
[2025-10-07T22:03:02.491+0100] {manager.py:740} INFO - There are 1 files in /opt/airflow/dags
[2025-10-07T22:03:09.615+0100] {manager.py:878} INFO - 
================================================================================
DAG File Processing Stats

File Path                              PID    Runtime      # DAGs    # Errors  Last Runtime    Last Run
-------------------------------------  -----  ---------  --------  ----------  --------------  -------------------
/opt/airflow/dags/kafka_stream_dag.py                           1           0  1.14s           2025-10-07T21:02:53
================================================================================
[2025-10-07T22:03:40.189+0100] {manager.py:878} INFO - 
================================================================================
DAG File Processing Stats

File Path                              PID    Runtime      # DAGs    # Errors  Last Runtime    Last Run
-------------------------------------  -----  ---------  --------  ----------  --------------  -------------------
/opt/airflow/dags/kafka_stream_dag.py                           1           0  0.47s           2025-10-07T21:03:24
================================================================================
[2025-10-07T22:04:10.217+0100] {manager.py:878} INFO - 
================================================================================
DAG File Processing Stats

File Path                              PID    Runtime      # DAGs    # Errors  Last Runtime    Last Run
-------------------------------------  -----  ---------  --------  ----------  --------------  -------------------
/opt/airflow/dags/kafka_stream_dag.py                           1           0  0.59s           2025-10-07T21:03:55
================================================================================
[2025-10-07T22:04:40.220+0100] {manager.py:878} INFO - 
================================================================================
DAG File Processing Stats

File Path                              PID    Runtime      # DAGs    # Errors  Last Runtime    Last Run
-------------------------------------  -----  ---------  --------  ----------  --------------  -------------------
/opt/airflow/dags/kafka_stream_dag.py                           1           0  0.64s           2025-10-07T21:04:26
================================================================================
[2025-10-07T22:05:10.581+0100] {manager.py:878} INFO - 
================================================================================
DAG File Processing Stats

File Path                              PID    Runtime      # DAGs    # Errors  Last Runtime    Last Run
-------------------------------------  -----  ---------  --------  ----------  --------------  -------------------
/opt/airflow/dags/kafka_stream_dag.py                           1           0  0.97s           2025-10-07T21:04:57
================================================================================
[2025-10-07T22:05:41.176+0100] {manager.py:878} INFO - 
================================================================================
DAG File Processing Stats

File Path                              PID    Runtime      # DAGs    # Errors  Last Runtime    Last Run
-------------------------------------  -----  ---------  --------  ----------  --------------  -------------------
/opt/airflow/dags/kafka_stream_dag.py                           1           0  0.52s           2025-10-07T21:05:28
================================================================================
[2025-10-07T22:06:11.536+0100] {manager.py:878} INFO - 
================================================================================
DAG File Processing Stats

File Path                              PID    Runtime      # DAGs    # Errors  Last Runtime    Last Run
-------------------------------------  -----  ---------  --------  ----------  --------------  -------------------
/opt/airflow/dags/kafka_stream_dag.py                           1           0  0.90s           2025-10-07T21:05:59
================================================================================
[2025-10-07T22:06:42.285+0100] {manager.py:878} INFO - 
================================================================================
DAG File Processing Stats

File Path                              PID    Runtime      # DAGs    # Errors  Last Runtime    Last Run
-------------------------------------  -----  ---------  --------  ----------  --------------  -------------------
/opt/airflow/dags/kafka_stream_dag.py                           1           0  0.41s           2025-10-07T21:06:30
================================================================================
[2025-10-07T22:07:12.786+0100] {manager.py:878} INFO - 
================================================================================
DAG File Processing Stats

File Path                              PID    Runtime      # DAGs    # Errors  Last Runtime    Last Run
-------------------------------------  -----  ---------  --------  ----------  --------------  -------------------
/opt/airflow/dags/kafka_stream_dag.py                           1           0  1.05s           2025-10-07T21:07:01
================================================================================
[2025-10-07T22:07:43.531+0100] {manager.py:878} INFO - 
================================================================================
DAG File Processing Stats

File Path                              PID    Runtime      # DAGs    # Errors  Last Runtime    Last Run
-------------------------------------  -----  ---------  --------  ----------  --------------  -------------------
/opt/airflow/dags/kafka_stream_dag.py                           1           0  0.36s           2025-10-07T21:07:32
================================================================================
[2025-10-07T22:08:02.772+0100] {manager.py:737} INFO - Searching for files in /opt/airflow/dags
[2025-10-07T22:08:02.975+0100] {manager.py:740} INFO - There are 1 files in /opt/airflow/dags
[2025-10-07T22:08:13.540+0100] {manager.py:878} INFO - 
================================================================================
DAG File Processing Stats

File Path                              PID    Runtime      # DAGs    # Errors  Last Runtime    Last Run
-------------------------------------  -----  ---------  --------  ----------  --------------  -------------------
/opt/airflow/dags/kafka_stream_dag.py                           1           0  1.22s           2025-10-07T21:08:04
================================================================================
[2025-10-07T22:08:44.083+0100] {manager.py:878} INFO - 
================================================================================
DAG File Processing Stats

File Path                              PID    Runtime      # DAGs    # Errors  Last Runtime    Last Run
-------------------------------------  -----  ---------  --------  ----------  --------------  -------------------
/opt/airflow/dags/kafka_stream_dag.py                           1           0  0.62s           2025-10-07T21:08:35
================================================================================
[2025-10-07T22:09:14.638+0100] {manager.py:878} INFO - 
================================================================================
DAG File Processing Stats

File Path                              PID    Runtime      # DAGs    # Errors  Last Runtime    Last Run
-------------------------------------  -----  ---------  --------  ----------  --------------  -------------------
/opt/airflow/dags/kafka_stream_dag.py                           1           0  0.80s           2025-10-07T21:09:06
================================================================================
[2025-10-07T22:09:45.307+0100] {manager.py:878} INFO - 
================================================================================
DAG File Processing Stats

File Path                              PID    Runtime      # DAGs    # Errors  Last Runtime    Last Run
-------------------------------------  -----  ---------  --------  ----------  --------------  -------------------
/opt/airflow/dags/kafka_stream_dag.py                           1           0  0.49s           2025-10-07T21:09:37
================================================================================
[2025-10-07T22:10:16.095+0100] {manager.py:878} INFO - 
================================================================================
DAG File Processing Stats

File Path                              PID    Runtime      # DAGs    # Errors  Last Runtime    Last Run
-------------------------------------  -----  ---------  --------  ----------  --------------  -------------------
/opt/airflow/dags/kafka_stream_dag.py                           1           0  1.03s           2025-10-07T21:10:08
================================================================================
[2025-10-07T22:10:46.440+0100] {manager.py:878} INFO - 
================================================================================
DAG File Processing Stats

File Path                              PID    Runtime      # DAGs    # Errors  Last Runtime    Last Run
-------------------------------------  -----  ---------  --------  ----------  --------------  -------------------
/opt/airflow/dags/kafka_stream_dag.py                           1           0  0.79s           2025-10-07T21:10:40
================================================================================
[2025-10-07T22:11:16.690+0100] {manager.py:878} INFO - 
================================================================================
DAG File Processing Stats

File Path                              PID    Runtime      # DAGs    # Errors  Last Runtime    Last Run
-------------------------------------  -----  ---------  --------  ----------  --------------  -------------------
/opt/airflow/dags/kafka_stream_dag.py                           1           0  2.43s           2025-10-07T21:11:13
================================================================================
[2025-10-07T22:11:47.082+0100] {manager.py:878} INFO - 
================================================================================
DAG File Processing Stats

File Path                              PID    Runtime      # DAGs    # Errors  Last Runtime    Last Run
-------------------------------------  -----  ---------  --------  ----------  --------------  -------------------
/opt/airflow/dags/kafka_stream_dag.py                           1           0  1.15s           2025-10-07T21:11:45
================================================================================
[2025-10-07T22:12:17.719+0100] {manager.py:878} INFO - 
================================================================================
DAG File Processing Stats

File Path                              PID    Runtime      # DAGs    # Errors  Last Runtime    Last Run
-------------------------------------  -----  ---------  --------  ----------  --------------  -------------------
/opt/airflow/dags/kafka_stream_dag.py                           1           0  0.89s           2025-10-07T21:12:16
================================================================================
[2025-10-07T22:12:47.778+0100] {manager.py:878} INFO - 
================================================================================
DAG File Processing Stats

File Path                              PID    Runtime      # DAGs    # Errors  Last Runtime    Last Run
-------------------------------------  -----  ---------  --------  ----------  --------------  -------------------
/opt/airflow/dags/kafka_stream_dag.py                           1           0  0.54s           2025-10-07T21:12:47
================================================================================
[2025-10-07T22:13:03.035+0100] {manager.py:737} INFO - Searching for files in /opt/airflow/dags
[2025-10-07T22:13:03.269+0100] {manager.py:740} INFO - There are 1 files in /opt/airflow/dags
[2025-10-07T22:13:18.621+0100] {manager.py:878} INFO - 
================================================================================
DAG File Processing Stats

File Path                                PID  Runtime      # DAGs    # Errors  Last Runtime    Last Run
-------------------------------------  -----  ---------  --------  ----------  --------------  -------------------
/opt/airflow/dags/kafka_stream_dag.py   1032  0.03s             1           0  0.54s           2025-10-07T21:12:47
================================================================================
[2025-10-07T22:13:49.104+0100] {manager.py:878} INFO - 
================================================================================
DAG File Processing Stats

File Path                              PID    Runtime      # DAGs    # Errors  Last Runtime    Last Run
-------------------------------------  -----  ---------  --------  ----------  --------------  -------------------
/opt/airflow/dags/kafka_stream_dag.py                           1           0  1.09s           2025-10-07T21:13:19
================================================================================
[2025-10-07T22:14:19.713+0100] {manager.py:878} INFO - 
================================================================================
DAG File Processing Stats

File Path                              PID    Runtime      # DAGs    # Errors  Last Runtime    Last Run
-------------------------------------  -----  ---------  --------  ----------  --------------  -------------------
/opt/airflow/dags/kafka_stream_dag.py                           1           0  1.12s           2025-10-07T21:13:51
================================================================================
[2025-10-07T22:14:50.113+0100] {manager.py:878} INFO - 
================================================================================
DAG File Processing Stats

File Path                              PID    Runtime      # DAGs    # Errors  Last Runtime    Last Run
-------------------------------------  -----  ---------  --------  ----------  --------------  -------------------
/opt/airflow/dags/kafka_stream_dag.py                           1           0  0.91s           2025-10-07T21:14:22
================================================================================
[2025-10-07T22:15:20.112+0100] {manager.py:878} INFO - 
================================================================================
DAG File Processing Stats

File Path                              PID    Runtime      # DAGs    # Errors  Last Runtime    Last Run
-------------------------------------  -----  ---------  --------  ----------  --------------  -------------------
/opt/airflow/dags/kafka_stream_dag.py                           1           0  0.58s           2025-10-07T21:14:53
================================================================================
[2025-10-07T22:15:50.670+0100] {manager.py:878} INFO - 
================================================================================
DAG File Processing Stats

File Path                              PID    Runtime      # DAGs    # Errors  Last Runtime    Last Run
-------------------------------------  -----  ---------  --------  ----------  --------------  -------------------
/opt/airflow/dags/kafka_stream_dag.py                           1           0  1.42s           2025-10-07T21:15:25
================================================================================
[2025-10-07T22:16:20.850+0100] {manager.py:878} INFO - 
================================================================================
DAG File Processing Stats

File Path                              PID    Runtime      # DAGs    # Errors  Last Runtime    Last Run
-------------------------------------  -----  ---------  --------  ----------  --------------  -------------------
/opt/airflow/dags/kafka_stream_dag.py                           1           0  1.36s           2025-10-07T21:15:57
================================================================================
[2025-10-07T22:16:51.291+0100] {manager.py:878} INFO - 
================================================================================
DAG File Processing Stats

File Path                              PID    Runtime      # DAGs    # Errors  Last Runtime    Last Run
-------------------------------------  -----  ---------  --------  ----------  --------------  -------------------
/opt/airflow/dags/kafka_stream_dag.py                           1           0  3.85s           2025-10-07T21:16:32
================================================================================
[2025-10-07T22:17:21.532+0100] {manager.py:878} INFO - 
================================================================================
DAG File Processing Stats

File Path                              PID    Runtime      # DAGs    # Errors  Last Runtime    Last Run
-------------------------------------  -----  ---------  --------  ----------  --------------  -------------------
/opt/airflow/dags/kafka_stream_dag.py                           1           0  0.86s           2025-10-07T21:17:03
================================================================================
[2025-10-07T22:17:51.546+0100] {manager.py:878} INFO - 
================================================================================
DAG File Processing Stats

File Path                              PID    Runtime      # DAGs    # Errors  Last Runtime    Last Run
-------------------------------------  -----  ---------  --------  ----------  --------------  -------------------
/opt/airflow/dags/kafka_stream_dag.py                           1           0  0.79s           2025-10-07T21:17:34
================================================================================
[2025-10-07T22:18:03.721+0100] {manager.py:737} INFO - Searching for files in /opt/airflow/dags
[2025-10-07T22:18:03.801+0100] {manager.py:740} INFO - There are 1 files in /opt/airflow/dags
[2025-10-07T22:18:21.691+0100] {manager.py:878} INFO - 
================================================================================
DAG File Processing Stats

File Path                              PID    Runtime      # DAGs    # Errors  Last Runtime    Last Run
-------------------------------------  -----  ---------  --------  ----------  --------------  -------------------
/opt/airflow/dags/kafka_stream_dag.py                           1           0  0.47s           2025-10-07T21:18:05
================================================================================
[2025-10-07T22:18:51.867+0100] {manager.py:878} INFO - 
================================================================================
DAG File Processing Stats

File Path                              PID    Runtime      # DAGs    # Errors  Last Runtime    Last Run
-------------------------------------  -----  ---------  --------  ----------  --------------  -------------------
/opt/airflow/dags/kafka_stream_dag.py                           1           0  1.00s           2025-10-07T21:18:36
================================================================================
[2025-10-07T22:19:22.919+0100] {manager.py:878} INFO - 
================================================================================
DAG File Processing Stats

File Path                              PID    Runtime      # DAGs    # Errors  Last Runtime    Last Run
-------------------------------------  -----  ---------  --------  ----------  --------------  -------------------
/opt/airflow/dags/kafka_stream_dag.py                           1           0  1.27s           2025-10-07T21:19:08
================================================================================
[2025-10-07T22:19:53.525+0100] {manager.py:878} INFO - 
================================================================================
DAG File Processing Stats

File Path                              PID    Runtime      # DAGs    # Errors  Last Runtime    Last Run
-------------------------------------  -----  ---------  --------  ----------  --------------  -------------------
/opt/airflow/dags/kafka_stream_dag.py                           1           0  0.56s           2025-10-07T21:19:40
================================================================================
[2025-10-07T22:20:23.903+0100] {manager.py:878} INFO - 
================================================================================
DAG File Processing Stats

File Path                              PID    Runtime      # DAGs    # Errors  Last Runtime    Last Run
-------------------------------------  -----  ---------  --------  ----------  --------------  -------------------
/opt/airflow/dags/kafka_stream_dag.py                           1           0  0.34s           2025-10-07T21:20:10
================================================================================
[2025-10-07T22:20:34.057+0100] {manager.py:452} INFO - Exiting gracefully upon receiving signal 15
