[2025-11-28T15:19:09.077+0000] {local_task_job_runner.py:120} INFO - ::group::Pre task execution logs
[2025-11-28T15:19:09.273+0000] {taskinstance.py:2076} INFO - Dependencies all met for dep_context=non-requeueable deps ti=<TaskInstance: name_stream_dag.stream_to_kafka_task scheduled__2025-11-28T15:10:00+00:00 [queued]>
[2025-11-28T15:19:09.296+0000] {taskinstance.py:2076} INFO - Dependencies all met for dep_context=requeueable deps ti=<TaskInstance: name_stream_dag.stream_to_kafka_task scheduled__2025-11-28T15:10:00+00:00 [queued]>
[2025-11-28T15:19:09.298+0000] {taskinstance.py:2306} INFO - Starting attempt 1 of 2
[2025-11-28T15:19:09.367+0000] {taskinstance.py:2330} INFO - Executing <Task(PythonOperator): stream_to_kafka_task> on 2025-11-28 15:10:00+00:00
[2025-11-28T15:19:09.380+0000] {standard_task_runner.py:64} INFO - Started process 81 to run task
[2025-11-28T15:19:09.395+0000] {standard_task_runner.py:90} INFO - Running: ['***', 'tasks', 'run', 'name_stream_dag', 'stream_to_kafka_task', 'scheduled__2025-11-28T15:10:00+00:00', '--job-id', '39', '--raw', '--subdir', 'DAGS_FOLDER/kafka_stream_dag.py', '--cfg-path', '/tmp/tmpgxqntjxw']
[2025-11-28T15:19:09.405+0000] {standard_task_runner.py:91} INFO - Job 39: Subtask stream_to_kafka_task
[2025-11-28T15:19:09.904+0000] {task_command.py:426} INFO - Running <TaskInstance: name_stream_dag.stream_to_kafka_task scheduled__2025-11-28T15:10:00+00:00 [running]> on host 8f878b281e38
[2025-11-28T15:19:11.662+0000] {taskinstance.py:2648} INFO - Exporting env vars: AIRFLOW_CTX_DAG_OWNER='***' AIRFLOW_CTX_DAG_ID='name_stream_dag' AIRFLOW_CTX_TASK_ID='stream_to_kafka_task' AIRFLOW_CTX_EXECUTION_DATE='2025-11-28T15:10:00+00:00' AIRFLOW_CTX_TRY_NUMBER='1' AIRFLOW_CTX_DAG_RUN_ID='scheduled__2025-11-28T15:10:00+00:00'
[2025-11-28T15:19:11.666+0000] {taskinstance.py:430} INFO - ::endgroup::
[2025-11-28T15:19:12.008+0000] {logging_mixin.py:188} INFO - Created topic: names_topic
[2025-11-28T15:19:22.763+0000] {logging_mixin.py:188} INFO - Delivered to names_topic [0] @ offset 0
[2025-11-28T15:19:35.714+0000] {logging_mixin.py:188} INFO - Delivered to names_topic [0] @ offset 1
[2025-11-28T15:19:45.978+0000] {logging_mixin.py:188} INFO - Delivered to names_topic [0] @ offset 2
[2025-11-28T15:19:56.408+0000] {logging_mixin.py:188} INFO - Delivered to names_topic [0] @ offset 3
[2025-11-28T15:20:09.206+0000] {logging_mixin.py:188} INFO - Delivered to names_topic [0] @ offset 4
[2025-11-28T15:20:19.419+0000] {logging_mixin.py:188} INFO - Delivered to names_topic [0] @ offset 5
[2025-11-28T15:20:29.632+0000] {logging_mixin.py:188} INFO - Delivered to names_topic [0] @ offset 6
[2025-11-28T15:20:42.476+0000] {logging_mixin.py:188} INFO - Delivered to names_topic [0] @ offset 7
[2025-11-28T15:20:52.698+0000] {logging_mixin.py:188} INFO - Delivered to names_topic [0] @ offset 8
[2025-11-28T15:21:03.069+0000] {logging_mixin.py:188} INFO - Delivered to names_topic [0] @ offset 9
[2025-11-28T15:21:15.952+0000] {logging_mixin.py:188} INFO - Delivered to names_topic [0] @ offset 10
[2025-11-28T15:21:25.955+0000] {logging_mixin.py:188} INFO - Delivered to names_topic [0] @ offset 11
[2025-11-28T15:21:25.957+0000] {python.py:237} INFO - Done. Returned value was: None
[2025-11-28T15:21:25.959+0000] {taskinstance.py:441} INFO - ::group::Post task execution logs
[2025-11-28T15:21:26.040+0000] {taskinstance.py:1206} INFO - Marking task as SUCCESS. dag_id=name_stream_dag, task_id=stream_to_kafka_task, run_id=scheduled__2025-11-28T15:10:00+00:00, execution_date=20251128T151000, start_date=20251128T151909, end_date=20251128T152126
[2025-11-28T15:21:26.463+0000] {local_task_job_runner.py:243} INFO - Task exited with return code 0
[2025-11-28T15:21:26.616+0000] {taskinstance.py:3503} INFO - 0 downstream tasks scheduled from follow-on schedule check
[2025-11-28T15:21:26.676+0000] {local_task_job_runner.py:222} INFO - ::endgroup::
