[2025-10-07T22:15:02.785+0100] {local_task_job_runner.py:120} INFO - ::group::Pre task execution logs
[2025-10-07T22:15:03.100+0100] {taskinstance.py:2076} INFO - Dependencies all met for dep_context=non-requeueable deps ti=<TaskInstance: name_stream_dag.stream_to_kafka_task scheduled__2025-10-07T21:10:00+00:00 [queued]>
[2025-10-07T22:15:03.140+0100] {taskinstance.py:2076} INFO - Dependencies all met for dep_context=requeueable deps ti=<TaskInstance: name_stream_dag.stream_to_kafka_task scheduled__2025-10-07T21:10:00+00:00 [queued]>
[2025-10-07T22:15:03.142+0100] {taskinstance.py:2306} INFO - Starting attempt 1 of 2
[2025-10-07T22:15:03.329+0100] {taskinstance.py:2330} INFO - Executing <Task(PythonOperator): stream_to_kafka_task> on 2025-10-07 21:10:00+00:00
[2025-10-07T22:15:03.370+0100] {standard_task_runner.py:64} INFO - Started process 1068 to run task
[2025-10-07T22:15:03.392+0100] {standard_task_runner.py:90} INFO - Running: ['***', 'tasks', 'run', 'name_stream_dag', 'stream_to_kafka_task', 'scheduled__2025-10-07T21:10:00+00:00', '--job-id', '11', '--raw', '--subdir', 'DAGS_FOLDER/kafka_stream_dag.py', '--cfg-path', '/tmp/tmpjd9qj5o0']
[2025-10-07T22:15:03.432+0100] {standard_task_runner.py:91} INFO - Job 11: Subtask stream_to_kafka_task
[2025-10-07T22:15:04.321+0100] {task_command.py:426} INFO - Running <TaskInstance: name_stream_dag.stream_to_kafka_task scheduled__2025-10-07T21:10:00+00:00 [running]> on host e9a80c19b29d
[2025-10-07T22:15:06.369+0100] {taskinstance.py:2648} INFO - Exporting env vars: AIRFLOW_CTX_DAG_OWNER='***' AIRFLOW_CTX_DAG_ID='name_stream_dag' AIRFLOW_CTX_TASK_ID='stream_to_kafka_task' AIRFLOW_CTX_EXECUTION_DATE='2025-10-07T21:10:00+00:00' AIRFLOW_CTX_TRY_NUMBER='1' AIRFLOW_CTX_DAG_RUN_ID='scheduled__2025-10-07T21:10:00+00:00'
[2025-10-07T22:15:06.378+0100] {taskinstance.py:430} INFO - ::endgroup::
[2025-10-07T22:15:17.396+0100] {logging_mixin.py:188} INFO - Delivered to names_topic [0] @ offset 108
[2025-10-07T22:15:27.842+0100] {logging_mixin.py:188} INFO - Delivered to names_topic [0] @ offset 109
[2025-10-07T22:15:38.068+0100] {logging_mixin.py:188} INFO - Delivered to names_topic [0] @ offset 110
[2025-10-07T22:15:48.406+0100] {logging_mixin.py:188} INFO - Delivered to names_topic [0] @ offset 111
[2025-10-07T22:15:58.787+0100] {logging_mixin.py:188} INFO - Delivered to names_topic [0] @ offset 112
[2025-10-07T22:16:09.196+0100] {logging_mixin.py:188} INFO - Delivered to names_topic [0] @ offset 113
[2025-10-07T22:16:19.698+0100] {logging_mixin.py:188} INFO - Delivered to names_topic [0] @ offset 114
[2025-10-07T22:16:30.216+0100] {logging_mixin.py:188} INFO - Delivered to names_topic [0] @ offset 115
[2025-10-07T22:16:40.662+0100] {logging_mixin.py:188} INFO - Delivered to names_topic [0] @ offset 116
[2025-10-07T22:16:51.160+0100] {logging_mixin.py:188} INFO - Delivered to names_topic [0] @ offset 117
[2025-10-07T22:17:01.531+0100] {logging_mixin.py:188} INFO - Delivered to names_topic [0] @ offset 118
[2025-10-07T22:17:11.526+0100] {logging_mixin.py:188} INFO - Delivered to names_topic [0] @ offset 119
[2025-10-07T22:17:11.528+0100] {python.py:237} INFO - Done. Returned value was: None
[2025-10-07T22:17:11.533+0100] {taskinstance.py:441} INFO - ::group::Post task execution logs
[2025-10-07T22:17:11.669+0100] {taskinstance.py:1206} INFO - Marking task as SUCCESS. dag_id=name_stream_dag, task_id=stream_to_kafka_task, run_id=scheduled__2025-10-07T21:10:00+00:00, execution_date=20251007T211000, start_date=20251007T211503, end_date=20251007T211711
[2025-10-07T22:17:11.940+0100] {local_task_job_runner.py:243} INFO - Task exited with return code 0
[2025-10-07T22:17:12.353+0100] {taskinstance.py:3503} INFO - 0 downstream tasks scheduled from follow-on schedule check
[2025-10-07T22:17:12.409+0100] {local_task_job_runner.py:222} INFO - ::endgroup::
