[2025-10-08T02:00:02.944+0100] {local_task_job_runner.py:120} INFO - ::group::Pre task execution logs
[2025-10-08T02:00:03.154+0100] {taskinstance.py:2076} INFO - Dependencies all met for dep_context=non-requeueable deps ti=<TaskInstance: name_stream_dag.stream_to_kafka_task scheduled__2025-10-08T00:55:00+00:00 [queued]>
[2025-10-08T02:00:03.185+0100] {taskinstance.py:2076} INFO - Dependencies all met for dep_context=requeueable deps ti=<TaskInstance: name_stream_dag.stream_to_kafka_task scheduled__2025-10-08T00:55:00+00:00 [queued]>
[2025-10-08T02:00:03.187+0100] {taskinstance.py:2306} INFO - Starting attempt 1 of 2
[2025-10-08T02:00:03.271+0100] {taskinstance.py:2330} INFO - Executing <Task(PythonOperator): stream_to_kafka_task> on 2025-10-08 00:55:00+00:00
[2025-10-08T02:00:03.287+0100] {standard_task_runner.py:64} INFO - Started process 343 to run task
[2025-10-08T02:00:03.300+0100] {standard_task_runner.py:90} INFO - Running: ['***', 'tasks', 'run', 'name_stream_dag', 'stream_to_kafka_task', 'scheduled__2025-10-08T00:55:00+00:00', '--job-id', '25', '--raw', '--subdir', 'DAGS_FOLDER/kafka_stream_dag.py', '--cfg-path', '/tmp/tmpqabo_hi3']
[2025-10-08T02:00:03.308+0100] {standard_task_runner.py:91} INFO - Job 25: Subtask stream_to_kafka_task
[2025-10-08T02:00:03.774+0100] {task_command.py:426} INFO - Running <TaskInstance: name_stream_dag.stream_to_kafka_task scheduled__2025-10-08T00:55:00+00:00 [running]> on host 811935e53272
[2025-10-08T02:00:05.913+0100] {taskinstance.py:2648} INFO - Exporting env vars: AIRFLOW_CTX_DAG_OWNER='***' AIRFLOW_CTX_DAG_ID='name_stream_dag' AIRFLOW_CTX_TASK_ID='stream_to_kafka_task' AIRFLOW_CTX_EXECUTION_DATE='2025-10-08T00:55:00+00:00' AIRFLOW_CTX_TRY_NUMBER='1' AIRFLOW_CTX_DAG_RUN_ID='scheduled__2025-10-08T00:55:00+00:00'
[2025-10-08T02:00:05.914+0100] {taskinstance.py:430} INFO - ::endgroup::
[2025-10-08T02:00:16.846+0100] {logging_mixin.py:188} INFO - Delivered to names_topic [0] @ offset 36
[2025-10-08T02:00:27.133+0100] {logging_mixin.py:188} INFO - Delivered to names_topic [0] @ offset 37
[2025-10-08T02:00:37.549+0100] {logging_mixin.py:188} INFO - Delivered to names_topic [0] @ offset 38
[2025-10-08T02:00:47.976+0100] {logging_mixin.py:188} INFO - Delivered to names_topic [0] @ offset 39
[2025-10-08T02:00:58.304+0100] {logging_mixin.py:188} INFO - Delivered to names_topic [0] @ offset 40
[2025-10-08T02:01:08.758+0100] {logging_mixin.py:188} INFO - Delivered to names_topic [0] @ offset 41
[2025-10-08T02:01:19.149+0100] {logging_mixin.py:188} INFO - Delivered to names_topic [0] @ offset 42
[2025-10-08T02:01:29.457+0100] {logging_mixin.py:188} INFO - Delivered to names_topic [0] @ offset 43
[2025-10-08T02:01:39.864+0100] {logging_mixin.py:188} INFO - Delivered to names_topic [0] @ offset 44
[2025-10-08T02:01:50.236+0100] {logging_mixin.py:188} INFO - Delivered to names_topic [0] @ offset 45
[2025-10-08T02:02:00.672+0100] {logging_mixin.py:188} INFO - Delivered to names_topic [0] @ offset 46
[2025-10-08T02:02:10.678+0100] {logging_mixin.py:188} INFO - Delivered to names_topic [0] @ offset 47
[2025-10-08T02:02:10.685+0100] {python.py:237} INFO - Done. Returned value was: None
[2025-10-08T02:02:10.689+0100] {taskinstance.py:441} INFO - ::group::Post task execution logs
[2025-10-08T02:02:10.801+0100] {taskinstance.py:1206} INFO - Marking task as SUCCESS. dag_id=name_stream_dag, task_id=stream_to_kafka_task, run_id=scheduled__2025-10-08T00:55:00+00:00, execution_date=20251008T005500, start_date=20251008T010003, end_date=20251008T010210
[2025-10-08T02:02:11.045+0100] {local_task_job_runner.py:243} INFO - Task exited with return code 0
[2025-10-08T02:02:11.145+0100] {taskinstance.py:3503} INFO - 0 downstream tasks scheduled from follow-on schedule check
[2025-10-08T02:02:11.187+0100] {local_task_job_runner.py:222} INFO - ::endgroup::
