[2025-11-28T20:04:56.751+0000] {local_task_job_runner.py:120} INFO - ::group::Pre task execution logs
[2025-11-28T20:04:56.897+0000] {taskinstance.py:2076} INFO - Dependencies all met for dep_context=non-requeueable deps ti=<TaskInstance: name_stream_dag.stream_to_kafka_task manual__2025-11-28T20:04:26.633066+00:00 [queued]>
[2025-11-28T20:04:56.916+0000] {taskinstance.py:2076} INFO - Dependencies all met for dep_context=requeueable deps ti=<TaskInstance: name_stream_dag.stream_to_kafka_task manual__2025-11-28T20:04:26.633066+00:00 [queued]>
[2025-11-28T20:04:56.918+0000] {taskinstance.py:2306} INFO - Starting attempt 1 of 2
[2025-11-28T20:04:56.989+0000] {taskinstance.py:2330} INFO - Executing <Task(PythonOperator): stream_to_kafka_task> on 2025-11-28 20:04:26.633066+00:00
[2025-11-28T20:04:57.017+0000] {standard_task_runner.py:64} INFO - Started process 142 to run task
[2025-11-28T20:04:57.036+0000] {standard_task_runner.py:90} INFO - Running: ['***', 'tasks', 'run', 'name_stream_dag', 'stream_to_kafka_task', 'manual__2025-11-28T20:04:26.633066+00:00', '--job-id', '265', '--raw', '--subdir', 'DAGS_FOLDER/kafka_stream_dag.py', '--cfg-path', '/tmp/tmpjsilmg20']
[2025-11-28T20:04:57.056+0000] {standard_task_runner.py:91} INFO - Job 265: Subtask stream_to_kafka_task
[2025-11-28T20:04:57.658+0000] {task_command.py:426} INFO - Running <TaskInstance: name_stream_dag.stream_to_kafka_task manual__2025-11-28T20:04:26.633066+00:00 [running]> on host 78a1caa176c5
[2025-11-28T20:04:58.332+0000] {taskinstance.py:2648} INFO - Exporting env vars: AIRFLOW_CTX_DAG_OWNER='***' AIRFLOW_CTX_DAG_ID='name_stream_dag' AIRFLOW_CTX_TASK_ID='stream_to_kafka_task' AIRFLOW_CTX_EXECUTION_DATE='2025-11-28T20:04:26.633066+00:00' AIRFLOW_CTX_TRY_NUMBER='1' AIRFLOW_CTX_DAG_RUN_ID='manual__2025-11-28T20:04:26.633066+00:00'
[2025-11-28T20:04:58.334+0000] {taskinstance.py:430} INFO - ::endgroup::
[2025-11-28T20:04:58.359+0000] {kafka_streaming_service.py:222} INFO - Starting Kafka stream: bootstrap=kafka:19092 topic=names_topic interval=10 duration=120
[2025-11-28T20:04:58.740+0000] {kafka_streaming_service.py:237} INFO - Iteration 1/12 – sending payload {'name': 'Miss. Patsy Larson', 'gender': 'female', 'address': '5119, Paddock Way', 'city': 'Billings', 'nation': 'United States', 'zip': '63468953157750100149750200588709243417', 'latitude': 85.5046, 'longitude': 149.65, 'email': 'patsy.larson@example.com'}
[2025-11-28T20:04:58.744+0000] {kafka_streaming_service.py:210} INFO - Producing record to topic=names_topic payload={'name': 'Miss. Patsy Larson', 'gender': 'female', 'address': '5119, Paddock Way', 'city': 'Billings', 'nation': 'United States', 'zip': '63468953157750100149750200588709243417', 'latitude': 85.5046, 'longitude': 149.65, 'email': 'patsy.larson@example.com'}
[2025-11-28T20:05:09.180+0000] {kafka_streaming_service.py:237} INFO - Iteration 2/12 – sending payload {'name': 'Madame. Giuliana Thomas', 'gender': 'female', 'address': '5829, Rue Abel-Gance', 'city': 'Zwieselberg', 'nation': 'Switzerland', 'zip': '209297200485101865692228149291356144801', 'latitude': -62.0865, 'longitude': 106.8674, 'email': 'giuliana.thomas@example.com'}
[2025-11-28T20:05:09.197+0000] {kafka_streaming_service.py:210} INFO - Producing record to topic=names_topic payload={'name': 'Madame. Giuliana Thomas', 'gender': 'female', 'address': '5829, Rue Abel-Gance', 'city': 'Zwieselberg', 'nation': 'Switzerland', 'zip': '209297200485101865692228149291356144801', 'latitude': -62.0865, 'longitude': 106.8674, 'email': 'giuliana.thomas@example.com'}
[2025-11-28T20:05:09.219+0000] {logging_mixin.py:188} INFO - Delivered to names_topic [0] @ offset 0
[2025-11-28T20:05:19.510+0000] {kafka_streaming_service.py:237} INFO - Iteration 3/12 – sending payload {'name': 'Mr. Aiden Little', 'gender': 'male', 'address': '299, Bruce St', 'city': 'Cairns', 'nation': 'Australia', 'zip': '16546785172922253425274220744053173507', 'latitude': -87.6097, 'longitude': -129.705, 'email': 'aiden.little@example.com'}
[2025-11-28T20:05:19.520+0000] {kafka_streaming_service.py:210} INFO - Producing record to topic=names_topic payload={'name': 'Mr. Aiden Little', 'gender': 'male', 'address': '299, Bruce St', 'city': 'Cairns', 'nation': 'Australia', 'zip': '16546785172922253425274220744053173507', 'latitude': -87.6097, 'longitude': -129.705, 'email': 'aiden.little@example.com'}
[2025-11-28T20:05:19.523+0000] {logging_mixin.py:188} INFO - Delivered to names_topic [0] @ offset 1
[2025-11-28T20:05:29.848+0000] {kafka_streaming_service.py:237} INFO - Iteration 4/12 – sending payload {'name': 'Mr. Ray Watkins', 'gender': 'male', 'address': '6536, York Road', 'city': 'Castlebar', 'nation': 'Ireland', 'zip': '311201480205414236426077071574406820906', 'latitude': 2.8669, 'longitude': -29.4325, 'email': 'ray.watkins@example.com'}
[2025-11-28T20:05:29.856+0000] {kafka_streaming_service.py:210} INFO - Producing record to topic=names_topic payload={'name': 'Mr. Ray Watkins', 'gender': 'male', 'address': '6536, York Road', 'city': 'Castlebar', 'nation': 'Ireland', 'zip': '311201480205414236426077071574406820906', 'latitude': 2.8669, 'longitude': -29.4325, 'email': 'ray.watkins@example.com'}
[2025-11-28T20:05:29.860+0000] {logging_mixin.py:188} INFO - Delivered to names_topic [0] @ offset 2
[2025-11-28T20:05:40.133+0000] {kafka_streaming_service.py:237} INFO - Iteration 5/12 – sending payload {'name': 'Ms. Rebecca Miles', 'gender': 'female', 'address': '5456, Mill Road', 'city': 'Greystones', 'nation': 'Ireland', 'zip': '69469408668743334480788343697438543178', 'latitude': -2.2267, 'longitude': 169.543, 'email': 'rebecca.miles@example.com'}
[2025-11-28T20:05:40.136+0000] {kafka_streaming_service.py:210} INFO - Producing record to topic=names_topic payload={'name': 'Ms. Rebecca Miles', 'gender': 'female', 'address': '5456, Mill Road', 'city': 'Greystones', 'nation': 'Ireland', 'zip': '69469408668743334480788343697438543178', 'latitude': -2.2267, 'longitude': 169.543, 'email': 'rebecca.miles@example.com'}
[2025-11-28T20:05:40.139+0000] {logging_mixin.py:188} INFO - Delivered to names_topic [0] @ offset 3
[2025-11-28T20:05:50.576+0000] {kafka_streaming_service.py:237} INFO - Iteration 6/12 – sending payload {'name': 'Ms. Aubree Pelletier', 'gender': 'female', 'address': '2330, Brock Rd', 'city': 'Keswick', 'nation': 'Canada', 'zip': '230384365645658711838556669035958128078', 'latitude': -65.4517, 'longitude': 177.7371, 'email': 'aubree.pelletier@example.com'}
[2025-11-28T20:05:50.585+0000] {kafka_streaming_service.py:210} INFO - Producing record to topic=names_topic payload={'name': 'Ms. Aubree Pelletier', 'gender': 'female', 'address': '2330, Brock Rd', 'city': 'Keswick', 'nation': 'Canada', 'zip': '230384365645658711838556669035958128078', 'latitude': -65.4517, 'longitude': 177.7371, 'email': 'aubree.pelletier@example.com'}
[2025-11-28T20:05:50.596+0000] {logging_mixin.py:188} INFO - Delivered to names_topic [0] @ offset 4
[2025-11-28T20:06:01.012+0000] {kafka_streaming_service.py:237} INFO - Iteration 7/12 – sending payload {'name': 'Mrs. Nurdan Akman', 'gender': 'female', 'address': '5103, Anafartalar Cd', 'city': 'Iğdır', 'nation': 'Turkey', 'zip': '306534696886879897074901066144119182501', 'latitude': 67.8663, 'longitude': 108.0783, 'email': 'nurdan.akman@example.com'}
[2025-11-28T20:06:01.017+0000] {kafka_streaming_service.py:210} INFO - Producing record to topic=names_topic payload={'name': 'Mrs. Nurdan Akman', 'gender': 'female', 'address': '5103, Anafartalar Cd', 'city': 'Iğdır', 'nation': 'Turkey', 'zip': '306534696886879897074901066144119182501', 'latitude': 67.8663, 'longitude': 108.0783, 'email': 'nurdan.akman@example.com'}
[2025-11-28T20:06:01.019+0000] {logging_mixin.py:188} INFO - Delivered to names_topic [0] @ offset 5
[2025-11-28T20:06:11.460+0000] {kafka_streaming_service.py:237} INFO - Iteration 8/12 – sending payload {'name': 'Ms. Mirna Vučetić', 'gender': 'female', 'address': '7720, Ranka Živanovića', 'city': 'Srbobran', 'nation': 'Serbia', 'zip': '184601385648458910226462498982463506335', 'latitude': 59.6071, 'longitude': 168.619, 'email': 'mirna.vucetic@example.com'}
[2025-11-28T20:06:11.490+0000] {kafka_streaming_service.py:210} INFO - Producing record to topic=names_topic payload={'name': 'Ms. Mirna Vučetić', 'gender': 'female', 'address': '7720, Ranka Živanovića', 'city': 'Srbobran', 'nation': 'Serbia', 'zip': '184601385648458910226462498982463506335', 'latitude': 59.6071, 'longitude': 168.619, 'email': 'mirna.vucetic@example.com'}
[2025-11-28T20:06:11.506+0000] {logging_mixin.py:188} INFO - Delivered to names_topic [0] @ offset 6
[2025-11-28T20:06:21.730+0000] {kafka_streaming_service.py:237} INFO - Iteration 9/12 – sending payload {'name': 'Mrs. Onira Araújo', 'gender': 'female', 'address': '4274, Rua Santa Luzia ', 'city': 'São José do Rio Preto', 'nation': 'Brazil', 'zip': '300895957007438743718101673386617098036', 'latitude': -75.9559, 'longitude': 24.4341, 'email': 'onira.araujo@example.com'}
[2025-11-28T20:06:21.735+0000] {kafka_streaming_service.py:210} INFO - Producing record to topic=names_topic payload={'name': 'Mrs. Onira Araújo', 'gender': 'female', 'address': '4274, Rua Santa Luzia ', 'city': 'São José do Rio Preto', 'nation': 'Brazil', 'zip': '300895957007438743718101673386617098036', 'latitude': -75.9559, 'longitude': 24.4341, 'email': 'onira.araujo@example.com'}
[2025-11-28T20:06:21.738+0000] {logging_mixin.py:188} INFO - Delivered to names_topic [0] @ offset 7
[2025-11-28T20:06:32.025+0000] {kafka_streaming_service.py:237} INFO - Iteration 10/12 – sending payload {'name': 'Mr. Rui Kloosterman', 'gender': 'male', 'address': '2206, Korte Distelstraat', 'city': 'Tersoal', 'nation': 'Netherlands', 'zip': '162820965406862227889714554118786082089', 'latitude': 38.2519, 'longitude': -117.1997, 'email': 'rui.kloosterman@example.com'}
[2025-11-28T20:06:32.040+0000] {kafka_streaming_service.py:210} INFO - Producing record to topic=names_topic payload={'name': 'Mr. Rui Kloosterman', 'gender': 'male', 'address': '2206, Korte Distelstraat', 'city': 'Tersoal', 'nation': 'Netherlands', 'zip': '162820965406862227889714554118786082089', 'latitude': 38.2519, 'longitude': -117.1997, 'email': 'rui.kloosterman@example.com'}
[2025-11-28T20:06:32.042+0000] {logging_mixin.py:188} INFO - Delivered to names_topic [0] @ offset 8
[2025-11-28T20:06:42.368+0000] {kafka_streaming_service.py:237} INFO - Iteration 11/12 – sending payload {'name': 'Ms. Holly Clarke', 'gender': 'female', 'address': '7326, Elles Road', 'city': 'Whanganui', 'nation': 'New Zealand', 'zip': '133137970078752027575472029778553817922', 'latitude': 54.5516, 'longitude': 30.1252, 'email': 'holly.clarke@example.com'}
[2025-11-28T20:06:42.383+0000] {kafka_streaming_service.py:210} INFO - Producing record to topic=names_topic payload={'name': 'Ms. Holly Clarke', 'gender': 'female', 'address': '7326, Elles Road', 'city': 'Whanganui', 'nation': 'New Zealand', 'zip': '133137970078752027575472029778553817922', 'latitude': 54.5516, 'longitude': 30.1252, 'email': 'holly.clarke@example.com'}
[2025-11-28T20:06:42.385+0000] {logging_mixin.py:188} INFO - Delivered to names_topic [0] @ offset 9
[2025-11-28T20:06:52.667+0000] {kafka_streaming_service.py:237} INFO - Iteration 12/12 – sending payload {'name': 'Miss. Alma Jørgensen', 'gender': 'female', 'address': '6752, Kongevejen', 'city': 'Rødvig Stevns', 'nation': 'Denmark', 'zip': '214281848578120115047429835767628752888', 'latitude': -45.0333, 'longitude': 71.0174, 'email': 'alma.jorgensen@example.com'}
[2025-11-28T20:06:52.690+0000] {kafka_streaming_service.py:210} INFO - Producing record to topic=names_topic payload={'name': 'Miss. Alma Jørgensen', 'gender': 'female', 'address': '6752, Kongevejen', 'city': 'Rødvig Stevns', 'nation': 'Denmark', 'zip': '214281848578120115047429835767628752888', 'latitude': -45.0333, 'longitude': 71.0174, 'email': 'alma.jorgensen@example.com'}
[2025-11-28T20:06:52.701+0000] {logging_mixin.py:188} INFO - Delivered to names_topic [0] @ offset 10
[2025-11-28T20:07:02.704+0000] {logging_mixin.py:188} INFO - Delivered to names_topic [0] @ offset 11
[2025-11-28T20:07:02.705+0000] {kafka_streaming_service.py:245} INFO - Kafka producer flushed all pending messages.
[2025-11-28T20:07:02.710+0000] {python.py:237} INFO - Done. Returned value was: None
[2025-11-28T20:07:02.713+0000] {taskinstance.py:441} INFO - ::group::Post task execution logs
[2025-11-28T20:07:02.944+0000] {taskinstance.py:1206} INFO - Marking task as SUCCESS. dag_id=name_stream_dag, task_id=stream_to_kafka_task, run_id=manual__2025-11-28T20:04:26.633066+00:00, execution_date=20251128T200426, start_date=20251128T200456, end_date=20251128T200702
[2025-11-28T20:07:03.151+0000] {local_task_job_runner.py:243} INFO - Task exited with return code 0
[2025-11-28T20:07:03.340+0000] {taskinstance.py:3503} INFO - 1 downstream tasks scheduled from follow-on schedule check
[2025-11-28T20:07:03.384+0000] {local_task_job_runner.py:222} INFO - ::endgroup::
