[2025-11-28T19:29:21.839+0000] {local_task_job_runner.py:120} INFO - ::group::Pre task execution logs
[2025-11-28T19:29:22.005+0000] {taskinstance.py:2076} INFO - Dependencies all met for dep_context=non-requeueable deps ti=<TaskInstance: name_stream_dag.stream_to_kafka_task manual__2025-11-28T19:29:00.910965+00:00 [queued]>
[2025-11-28T19:29:22.039+0000] {taskinstance.py:2076} INFO - Dependencies all met for dep_context=requeueable deps ti=<TaskInstance: name_stream_dag.stream_to_kafka_task manual__2025-11-28T19:29:00.910965+00:00 [queued]>
[2025-11-28T19:29:22.042+0000] {taskinstance.py:2306} INFO - Starting attempt 1 of 2
[2025-11-28T19:29:22.131+0000] {taskinstance.py:2330} INFO - Executing <Task(PythonOperator): stream_to_kafka_task> on 2025-11-28 19:29:00.910965+00:00
[2025-11-28T19:29:22.160+0000] {standard_task_runner.py:64} INFO - Started process 157 to run task
[2025-11-28T19:29:22.168+0000] {standard_task_runner.py:90} INFO - Running: ['***', 'tasks', 'run', 'name_stream_dag', 'stream_to_kafka_task', 'manual__2025-11-28T19:29:00.910965+00:00', '--job-id', '253', '--raw', '--subdir', 'DAGS_FOLDER/kafka_stream_dag.py', '--cfg-path', '/tmp/tmpb6r3bpgc']
[2025-11-28T19:29:22.175+0000] {standard_task_runner.py:91} INFO - Job 253: Subtask stream_to_kafka_task
[2025-11-28T19:29:22.705+0000] {task_command.py:426} INFO - Running <TaskInstance: name_stream_dag.stream_to_kafka_task manual__2025-11-28T19:29:00.910965+00:00 [running]> on host 04fe2a3c9497
[2025-11-28T19:29:23.364+0000] {taskinstance.py:2648} INFO - Exporting env vars: AIRFLOW_CTX_DAG_OWNER='***' AIRFLOW_CTX_DAG_ID='name_stream_dag' AIRFLOW_CTX_TASK_ID='stream_to_kafka_task' AIRFLOW_CTX_EXECUTION_DATE='2025-11-28T19:29:00.910965+00:00' AIRFLOW_CTX_TRY_NUMBER='1' AIRFLOW_CTX_DAG_RUN_ID='manual__2025-11-28T19:29:00.910965+00:00'
[2025-11-28T19:29:23.366+0000] {taskinstance.py:430} INFO - ::endgroup::
[2025-11-28T19:29:23.390+0000] {kafka_streaming_service.py:222} INFO - Starting Kafka stream: bootstrap=kafka:19092 topic=names_topic interval=10 duration=120
[2025-11-28T19:29:24.457+0000] {kafka_streaming_service.py:237} INFO - Iteration 1/12 – sending payload {'name': 'Miss. Edilene Aragão', 'gender': 'female', 'address': '1980, Avenida da Legalidade', 'city': 'Alagoinhas', 'nation': 'Brazil', 'zip': '84241541823284795218985728254244873556', 'latitude': -76.742, 'longitude': 50.0675, 'email': 'edilene.aragao@example.com'}
[2025-11-28T19:29:24.460+0000] {kafka_streaming_service.py:210} INFO - Producing record to topic=names_topic payload={'name': 'Miss. Edilene Aragão', 'gender': 'female', 'address': '1980, Avenida da Legalidade', 'city': 'Alagoinhas', 'nation': 'Brazil', 'zip': '84241541823284795218985728254244873556', 'latitude': -76.742, 'longitude': 50.0675, 'email': 'edilene.aragao@example.com'}
[2025-11-28T19:29:34.747+0000] {kafka_streaming_service.py:237} INFO - Iteration 2/12 – sending payload {'name': 'Mr. Eduardo Martínez', 'gender': 'male', 'address': '1492, Avenida de Salamanca', 'city': 'Cuenca', 'nation': 'Spain', 'zip': '57953012335655998974374526955820606177', 'latitude': -38.434, 'longitude': -154.6101, 'email': 'eduardo.martinez@example.com'}
[2025-11-28T19:29:34.750+0000] {kafka_streaming_service.py:210} INFO - Producing record to topic=names_topic payload={'name': 'Mr. Eduardo Martínez', 'gender': 'male', 'address': '1492, Avenida de Salamanca', 'city': 'Cuenca', 'nation': 'Spain', 'zip': '57953012335655998974374526955820606177', 'latitude': -38.434, 'longitude': -154.6101, 'email': 'eduardo.martinez@example.com'}
[2025-11-28T19:29:34.751+0000] {logging_mixin.py:188} INFO - Delivered to names_topic [0] @ offset 0
[2025-11-28T19:29:45.173+0000] {kafka_streaming_service.py:237} INFO - Iteration 3/12 – sending payload {'name': 'Ms. Amber Shaw', 'gender': 'female', 'address': '8357, School Lane', 'city': 'Manchester', 'nation': 'United Kingdom', 'zip': '168086387878009900790216455461082943211', 'latitude': -6.2462, 'longitude': 160.5749, 'email': 'amber.shaw@example.com'}
[2025-11-28T19:29:45.180+0000] {kafka_streaming_service.py:210} INFO - Producing record to topic=names_topic payload={'name': 'Ms. Amber Shaw', 'gender': 'female', 'address': '8357, School Lane', 'city': 'Manchester', 'nation': 'United Kingdom', 'zip': '168086387878009900790216455461082943211', 'latitude': -6.2462, 'longitude': 160.5749, 'email': 'amber.shaw@example.com'}
[2025-11-28T19:29:45.182+0000] {logging_mixin.py:188} INFO - Delivered to names_topic [0] @ offset 1
[2025-11-28T19:29:55.570+0000] {kafka_streaming_service.py:237} INFO - Iteration 4/12 – sending payload {'name': 'Mr. Samu Kivisto', 'gender': 'male', 'address': '5933, Mechelininkatu', 'city': 'Kiuruvesi', 'nation': 'Finland', 'zip': '324863723492216626118916237636805335664', 'latitude': -26.5954, 'longitude': -82.6173, 'email': 'samu.kivisto@example.com'}
[2025-11-28T19:29:55.578+0000] {kafka_streaming_service.py:210} INFO - Producing record to topic=names_topic payload={'name': 'Mr. Samu Kivisto', 'gender': 'male', 'address': '5933, Mechelininkatu', 'city': 'Kiuruvesi', 'nation': 'Finland', 'zip': '324863723492216626118916237636805335664', 'latitude': -26.5954, 'longitude': -82.6173, 'email': 'samu.kivisto@example.com'}
[2025-11-28T19:29:55.590+0000] {logging_mixin.py:188} INFO - Delivered to names_topic [0] @ offset 2
[2025-11-28T19:30:05.853+0000] {kafka_streaming_service.py:237} INFO - Iteration 5/12 – sending payload {'name': 'Mr. Emile Young', 'gender': 'male', 'address': '3568, York St', 'city': 'Trenton', 'nation': 'Canada', 'zip': '270493732532965248213218969208438883335', 'latitude': -72.5629, 'longitude': -160.7621, 'email': 'emile.young@example.com'}
[2025-11-28T19:30:05.856+0000] {kafka_streaming_service.py:210} INFO - Producing record to topic=names_topic payload={'name': 'Mr. Emile Young', 'gender': 'male', 'address': '3568, York St', 'city': 'Trenton', 'nation': 'Canada', 'zip': '270493732532965248213218969208438883335', 'latitude': -72.5629, 'longitude': -160.7621, 'email': 'emile.young@example.com'}
[2025-11-28T19:30:05.860+0000] {logging_mixin.py:188} INFO - Delivered to names_topic [0] @ offset 3
[2025-11-28T19:30:16.206+0000] {kafka_streaming_service.py:237} INFO - Iteration 6/12 – sending payload {'name': 'Miss. Eva Ramos', 'gender': 'female', 'address': '7965, Calle de Segovia', 'city': 'Guadalajara', 'nation': 'Spain', 'zip': '144366762378283676416408880080596632129', 'latitude': -31.1819, 'longitude': 21.3318, 'email': 'eva.ramos@example.com'}
[2025-11-28T19:30:16.211+0000] {kafka_streaming_service.py:210} INFO - Producing record to topic=names_topic payload={'name': 'Miss. Eva Ramos', 'gender': 'female', 'address': '7965, Calle de Segovia', 'city': 'Guadalajara', 'nation': 'Spain', 'zip': '144366762378283676416408880080596632129', 'latitude': -31.1819, 'longitude': 21.3318, 'email': 'eva.ramos@example.com'}
[2025-11-28T19:30:16.212+0000] {logging_mixin.py:188} INFO - Delivered to names_topic [0] @ offset 4
[2025-11-28T19:30:26.543+0000] {kafka_streaming_service.py:237} INFO - Iteration 7/12 – sending payload {'name': 'Mr. Pedro Moreira', 'gender': 'male', 'address': '5345, Rua São José ', 'city': 'Pouso Alegre', 'nation': 'Brazil', 'zip': '101439631339115825710499803324932560199', 'latitude': -75.4577, 'longitude': -23.122, 'email': 'pedro.moreira@example.com'}
[2025-11-28T19:30:26.551+0000] {kafka_streaming_service.py:210} INFO - Producing record to topic=names_topic payload={'name': 'Mr. Pedro Moreira', 'gender': 'male', 'address': '5345, Rua São José ', 'city': 'Pouso Alegre', 'nation': 'Brazil', 'zip': '101439631339115825710499803324932560199', 'latitude': -75.4577, 'longitude': -23.122, 'email': 'pedro.moreira@example.com'}
[2025-11-28T19:30:26.557+0000] {logging_mixin.py:188} INFO - Delivered to names_topic [0] @ offset 5
[2025-11-28T19:30:36.910+0000] {kafka_streaming_service.py:237} INFO - Iteration 8/12 – sending payload {'name': 'Mr. Lester Byrd', 'gender': 'male', 'address': '5504, Main Street', 'city': 'Oranmore', 'nation': 'Ireland', 'zip': '308237622790056754210793008897478368781', 'latitude': -1.0445, 'longitude': -174.0766, 'email': 'lester.byrd@example.com'}
[2025-11-28T19:30:36.912+0000] {kafka_streaming_service.py:210} INFO - Producing record to topic=names_topic payload={'name': 'Mr. Lester Byrd', 'gender': 'male', 'address': '5504, Main Street', 'city': 'Oranmore', 'nation': 'Ireland', 'zip': '308237622790056754210793008897478368781', 'latitude': -1.0445, 'longitude': -174.0766, 'email': 'lester.byrd@example.com'}
[2025-11-28T19:30:36.913+0000] {logging_mixin.py:188} INFO - Delivered to names_topic [0] @ offset 6
[2025-11-28T19:30:47.285+0000] {kafka_streaming_service.py:237} INFO - Iteration 9/12 – sending payload {'name': 'Ms. Daniela Caballero', 'gender': 'female', 'address': '7734, Calzada Hidalgo', 'city': 'Maguey', 'nation': 'Mexico', 'zip': '89131265490633100648043386066299578799', 'latitude': 22.1556, 'longitude': 120.6413, 'email': 'daniela.caballero@example.com'}
[2025-11-28T19:30:47.291+0000] {kafka_streaming_service.py:210} INFO - Producing record to topic=names_topic payload={'name': 'Ms. Daniela Caballero', 'gender': 'female', 'address': '7734, Calzada Hidalgo', 'city': 'Maguey', 'nation': 'Mexico', 'zip': '89131265490633100648043386066299578799', 'latitude': 22.1556, 'longitude': 120.6413, 'email': 'daniela.caballero@example.com'}
[2025-11-28T19:30:47.295+0000] {logging_mixin.py:188} INFO - Delivered to names_topic [0] @ offset 7
[2025-11-28T19:30:57.705+0000] {kafka_streaming_service.py:237} INFO - Iteration 10/12 – sending payload {'name': 'Mr. Kuybida Dubovik', 'gender': 'male', 'address': '4405, Provulok Generala Dovatora', 'city': 'Burshtin', 'nation': 'Ukraine', 'zip': '114690331628313005165545069756132693140', 'latitude': 73.4078, 'longitude': -127.4017, 'email': 'kuybida.dubovik@example.com'}
[2025-11-28T19:30:57.709+0000] {kafka_streaming_service.py:210} INFO - Producing record to topic=names_topic payload={'name': 'Mr. Kuybida Dubovik', 'gender': 'male', 'address': '4405, Provulok Generala Dovatora', 'city': 'Burshtin', 'nation': 'Ukraine', 'zip': '114690331628313005165545069756132693140', 'latitude': 73.4078, 'longitude': -127.4017, 'email': 'kuybida.dubovik@example.com'}
[2025-11-28T19:30:57.715+0000] {logging_mixin.py:188} INFO - Delivered to names_topic [0] @ offset 8
[2025-11-28T19:31:08.082+0000] {kafka_streaming_service.py:237} INFO - Iteration 11/12 – sending payload {'name': 'Ms. Christiane Rinde', 'gender': 'female', 'address': '9932, Grøttumsveien', 'city': 'Bergsåsen', 'nation': 'Norway', 'zip': '9610955080602588045320971940720422364', 'latitude': 42.9666, 'longitude': 61.0747, 'email': 'christiane.rinde@example.com'}
[2025-11-28T19:31:08.085+0000] {kafka_streaming_service.py:210} INFO - Producing record to topic=names_topic payload={'name': 'Ms. Christiane Rinde', 'gender': 'female', 'address': '9932, Grøttumsveien', 'city': 'Bergsåsen', 'nation': 'Norway', 'zip': '9610955080602588045320971940720422364', 'latitude': 42.9666, 'longitude': 61.0747, 'email': 'christiane.rinde@example.com'}
[2025-11-28T19:31:08.086+0000] {logging_mixin.py:188} INFO - Delivered to names_topic [0] @ offset 9
[2025-11-28T19:31:18.442+0000] {kafka_streaming_service.py:237} INFO - Iteration 12/12 – sending payload {'name': 'Mr. Zeki Zenker', 'gender': 'male', 'address': '7841, Schillerstraße', 'city': 'Kirchberg (Hunsrück)', 'nation': 'Germany', 'zip': '220147425951057838605570688856251096646', 'latitude': -52.2021, 'longitude': -46.4432, 'email': 'zeki.zenker@example.com'}
[2025-11-28T19:31:18.447+0000] {kafka_streaming_service.py:210} INFO - Producing record to topic=names_topic payload={'name': 'Mr. Zeki Zenker', 'gender': 'male', 'address': '7841, Schillerstraße', 'city': 'Kirchberg (Hunsrück)', 'nation': 'Germany', 'zip': '220147425951057838605570688856251096646', 'latitude': -52.2021, 'longitude': -46.4432, 'email': 'zeki.zenker@example.com'}
[2025-11-28T19:31:18.449+0000] {logging_mixin.py:188} INFO - Delivered to names_topic [0] @ offset 10
[2025-11-28T19:31:28.454+0000] {logging_mixin.py:188} INFO - Delivered to names_topic [0] @ offset 11
[2025-11-28T19:31:28.471+0000] {kafka_streaming_service.py:245} INFO - Kafka producer flushed all pending messages.
[2025-11-28T19:31:28.504+0000] {python.py:237} INFO - Done. Returned value was: None
[2025-11-28T19:31:28.509+0000] {taskinstance.py:441} INFO - ::group::Post task execution logs
[2025-11-28T19:31:28.808+0000] {taskinstance.py:1206} INFO - Marking task as SUCCESS. dag_id=name_stream_dag, task_id=stream_to_kafka_task, run_id=manual__2025-11-28T19:29:00.910965+00:00, execution_date=20251128T192900, start_date=20251128T192922, end_date=20251128T193128
[2025-11-28T19:31:29.100+0000] {local_task_job_runner.py:243} INFO - Task exited with return code 0
[2025-11-28T19:31:29.365+0000] {taskinstance.py:3503} INFO - 1 downstream tasks scheduled from follow-on schedule check
[2025-11-28T19:31:29.487+0000] {local_task_job_runner.py:222} INFO - ::endgroup::
