[2025-11-28T19:48:14.207+0000] {local_task_job_runner.py:120} INFO - ::group::Pre task execution logs
[2025-11-28T19:48:14.463+0000] {taskinstance.py:2076} INFO - Dependencies all met for dep_context=non-requeueable deps ti=<TaskInstance: name_stream_dag.spark_stream_to_s3 manual__2025-11-28T19:45:39.889454+00:00 [queued]>
[2025-11-28T19:48:14.490+0000] {taskinstance.py:2076} INFO - Dependencies all met for dep_context=requeueable deps ti=<TaskInstance: name_stream_dag.spark_stream_to_s3 manual__2025-11-28T19:45:39.889454+00:00 [queued]>
[2025-11-28T19:48:14.491+0000] {taskinstance.py:2306} INFO - Starting attempt 1 of 2
[2025-11-28T19:48:14.555+0000] {taskinstance.py:2330} INFO - Executing <Task(DockerOperator): spark_stream_to_s3> on 2025-11-28 19:45:39.889454+00:00
[2025-11-28T19:48:14.575+0000] {standard_task_runner.py:64} INFO - Started process 198 to run task
[2025-11-28T19:48:14.585+0000] {standard_task_runner.py:90} INFO - Running: ['***', 'tasks', 'run', 'name_stream_dag', 'spark_stream_to_s3', 'manual__2025-11-28T19:45:39.889454+00:00', '--job-id', '260', '--raw', '--subdir', 'DAGS_FOLDER/kafka_stream_dag.py', '--cfg-path', '/tmp/tmpllgg209j']
[2025-11-28T19:48:14.592+0000] {standard_task_runner.py:91} INFO - Job 260: Subtask spark_stream_to_s3
[2025-11-28T19:48:15.022+0000] {task_command.py:426} INFO - Running <TaskInstance: name_stream_dag.spark_stream_to_s3 manual__2025-11-28T19:45:39.889454+00:00 [running]> on host a7e95fe2a808
[2025-11-28T19:48:15.620+0000] {taskinstance.py:2648} INFO - Exporting env vars: AIRFLOW_CTX_DAG_OWNER='***' AIRFLOW_CTX_DAG_ID='name_stream_dag' AIRFLOW_CTX_TASK_ID='spark_stream_to_s3' AIRFLOW_CTX_EXECUTION_DATE='2025-11-28T19:45:39.889454+00:00' AIRFLOW_CTX_TRY_NUMBER='1' AIRFLOW_CTX_DAG_RUN_ID='manual__2025-11-28T19:45:39.889454+00:00'
[2025-11-28T19:48:15.622+0000] {taskinstance.py:430} INFO - ::endgroup::
[2025-11-28T19:48:15.831+0000] {docker.py:367} INFO - Starting docker container from image custom-spark
[2025-11-28T19:48:17.093+0000] {docker.py:438} INFO - [38;5;6mspark [38;5;5m19:48:17.07 [0m[38;5;2mINFO [0m ==>
[2025-11-28T19:48:17.095+0000] {docker.py:438} INFO - [38;5;6mspark [38;5;5m19:48:17.08 [0m[38;5;2mINFO [0m ==> [1mWelcome to the Bitnami spark container[0m
[2025-11-28T19:48:17.099+0000] {docker.py:438} INFO - [38;5;6mspark [38;5;5m19:48:17.09 [0m[38;5;2mINFO [0m ==> Subscribe to project updates by watching [1mhttps://github.com/bitnami/containers[0m
[2025-11-28T19:48:17.104+0000] {docker.py:438} INFO - [38;5;6mspark [38;5;5m19:48:17.10 [0m[38;5;2mINFO [0m ==> Submit issues and feature requests at [1mhttps://github.com/bitnami/containers/issues[0m
[2025-11-28T19:48:17.108+0000] {docker.py:438} INFO - [38;5;6mspark [38;5;5m19:48:17.10 [0m[38;5;2mINFO [0m ==> Upgrade to Tanzu Application Catalog for production environments to access custom-configured and pre-packaged software components. Gain enhanced features, including Software Bill of Materials (SBOM), CVE scan result reports, and VEX documents. To learn more, visit [1mhttps://bitnami.com/enterprise[0m
[2025-11-28T19:48:17.114+0000] {docker.py:438} INFO - [38;5;6mspark [38;5;5m19:48:17.11 [0m[38;5;2mINFO [0m ==>
[2025-11-28T19:48:17.153+0000] {docker.py:438} INFO - 
[2025-11-28T19:48:25.898+0000] {docker.py:438} INFO - 2025-11-28 19:48:25,874:spark_structured_streaming:main:INFO:Spark streaming config: app_name=spark_streaming brokers=kafka:19092 topic=names_topic bucket=namegeneratorbucket output_prefix=names checkpoint_prefix=checkpoints/names region=eu-west-2 endpoint=None path_style=None ssl_enabled=None
[2025-11-28T19:48:26.350+0000] {docker.py:438} INFO - 25/11/28 19:48:26 INFO SparkContext: Running Spark version 3.5.1
[2025-11-28T19:48:26.371+0000] {docker.py:438} INFO - 25/11/28 19:48:26 INFO SparkContext: OS info Linux, 6.6.87.2-microsoft-standard-WSL2, amd64
[2025-11-28T19:48:26.376+0000] {docker.py:438} INFO - 25/11/28 19:48:26 INFO SparkContext: Java version 17.0.12
[2025-11-28T19:48:26.594+0000] {docker.py:438} INFO - 25/11/28 19:48:26 INFO ResourceUtils: ==============================================================
[2025-11-28T19:48:26.601+0000] {docker.py:438} INFO - 25/11/28 19:48:26 INFO ResourceUtils: No custom resources configured for spark.driver.
[2025-11-28T19:48:26.603+0000] {docker.py:438} INFO - 25/11/28 19:48:26 INFO ResourceUtils: ==============================================================
[2025-11-28T19:48:26.627+0000] {docker.py:438} INFO - 25/11/28 19:48:26 INFO SparkContext: Submitted application: spark_streaming
[2025-11-28T19:48:26.814+0000] {docker.py:438} INFO - 25/11/28 19:48:26 INFO ResourceProfile: Default ResourceProfile created, executor resources: Map(memory -> name: memory, amount: 1024, script: , vendor: , offHeap -> name: offHeap, amount: 0, script: , vendor: ), task resources: Map(cpus -> name: cpus, amount: 1.0)
[2025-11-28T19:48:26.864+0000] {docker.py:438} INFO - 25/11/28 19:48:26 INFO ResourceProfile: Limiting resource is cpu
[2025-11-28T19:48:26.894+0000] {docker.py:438} INFO - 25/11/28 19:48:26 INFO ResourceProfileManager: Added ResourceProfile id: 0
[2025-11-28T19:48:27.145+0000] {docker.py:438} INFO - 25/11/28 19:48:27 INFO SecurityManager: Changing view acls to: spark
[2025-11-28T19:48:27.148+0000] {docker.py:438} INFO - 25/11/28 19:48:27 INFO SecurityManager: Changing modify acls to: spark
[2025-11-28T19:48:27.154+0000] {docker.py:438} INFO - 25/11/28 19:48:27 INFO SecurityManager: Changing view acls groups to:
[2025-11-28T19:48:27.169+0000] {docker.py:438} INFO - 25/11/28 19:48:27 INFO SecurityManager: Changing modify acls groups to: 
[2025-11-28T19:48:27.170+0000] {docker.py:438} INFO - 25/11/28 19:48:27 INFO SecurityManager: SecurityManager: authentication disabled; ui acls disabled; users with view permissions: spark; groups with view permissions: EMPTY; users with modify permissions: spark; groups with modify permissions: EMPTY
[2025-11-28T19:48:27.383+0000] {docker.py:438} INFO - 25/11/28 19:48:27 WARN NativeCodeLoader: Unable to load native-hadoop library for your platform... using builtin-java classes where applicable
[2025-11-28T19:48:28.424+0000] {docker.py:438} INFO - 25/11/28 19:48:28 INFO Utils: Successfully started service 'sparkDriver' on port 37263.
[2025-11-28T19:48:28.532+0000] {docker.py:438} INFO - 25/11/28 19:48:28 INFO SparkEnv: Registering MapOutputTracker
[2025-11-28T19:48:28.663+0000] {docker.py:438} INFO - 25/11/28 19:48:28 INFO SparkEnv: Registering BlockManagerMaster
[2025-11-28T19:48:28.825+0000] {docker.py:438} INFO - 25/11/28 19:48:28 INFO BlockManagerMasterEndpoint: Using org.apache.spark.storage.DefaultTopologyMapper for getting topology information
[2025-11-28T19:48:28.834+0000] {docker.py:438} INFO - 25/11/28 19:48:28 INFO BlockManagerMasterEndpoint: BlockManagerMasterEndpoint up
[2025-11-28T19:48:28.844+0000] {docker.py:438} INFO - 25/11/28 19:48:28 INFO SparkEnv: Registering BlockManagerMasterHeartbeat
[2025-11-28T19:48:28.956+0000] {docker.py:438} INFO - 25/11/28 19:48:28 INFO DiskBlockManager: Created local directory at /tmp/blockmgr-9551aaec-ab1a-42e7-ae20-1424a0697a6f
[2025-11-28T19:48:29.054+0000] {docker.py:438} INFO - 25/11/28 19:48:29 INFO MemoryStore: MemoryStore started with capacity 434.4 MiB
[2025-11-28T19:48:29.154+0000] {docker.py:438} INFO - 25/11/28 19:48:29 INFO SparkEnv: Registering OutputCommitCoordinator
[2025-11-28T19:48:30.131+0000] {docker.py:438} INFO - 25/11/28 19:48:30 INFO JettyUtils: Start Jetty 0.0.0.0:4040 for SparkUI
[2025-11-28T19:48:30.508+0000] {docker.py:438} INFO - 25/11/28 19:48:30 INFO Utils: Successfully started service 'SparkUI' on port 4040.
[2025-11-28T19:48:31.408+0000] {docker.py:438} INFO - 25/11/28 19:48:31 INFO StandaloneAppClient$ClientEndpoint: Connecting to master spark://spark-master:7077...
[2025-11-28T19:48:31.731+0000] {docker.py:438} INFO - 25/11/28 19:48:31 INFO TransportClientFactory: Successfully created connection to spark-master/172.18.0.4:7077 after 211 ms (0 ms spent in bootstraps)
[2025-11-28T19:48:32.228+0000] {docker.py:438} INFO - 25/11/28 19:48:32 INFO StandaloneSchedulerBackend: Connected to Spark cluster with app ID app-20251128194832-0002
[2025-11-28T19:48:32.343+0000] {docker.py:438} INFO - 25/11/28 19:48:32 INFO Utils: Successfully started service 'org.apache.spark.network.netty.NettyBlockTransferService' on port 39001.
[2025-11-28T19:48:32.350+0000] {docker.py:438} INFO - 25/11/28 19:48:32 INFO NettyBlockTransferService: Server created on accc2aeac797:39001
[2025-11-28T19:48:32.365+0000] {docker.py:438} INFO - 25/11/28 19:48:32 INFO BlockManager: Using org.apache.spark.storage.RandomBlockReplicationPolicy for block replication policy
[2025-11-28T19:48:32.417+0000] {docker.py:438} INFO - 25/11/28 19:48:32 INFO BlockManagerMaster: Registering BlockManager BlockManagerId(driver, accc2aeac797, 39001, None)
[2025-11-28T19:48:32.531+0000] {docker.py:438} INFO - 25/11/28 19:48:32 INFO BlockManagerMasterEndpoint: Registering block manager accc2aeac797:39001 with 434.4 MiB RAM, BlockManagerId(driver, accc2aeac797, 39001, None)
[2025-11-28T19:48:32.542+0000] {docker.py:438} INFO - 25/11/28 19:48:32 INFO BlockManagerMaster: Registered BlockManager BlockManagerId(driver, accc2aeac797, 39001, None)
[2025-11-28T19:48:32.549+0000] {docker.py:438} INFO - 25/11/28 19:48:32 INFO BlockManager: Initialized BlockManager: BlockManagerId(driver, accc2aeac797, 39001, None)
[2025-11-28T19:48:33.991+0000] {docker.py:438} INFO - 25/11/28 19:48:33 INFO StandaloneSchedulerBackend: SchedulerBackend is ready for scheduling beginning after reached minRegisteredResourcesRatio: 0.0
[2025-11-28T19:48:34.816+0000] {docker.py:438} INFO - 2025-11-28 19:48:34,811:spark_structured_streaming:s3_healthcheck_write:INFO:Running S3 healthcheck write to s3a://namegeneratorbucket/names/_healthcheck
[2025-11-28T19:52:03.819+0000] {local_task_job_runner.py:124} ERROR - Received SIGTERM. Terminating subprocesses
[2025-11-28T19:52:03.868+0000] {process_utils.py:132} INFO - Sending 15 to group 198. PIDs of all processes in the group: [198]
[2025-11-28T19:52:03.871+0000] {process_utils.py:87} INFO - Sending the signal 15 to group 198
[2025-11-28T19:52:03.896+0000] {taskinstance.py:2611} ERROR - Received SIGTERM. Terminating subprocesses.
[2025-11-28T19:52:03.913+0000] {docker.py:533} INFO - Stopping docker container
