[2025-11-28T20:02:31.657+0000] {local_task_job_runner.py:120} INFO - ::group::Pre task execution logs
[2025-11-28T20:02:32.098+0000] {taskinstance.py:2076} INFO - Dependencies all met for dep_context=non-requeueable deps ti=<TaskInstance: name_stream_dag.spark_stream_to_s3 manual__2025-11-28T19:45:39.889454+00:00 [queued]>
[2025-11-28T20:02:32.132+0000] {taskinstance.py:2076} INFO - Dependencies all met for dep_context=requeueable deps ti=<TaskInstance: name_stream_dag.spark_stream_to_s3 manual__2025-11-28T19:45:39.889454+00:00 [queued]>
[2025-11-28T20:02:32.138+0000] {taskinstance.py:2306} INFO - Starting attempt 2 of 2
[2025-11-28T20:02:32.410+0000] {taskinstance.py:2330} INFO - Executing <Task(DockerOperator): spark_stream_to_s3> on 2025-11-28 19:45:39.889454+00:00
[2025-11-28T20:02:32.474+0000] {standard_task_runner.py:64} INFO - Started process 80 to run task
[2025-11-28T20:02:32.476+0000] {standard_task_runner.py:90} INFO - Running: ['***', 'tasks', 'run', 'name_stream_dag', 'spark_stream_to_s3', 'manual__2025-11-28T19:45:39.889454+00:00', '--job-id', '262', '--raw', '--subdir', 'DAGS_FOLDER/kafka_stream_dag.py', '--cfg-path', '/tmp/tmpi3ftqb8k']
[2025-11-28T20:02:32.491+0000] {standard_task_runner.py:91} INFO - Job 262: Subtask spark_stream_to_s3
[2025-11-28T20:02:33.013+0000] {task_command.py:426} INFO - Running <TaskInstance: name_stream_dag.spark_stream_to_s3 manual__2025-11-28T19:45:39.889454+00:00 [running]> on host 78a1caa176c5
[2025-11-28T20:02:34.110+0000] {taskinstance.py:2648} INFO - Exporting env vars: AIRFLOW_CTX_DAG_OWNER='***' AIRFLOW_CTX_DAG_ID='name_stream_dag' AIRFLOW_CTX_TASK_ID='spark_stream_to_s3' AIRFLOW_CTX_EXECUTION_DATE='2025-11-28T19:45:39.889454+00:00' AIRFLOW_CTX_TRY_NUMBER='2' AIRFLOW_CTX_DAG_RUN_ID='manual__2025-11-28T19:45:39.889454+00:00'
[2025-11-28T20:02:34.112+0000] {taskinstance.py:430} INFO - ::endgroup::
[2025-11-28T20:02:34.405+0000] {docker.py:367} INFO - Starting docker container from image custom-spark
[2025-11-28T20:02:36.413+0000] {docker.py:438} INFO - [38;5;6mspark [38;5;5m20:02:36.36 [0m[38;5;2mINFO [0m ==>
[2025-11-28T20:02:36.415+0000] {docker.py:438} INFO - [38;5;6mspark [38;5;5m20:02:36.37 [0m[38;5;2mINFO [0m ==> [1mWelcome to the Bitnami spark container[0m
[2025-11-28T20:02:36.416+0000] {docker.py:438} INFO - [38;5;6mspark [38;5;5m20:02:36.38 [0m[38;5;2mINFO [0m ==> Subscribe to project updates by watching [1mhttps://github.com/bitnami/containers[0m
[2025-11-28T20:02:36.420+0000] {docker.py:438} INFO - [38;5;6mspark [38;5;5m20:02:36.39 [0m[38;5;2mINFO [0m ==> Submit issues and feature requests at [1mhttps://github.com/bitnami/containers/issues[0m
[2025-11-28T20:02:36.421+0000] {docker.py:438} INFO - [38;5;6mspark [38;5;5m20:02:36.40 [0m[38;5;2mINFO [0m ==> Upgrade to Tanzu Application Catalog for production environments to access custom-configured and pre-packaged software components. Gain enhanced features, including Software Bill of Materials (SBOM), CVE scan result reports, and VEX documents. To learn more, visit [1mhttps://bitnami.com/enterprise[0m
[2025-11-28T20:02:36.422+0000] {docker.py:438} INFO - [38;5;6mspark [38;5;5m20:02:36.41 [0m[38;5;2mINFO [0m ==>
[2025-11-28T20:02:36.456+0000] {docker.py:438} INFO - 
[2025-11-28T20:02:49.797+0000] {docker.py:438} INFO - 2025-11-28 20:02:49,777:spark_structured_streaming:main:INFO:Spark streaming config: app_name=spark_streaming brokers=kafka:19092 topic=names_topic bucket=namegeneratorbucket output_prefix=names checkpoint_prefix=checkpoints/names region=eu-west-2 endpoint=None path_style=None ssl_enabled=None
[2025-11-28T20:02:50.205+0000] {docker.py:438} INFO - 25/11/28 20:02:50 INFO SparkContext: Running Spark version 3.5.1
[2025-11-28T20:02:50.212+0000] {docker.py:438} INFO - 25/11/28 20:02:50 INFO SparkContext: OS info Linux, 6.6.87.2-microsoft-standard-WSL2, amd64
[2025-11-28T20:02:50.231+0000] {docker.py:438} INFO - 25/11/28 20:02:50 INFO SparkContext: Java version 17.0.12
[2025-11-28T20:02:50.333+0000] {docker.py:438} INFO - 25/11/28 20:02:50 INFO ResourceUtils: ==============================================================
[2025-11-28T20:02:50.344+0000] {docker.py:438} INFO - 25/11/28 20:02:50 INFO ResourceUtils: No custom resources configured for spark.driver.
[2025-11-28T20:02:50.352+0000] {docker.py:438} INFO - 25/11/28 20:02:50 INFO ResourceUtils: ==============================================================
[2025-11-28T20:02:50.355+0000] {docker.py:438} INFO - 25/11/28 20:02:50 INFO SparkContext: Submitted application: spark_streaming
[2025-11-28T20:02:50.460+0000] {docker.py:438} INFO - 25/11/28 20:02:50 INFO ResourceProfile: Default ResourceProfile created, executor resources: Map(memory -> name: memory, amount: 1024, script: , vendor: , offHeap -> name: offHeap, amount: 0, script: , vendor: ), task resources: Map(cpus -> name: cpus, amount: 1.0)
[2025-11-28T20:02:50.516+0000] {docker.py:438} INFO - 25/11/28 20:02:50 INFO ResourceProfile: Limiting resource is cpu
[2025-11-28T20:02:50.549+0000] {docker.py:438} INFO - 25/11/28 20:02:50 INFO ResourceProfileManager: Added ResourceProfile id: 0
[2025-11-28T20:02:50.826+0000] {docker.py:438} INFO - 25/11/28 20:02:50 INFO SecurityManager: Changing view acls to: spark
[2025-11-28T20:02:50.832+0000] {docker.py:438} INFO - 25/11/28 20:02:50 INFO SecurityManager: Changing modify acls to: spark
[2025-11-28T20:02:50.839+0000] {docker.py:438} INFO - 25/11/28 20:02:50 INFO SecurityManager: Changing view acls groups to:
[2025-11-28T20:02:50.841+0000] {docker.py:438} INFO - 25/11/28 20:02:50 INFO SecurityManager: Changing modify acls groups to: 
[2025-11-28T20:02:50.842+0000] {docker.py:438} INFO - 25/11/28 20:02:50 INFO SecurityManager: SecurityManager: authentication disabled; ui acls disabled; users with view permissions: spark; groups with view permissions: EMPTY; users with modify permissions: spark; groups with modify permissions: EMPTY
[2025-11-28T20:02:51.109+0000] {docker.py:438} INFO - 25/11/28 20:02:51 WARN NativeCodeLoader: Unable to load native-hadoop library for your platform... using builtin-java classes where applicable
[2025-11-28T20:02:52.244+0000] {docker.py:438} INFO - 25/11/28 20:02:52 INFO Utils: Successfully started service 'sparkDriver' on port 38565.
[2025-11-28T20:02:52.365+0000] {docker.py:438} INFO - 25/11/28 20:02:52 INFO SparkEnv: Registering MapOutputTracker
[2025-11-28T20:02:52.554+0000] {docker.py:438} INFO - 25/11/28 20:02:52 INFO SparkEnv: Registering BlockManagerMaster
[2025-11-28T20:02:52.702+0000] {docker.py:438} INFO - 25/11/28 20:02:52 INFO BlockManagerMasterEndpoint: Using org.apache.spark.storage.DefaultTopologyMapper for getting topology information
[2025-11-28T20:02:52.707+0000] {docker.py:438} INFO - 25/11/28 20:02:52 INFO BlockManagerMasterEndpoint: BlockManagerMasterEndpoint up
[2025-11-28T20:02:52.731+0000] {docker.py:438} INFO - 25/11/28 20:02:52 INFO SparkEnv: Registering BlockManagerMasterHeartbeat
[2025-11-28T20:02:52.889+0000] {docker.py:438} INFO - 25/11/28 20:02:52 INFO DiskBlockManager: Created local directory at /tmp/blockmgr-097ec02f-3c7f-4fdb-af50-868c23fab757
[2025-11-28T20:02:53.032+0000] {docker.py:438} INFO - 25/11/28 20:02:53 INFO MemoryStore: MemoryStore started with capacity 434.4 MiB
[2025-11-28T20:02:53.173+0000] {docker.py:438} INFO - 25/11/28 20:02:53 INFO SparkEnv: Registering OutputCommitCoordinator
[2025-11-28T20:02:53.901+0000] {docker.py:438} INFO - 25/11/28 20:02:53 INFO JettyUtils: Start Jetty 0.0.0.0:4040 for SparkUI
[2025-11-28T20:02:54.112+0000] {docker.py:438} INFO - 25/11/28 20:02:54 INFO Utils: Successfully started service 'SparkUI' on port 4040.
[2025-11-28T20:02:54.712+0000] {docker.py:438} INFO - 25/11/28 20:02:54 INFO StandaloneAppClient$ClientEndpoint: Connecting to master spark://spark-master:7077...
[2025-11-28T20:02:54.980+0000] {docker.py:438} INFO - 25/11/28 20:02:54 INFO TransportClientFactory: Successfully created connection to spark-master/172.18.0.3:7077 after 161 ms (0 ms spent in bootstraps)
[2025-11-28T20:02:55.728+0000] {docker.py:438} INFO - 25/11/28 20:02:55 INFO StandaloneSchedulerBackend: Connected to Spark cluster with app ID app-20251128200255-0002
[2025-11-28T20:02:55.767+0000] {docker.py:438} INFO - 25/11/28 20:02:55 INFO Utils: Successfully started service 'org.apache.spark.network.netty.NettyBlockTransferService' on port 43525.
[2025-11-28T20:02:55.768+0000] {docker.py:438} INFO - 25/11/28 20:02:55 INFO NettyBlockTransferService: Server created on 86a6b01cdfd4:43525
[2025-11-28T20:02:55.777+0000] {docker.py:438} INFO - 25/11/28 20:02:55 INFO BlockManager: Using org.apache.spark.storage.RandomBlockReplicationPolicy for block replication policy
[2025-11-28T20:02:55.859+0000] {docker.py:438} INFO - 25/11/28 20:02:55 INFO BlockManagerMaster: Registering BlockManager BlockManagerId(driver, 86a6b01cdfd4, 43525, None)
[2025-11-28T20:02:55.916+0000] {docker.py:438} INFO - 25/11/28 20:02:55 INFO BlockManagerMasterEndpoint: Registering block manager 86a6b01cdfd4:43525 with 434.4 MiB RAM, BlockManagerId(driver, 86a6b01cdfd4, 43525, None)
[2025-11-28T20:02:55.933+0000] {docker.py:438} INFO - 25/11/28 20:02:55 INFO BlockManagerMaster: Registered BlockManager BlockManagerId(driver, 86a6b01cdfd4, 43525, None)
[2025-11-28T20:02:55.950+0000] {docker.py:438} INFO - 25/11/28 20:02:55 INFO BlockManager: Initialized BlockManager: BlockManagerId(driver, 86a6b01cdfd4, 43525, None)
[2025-11-28T20:02:57.049+0000] {docker.py:438} INFO - 25/11/28 20:02:57 INFO StandaloneSchedulerBackend: SchedulerBackend is ready for scheduling beginning after reached minRegisteredResourcesRatio: 0.0
[2025-11-28T20:02:58.334+0000] {docker.py:438} INFO - 2025-11-28 20:02:58,331:spark_structured_streaming:s3_healthcheck_write:INFO:Running S3 healthcheck write to s3a://namegeneratorbucket/names/_healthcheck/2025-11-28T20-02-58Z
[2025-11-28T20:04:29.978+0000] {local_task_job_runner.py:313} WARNING - State of this instance has been externally set to None. Terminating instance.
[2025-11-28T20:04:29.980+0000] {local_task_job_runner.py:222} INFO - ::endgroup::
[2025-11-28T20:04:30.001+0000] {process_utils.py:132} INFO - Sending 15 to group 80. PIDs of all processes in the group: [80]
[2025-11-28T20:04:30.012+0000] {process_utils.py:87} INFO - Sending the signal 15 to group 80
[2025-11-28T20:04:30.020+0000] {taskinstance.py:2611} ERROR - Received SIGTERM. Terminating subprocesses.
[2025-11-28T20:04:30.033+0000] {docker.py:533} INFO - Stopping docker container
[2025-11-28T20:04:32.199+0000] {taskinstance.py:441} INFO - ::group::Post task execution logs
[2025-11-28T20:04:32.381+0000] {taskinstance.py:2905} ERROR - Task failed with exception
Traceback (most recent call last):
  File "/home/airflow/.local/lib/python3.11/site-packages/airflow/models/taskinstance.py", line 465, in _execute_task
    result = _execute_callable(context=context, **execute_callable_kwargs)
             ^^^^^^^^^^^^^^^^^^^^^^^^^^^^^^^^^^^^^^^^^^^^^^^^^^^^^^^^^^^^^
  File "/home/airflow/.local/lib/python3.11/site-packages/airflow/models/taskinstance.py", line 432, in _execute_callable
    return execute_callable(context=context, **execute_callable_kwargs)
           ^^^^^^^^^^^^^^^^^^^^^^^^^^^^^^^^^^^^^^^^^^^^^^^^^^^^^^^^^^^^
  File "/home/airflow/.local/lib/python3.11/site-packages/airflow/models/baseoperator.py", line 401, in wrapper
    return func(self, *args, **kwargs)
           ^^^^^^^^^^^^^^^^^^^^^^^^^^^
  File "/home/airflow/.local/lib/python3.11/site-packages/airflow/providers/docker/operators/docker.py", line 513, in execute
    return self._run_image()
           ^^^^^^^^^^^^^^^^^
  File "/home/airflow/.local/lib/python3.11/site-packages/airflow/providers/docker/operators/docker.py", line 384, in _run_image
    return self._run_image_with_mounts(self.mounts, add_tmp_variable=False)
           ^^^^^^^^^^^^^^^^^^^^^^^^^^^^^^^^^^^^^^^^^^^^^^^^^^^^^^^^^^^^^^^^
  File "/home/airflow/.local/lib/python3.11/site-packages/airflow/providers/docker/operators/docker.py", line 434, in _run_image_with_mounts
    for log_chunk in logstream:
  File "/home/airflow/.local/lib/python3.11/site-packages/docker/types/daemon.py", line 29, in __next__
    return next(self._stream)
           ^^^^^^^^^^^^^^^^^^
  File "/home/airflow/.local/lib/python3.11/site-packages/docker/api/client.py", line 438, in <genexpr>
    gen = (data for (_, data) in gen)
          ^^^^^^^^^^^^^^^^^^^^^^^^^^^
  File "/home/airflow/.local/lib/python3.11/site-packages/docker/utils/socket.py", line 112, in frames_iter_no_tty
    (stream, n) = next_frame_header(socket)
                  ^^^^^^^^^^^^^^^^^^^^^^^^^
  File "/home/airflow/.local/lib/python3.11/site-packages/docker/utils/socket.py", line 84, in next_frame_header
    data = read_exactly(socket, 8)
           ^^^^^^^^^^^^^^^^^^^^^^^
  File "/home/airflow/.local/lib/python3.11/site-packages/docker/utils/socket.py", line 69, in read_exactly
    next_data = read(socket, n - len(data))
                ^^^^^^^^^^^^^^^^^^^^^^^^^^^
  File "/home/airflow/.local/lib/python3.11/site-packages/docker/utils/socket.py", line 40, in read
    poll.poll()
  File "/home/airflow/.local/lib/python3.11/site-packages/airflow/models/taskinstance.py", line 2613, in signal_handler
    raise AirflowTaskTerminated("Task received SIGTERM signal")
airflow.exceptions.AirflowTaskTerminated: Task received SIGTERM signal
[2025-11-28T20:04:32.457+0000] {taskinstance.py:1206} INFO - Marking task as FAILED. dag_id=name_stream_dag, task_id=spark_stream_to_s3, run_id=manual__2025-11-28T19:45:39.889454+00:00, execution_date=20251128T194539, start_date=20251128T200232, end_date=20251128T200432
[2025-11-28T20:04:32.697+0000] {standard_task_runner.py:110} ERROR - Failed to execute job 262 for task spark_stream_to_s3 ((psycopg2.errors.ForeignKeyViolation) insert or update on table "task_fail" violates foreign key constraint "task_fail_ti_fkey"
DETAIL:  Key (dag_id, task_id, run_id, map_index)=(name_stream_dag, spark_stream_to_s3, manual__2025-11-28T19:45:39.889454+00:00, -1) is not present in table "task_instance".

[SQL: INSERT INTO task_fail (task_id, dag_id, run_id, map_index, start_date, end_date, duration) VALUES (%(task_id)s, %(dag_id)s, %(run_id)s, %(map_index)s, %(start_date)s, %(end_date)s, %(duration)s) RETURNING task_fail.id]
[parameters: {'task_id': 'spark_stream_to_s3', 'dag_id': 'name_stream_dag', 'run_id': 'manual__2025-11-28T19:45:39.889454+00:00', 'map_index': -1, 'start_date': datetime.datetime(2025, 11, 28, 20, 2, 32, 104702, tzinfo=Timezone('UTC')), 'end_date': datetime.datetime(2025, 11, 28, 20, 4, 32, 455363, tzinfo=Timezone('UTC')), 'duration': 120}]
(Background on this error at: https://sqlalche.me/e/14/gkpj); 80)
[2025-11-28T20:04:32.768+0000] {process_utils.py:80} INFO - Process psutil.Process(pid=80, status='terminated', exitcode=1, started='20:02:32') (80) terminated with exit code 1
