[2025-10-08T01:29:29.325+0100] {local_task_job_runner.py:120} INFO - ::group::Pre task execution logs
[2025-10-08T01:29:29.685+0100] {taskinstance.py:2076} INFO - Dependencies all met for dep_context=non-requeueable deps ti=<TaskInstance: name_stream_dag.stream_to_kafka_task scheduled__2025-10-07T22:05:00+00:00 [queued]>
[2025-10-08T01:29:29.738+0100] {taskinstance.py:2076} INFO - Dependencies all met for dep_context=requeueable deps ti=<TaskInstance: name_stream_dag.stream_to_kafka_task scheduled__2025-10-07T22:05:00+00:00 [queued]>
[2025-10-08T01:29:29.740+0100] {taskinstance.py:2306} INFO - Starting attempt 2 of 2
[2025-10-08T01:29:29.868+0100] {taskinstance.py:2330} INFO - Executing <Task(PythonOperator): stream_to_kafka_task> on 2025-10-07 22:05:00+00:00
[2025-10-08T01:29:29.903+0100] {standard_task_runner.py:64} INFO - Started process 87 to run task
[2025-10-08T01:29:29.923+0100] {standard_task_runner.py:90} INFO - Running: ['***', 'tasks', 'run', 'name_stream_dag', 'stream_to_kafka_task', 'scheduled__2025-10-07T22:05:00+00:00', '--job-id', '17', '--raw', '--subdir', 'DAGS_FOLDER/kafka_stream_dag.py', '--cfg-path', '/tmp/tmpllng7r7p']
[2025-10-08T01:29:29.935+0100] {standard_task_runner.py:91} INFO - Job 17: Subtask stream_to_kafka_task
[2025-10-08T01:29:31.970+0100] {task_command.py:426} INFO - Running <TaskInstance: name_stream_dag.stream_to_kafka_task scheduled__2025-10-07T22:05:00+00:00 [running]> on host e4a426d4e63c
[2025-10-08T01:29:33.754+0100] {taskinstance.py:2648} INFO - Exporting env vars: AIRFLOW_CTX_DAG_OWNER='***' AIRFLOW_CTX_DAG_ID='name_stream_dag' AIRFLOW_CTX_TASK_ID='stream_to_kafka_task' AIRFLOW_CTX_EXECUTION_DATE='2025-10-07T22:05:00+00:00' AIRFLOW_CTX_TRY_NUMBER='2' AIRFLOW_CTX_DAG_RUN_ID='scheduled__2025-10-07T22:05:00+00:00'
[2025-10-08T01:29:33.756+0100] {taskinstance.py:430} INFO - ::endgroup::
[2025-10-08T01:29:53.389+0100] {logging_mixin.py:188} INFO - Delivered to names_topic [0] @ offset 21
[2025-10-08T01:30:18.777+0100] {logging_mixin.py:188} INFO - Delivered to names_topic [0] @ offset 22
[2025-10-08T01:30:59.207+0100] {logging_mixin.py:188} INFO - Delivered to names_topic [0] @ offset 23
[2025-10-08T01:31:15.874+0100] {logging_mixin.py:188} INFO - Delivered to names_topic [0] @ offset 24
[2025-10-08T01:31:33.424+0100] {logging_mixin.py:188} INFO - Delivered to names_topic [0] @ offset 25
[2025-10-08T01:31:44.026+0100] {logging_mixin.py:188} INFO - Delivered to names_topic [0] @ offset 26
[2025-10-08T01:31:57.816+0100] {logging_mixin.py:188} INFO - Delivered to names_topic [0] @ offset 27
[2025-10-08T01:32:08.584+0100] {logging_mixin.py:188} INFO - Delivered to names_topic [0] @ offset 28
[2025-10-08T01:32:19.107+0100] {logging_mixin.py:188} INFO - Delivered to names_topic [0] @ offset 29
[2025-10-08T01:32:29.177+0100] {logging_mixin.py:188} INFO - Delivered to names_topic [0] @ offset 30
[2025-10-08T01:32:39.687+0100] {logging_mixin.py:188} INFO - Delivered to names_topic [0] @ offset 31
[2025-10-08T01:32:49.697+0100] {logging_mixin.py:188} INFO - Delivered to names_topic [0] @ offset 32
[2025-10-08T01:32:49.700+0100] {python.py:237} INFO - Done. Returned value was: None
[2025-10-08T01:32:49.712+0100] {taskinstance.py:441} INFO - ::group::Post task execution logs
[2025-10-08T01:32:50.014+0100] {taskinstance.py:1206} INFO - Marking task as SUCCESS. dag_id=name_stream_dag, task_id=stream_to_kafka_task, run_id=scheduled__2025-10-07T22:05:00+00:00, execution_date=20251007T220500, start_date=20251008T002929, end_date=20251008T003250
[2025-10-08T01:32:50.381+0100] {local_task_job_runner.py:243} INFO - Task exited with return code 0
[2025-10-08T01:32:50.658+0100] {local_task_job_runner.py:222} INFO - ::endgroup::
