[2025-10-08T02:34:03.226+0100] {local_task_job_runner.py:120} INFO - ::group::Pre task execution logs
[2025-10-08T02:34:03.717+0100] {taskinstance.py:2076} INFO - Dependencies all met for dep_context=non-requeueable deps ti=<TaskInstance: name_stream_dag.stream_to_kafka_task scheduled__2025-10-08T01:25:00+00:00 [queued]>
[2025-10-08T02:34:03.764+0100] {taskinstance.py:2076} INFO - Dependencies all met for dep_context=requeueable deps ti=<TaskInstance: name_stream_dag.stream_to_kafka_task scheduled__2025-10-08T01:25:00+00:00 [queued]>
[2025-10-08T02:34:03.767+0100] {taskinstance.py:2306} INFO - Starting attempt 1 of 2
[2025-10-08T02:34:04.046+0100] {taskinstance.py:2330} INFO - Executing <Task(PythonOperator): stream_to_kafka_task> on 2025-10-08 01:25:00+00:00
[2025-10-08T02:34:04.066+0100] {standard_task_runner.py:64} INFO - Started process 142 to run task
[2025-10-08T02:34:04.097+0100] {standard_task_runner.py:90} INFO - Running: ['***', 'tasks', 'run', 'name_stream_dag', 'stream_to_kafka_task', 'scheduled__2025-10-08T01:25:00+00:00', '--job-id', '34', '--raw', '--subdir', 'DAGS_FOLDER/kafka_stream_dag.py', '--cfg-path', '/tmp/tmpbdp180x1']
[2025-10-08T02:34:04.113+0100] {standard_task_runner.py:91} INFO - Job 34: Subtask stream_to_kafka_task
[2025-10-08T02:34:05.007+0100] {task_command.py:426} INFO - Running <TaskInstance: name_stream_dag.stream_to_kafka_task scheduled__2025-10-08T01:25:00+00:00 [running]> on host a05d80976dcc
[2025-10-08T02:34:09.691+0100] {taskinstance.py:2648} INFO - Exporting env vars: AIRFLOW_CTX_DAG_OWNER='***' AIRFLOW_CTX_DAG_ID='name_stream_dag' AIRFLOW_CTX_TASK_ID='stream_to_kafka_task' AIRFLOW_CTX_EXECUTION_DATE='2025-10-08T01:25:00+00:00' AIRFLOW_CTX_TRY_NUMBER='1' AIRFLOW_CTX_DAG_RUN_ID='scheduled__2025-10-08T01:25:00+00:00'
[2025-10-08T02:34:09.700+0100] {taskinstance.py:430} INFO - ::endgroup::
[2025-10-08T02:34:21.458+0100] {logging_mixin.py:188} INFO - Delivered to names_topic [0] @ offset 12
[2025-10-08T02:34:31.975+0100] {logging_mixin.py:188} INFO - Delivered to names_topic [0] @ offset 13
[2025-10-08T02:34:42.439+0100] {logging_mixin.py:188} INFO - Delivered to names_topic [0] @ offset 14
[2025-10-08T02:34:52.937+0100] {logging_mixin.py:188} INFO - Delivered to names_topic [0] @ offset 15
[2025-10-08T02:35:03.604+0100] {logging_mixin.py:188} INFO - Delivered to names_topic [0] @ offset 16
[2025-10-08T02:35:14.659+0100] {logging_mixin.py:188} INFO - Delivered to names_topic [0] @ offset 17
[2025-10-08T02:35:25.142+0100] {logging_mixin.py:188} INFO - Delivered to names_topic [0] @ offset 18
[2025-10-08T02:35:35.763+0100] {logging_mixin.py:188} INFO - Delivered to names_topic [0] @ offset 19
[2025-10-08T02:35:46.321+0100] {logging_mixin.py:188} INFO - Delivered to names_topic [0] @ offset 20
[2025-10-08T02:35:56.755+0100] {logging_mixin.py:188} INFO - Delivered to names_topic [0] @ offset 21
[2025-10-08T02:36:07.259+0100] {logging_mixin.py:188} INFO - Delivered to names_topic [0] @ offset 22
[2025-10-08T02:36:17.273+0100] {logging_mixin.py:188} INFO - Delivered to names_topic [0] @ offset 23
[2025-10-08T02:36:17.288+0100] {python.py:237} INFO - Done. Returned value was: None
[2025-10-08T02:36:17.313+0100] {taskinstance.py:441} INFO - ::group::Post task execution logs
[2025-10-08T02:36:17.722+0100] {taskinstance.py:1206} INFO - Marking task as SUCCESS. dag_id=name_stream_dag, task_id=stream_to_kafka_task, run_id=scheduled__2025-10-08T01:25:00+00:00, execution_date=20251008T012500, start_date=20251008T013403, end_date=20251008T013617
[2025-10-08T02:36:17.918+0100] {local_task_job_runner.py:243} INFO - Task exited with return code 0
[2025-10-08T02:36:18.437+0100] {taskinstance.py:3503} INFO - 0 downstream tasks scheduled from follow-on schedule check
[2025-10-08T02:36:18.487+0100] {local_task_job_runner.py:222} INFO - ::endgroup::
