[2025-11-28T20:37:03.450+0000] {local_task_job_runner.py:120} INFO - ::group::Pre task execution logs
[2025-11-28T20:37:03.641+0000] {taskinstance.py:2076} INFO - Dependencies all met for dep_context=non-requeueable deps ti=<TaskInstance: name_stream_dag.stream_to_kafka_task manual__2025-11-28T20:23:42.152278+00:00 [queued]>
[2025-11-28T20:37:03.670+0000] {taskinstance.py:2076} INFO - Dependencies all met for dep_context=requeueable deps ti=<TaskInstance: name_stream_dag.stream_to_kafka_task manual__2025-11-28T20:23:42.152278+00:00 [queued]>
[2025-11-28T20:37:03.671+0000] {taskinstance.py:2306} INFO - Starting attempt 1 of 2
[2025-11-28T20:37:03.806+0000] {taskinstance.py:2330} INFO - Executing <Task(PythonOperator): stream_to_kafka_task> on 2025-11-28 20:23:42.152278+00:00
[2025-11-28T20:37:03.816+0000] {standard_task_runner.py:64} INFO - Started process 122 to run task
[2025-11-28T20:37:03.825+0000] {standard_task_runner.py:90} INFO - Running: ['***', 'tasks', 'run', 'name_stream_dag', 'stream_to_kafka_task', 'manual__2025-11-28T20:23:42.152278+00:00', '--job-id', '277', '--raw', '--subdir', 'DAGS_FOLDER/kafka_stream_dag.py', '--cfg-path', '/tmp/tmpea60dk28']
[2025-11-28T20:37:03.833+0000] {standard_task_runner.py:91} INFO - Job 277: Subtask stream_to_kafka_task
[2025-11-28T20:37:04.403+0000] {task_command.py:426} INFO - Running <TaskInstance: name_stream_dag.stream_to_kafka_task manual__2025-11-28T20:23:42.152278+00:00 [running]> on host 24004975b9d1
[2025-11-28T20:37:05.206+0000] {taskinstance.py:2648} INFO - Exporting env vars: AIRFLOW_CTX_DAG_OWNER='***' AIRFLOW_CTX_DAG_ID='name_stream_dag' AIRFLOW_CTX_TASK_ID='stream_to_kafka_task' AIRFLOW_CTX_EXECUTION_DATE='2025-11-28T20:23:42.152278+00:00' AIRFLOW_CTX_TRY_NUMBER='1' AIRFLOW_CTX_DAG_RUN_ID='manual__2025-11-28T20:23:42.152278+00:00'
[2025-11-28T20:37:05.211+0000] {taskinstance.py:430} INFO - ::endgroup::
[2025-11-28T20:37:05.249+0000] {kafka_streaming_service.py:222} INFO - Starting Kafka stream: bootstrap=kafka:19092 topic=names_topic interval=10 duration=120
[2025-11-28T20:37:05.674+0000] {kafka_streaming_service.py:237} INFO - Iteration 1/12 – sending payload {'name': 'Miss. Anupama Mugeraya', 'gender': 'female', 'address': '2168, Bhootnath Rd', 'city': 'Gudivada', 'nation': 'India', 'zip': '254715395247705573002456202015257099095', 'latitude': 10.1485, 'longitude': 114.3225, 'email': 'anupama.mugeraya@example.com'}
[2025-11-28T20:37:05.676+0000] {kafka_streaming_service.py:210} INFO - Producing record to topic=names_topic payload={'name': 'Miss. Anupama Mugeraya', 'gender': 'female', 'address': '2168, Bhootnath Rd', 'city': 'Gudivada', 'nation': 'India', 'zip': '254715395247705573002456202015257099095', 'latitude': 10.1485, 'longitude': 114.3225, 'email': 'anupama.mugeraya@example.com'}
[2025-11-28T20:37:15.846+0000] {kafka_streaming_service.py:237} INFO - Iteration 2/12 – sending payload {'name': 'Ms. Fatma Nebioğlu', 'gender': 'female', 'address': '3941, Talak Göktepe Cd', 'city': 'Şanlıurfa', 'nation': 'Turkey', 'zip': '199310198247693351445376808262722017454', 'latitude': 72.0865, 'longitude': 72.4768, 'email': 'fatma.nebioglu@example.com'}
[2025-11-28T20:37:15.849+0000] {kafka_streaming_service.py:210} INFO - Producing record to topic=names_topic payload={'name': 'Ms. Fatma Nebioğlu', 'gender': 'female', 'address': '3941, Talak Göktepe Cd', 'city': 'Şanlıurfa', 'nation': 'Turkey', 'zip': '199310198247693351445376808262722017454', 'latitude': 72.0865, 'longitude': 72.4768, 'email': 'fatma.nebioglu@example.com'}
[2025-11-28T20:37:15.850+0000] {logging_mixin.py:188} INFO - Delivered to names_topic [0] @ offset 0
[2025-11-28T20:37:26.208+0000] {kafka_streaming_service.py:237} INFO - Iteration 3/12 – sending payload {'name': 'Mrs. Olivia Wuollet', 'gender': 'female', 'address': '2745, Siilitie', 'city': 'Iisalmi', 'nation': 'Finland', 'zip': '217557368960638329754498970366639258481', 'latitude': -28.0465, 'longitude': 42.3829, 'email': 'olivia.wuollet@example.com'}
[2025-11-28T20:37:26.222+0000] {kafka_streaming_service.py:210} INFO - Producing record to topic=names_topic payload={'name': 'Mrs. Olivia Wuollet', 'gender': 'female', 'address': '2745, Siilitie', 'city': 'Iisalmi', 'nation': 'Finland', 'zip': '217557368960638329754498970366639258481', 'latitude': -28.0465, 'longitude': 42.3829, 'email': 'olivia.wuollet@example.com'}
[2025-11-28T20:37:26.265+0000] {logging_mixin.py:188} INFO - Delivered to names_topic [0] @ offset 1
[2025-11-28T20:37:36.541+0000] {kafka_streaming_service.py:237} INFO - Iteration 4/12 – sending payload {'name': 'Miss. Anny Høgberg', 'gender': 'female', 'address': '4024, Skøyenbakken', 'city': 'Lia', 'nation': 'Norway', 'zip': '23577322682886602036655921880562234602', 'latitude': 43.5185, 'longitude': 79.8568, 'email': 'anny.hogberg@example.com'}
[2025-11-28T20:37:36.544+0000] {kafka_streaming_service.py:210} INFO - Producing record to topic=names_topic payload={'name': 'Miss. Anny Høgberg', 'gender': 'female', 'address': '4024, Skøyenbakken', 'city': 'Lia', 'nation': 'Norway', 'zip': '23577322682886602036655921880562234602', 'latitude': 43.5185, 'longitude': 79.8568, 'email': 'anny.hogberg@example.com'}
[2025-11-28T20:37:36.545+0000] {logging_mixin.py:188} INFO - Delivered to names_topic [0] @ offset 2
[2025-11-28T20:37:46.759+0000] {kafka_streaming_service.py:237} INFO - Iteration 5/12 – sending payload {'name': 'Madame. Lucette Pierre', 'gender': 'female', 'address': '5375, Avenue Debourg', 'city': 'Oberglatt', 'nation': 'Switzerland', 'zip': '183803578959633615855698552527087627072', 'latitude': -57.2614, 'longitude': 177.183, 'email': 'lucette.pierre@example.com'}
[2025-11-28T20:37:46.762+0000] {kafka_streaming_service.py:210} INFO - Producing record to topic=names_topic payload={'name': 'Madame. Lucette Pierre', 'gender': 'female', 'address': '5375, Avenue Debourg', 'city': 'Oberglatt', 'nation': 'Switzerland', 'zip': '183803578959633615855698552527087627072', 'latitude': -57.2614, 'longitude': 177.183, 'email': 'lucette.pierre@example.com'}
[2025-11-28T20:37:46.763+0000] {logging_mixin.py:188} INFO - Delivered to names_topic [0] @ offset 3
[2025-11-28T20:37:57.079+0000] {kafka_streaming_service.py:237} INFO - Iteration 6/12 – sending payload {'name': 'Miss. Deusa Ramos', 'gender': 'female', 'address': '185, Rua Doze ', 'city': 'Atibaia', 'nation': 'Brazil', 'zip': '318470726335025348359320130360412743356', 'latitude': -78.8824, 'longitude': 146.5984, 'email': 'deusa.ramos@example.com'}
[2025-11-28T20:37:57.084+0000] {kafka_streaming_service.py:210} INFO - Producing record to topic=names_topic payload={'name': 'Miss. Deusa Ramos', 'gender': 'female', 'address': '185, Rua Doze ', 'city': 'Atibaia', 'nation': 'Brazil', 'zip': '318470726335025348359320130360412743356', 'latitude': -78.8824, 'longitude': 146.5984, 'email': 'deusa.ramos@example.com'}
[2025-11-28T20:37:57.091+0000] {logging_mixin.py:188} INFO - Delivered to names_topic [0] @ offset 4
[2025-11-28T20:38:07.392+0000] {kafka_streaming_service.py:237} INFO - Iteration 7/12 – sending payload {'name': 'Miss. Prajna Chiplunkar', 'gender': 'female', 'address': '8008, Shakespeare Sarani', 'city': 'Etawah', 'nation': 'India', 'zip': '71446586992852144697353157690408921652', 'latitude': 6.1969, 'longitude': 169.4154, 'email': 'prajna.chiplunkar@example.com'}
[2025-11-28T20:38:07.397+0000] {kafka_streaming_service.py:210} INFO - Producing record to topic=names_topic payload={'name': 'Miss. Prajna Chiplunkar', 'gender': 'female', 'address': '8008, Shakespeare Sarani', 'city': 'Etawah', 'nation': 'India', 'zip': '71446586992852144697353157690408921652', 'latitude': 6.1969, 'longitude': 169.4154, 'email': 'prajna.chiplunkar@example.com'}
[2025-11-28T20:38:07.398+0000] {logging_mixin.py:188} INFO - Delivered to names_topic [0] @ offset 5
[2025-11-28T20:38:17.642+0000] {kafka_streaming_service.py:237} INFO - Iteration 8/12 – sending payload {'name': 'Ms. Andrea Abramović', 'gender': 'female', 'address': '194, Izvorac', 'city': 'Aranđelovac', 'nation': 'Serbia', 'zip': '336847996772584248798641764560143607551', 'latitude': 57.6208, 'longitude': 91.969, 'email': 'andrea.abramovic@example.com'}
[2025-11-28T20:38:17.646+0000] {kafka_streaming_service.py:210} INFO - Producing record to topic=names_topic payload={'name': 'Ms. Andrea Abramović', 'gender': 'female', 'address': '194, Izvorac', 'city': 'Aranđelovac', 'nation': 'Serbia', 'zip': '336847996772584248798641764560143607551', 'latitude': 57.6208, 'longitude': 91.969, 'email': 'andrea.abramovic@example.com'}
[2025-11-28T20:38:17.649+0000] {logging_mixin.py:188} INFO - Delivered to names_topic [0] @ offset 6
[2025-11-28T20:38:27.931+0000] {kafka_streaming_service.py:237} INFO - Iteration 9/12 – sending payload {'name': 'Mr. Wenseslao Nieto', 'gender': 'male', 'address': '8134, Periférico Baja California', 'city': 'Los Campos', 'nation': 'Mexico', 'zip': '320099312294897547162456191631522083936', 'latitude': 22.462, 'longitude': -22.8825, 'email': 'wenseslao.nieto@example.com'}
[2025-11-28T20:38:27.935+0000] {kafka_streaming_service.py:210} INFO - Producing record to topic=names_topic payload={'name': 'Mr. Wenseslao Nieto', 'gender': 'male', 'address': '8134, Periférico Baja California', 'city': 'Los Campos', 'nation': 'Mexico', 'zip': '320099312294897547162456191631522083936', 'latitude': 22.462, 'longitude': -22.8825, 'email': 'wenseslao.nieto@example.com'}
[2025-11-28T20:38:27.936+0000] {logging_mixin.py:188} INFO - Delivered to names_topic [0] @ offset 7
[2025-11-28T20:38:38.170+0000] {kafka_streaming_service.py:237} INFO - Iteration 10/12 – sending payload {'name': 'Monsieur. Timon Schmitt', 'gender': 'male', 'address': "4660, Rue de L'Abbé-Migne", 'city': 'Sachseln', 'nation': 'Switzerland', 'zip': '193269551353299760551695259877918678276', 'latitude': -62.1371, 'longitude': -8.1095, 'email': 'timon.schmitt@example.com'}
[2025-11-28T20:38:38.176+0000] {kafka_streaming_service.py:210} INFO - Producing record to topic=names_topic payload={'name': 'Monsieur. Timon Schmitt', 'gender': 'male', 'address': "4660, Rue de L'Abbé-Migne", 'city': 'Sachseln', 'nation': 'Switzerland', 'zip': '193269551353299760551695259877918678276', 'latitude': -62.1371, 'longitude': -8.1095, 'email': 'timon.schmitt@example.com'}
[2025-11-28T20:38:38.177+0000] {logging_mixin.py:188} INFO - Delivered to names_topic [0] @ offset 8
[2025-11-28T20:38:48.402+0000] {kafka_streaming_service.py:237} INFO - Iteration 11/12 – sending payload {'name': 'Mrs. Sara Christiansen', 'gender': 'female', 'address': '2184, Højagervej', 'city': 'Nørre Sundby', 'nation': 'Denmark', 'zip': '302587776818722862330641275832712419457', 'latitude': -42.0079, 'longitude': 78.8699, 'email': 'sara.christiansen@example.com'}
[2025-11-28T20:38:48.417+0000] {kafka_streaming_service.py:210} INFO - Producing record to topic=names_topic payload={'name': 'Mrs. Sara Christiansen', 'gender': 'female', 'address': '2184, Højagervej', 'city': 'Nørre Sundby', 'nation': 'Denmark', 'zip': '302587776818722862330641275832712419457', 'latitude': -42.0079, 'longitude': 78.8699, 'email': 'sara.christiansen@example.com'}
[2025-11-28T20:38:48.418+0000] {logging_mixin.py:188} INFO - Delivered to names_topic [0] @ offset 9
[2025-11-28T20:38:58.672+0000] {kafka_streaming_service.py:237} INFO - Iteration 12/12 – sending payload {'name': 'Monsieur. Roland Marie', 'gender': 'male', 'address': '9797, Avenue Paul Eluard', 'city': 'Eich', 'nation': 'Switzerland', 'zip': '27261518438214456934616142835928542760', 'latitude': -57.245, 'longitude': -60.145, 'email': 'roland.marie@example.com'}
[2025-11-28T20:38:58.674+0000] {kafka_streaming_service.py:210} INFO - Producing record to topic=names_topic payload={'name': 'Monsieur. Roland Marie', 'gender': 'male', 'address': '9797, Avenue Paul Eluard', 'city': 'Eich', 'nation': 'Switzerland', 'zip': '27261518438214456934616142835928542760', 'latitude': -57.245, 'longitude': -60.145, 'email': 'roland.marie@example.com'}
[2025-11-28T20:38:58.675+0000] {logging_mixin.py:188} INFO - Delivered to names_topic [0] @ offset 10
[2025-11-28T20:39:08.676+0000] {logging_mixin.py:188} INFO - Delivered to names_topic [0] @ offset 11
[2025-11-28T20:39:08.677+0000] {kafka_streaming_service.py:245} INFO - Kafka producer flushed all pending messages.
[2025-11-28T20:39:08.679+0000] {python.py:237} INFO - Done. Returned value was: None
[2025-11-28T20:39:08.680+0000] {taskinstance.py:441} INFO - ::group::Post task execution logs
[2025-11-28T20:39:08.742+0000] {taskinstance.py:1206} INFO - Marking task as SUCCESS. dag_id=name_stream_dag, task_id=stream_to_kafka_task, run_id=manual__2025-11-28T20:23:42.152278+00:00, execution_date=20251128T202342, start_date=20251128T203703, end_date=20251128T203908
[2025-11-28T20:39:08.970+0000] {local_task_job_runner.py:243} INFO - Task exited with return code 0
[2025-11-28T20:39:09.057+0000] {taskinstance.py:3503} INFO - 1 downstream tasks scheduled from follow-on schedule check
[2025-11-28T20:39:09.112+0000] {local_task_job_runner.py:222} INFO - ::endgroup::
