[2025-11-28T15:21:31.201+0000] {local_task_job_runner.py:120} INFO - ::group::Pre task execution logs
[2025-11-28T15:21:31.619+0000] {taskinstance.py:2076} INFO - Dependencies all met for dep_context=non-requeueable deps ti=<TaskInstance: name_stream_dag.stream_to_kafka_task scheduled__2025-11-28T15:15:00+00:00 [queued]>
[2025-11-28T15:21:31.671+0000] {taskinstance.py:2076} INFO - Dependencies all met for dep_context=requeueable deps ti=<TaskInstance: name_stream_dag.stream_to_kafka_task scheduled__2025-11-28T15:15:00+00:00 [queued]>
[2025-11-28T15:21:31.673+0000] {taskinstance.py:2306} INFO - Starting attempt 1 of 2
[2025-11-28T15:21:31.898+0000] {taskinstance.py:2330} INFO - Executing <Task(PythonOperator): stream_to_kafka_task> on 2025-11-28 15:15:00+00:00
[2025-11-28T15:21:31.937+0000] {standard_task_runner.py:64} INFO - Started process 134 to run task
[2025-11-28T15:21:31.944+0000] {standard_task_runner.py:90} INFO - Running: ['***', 'tasks', 'run', 'name_stream_dag', 'stream_to_kafka_task', 'scheduled__2025-11-28T15:15:00+00:00', '--job-id', '40', '--raw', '--subdir', 'DAGS_FOLDER/kafka_stream_dag.py', '--cfg-path', '/tmp/tmperim9kc8']
[2025-11-28T15:21:31.976+0000] {standard_task_runner.py:91} INFO - Job 40: Subtask stream_to_kafka_task
[2025-11-28T15:21:32.400+0000] {task_command.py:426} INFO - Running <TaskInstance: name_stream_dag.stream_to_kafka_task scheduled__2025-11-28T15:15:00+00:00 [running]> on host 8f878b281e38
[2025-11-28T15:21:33.926+0000] {taskinstance.py:2648} INFO - Exporting env vars: AIRFLOW_CTX_DAG_OWNER='***' AIRFLOW_CTX_DAG_ID='name_stream_dag' AIRFLOW_CTX_TASK_ID='stream_to_kafka_task' AIRFLOW_CTX_EXECUTION_DATE='2025-11-28T15:15:00+00:00' AIRFLOW_CTX_TRY_NUMBER='1' AIRFLOW_CTX_DAG_RUN_ID='scheduled__2025-11-28T15:15:00+00:00'
[2025-11-28T15:21:33.931+0000] {taskinstance.py:430} INFO - ::endgroup::
[2025-11-28T15:21:47.398+0000] {logging_mixin.py:188} INFO - Delivered to names_topic [0] @ offset 12
[2025-11-28T15:21:57.862+0000] {logging_mixin.py:188} INFO - Delivered to names_topic [0] @ offset 13
[2025-11-28T15:22:08.379+0000] {logging_mixin.py:188} INFO - Delivered to names_topic [0] @ offset 14
[2025-11-28T15:22:21.349+0000] {logging_mixin.py:188} INFO - Delivered to names_topic [0] @ offset 15
[2025-11-28T15:22:31.662+0000] {logging_mixin.py:188} INFO - Delivered to names_topic [0] @ offset 16
[2025-11-28T15:22:41.954+0000] {logging_mixin.py:188} INFO - Delivered to names_topic [0] @ offset 17
[2025-11-28T15:22:54.733+0000] {logging_mixin.py:188} INFO - Delivered to names_topic [0] @ offset 18
[2025-11-28T15:23:05.157+0000] {logging_mixin.py:188} INFO - Delivered to names_topic [0] @ offset 19
[2025-11-28T15:23:15.431+0000] {logging_mixin.py:188} INFO - Delivered to names_topic [0] @ offset 20
[2025-11-28T15:23:28.367+0000] {logging_mixin.py:188} INFO - Delivered to names_topic [0] @ offset 21
[2025-11-28T15:23:38.598+0000] {logging_mixin.py:188} INFO - Delivered to names_topic [0] @ offset 22
[2025-11-28T15:23:51.192+0000] {logging_mixin.py:188} INFO - Delivered to names_topic [0] @ offset 23
[2025-11-28T15:23:51.194+0000] {python.py:237} INFO - Done. Returned value was: None
[2025-11-28T15:23:51.196+0000] {taskinstance.py:441} INFO - ::group::Post task execution logs
[2025-11-28T15:23:51.319+0000] {taskinstance.py:1206} INFO - Marking task as SUCCESS. dag_id=name_stream_dag, task_id=stream_to_kafka_task, run_id=scheduled__2025-11-28T15:15:00+00:00, execution_date=20251128T151500, start_date=20251128T152131, end_date=20251128T152351
[2025-11-28T15:23:51.724+0000] {local_task_job_runner.py:243} INFO - Task exited with return code 0
[2025-11-28T15:23:51.885+0000] {taskinstance.py:3503} INFO - 0 downstream tasks scheduled from follow-on schedule check
[2025-11-28T15:23:52.147+0000] {local_task_job_runner.py:222} INFO - ::endgroup::
