[2025-11-28T20:50:36.076+0000] {local_task_job_runner.py:120} INFO - ::group::Pre task execution logs
[2025-11-28T20:50:36.169+0000] {taskinstance.py:2076} INFO - Dependencies all met for dep_context=non-requeueable deps ti=<TaskInstance: name_stream_dag.stream_to_kafka_task scheduled__2025-11-28T20:40:00+00:00 [queued]>
[2025-11-28T20:50:36.184+0000] {taskinstance.py:2076} INFO - Dependencies all met for dep_context=requeueable deps ti=<TaskInstance: name_stream_dag.stream_to_kafka_task scheduled__2025-11-28T20:40:00+00:00 [queued]>
[2025-11-28T20:50:36.185+0000] {taskinstance.py:2306} INFO - Starting attempt 1 of 2
[2025-11-28T20:50:36.241+0000] {taskinstance.py:2330} INFO - Executing <Task(PythonOperator): stream_to_kafka_task> on 2025-11-28 20:40:00+00:00
[2025-11-28T20:50:36.250+0000] {standard_task_runner.py:64} INFO - Started process 90 to run task
[2025-11-28T20:50:36.258+0000] {standard_task_runner.py:90} INFO - Running: ['***', 'tasks', 'run', 'name_stream_dag', 'stream_to_kafka_task', 'scheduled__2025-11-28T20:40:00+00:00', '--job-id', '314', '--raw', '--subdir', 'DAGS_FOLDER/kafka_stream_dag.py', '--cfg-path', '/tmp/tmpapjcmfrf']
[2025-11-28T20:50:36.265+0000] {standard_task_runner.py:91} INFO - Job 314: Subtask stream_to_kafka_task
[2025-11-28T20:50:36.577+0000] {task_command.py:426} INFO - Running <TaskInstance: name_stream_dag.stream_to_kafka_task scheduled__2025-11-28T20:40:00+00:00 [running]> on host 6e3183a288bc
[2025-11-28T20:50:37.058+0000] {taskinstance.py:2648} INFO - Exporting env vars: AIRFLOW_CTX_DAG_OWNER='***' AIRFLOW_CTX_DAG_ID='name_stream_dag' AIRFLOW_CTX_TASK_ID='stream_to_kafka_task' AIRFLOW_CTX_EXECUTION_DATE='2025-11-28T20:40:00+00:00' AIRFLOW_CTX_TRY_NUMBER='1' AIRFLOW_CTX_DAG_RUN_ID='scheduled__2025-11-28T20:40:00+00:00'
[2025-11-28T20:50:37.060+0000] {taskinstance.py:430} INFO - ::endgroup::
[2025-11-28T20:50:37.074+0000] {kafka_streaming_service.py:222} INFO - Starting Kafka stream: bootstrap=kafka:19092 topic=names_topic interval=10 duration=120
[2025-11-28T20:50:37.508+0000] {kafka_streaming_service.py:237} INFO - Iteration 1/12 – sending payload {'name': 'Mr. Ernst-Otto Sauermann', 'gender': 'male', 'address': '2700, Lessingstraße', 'city': 'Bürstadt', 'nation': 'Germany', 'zip': '10429991976908317178881421406299608298', 'latitude': -48.5629, 'longitude': -141.8547, 'email': 'ernst-otto.sauermann@example.com'}
[2025-11-28T20:50:37.556+0000] {kafka_streaming_service.py:210} INFO - Producing record to topic=names_topic payload={'name': 'Mr. Ernst-Otto Sauermann', 'gender': 'male', 'address': '2700, Lessingstraße', 'city': 'Bürstadt', 'nation': 'Germany', 'zip': '10429991976908317178881421406299608298', 'latitude': -48.5629, 'longitude': -141.8547, 'email': 'ernst-otto.sauermann@example.com'}
[2025-11-28T20:50:47.808+0000] {kafka_streaming_service.py:237} INFO - Iteration 2/12 – sending payload {'name': 'Mademoiselle. Christel Garcia', 'gender': 'female', 'address': '6626, Grande Rue', 'city': 'Écharlens', 'nation': 'Switzerland', 'zip': '10854734835533736807816255153024781219', 'latitude': -56.9889, 'longitude': 23.6201, 'email': 'christel.garcia@example.com'}
[2025-11-28T20:50:47.813+0000] {kafka_streaming_service.py:210} INFO - Producing record to topic=names_topic payload={'name': 'Mademoiselle. Christel Garcia', 'gender': 'female', 'address': '6626, Grande Rue', 'city': 'Écharlens', 'nation': 'Switzerland', 'zip': '10854734835533736807816255153024781219', 'latitude': -56.9889, 'longitude': 23.6201, 'email': 'christel.garcia@example.com'}
[2025-11-28T20:50:47.814+0000] {logging_mixin.py:188} INFO - Delivered to names_topic [0] @ offset 0
[2025-11-28T20:50:58.490+0000] {kafka_streaming_service.py:237} INFO - Iteration 3/12 – sending payload {'name': 'Mr. Mikola Sitenko', 'gender': 'male', 'address': '5980, Verbickogo', 'city': 'Korec', 'nation': 'Ukraine', 'zip': '337822797609769945049344668853736448562', 'latitude': 77.0234, 'longitude': -79.5647, 'email': 'mikola.sitenko@example.com'}
[2025-11-28T20:50:58.494+0000] {kafka_streaming_service.py:210} INFO - Producing record to topic=names_topic payload={'name': 'Mr. Mikola Sitenko', 'gender': 'male', 'address': '5980, Verbickogo', 'city': 'Korec', 'nation': 'Ukraine', 'zip': '337822797609769945049344668853736448562', 'latitude': 77.0234, 'longitude': -79.5647, 'email': 'mikola.sitenko@example.com'}
[2025-11-28T20:50:58.500+0000] {logging_mixin.py:188} INFO - Delivered to names_topic [0] @ offset 1
[2025-11-28T20:51:08.736+0000] {kafka_streaming_service.py:237} INFO - Iteration 4/12 – sending payload {'name': 'Ms. Lidiya Tishchenko', 'gender': 'female', 'address': '342, Plehanova', 'city': 'Ukrayinka', 'nation': 'Ukraine', 'zip': '248330129603888036493940132666382946878', 'latitude': 79.9296, 'longitude': 34.7931, 'email': 'lidiya.tishchenko@example.com'}
[2025-11-28T20:51:08.738+0000] {kafka_streaming_service.py:210} INFO - Producing record to topic=names_topic payload={'name': 'Ms. Lidiya Tishchenko', 'gender': 'female', 'address': '342, Plehanova', 'city': 'Ukrayinka', 'nation': 'Ukraine', 'zip': '248330129603888036493940132666382946878', 'latitude': 79.9296, 'longitude': 34.7931, 'email': 'lidiya.tishchenko@example.com'}
[2025-11-28T20:51:08.739+0000] {logging_mixin.py:188} INFO - Delivered to names_topic [0] @ offset 2
[2025-11-28T20:51:19.002+0000] {kafka_streaming_service.py:237} INFO - Iteration 5/12 – sending payload {'name': 'Ms. Jasmine Sirko', 'gender': 'female', 'address': '1698, Alfred St', 'city': 'Winfield', 'nation': 'Canada', 'zip': '35301765933208519011837707987228327947', 'latitude': -69.823, 'longitude': 111.2045, 'email': 'jasmine.sirko@example.com'}
[2025-11-28T20:51:19.005+0000] {kafka_streaming_service.py:210} INFO - Producing record to topic=names_topic payload={'name': 'Ms. Jasmine Sirko', 'gender': 'female', 'address': '1698, Alfred St', 'city': 'Winfield', 'nation': 'Canada', 'zip': '35301765933208519011837707987228327947', 'latitude': -69.823, 'longitude': 111.2045, 'email': 'jasmine.sirko@example.com'}
[2025-11-28T20:51:19.006+0000] {logging_mixin.py:188} INFO - Delivered to names_topic [0] @ offset 3
[2025-11-28T20:51:29.337+0000] {kafka_streaming_service.py:237} INFO - Iteration 6/12 – sending payload {'name': 'Mr. Apostolos Moll', 'gender': 'male', 'address': '9511, Mühlenweg', 'city': 'Limburg-Weilburg', 'nation': 'Germany', 'zip': '243208381995014351399383158961039745399', 'latitude': -51.7603, 'longitude': -109.8335, 'email': 'apostolos.moll@example.com'}
[2025-11-28T20:51:29.339+0000] {kafka_streaming_service.py:210} INFO - Producing record to topic=names_topic payload={'name': 'Mr. Apostolos Moll', 'gender': 'male', 'address': '9511, Mühlenweg', 'city': 'Limburg-Weilburg', 'nation': 'Germany', 'zip': '243208381995014351399383158961039745399', 'latitude': -51.7603, 'longitude': -109.8335, 'email': 'apostolos.moll@example.com'}
[2025-11-28T20:51:29.341+0000] {logging_mixin.py:188} INFO - Delivered to names_topic [0] @ offset 4
[2025-11-28T20:51:39.914+0000] {kafka_streaming_service.py:237} INFO - Iteration 7/12 – sending payload {'name': 'Mrs. غزل سهيلي راد', 'gender': 'female', 'address': '2341, مالک اشتر', 'city': 'بروجرد', 'nation': 'Iran', 'zip': '98912409800355460985300729303206304468', 'latitude': 20.0384, 'longitude': 178.6487, 'email': 'gzl.shylyrd@example.com'}
[2025-11-28T20:51:39.926+0000] {kafka_streaming_service.py:210} INFO - Producing record to topic=names_topic payload={'name': 'Mrs. غزل سهيلي راد', 'gender': 'female', 'address': '2341, مالک اشتر', 'city': 'بروجرد', 'nation': 'Iran', 'zip': '98912409800355460985300729303206304468', 'latitude': 20.0384, 'longitude': 178.6487, 'email': 'gzl.shylyrd@example.com'}
[2025-11-28T20:51:39.932+0000] {logging_mixin.py:188} INFO - Delivered to names_topic [0] @ offset 5
[2025-11-28T20:51:50.158+0000] {kafka_streaming_service.py:237} INFO - Iteration 8/12 – sending payload {'name': 'Mr. Max Chapman', 'gender': 'male', 'address': '658, Harrison Ct', 'city': 'Cape Coral', 'nation': 'United States', 'zip': '99817315306036619633808649121898095956', 'latitude': 82.1348, 'longitude': -23.2047, 'email': 'max.chapman@example.com'}
[2025-11-28T20:51:50.161+0000] {kafka_streaming_service.py:210} INFO - Producing record to topic=names_topic payload={'name': 'Mr. Max Chapman', 'gender': 'male', 'address': '658, Harrison Ct', 'city': 'Cape Coral', 'nation': 'United States', 'zip': '99817315306036619633808649121898095956', 'latitude': 82.1348, 'longitude': -23.2047, 'email': 'max.chapman@example.com'}
[2025-11-28T20:51:50.162+0000] {logging_mixin.py:188} INFO - Delivered to names_topic [0] @ offset 6
[2025-11-28T20:52:00.429+0000] {kafka_streaming_service.py:237} INFO - Iteration 9/12 – sending payload {'name': 'Mrs. Oya Ertepınar', 'gender': 'female', 'address': '4664, Atatürk Sk', 'city': 'Kocaeli', 'nation': 'Turkey', 'zip': '169935088328683517161558180663868928807', 'latitude': 71.0265, 'longitude': 53.5338, 'email': 'oya.ertepinar@example.com'}
[2025-11-28T20:52:00.431+0000] {kafka_streaming_service.py:210} INFO - Producing record to topic=names_topic payload={'name': 'Mrs. Oya Ertepınar', 'gender': 'female', 'address': '4664, Atatürk Sk', 'city': 'Kocaeli', 'nation': 'Turkey', 'zip': '169935088328683517161558180663868928807', 'latitude': 71.0265, 'longitude': 53.5338, 'email': 'oya.ertepinar@example.com'}
[2025-11-28T20:52:00.432+0000] {logging_mixin.py:188} INFO - Delivered to names_topic [0] @ offset 7
[2025-11-28T20:52:10.690+0000] {kafka_streaming_service.py:237} INFO - Iteration 10/12 – sending payload {'name': 'Miss. Sharon Mccoy', 'gender': 'female', 'address': '6072, Church Lane', 'city': 'City of London', 'nation': 'United Kingdom', 'zip': '318782701001146069620528077771029134209', 'latitude': -4.3728, 'longitude': 39.3849, 'email': 'sharon.mccoy@example.com'}
[2025-11-28T20:52:10.694+0000] {kafka_streaming_service.py:210} INFO - Producing record to topic=names_topic payload={'name': 'Miss. Sharon Mccoy', 'gender': 'female', 'address': '6072, Church Lane', 'city': 'City of London', 'nation': 'United Kingdom', 'zip': '318782701001146069620528077771029134209', 'latitude': -4.3728, 'longitude': 39.3849, 'email': 'sharon.mccoy@example.com'}
[2025-11-28T20:52:10.695+0000] {logging_mixin.py:188} INFO - Delivered to names_topic [0] @ offset 8
[2025-11-28T20:52:21.079+0000] {kafka_streaming_service.py:237} INFO - Iteration 11/12 – sending payload {'name': 'Miss. Elli Pulkkinen', 'gender': 'female', 'address': '8271, Fredrikinkatu', 'city': 'Lahti', 'nation': 'Finland', 'zip': '230919740214302789322704997971366987718', 'latitude': -25.4856, 'longitude': 43.0625, 'email': 'elli.pulkkinen@example.com'}
[2025-11-28T20:52:21.095+0000] {kafka_streaming_service.py:210} INFO - Producing record to topic=names_topic payload={'name': 'Miss. Elli Pulkkinen', 'gender': 'female', 'address': '8271, Fredrikinkatu', 'city': 'Lahti', 'nation': 'Finland', 'zip': '230919740214302789322704997971366987718', 'latitude': -25.4856, 'longitude': 43.0625, 'email': 'elli.pulkkinen@example.com'}
[2025-11-28T20:52:21.103+0000] {logging_mixin.py:188} INFO - Delivered to names_topic [0] @ offset 9
[2025-11-28T20:52:31.638+0000] {kafka_streaming_service.py:237} INFO - Iteration 12/12 – sending payload {'name': 'Monsieur. Gérard Moulin', 'gender': 'male', 'address': '4128, Place du 8 Février 1962', 'city': 'Walenstadt', 'nation': 'Switzerland', 'zip': '169016867803394758270527853785660386322', 'latitude': -59.4117, 'longitude': -115.3342, 'email': 'gerard.moulin@example.com'}
[2025-11-28T20:52:31.656+0000] {kafka_streaming_service.py:210} INFO - Producing record to topic=names_topic payload={'name': 'Monsieur. Gérard Moulin', 'gender': 'male', 'address': '4128, Place du 8 Février 1962', 'city': 'Walenstadt', 'nation': 'Switzerland', 'zip': '169016867803394758270527853785660386322', 'latitude': -59.4117, 'longitude': -115.3342, 'email': 'gerard.moulin@example.com'}
[2025-11-28T20:52:31.661+0000] {logging_mixin.py:188} INFO - Delivered to names_topic [0] @ offset 10
[2025-11-28T20:52:41.584+0000] {logging_mixin.py:188} INFO - Delivered to names_topic [0] @ offset 11
[2025-11-28T20:52:41.586+0000] {kafka_streaming_service.py:245} INFO - Kafka producer flushed all pending messages.
[2025-11-28T20:52:41.589+0000] {python.py:237} INFO - Done. Returned value was: None
[2025-11-28T20:52:41.591+0000] {taskinstance.py:441} INFO - ::group::Post task execution logs
[2025-11-28T20:52:41.702+0000] {taskinstance.py:1206} INFO - Marking task as SUCCESS. dag_id=name_stream_dag, task_id=stream_to_kafka_task, run_id=scheduled__2025-11-28T20:40:00+00:00, execution_date=20251128T204000, start_date=20251128T205036, end_date=20251128T205241
[2025-11-28T20:52:42.060+0000] {local_task_job_runner.py:243} INFO - Task exited with return code 0
[2025-11-28T20:52:42.175+0000] {taskinstance.py:3503} INFO - 1 downstream tasks scheduled from follow-on schedule check
[2025-11-28T20:52:42.275+0000] {local_task_job_runner.py:222} INFO - ::endgroup::
