[2025-10-08T01:49:55.474+0100] {local_task_job_runner.py:120} INFO - ::group::Pre task execution logs
[2025-10-08T01:49:55.765+0100] {taskinstance.py:2076} INFO - Dependencies all met for dep_context=non-requeueable deps ti=<TaskInstance: name_stream_dag.stream_to_kafka_task scheduled__2025-10-08T00:35:00+00:00 [queued]>
[2025-10-08T01:49:55.815+0100] {taskinstance.py:2076} INFO - Dependencies all met for dep_context=requeueable deps ti=<TaskInstance: name_stream_dag.stream_to_kafka_task scheduled__2025-10-08T00:35:00+00:00 [queued]>
[2025-10-08T01:49:55.820+0100] {taskinstance.py:2306} INFO - Starting attempt 2 of 2
[2025-10-08T01:49:56.022+0100] {taskinstance.py:2330} INFO - Executing <Task(PythonOperator): stream_to_kafka_task> on 2025-10-08 00:35:00+00:00
[2025-10-08T01:49:56.125+0100] {standard_task_runner.py:64} INFO - Started process 80 to run task
[2025-10-08T01:49:56.140+0100] {standard_task_runner.py:90} INFO - Running: ['***', 'tasks', 'run', 'name_stream_dag', 'stream_to_kafka_task', 'scheduled__2025-10-08T00:35:00+00:00', '--job-id', '22', '--raw', '--subdir', 'DAGS_FOLDER/kafka_stream_dag.py', '--cfg-path', '/tmp/tmpp1rj7kkc']
[2025-10-08T01:49:56.153+0100] {standard_task_runner.py:91} INFO - Job 22: Subtask stream_to_kafka_task
[2025-10-08T01:49:56.923+0100] {task_command.py:426} INFO - Running <TaskInstance: name_stream_dag.stream_to_kafka_task scheduled__2025-10-08T00:35:00+00:00 [running]> on host 811935e53272
[2025-10-08T01:49:57.779+0100] {taskinstance.py:2648} INFO - Exporting env vars: AIRFLOW_CTX_DAG_OWNER='***' AIRFLOW_CTX_DAG_ID='name_stream_dag' AIRFLOW_CTX_TASK_ID='stream_to_kafka_task' AIRFLOW_CTX_EXECUTION_DATE='2025-10-08T00:35:00+00:00' AIRFLOW_CTX_TRY_NUMBER='2' AIRFLOW_CTX_DAG_RUN_ID='scheduled__2025-10-08T00:35:00+00:00'
[2025-10-08T01:49:57.785+0100] {taskinstance.py:430} INFO - ::endgroup::
[2025-10-08T01:50:08.933+0100] {logging_mixin.py:188} INFO - Delivered to names_topic [0] @ offset 0
[2025-10-08T01:50:19.324+0100] {logging_mixin.py:188} INFO - Delivered to names_topic [0] @ offset 1
[2025-10-08T01:50:29.611+0100] {logging_mixin.py:188} INFO - Delivered to names_topic [0] @ offset 2
[2025-10-08T01:50:39.953+0100] {logging_mixin.py:188} INFO - Delivered to names_topic [0] @ offset 3
[2025-10-08T01:50:50.350+0100] {logging_mixin.py:188} INFO - Delivered to names_topic [0] @ offset 4
[2025-10-08T01:51:00.668+0100] {logging_mixin.py:188} INFO - Delivered to names_topic [0] @ offset 5
[2025-10-08T01:51:11.296+0100] {logging_mixin.py:188} INFO - Delivered to names_topic [0] @ offset 6
[2025-10-08T01:51:21.655+0100] {logging_mixin.py:188} INFO - Delivered to names_topic [0] @ offset 7
[2025-10-08T01:51:32.025+0100] {logging_mixin.py:188} INFO - Delivered to names_topic [0] @ offset 8
[2025-10-08T01:51:42.405+0100] {logging_mixin.py:188} INFO - Delivered to names_topic [0] @ offset 9
[2025-10-08T01:51:53.153+0100] {logging_mixin.py:188} INFO - Delivered to names_topic [0] @ offset 10
[2025-10-08T01:52:03.075+0100] {logging_mixin.py:188} INFO - Delivered to names_topic [0] @ offset 11
[2025-10-08T01:52:03.078+0100] {python.py:237} INFO - Done. Returned value was: None
[2025-10-08T01:52:03.080+0100] {taskinstance.py:441} INFO - ::group::Post task execution logs
[2025-10-08T01:52:03.155+0100] {taskinstance.py:1206} INFO - Marking task as SUCCESS. dag_id=name_stream_dag, task_id=stream_to_kafka_task, run_id=scheduled__2025-10-08T00:35:00+00:00, execution_date=20251008T003500, start_date=20251008T004955, end_date=20251008T005203
[2025-10-08T01:52:03.365+0100] {local_task_job_runner.py:243} INFO - Task exited with return code 0
[2025-10-08T01:52:03.602+0100] {taskinstance.py:3503} INFO - 0 downstream tasks scheduled from follow-on schedule check
[2025-10-08T01:52:03.655+0100] {local_task_job_runner.py:222} INFO - ::endgroup::
