[2025-10-08T02:15:02.270+0100] {local_task_job_runner.py:120} INFO - ::group::Pre task execution logs
[2025-10-08T02:15:02.407+0100] {taskinstance.py:2076} INFO - Dependencies all met for dep_context=non-requeueable deps ti=<TaskInstance: name_stream_dag.stream_to_kafka_task scheduled__2025-10-08T01:10:00+00:00 [queued]>
[2025-10-08T02:15:02.425+0100] {taskinstance.py:2076} INFO - Dependencies all met for dep_context=requeueable deps ti=<TaskInstance: name_stream_dag.stream_to_kafka_task scheduled__2025-10-08T01:10:00+00:00 [queued]>
[2025-10-08T02:15:02.427+0100] {taskinstance.py:2306} INFO - Starting attempt 1 of 2
[2025-10-08T02:15:02.538+0100] {taskinstance.py:2330} INFO - Executing <Task(PythonOperator): stream_to_kafka_task> on 2025-10-08 01:10:00+00:00
[2025-10-08T02:15:02.546+0100] {standard_task_runner.py:64} INFO - Started process 716 to run task
[2025-10-08T02:15:02.580+0100] {standard_task_runner.py:90} INFO - Running: ['***', 'tasks', 'run', 'name_stream_dag', 'stream_to_kafka_task', 'scheduled__2025-10-08T01:10:00+00:00', '--job-id', '28', '--raw', '--subdir', 'DAGS_FOLDER/kafka_stream_dag.py', '--cfg-path', '/tmp/tmplypl3ohx']
[2025-10-08T02:15:02.600+0100] {standard_task_runner.py:91} INFO - Job 28: Subtask stream_to_kafka_task
[2025-10-08T02:15:02.969+0100] {task_command.py:426} INFO - Running <TaskInstance: name_stream_dag.stream_to_kafka_task scheduled__2025-10-08T01:10:00+00:00 [running]> on host 811935e53272
[2025-10-08T02:15:03.773+0100] {taskinstance.py:2648} INFO - Exporting env vars: AIRFLOW_CTX_DAG_OWNER='***' AIRFLOW_CTX_DAG_ID='name_stream_dag' AIRFLOW_CTX_TASK_ID='stream_to_kafka_task' AIRFLOW_CTX_EXECUTION_DATE='2025-10-08T01:10:00+00:00' AIRFLOW_CTX_TRY_NUMBER='1' AIRFLOW_CTX_DAG_RUN_ID='scheduled__2025-10-08T01:10:00+00:00'
[2025-10-08T02:15:03.775+0100] {taskinstance.py:430} INFO - ::endgroup::
[2025-10-08T02:15:14.816+0100] {logging_mixin.py:188} INFO - Delivered to names_topic [0] @ offset 72
[2025-10-08T02:15:25.099+0100] {logging_mixin.py:188} INFO - Delivered to names_topic [0] @ offset 73
[2025-10-08T02:15:35.623+0100] {logging_mixin.py:188} INFO - Delivered to names_topic [0] @ offset 74
[2025-10-08T02:15:46.118+0100] {logging_mixin.py:188} INFO - Delivered to names_topic [0] @ offset 75
[2025-10-08T02:15:56.378+0100] {logging_mixin.py:188} INFO - Delivered to names_topic [0] @ offset 76
[2025-10-08T02:16:06.749+0100] {logging_mixin.py:188} INFO - Delivered to names_topic [0] @ offset 77
[2025-10-08T02:16:17.177+0100] {logging_mixin.py:188} INFO - Delivered to names_topic [0] @ offset 78
[2025-10-08T02:16:27.461+0100] {logging_mixin.py:188} INFO - Delivered to names_topic [0] @ offset 79
[2025-10-08T02:16:37.922+0100] {logging_mixin.py:188} INFO - Delivered to names_topic [0] @ offset 80
[2025-10-08T02:16:48.252+0100] {logging_mixin.py:188} INFO - Delivered to names_topic [0] @ offset 81
[2025-10-08T02:16:58.499+0100] {logging_mixin.py:188} INFO - Delivered to names_topic [0] @ offset 82
[2025-10-08T02:17:08.503+0100] {logging_mixin.py:188} INFO - Delivered to names_topic [0] @ offset 83
[2025-10-08T02:17:08.506+0100] {python.py:237} INFO - Done. Returned value was: None
[2025-10-08T02:17:08.508+0100] {taskinstance.py:441} INFO - ::group::Post task execution logs
[2025-10-08T02:17:08.586+0100] {taskinstance.py:1206} INFO - Marking task as SUCCESS. dag_id=name_stream_dag, task_id=stream_to_kafka_task, run_id=scheduled__2025-10-08T01:10:00+00:00, execution_date=20251008T011000, start_date=20251008T011502, end_date=20251008T011708
[2025-10-08T02:17:08.682+0100] {local_task_job_runner.py:243} INFO - Task exited with return code 0
[2025-10-08T02:17:08.748+0100] {taskinstance.py:3503} INFO - 0 downstream tasks scheduled from follow-on schedule check
[2025-10-08T02:17:08.788+0100] {local_task_job_runner.py:222} INFO - ::endgroup::
