[2025-10-07T23:10:20.341+0100] {local_task_job_runner.py:120} INFO - ::group::Pre task execution logs
[2025-10-07T23:10:20.885+0100] {taskinstance.py:2076} INFO - Dependencies all met for dep_context=non-requeueable deps ti=<TaskInstance: name_stream_dag.stream_to_kafka_task scheduled__2025-10-07T21:15:00+00:00 [queued]>
[2025-10-07T23:10:20.937+0100] {taskinstance.py:2076} INFO - Dependencies all met for dep_context=requeueable deps ti=<TaskInstance: name_stream_dag.stream_to_kafka_task scheduled__2025-10-07T21:15:00+00:00 [queued]>
[2025-10-07T23:10:20.947+0100] {taskinstance.py:2306} INFO - Starting attempt 2 of 2
[2025-10-07T23:10:21.128+0100] {taskinstance.py:2330} INFO - Executing <Task(PythonOperator): stream_to_kafka_task> on 2025-10-07 21:15:00+00:00
[2025-10-07T23:10:21.152+0100] {standard_task_runner.py:64} INFO - Started process 82 to run task
[2025-10-07T23:10:21.200+0100] {standard_task_runner.py:90} INFO - Running: ['***', 'tasks', 'run', 'name_stream_dag', 'stream_to_kafka_task', 'scheduled__2025-10-07T21:15:00+00:00', '--job-id', '14', '--raw', '--subdir', 'DAGS_FOLDER/kafka_stream_dag.py', '--cfg-path', '/tmp/tmpdf01mk78']
[2025-10-07T23:10:21.213+0100] {standard_task_runner.py:91} INFO - Job 14: Subtask stream_to_kafka_task
[2025-10-07T23:10:23.036+0100] {task_command.py:426} INFO - Running <TaskInstance: name_stream_dag.stream_to_kafka_task scheduled__2025-10-07T21:15:00+00:00 [running]> on host a7027eb1dc97
[2025-10-07T23:10:26.657+0100] {taskinstance.py:2648} INFO - Exporting env vars: AIRFLOW_CTX_DAG_OWNER='***' AIRFLOW_CTX_DAG_ID='name_stream_dag' AIRFLOW_CTX_TASK_ID='stream_to_kafka_task' AIRFLOW_CTX_EXECUTION_DATE='2025-10-07T21:15:00+00:00' AIRFLOW_CTX_TRY_NUMBER='2' AIRFLOW_CTX_DAG_RUN_ID='scheduled__2025-10-07T21:15:00+00:00'
[2025-10-07T23:10:26.664+0100] {taskinstance.py:430} INFO - ::endgroup::
[2025-10-07T23:10:27.803+0100] {logging_mixin.py:188} INFO - Created topic: names_topic
[2025-10-07T23:10:39.139+0100] {logging_mixin.py:188} INFO - Delivered to names_topic [0] @ offset 0
[2025-10-07T23:10:49.578+0100] {logging_mixin.py:188} INFO - Delivered to names_topic [0] @ offset 1
[2025-10-07T23:11:00.078+0100] {logging_mixin.py:188} INFO - Delivered to names_topic [0] @ offset 2
[2025-10-07T23:11:11.143+0100] {logging_mixin.py:188} INFO - Delivered to names_topic [0] @ offset 3
[2025-10-07T23:11:21.537+0100] {logging_mixin.py:188} INFO - Delivered to names_topic [0] @ offset 4
[2025-10-07T23:11:31.922+0100] {logging_mixin.py:188} INFO - Delivered to names_topic [0] @ offset 5
[2025-10-07T23:11:42.110+0100] {logging_mixin.py:188} INFO - Delivered to names_topic [0] @ offset 6
[2025-10-07T23:11:52.545+0100] {logging_mixin.py:188} INFO - Delivered to names_topic [0] @ offset 7
[2025-10-07T23:12:03.548+0100] {logging_mixin.py:188} INFO - Delivered to names_topic [0] @ offset 8
[2025-10-07T23:12:13.821+0100] {logging_mixin.py:188} INFO - Delivered to names_topic [0] @ offset 9
[2025-10-07T23:12:24.457+0100] {logging_mixin.py:188} INFO - Delivered to names_topic [0] @ offset 10
[2025-10-07T23:12:34.516+0100] {logging_mixin.py:188} INFO - Delivered to names_topic [0] @ offset 11
[2025-10-07T23:12:34.685+0100] {python.py:237} INFO - Done. Returned value was: None
[2025-10-07T23:12:34.751+0100] {taskinstance.py:441} INFO - ::group::Post task execution logs
[2025-10-07T23:12:35.202+0100] {taskinstance.py:1206} INFO - Marking task as SUCCESS. dag_id=name_stream_dag, task_id=stream_to_kafka_task, run_id=scheduled__2025-10-07T21:15:00+00:00, execution_date=20251007T211500, start_date=20251007T221020, end_date=20251007T221235
[2025-10-07T23:12:35.523+0100] {local_task_job_runner.py:243} INFO - Task exited with return code 0
[2025-10-07T23:12:35.700+0100] {taskinstance.py:3503} INFO - 0 downstream tasks scheduled from follow-on schedule check
[2025-10-07T23:12:35.747+0100] {local_task_job_runner.py:222} INFO - ::endgroup::
