[2025-10-07T22:10:01.903+0100] {local_task_job_runner.py:120} INFO - ::group::Pre task execution logs
[2025-10-07T22:10:02.014+0100] {taskinstance.py:2076} INFO - Dependencies all met for dep_context=non-requeueable deps ti=<TaskInstance: name_stream_dag.stream_to_kafka_task scheduled__2025-10-07T21:05:00+00:00 [queued]>
[2025-10-07T22:10:02.035+0100] {taskinstance.py:2076} INFO - Dependencies all met for dep_context=requeueable deps ti=<TaskInstance: name_stream_dag.stream_to_kafka_task scheduled__2025-10-07T21:05:00+00:00 [queued]>
[2025-10-07T22:10:02.036+0100] {taskinstance.py:2306} INFO - Starting attempt 1 of 2
[2025-10-07T22:10:02.152+0100] {taskinstance.py:2330} INFO - Executing <Task(PythonOperator): stream_to_kafka_task> on 2025-10-07 21:05:00+00:00
[2025-10-07T22:10:02.163+0100] {standard_task_runner.py:64} INFO - Started process 954 to run task
[2025-10-07T22:10:02.175+0100] {standard_task_runner.py:90} INFO - Running: ['***', 'tasks', 'run', 'name_stream_dag', 'stream_to_kafka_task', 'scheduled__2025-10-07T21:05:00+00:00', '--job-id', '10', '--raw', '--subdir', 'DAGS_FOLDER/kafka_stream_dag.py', '--cfg-path', '/tmp/tmpkyw0_7eg']
[2025-10-07T22:10:02.181+0100] {standard_task_runner.py:91} INFO - Job 10: Subtask stream_to_kafka_task
[2025-10-07T22:10:02.459+0100] {task_command.py:426} INFO - Running <TaskInstance: name_stream_dag.stream_to_kafka_task scheduled__2025-10-07T21:05:00+00:00 [running]> on host e9a80c19b29d
[2025-10-07T22:10:03.573+0100] {taskinstance.py:2648} INFO - Exporting env vars: AIRFLOW_CTX_DAG_OWNER='***' AIRFLOW_CTX_DAG_ID='name_stream_dag' AIRFLOW_CTX_TASK_ID='stream_to_kafka_task' AIRFLOW_CTX_EXECUTION_DATE='2025-10-07T21:05:00+00:00' AIRFLOW_CTX_TRY_NUMBER='1' AIRFLOW_CTX_DAG_RUN_ID='scheduled__2025-10-07T21:05:00+00:00'
[2025-10-07T22:10:03.580+0100] {taskinstance.py:430} INFO - ::endgroup::
[2025-10-07T22:10:14.614+0100] {logging_mixin.py:188} INFO - Delivered to names_topic [0] @ offset 96
[2025-10-07T22:10:24.839+0100] {logging_mixin.py:188} INFO - Delivered to names_topic [0] @ offset 97
[2025-10-07T22:10:35.162+0100] {logging_mixin.py:188} INFO - Delivered to names_topic [0] @ offset 98
[2025-10-07T22:10:45.366+0100] {logging_mixin.py:188} INFO - Delivered to names_topic [0] @ offset 99
[2025-10-07T22:10:55.783+0100] {logging_mixin.py:188} INFO - Delivered to names_topic [0] @ offset 100
[2025-10-07T22:11:06.171+0100] {logging_mixin.py:188} INFO - Delivered to names_topic [0] @ offset 101
[2025-10-07T22:11:16.970+0100] {logging_mixin.py:188} INFO - Delivered to names_topic [0] @ offset 102
[2025-10-07T22:11:27.293+0100] {logging_mixin.py:188} INFO - Delivered to names_topic [0] @ offset 103
[2025-10-07T22:11:37.592+0100] {logging_mixin.py:188} INFO - Delivered to names_topic [0] @ offset 104
[2025-10-07T22:11:48.070+0100] {logging_mixin.py:188} INFO - Delivered to names_topic [0] @ offset 105
[2025-10-07T22:11:58.517+0100] {logging_mixin.py:188} INFO - Delivered to names_topic [0] @ offset 106
[2025-10-07T22:12:08.523+0100] {logging_mixin.py:188} INFO - Delivered to names_topic [0] @ offset 107
[2025-10-07T22:12:08.553+0100] {python.py:237} INFO - Done. Returned value was: None
[2025-10-07T22:12:08.559+0100] {taskinstance.py:441} INFO - ::group::Post task execution logs
[2025-10-07T22:12:08.973+0100] {taskinstance.py:1206} INFO - Marking task as SUCCESS. dag_id=name_stream_dag, task_id=stream_to_kafka_task, run_id=scheduled__2025-10-07T21:05:00+00:00, execution_date=20251007T210500, start_date=20251007T211002, end_date=20251007T211208
[2025-10-07T22:12:09.414+0100] {local_task_job_runner.py:243} INFO - Task exited with return code 0
[2025-10-07T22:12:09.635+0100] {local_task_job_runner.py:222} INFO - ::endgroup::
