[2025-11-28T20:26:06.448+0000] {local_task_job_runner.py:120} INFO - ::group::Pre task execution logs
[2025-11-28T20:26:06.588+0000] {taskinstance.py:2076} INFO - Dependencies all met for dep_context=non-requeueable deps ti=<TaskInstance: name_stream_dag.spark_stream_to_s3 scheduled__2025-11-28T20:15:00+00:00 [queued]>
[2025-11-28T20:26:06.611+0000] {taskinstance.py:2076} INFO - Dependencies all met for dep_context=requeueable deps ti=<TaskInstance: name_stream_dag.spark_stream_to_s3 scheduled__2025-11-28T20:15:00+00:00 [queued]>
[2025-11-28T20:26:06.612+0000] {taskinstance.py:2306} INFO - Starting attempt 1 of 2
[2025-11-28T20:26:06.921+0000] {taskinstance.py:2330} INFO - Executing <Task(DockerOperator): spark_stream_to_s3> on 2025-11-28 20:15:00+00:00
[2025-11-28T20:26:06.940+0000] {standard_task_runner.py:64} INFO - Started process 204 to run task
[2025-11-28T20:26:06.947+0000] {standard_task_runner.py:90} INFO - Running: ['***', 'tasks', 'run', 'name_stream_dag', 'spark_stream_to_s3', 'scheduled__2025-11-28T20:15:00+00:00', '--job-id', '272', '--raw', '--subdir', 'DAGS_FOLDER/kafka_stream_dag.py', '--cfg-path', '/tmp/tmp_qo2it82']
[2025-11-28T20:26:06.955+0000] {standard_task_runner.py:91} INFO - Job 272: Subtask spark_stream_to_s3
[2025-11-28T20:26:07.394+0000] {task_command.py:426} INFO - Running <TaskInstance: name_stream_dag.spark_stream_to_s3 scheduled__2025-11-28T20:15:00+00:00 [running]> on host 5773cad78b07
[2025-11-28T20:26:08.093+0000] {taskinstance.py:2648} INFO - Exporting env vars: AIRFLOW_CTX_DAG_OWNER='***' AIRFLOW_CTX_DAG_ID='name_stream_dag' AIRFLOW_CTX_TASK_ID='spark_stream_to_s3' AIRFLOW_CTX_EXECUTION_DATE='2025-11-28T20:15:00+00:00' AIRFLOW_CTX_TRY_NUMBER='1' AIRFLOW_CTX_DAG_RUN_ID='scheduled__2025-11-28T20:15:00+00:00'
[2025-11-28T20:26:08.096+0000] {taskinstance.py:430} INFO - ::endgroup::
[2025-11-28T20:26:08.376+0000] {docker.py:367} INFO - Starting docker container from image custom-spark
[2025-11-28T20:26:09.567+0000] {docker.py:438} INFO - [38;5;6mspark [38;5;5m20:26:09.55 [0m[38;5;2mINFO [0m ==>
[2025-11-28T20:26:09.579+0000] {docker.py:438} INFO - [38;5;6mspark [38;5;5m20:26:09.56 [0m[38;5;2mINFO [0m ==> [1mWelcome to the Bitnami spark container[0m
[2025-11-28T20:26:09.580+0000] {docker.py:438} INFO - [38;5;6mspark [38;5;5m20:26:09.56 [0m[38;5;2mINFO [0m ==> Subscribe to project updates by watching [1mhttps://github.com/bitnami/containers[0m
[2025-11-28T20:26:09.581+0000] {docker.py:438} INFO - [38;5;6mspark [38;5;5m20:26:09.57 [0m[38;5;2mINFO [0m ==> Submit issues and feature requests at [1mhttps://github.com/bitnami/containers/issues[0m
[2025-11-28T20:26:09.582+0000] {docker.py:438} INFO - [38;5;6mspark [38;5;5m20:26:09.57 [0m[38;5;2mINFO [0m ==> Upgrade to Tanzu Application Catalog for production environments to access custom-configured and pre-packaged software components. Gain enhanced features, including Software Bill of Materials (SBOM), CVE scan result reports, and VEX documents. To learn more, visit [1mhttps://bitnami.com/enterprise[0m
[2025-11-28T20:26:09.588+0000] {docker.py:438} INFO - [38;5;6mspark [38;5;5m20:26:09.58 [0m[38;5;2mINFO [0m ==>
[2025-11-28T20:26:09.637+0000] {docker.py:438} INFO - 
[2025-11-28T20:26:18.056+0000] {docker.py:438} INFO - 2025-11-28 20:26:18,054:spark_structured_streaming:main:INFO:Spark streaming config: app_name=spark_streaming brokers=kafka:19092 topic=names_topic bucket=namegeneratorbucket output_prefix=names checkpoint_prefix=checkpoints/names region=eu-west-2 endpoint=None path_style=None ssl_enabled=None
[2025-11-28T20:26:18.346+0000] {docker.py:438} INFO - 25/11/28 20:26:18 INFO SparkContext: Running Spark version 3.5.1
[2025-11-28T20:26:18.355+0000] {docker.py:438} INFO - 25/11/28 20:26:18 INFO SparkContext: OS info Linux, 6.6.87.2-microsoft-standard-WSL2, amd64
[2025-11-28T20:26:18.358+0000] {docker.py:438} INFO - 25/11/28 20:26:18 INFO SparkContext: Java version 17.0.12
[2025-11-28T20:26:18.530+0000] {docker.py:438} INFO - 25/11/28 20:26:18 INFO ResourceUtils: ==============================================================
[2025-11-28T20:26:18.534+0000] {docker.py:438} INFO - 25/11/28 20:26:18 INFO ResourceUtils: No custom resources configured for spark.driver.
[2025-11-28T20:26:18.538+0000] {docker.py:438} INFO - 25/11/28 20:26:18 INFO ResourceUtils: ==============================================================
[2025-11-28T20:26:18.539+0000] {docker.py:438} INFO - 25/11/28 20:26:18 INFO SparkContext: Submitted application: spark_streaming
[2025-11-28T20:26:18.648+0000] {docker.py:438} INFO - 25/11/28 20:26:18 INFO ResourceProfile: Default ResourceProfile created, executor resources: Map(memory -> name: memory, amount: 1024, script: , vendor: , offHeap -> name: offHeap, amount: 0, script: , vendor: ), task resources: Map(cpus -> name: cpus, amount: 1.0)
[2025-11-28T20:26:18.665+0000] {docker.py:438} INFO - 25/11/28 20:26:18 INFO ResourceProfile: Limiting resource is cpu
[2025-11-28T20:26:18.670+0000] {docker.py:438} INFO - 25/11/28 20:26:18 INFO ResourceProfileManager: Added ResourceProfile id: 0
[2025-11-28T20:26:18.982+0000] {docker.py:438} INFO - 25/11/28 20:26:18 INFO SecurityManager: Changing view acls to: spark
[2025-11-28T20:26:18.991+0000] {docker.py:438} INFO - 25/11/28 20:26:18 INFO SecurityManager: Changing modify acls to: spark
[2025-11-28T20:26:18.994+0000] {docker.py:438} INFO - 25/11/28 20:26:18 INFO SecurityManager: Changing view acls groups to:
[2025-11-28T20:26:19.001+0000] {docker.py:438} INFO - 25/11/28 20:26:18 INFO SecurityManager: Changing modify acls groups to:
[2025-11-28T20:26:19.013+0000] {docker.py:438} INFO - 25/11/28 20:26:18 INFO SecurityManager: SecurityManager: authentication disabled; ui acls disabled; users with view permissions: spark; groups with view permissions: EMPTY; users with modify permissions: spark; groups with modify permissions: EMPTY
[2025-11-28T20:26:19.352+0000] {docker.py:438} INFO - 25/11/28 20:26:19 WARN NativeCodeLoader: Unable to load native-hadoop library for your platform... using builtin-java classes where applicable
[2025-11-28T20:26:21.382+0000] {docker.py:438} INFO - 25/11/28 20:26:21 INFO Utils: Successfully started service 'sparkDriver' on port 45069.
[2025-11-28T20:26:21.740+0000] {docker.py:438} INFO - 25/11/28 20:26:21 INFO SparkEnv: Registering MapOutputTracker
[2025-11-28T20:26:22.171+0000] {docker.py:438} INFO - 25/11/28 20:26:22 INFO SparkEnv: Registering BlockManagerMaster
[2025-11-28T20:26:22.287+0000] {docker.py:438} INFO - 25/11/28 20:26:22 INFO BlockManagerMasterEndpoint: Using org.apache.spark.storage.DefaultTopologyMapper for getting topology information
[2025-11-28T20:26:22.289+0000] {docker.py:438} INFO - 25/11/28 20:26:22 INFO BlockManagerMasterEndpoint: BlockManagerMasterEndpoint up
[2025-11-28T20:26:22.340+0000] {docker.py:438} INFO - 25/11/28 20:26:22 INFO SparkEnv: Registering BlockManagerMasterHeartbeat
[2025-11-28T20:26:22.553+0000] {docker.py:438} INFO - 25/11/28 20:26:22 INFO DiskBlockManager: Created local directory at /tmp/blockmgr-1eee16c4-0ec7-4898-94cb-7034386453da
[2025-11-28T20:26:22.636+0000] {docker.py:438} INFO - 25/11/28 20:26:22 INFO MemoryStore: MemoryStore started with capacity 434.4 MiB
[2025-11-28T20:26:22.739+0000] {docker.py:438} INFO - 25/11/28 20:26:22 INFO SparkEnv: Registering OutputCommitCoordinator
[2025-11-28T20:26:23.360+0000] {docker.py:438} INFO - 25/11/28 20:26:23 INFO JettyUtils: Start Jetty 0.0.0.0:4040 for SparkUI
[2025-11-28T20:26:23.566+0000] {docker.py:438} INFO - 25/11/28 20:26:23 INFO Utils: Successfully started service 'SparkUI' on port 4040.
[2025-11-28T20:26:23.918+0000] {docker.py:438} INFO - 25/11/28 20:26:23 INFO StandaloneAppClient$ClientEndpoint: Connecting to master spark://spark-master:7077...
[2025-11-28T20:26:24.092+0000] {docker.py:438} INFO - 25/11/28 20:26:24 INFO TransportClientFactory: Successfully created connection to spark-master/172.18.0.3:7077 after 68 ms (0 ms spent in bootstraps)
[2025-11-28T20:26:24.356+0000] {docker.py:438} INFO - 25/11/28 20:26:24 INFO StandaloneSchedulerBackend: Connected to Spark cluster with app ID app-20251128202624-0006
[2025-11-28T20:26:24.376+0000] {docker.py:438} INFO - 25/11/28 20:26:24 INFO Utils: Successfully started service 'org.apache.spark.network.netty.NettyBlockTransferService' on port 39727.
[2025-11-28T20:26:24.378+0000] {docker.py:438} INFO - 25/11/28 20:26:24 INFO NettyBlockTransferService: Server created on e979bd88f930:39727
[2025-11-28T20:26:24.382+0000] {docker.py:438} INFO - 25/11/28 20:26:24 INFO BlockManager: Using org.apache.spark.storage.RandomBlockReplicationPolicy for block replication policy
[2025-11-28T20:26:24.401+0000] {docker.py:438} INFO - 25/11/28 20:26:24 INFO BlockManagerMaster: Registering BlockManager BlockManagerId(driver, e979bd88f930, 39727, None)
[2025-11-28T20:26:24.411+0000] {docker.py:438} INFO - 25/11/28 20:26:24 INFO BlockManagerMasterEndpoint: Registering block manager e979bd88f930:39727 with 434.4 MiB RAM, BlockManagerId(driver, e979bd88f930, 39727, None)
[2025-11-28T20:26:24.419+0000] {docker.py:438} INFO - 25/11/28 20:26:24 INFO BlockManagerMaster: Registered BlockManager BlockManagerId(driver, e979bd88f930, 39727, None)
[2025-11-28T20:26:24.424+0000] {docker.py:438} INFO - 25/11/28 20:26:24 INFO BlockManager: Initialized BlockManager: BlockManagerId(driver, e979bd88f930, 39727, None)
[2025-11-28T20:26:24.886+0000] {docker.py:438} INFO - 25/11/28 20:26:24 INFO StandaloneSchedulerBackend: SchedulerBackend is ready for scheduling beginning after reached minRegisteredResourcesRatio: 0.0
[2025-11-28T20:26:25.452+0000] {docker.py:438} INFO - 2025-11-28 20:26:25,450:spark_structured_streaming:s3_healthcheck_write:INFO:Running S3 healthcheck, writing marker to s3a://namegeneratorbucket/names/healthcheck/_SUCCESS
[2025-11-28T20:26:31.001+0000] {docker.py:438} INFO - 2025-11-28 20:26:30,998:spark_structured_streaming:s3_healthcheck_write:INFO:S3 healthcheck marker successfully written at s3a://namegeneratorbucket/names/healthcheck/_SUCCESS
[2025-11-28T20:26:41.383+0000] {docker.py:438} INFO - 2025-11-28 20:26:41,363:spark_structured_streaming:initiate_streaming_to_bucket:INFO:Starting streaming sink (JSON) to path=s3a://namegeneratorbucket/names with checkpoint=s3a://namegeneratorbucket/checkpoints/names
[2025-11-28T20:26:41.548+0000] {docker.py:438} INFO - 2025-11-28 20:26:41,526:py4j.java_gateway:run:INFO:Callback Server Starting
[2025-11-28T20:26:41.550+0000] {docker.py:438} INFO - 2025-11-28 20:26:41,526:py4j.java_gateway:run:INFO:Socket listening on ('127.0.0.1', 38333)
[2025-11-28T20:26:43.936+0000] {docker.py:438} INFO - 2025-11-28 20:26:43,903:spark_structured_streaming:initiate_streaming_to_bucket:INFO:Streaming query started; awaiting termination.
[2025-11-28T20:28:04.212+0000] {local_task_job_runner.py:124} ERROR - Received SIGTERM. Terminating subprocesses
[2025-11-28T20:28:04.219+0000] {process_utils.py:132} INFO - Sending 15 to group 204. PIDs of all processes in the group: [204]
[2025-11-28T20:28:04.220+0000] {process_utils.py:87} INFO - Sending the signal 15 to group 204
[2025-11-28T20:28:04.240+0000] {taskinstance.py:2611} ERROR - Received SIGTERM. Terminating subprocesses.
[2025-11-28T20:28:04.265+0000] {docker.py:533} INFO - Stopping docker container
