[2025-11-28T20:35:21.910+0000] {local_task_job_runner.py:120} INFO - ::group::Pre task execution logs
[2025-11-28T20:35:22.088+0000] {taskinstance.py:2076} INFO - Dependencies all met for dep_context=non-requeueable deps ti=<TaskInstance: name_stream_dag.spark_stream_to_s3 scheduled__2025-11-28T20:15:00+00:00 [queued]>
[2025-11-28T20:35:22.115+0000] {taskinstance.py:2076} INFO - Dependencies all met for dep_context=requeueable deps ti=<TaskInstance: name_stream_dag.spark_stream_to_s3 scheduled__2025-11-28T20:15:00+00:00 [queued]>
[2025-11-28T20:35:22.116+0000] {taskinstance.py:2306} INFO - Starting attempt 2 of 2
[2025-11-28T20:35:22.339+0000] {taskinstance.py:2330} INFO - Executing <Task(DockerOperator): spark_stream_to_s3> on 2025-11-28 20:15:00+00:00
[2025-11-28T20:35:22.374+0000] {standard_task_runner.py:64} INFO - Started process 81 to run task
[2025-11-28T20:35:22.400+0000] {standard_task_runner.py:90} INFO - Running: ['***', 'tasks', 'run', 'name_stream_dag', 'spark_stream_to_s3', 'scheduled__2025-11-28T20:15:00+00:00', '--job-id', '274', '--raw', '--subdir', 'DAGS_FOLDER/kafka_stream_dag.py', '--cfg-path', '/tmp/tmpva94o8t0']
[2025-11-28T20:35:22.420+0000] {standard_task_runner.py:91} INFO - Job 274: Subtask spark_stream_to_s3
[2025-11-28T20:35:22.860+0000] {task_command.py:426} INFO - Running <TaskInstance: name_stream_dag.spark_stream_to_s3 scheduled__2025-11-28T20:15:00+00:00 [running]> on host 24004975b9d1
[2025-11-28T20:35:23.926+0000] {taskinstance.py:2648} INFO - Exporting env vars: AIRFLOW_CTX_DAG_OWNER='***' AIRFLOW_CTX_DAG_ID='name_stream_dag' AIRFLOW_CTX_TASK_ID='spark_stream_to_s3' AIRFLOW_CTX_EXECUTION_DATE='2025-11-28T20:15:00+00:00' AIRFLOW_CTX_TRY_NUMBER='2' AIRFLOW_CTX_DAG_RUN_ID='scheduled__2025-11-28T20:15:00+00:00'
[2025-11-28T20:35:23.928+0000] {taskinstance.py:430} INFO - ::endgroup::
[2025-11-28T20:35:24.116+0000] {docker.py:367} INFO - Starting docker container from image custom-spark
[2025-11-28T20:35:25.570+0000] {docker.py:438} INFO - [38;5;6mspark [38;5;5m20:35:25.52 [0m[38;5;2mINFO [0m ==> 
[2025-11-28T20:35:25.572+0000] {docker.py:438} INFO - [38;5;6mspark [38;5;5m20:35:25.53 [0m[38;5;2mINFO [0m ==> [1mWelcome to the Bitnami spark container[0m
[2025-11-28T20:35:25.573+0000] {docker.py:438} INFO - [38;5;6mspark [38;5;5m20:35:25.53 [0m[38;5;2mINFO [0m ==> Subscribe to project updates by watching [1mhttps://github.com/bitnami/containers[0m
[2025-11-28T20:35:25.582+0000] {docker.py:438} INFO - [38;5;6mspark [38;5;5m20:35:25.54 [0m[38;5;2mINFO [0m ==> Submit issues and feature requests at [1mhttps://github.com/bitnami/containers/issues[0m
[2025-11-28T20:35:25.583+0000] {docker.py:438} INFO - [38;5;6mspark [38;5;5m20:35:25.55 [0m[38;5;2mINFO [0m ==> Upgrade to Tanzu Application Catalog for production environments to access custom-configured and pre-packaged software components. Gain enhanced features, including Software Bill of Materials (SBOM), CVE scan result reports, and VEX documents. To learn more, visit [1mhttps://bitnami.com/enterprise[0m
[2025-11-28T20:35:25.593+0000] {docker.py:438} INFO - [38;5;6mspark [38;5;5m20:35:25.57 [0m[38;5;2mINFO [0m ==>
[2025-11-28T20:35:25.646+0000] {docker.py:438} INFO - 
[2025-11-28T20:35:41.726+0000] {docker.py:438} INFO - 2025-11-28 20:35:41,718:spark_structured_streaming:main:INFO:Spark streaming config: app_name=spark_streaming brokers=kafka:19092 topic=names_topic bucket=namegeneratorbucket output_prefix=names checkpoint_prefix=checkpoints/names region=eu-west-2 endpoint=None path_style=None ssl_enabled=None
[2025-11-28T20:35:42.374+0000] {docker.py:438} INFO - 25/11/28 20:35:42 INFO SparkContext: Running Spark version 3.5.1
[2025-11-28T20:35:42.394+0000] {docker.py:438} INFO - 25/11/28 20:35:42 INFO SparkContext: OS info Linux, 6.6.87.2-microsoft-standard-WSL2, amd64
[2025-11-28T20:35:42.422+0000] {docker.py:438} INFO - 25/11/28 20:35:42 INFO SparkContext: Java version 17.0.12
[2025-11-28T20:35:42.626+0000] {docker.py:438} INFO - 25/11/28 20:35:42 INFO ResourceUtils: ==============================================================
[2025-11-28T20:35:42.632+0000] {docker.py:438} INFO - 25/11/28 20:35:42 INFO ResourceUtils: No custom resources configured for spark.driver.
[2025-11-28T20:35:42.650+0000] {docker.py:438} INFO - 25/11/28 20:35:42 INFO ResourceUtils: ==============================================================
[2025-11-28T20:35:42.660+0000] {docker.py:438} INFO - 25/11/28 20:35:42 INFO SparkContext: Submitted application: spark_streaming
[2025-11-28T20:35:42.986+0000] {docker.py:438} INFO - 25/11/28 20:35:42 INFO ResourceProfile: Default ResourceProfile created, executor resources: Map(memory -> name: memory, amount: 1024, script: , vendor: , offHeap -> name: offHeap, amount: 0, script: , vendor: ), task resources: Map(cpus -> name: cpus, amount: 1.0)
[2025-11-28T20:35:43.035+0000] {docker.py:438} INFO - 25/11/28 20:35:43 INFO ResourceProfile: Limiting resource is cpu
[2025-11-28T20:35:43.069+0000] {docker.py:438} INFO - 25/11/28 20:35:43 INFO ResourceProfileManager: Added ResourceProfile id: 0
[2025-11-28T20:35:43.730+0000] {docker.py:438} INFO - 25/11/28 20:35:43 INFO SecurityManager: Changing view acls to: spark
[2025-11-28T20:35:43.748+0000] {docker.py:438} INFO - 25/11/28 20:35:43 INFO SecurityManager: Changing modify acls to: spark
[2025-11-28T20:35:43.765+0000] {docker.py:438} INFO - 25/11/28 20:35:43 INFO SecurityManager: Changing view acls groups to:
[2025-11-28T20:35:43.788+0000] {docker.py:438} INFO - 25/11/28 20:35:43 INFO SecurityManager: Changing modify acls groups to:
[2025-11-28T20:35:43.805+0000] {docker.py:438} INFO - 25/11/28 20:35:43 INFO SecurityManager: SecurityManager: authentication disabled; ui acls disabled; users with view permissions: spark; groups with view permissions: EMPTY; users with modify permissions: spark; groups with modify permissions: EMPTY
[2025-11-28T20:35:44.091+0000] {docker.py:438} INFO - 25/11/28 20:35:44 WARN NativeCodeLoader: Unable to load native-hadoop library for your platform... using builtin-java classes where applicable
[2025-11-28T20:35:46.321+0000] {docker.py:438} INFO - 25/11/28 20:35:46 INFO Utils: Successfully started service 'sparkDriver' on port 35317.
[2025-11-28T20:35:46.404+0000] {docker.py:438} INFO - 25/11/28 20:35:46 INFO SparkEnv: Registering MapOutputTracker
[2025-11-28T20:35:46.570+0000] {docker.py:438} INFO - 25/11/28 20:35:46 INFO SparkEnv: Registering BlockManagerMaster
[2025-11-28T20:35:46.632+0000] {docker.py:438} INFO - 25/11/28 20:35:46 INFO BlockManagerMasterEndpoint: Using org.apache.spark.storage.DefaultTopologyMapper for getting topology information
[2025-11-28T20:35:46.637+0000] {docker.py:438} INFO - 25/11/28 20:35:46 INFO BlockManagerMasterEndpoint: BlockManagerMasterEndpoint up
[2025-11-28T20:35:46.646+0000] {docker.py:438} INFO - 25/11/28 20:35:46 INFO SparkEnv: Registering BlockManagerMasterHeartbeat
[2025-11-28T20:35:46.723+0000] {docker.py:438} INFO - 25/11/28 20:35:46 INFO DiskBlockManager: Created local directory at /tmp/blockmgr-afd7ef56-8651-497b-ba31-99ad381326b3
[2025-11-28T20:35:46.764+0000] {docker.py:438} INFO - 25/11/28 20:35:46 INFO MemoryStore: MemoryStore started with capacity 434.4 MiB
[2025-11-28T20:35:46.819+0000] {docker.py:438} INFO - 25/11/28 20:35:46 INFO SparkEnv: Registering OutputCommitCoordinator
[2025-11-28T20:35:47.131+0000] {docker.py:438} INFO - 25/11/28 20:35:47 INFO JettyUtils: Start Jetty 0.0.0.0:4040 for SparkUI
[2025-11-28T20:35:47.286+0000] {docker.py:438} INFO - 25/11/28 20:35:47 INFO Utils: Successfully started service 'SparkUI' on port 4040.
[2025-11-28T20:35:47.691+0000] {docker.py:438} INFO - 25/11/28 20:35:47 INFO StandaloneAppClient$ClientEndpoint: Connecting to master spark://spark-master:7077...
[2025-11-28T20:35:47.872+0000] {docker.py:438} INFO - 25/11/28 20:35:47 INFO TransportClientFactory: Successfully created connection to spark-master/172.18.0.4:7077 after 79 ms (0 ms spent in bootstraps)
[2025-11-28T20:35:48.218+0000] {docker.py:438} INFO - 25/11/28 20:35:48 INFO StandaloneSchedulerBackend: Connected to Spark cluster with app ID app-20251128203548-0003
[2025-11-28T20:35:48.271+0000] {docker.py:438} INFO - 25/11/28 20:35:48 INFO Utils: Successfully started service 'org.apache.spark.network.netty.NettyBlockTransferService' on port 42051.
[2025-11-28T20:35:48.272+0000] {docker.py:438} INFO - 25/11/28 20:35:48 INFO NettyBlockTransferService: Server created on 0bf41a6f3c81:42051
[2025-11-28T20:35:48.278+0000] {docker.py:438} INFO - 25/11/28 20:35:48 INFO BlockManager: Using org.apache.spark.storage.RandomBlockReplicationPolicy for block replication policy
[2025-11-28T20:35:48.299+0000] {docker.py:438} INFO - 25/11/28 20:35:48 INFO BlockManagerMaster: Registering BlockManager BlockManagerId(driver, 0bf41a6f3c81, 42051, None)
[2025-11-28T20:35:48.304+0000] {docker.py:438} INFO - 25/11/28 20:35:48 INFO BlockManagerMasterEndpoint: Registering block manager 0bf41a6f3c81:42051 with 434.4 MiB RAM, BlockManagerId(driver, 0bf41a6f3c81, 42051, None)
[2025-11-28T20:35:48.310+0000] {docker.py:438} INFO - 25/11/28 20:35:48 INFO BlockManagerMaster: Registered BlockManager BlockManagerId(driver, 0bf41a6f3c81, 42051, None)
[2025-11-28T20:35:48.315+0000] {docker.py:438} INFO - 25/11/28 20:35:48 INFO BlockManager: Initialized BlockManager: BlockManagerId(driver, 0bf41a6f3c81, 42051, None)
[2025-11-28T20:35:49.342+0000] {docker.py:438} INFO - 25/11/28 20:35:49 INFO StandaloneSchedulerBackend: SchedulerBackend is ready for scheduling beginning after reached minRegisteredResourcesRatio: 0.0
[2025-11-28T20:35:50.398+0000] {docker.py:438} INFO - 2025-11-28 20:35:50,396:spark_structured_streaming:s3_healthcheck_write:INFO:Running S3 healthcheck, writing marker to s3a://namegeneratorbucket/names/healthcheck/_SUCCESS
[2025-11-28T20:35:58.807+0000] {docker.py:438} INFO - 2025-11-28 20:35:58,791:spark_structured_streaming:s3_healthcheck_write:INFO:S3 healthcheck marker successfully written at s3a://namegeneratorbucket/names/healthcheck/_SUCCESS
[2025-11-28T20:36:14.048+0000] {docker.py:438} INFO - 2025-11-28 20:36:14,028:spark_structured_streaming:initiate_streaming_to_bucket:INFO:Starting streaming sink (JSON) to path=s3a://namegeneratorbucket/names with checkpoint=s3a://namegeneratorbucket/checkpoints/names
[2025-11-28T20:36:14.252+0000] {docker.py:438} INFO - 2025-11-28 20:36:14,240:py4j.java_gateway:run:INFO:Callback Server Starting
[2025-11-28T20:36:14.253+0000] {docker.py:438} INFO - 2025-11-28 20:36:14,240:py4j.java_gateway:run:INFO:Socket listening on ('127.0.0.1', 39295)
[2025-11-28T20:36:18.164+0000] {docker.py:438} INFO - 2025-11-28 20:36:18,136:spark_structured_streaming:initiate_streaming_to_bucket:INFO:Streaming query started; awaiting termination.
[2025-11-28T20:36:27.398+0000] {docker.py:438} INFO - 25/11/28 20:36:27 ERROR MicroBatchExecution: Query [id = 4c336e75-d5bd-4e87-9965-a8e18d61c220, runId = 84f17d89-b057-4822-88b1-948a1b5ba10c] terminated with error
[2025-11-28T20:36:27.401+0000] {docker.py:438} INFO - java.util.concurrent.ExecutionException: org.apache.kafka.common.errors.UnknownTopicOrPartitionException: This server does not host this topic-partition.
[2025-11-28T20:36:27.403+0000] {docker.py:438} INFO - 	at java.base/java.util.concurrent.CompletableFuture.reportGet(CompletableFuture.java:396)
[2025-11-28T20:36:27.412+0000] {docker.py:438} INFO - 	at java.base/java.util.concurrent.CompletableFuture.get(CompletableFuture.java:2073)
[2025-11-28T20:36:27.420+0000] {docker.py:438} INFO - 	at org.apache.kafka.common.internals.KafkaFutureImpl.get(KafkaFutureImpl.java:165)
[2025-11-28T20:36:27.432+0000] {docker.py:438} INFO - 	at org.apache.spark.sql.kafka010.ConsumerStrategy.retrieveAllPartitions(ConsumerStrategy.scala:66)
[2025-11-28T20:36:27.440+0000] {docker.py:438} INFO - 	at org.apache.spark.sql.kafka010.ConsumerStrategy.retrieveAllPartitions$(ConsumerStrategy.scala:65)
[2025-11-28T20:36:27.446+0000] {docker.py:438} INFO - 	at org.apache.spark.sql.kafka010.SubscribeStrategy.retrieveAllPartitions(ConsumerStrategy.scala:102)
[2025-11-28T20:36:27.447+0000] {docker.py:438} INFO - 	at org.apache.spark.sql.kafka010.SubscribeStrategy.assignedTopicPartitions(ConsumerStrategy.scala:113)
[2025-11-28T20:36:27.448+0000] {docker.py:438} INFO - 	at org.apache.spark.sql.kafka010.KafkaOffsetReaderAdmin.$anonfun$partitionsAssignedToAdmin$1(KafkaOffsetReaderAdmin.scala:499)
[2025-11-28T20:36:27.451+0000] {docker.py:438} INFO - 	at org.apache.spark.sql.kafka010.KafkaOffsetReaderAdmin.withRetries(KafkaOffsetReaderAdmin.scala:518)
[2025-11-28T20:36:27.454+0000] {docker.py:438} INFO - 	at org.apache.spark.sql.kafka010.KafkaOffsetReaderAdmin.partitionsAssignedToAdmin(KafkaOffsetReaderAdmin.scala:498)
[2025-11-28T20:36:27.454+0000] {docker.py:438} INFO - 	at org.apache.spark.sql.kafka010.KafkaOffsetReaderAdmin.fetchLatestOffsets(KafkaOffsetReaderAdmin.scala:297)
[2025-11-28T20:36:27.458+0000] {docker.py:438} INFO - 	at org.apache.spark.sql.kafka010.KafkaMicroBatchStream.latestOffset(KafkaMicroBatchStream.scala:130)
[2025-11-28T20:36:27.459+0000] {docker.py:438} INFO - 	at org.apache.spark.sql.execution.streaming.MicroBatchExecution.$anonfun$constructNextBatch$4(MicroBatchExecution.scala:491)
[2025-11-28T20:36:27.460+0000] {docker.py:438} INFO - 	at org.apache.spark.sql.execution.streaming.ProgressReporter.reportTimeTaken(ProgressReporter.scala:427)
[2025-11-28T20:36:27.463+0000] {docker.py:438} INFO - 	at org.apache.spark.sql.execution.streaming.ProgressReporter.reportTimeTaken$(ProgressReporter.scala:425)
[2025-11-28T20:36:27.464+0000] {docker.py:438} INFO - 	at org.apache.spark.sql.execution.streaming.StreamExecution.reportTimeTaken(StreamExecution.scala:67)
[2025-11-28T20:36:27.468+0000] {docker.py:438} INFO - 	at org.apache.spark.sql.execution.streaming.MicroBatchExecution.$anonfun$constructNextBatch$2(MicroBatchExecution.scala:490)
[2025-11-28T20:36:27.472+0000] {docker.py:438} INFO - 	at scala.collection.TraversableLike.$anonfun$map$1(TraversableLike.scala:286)
[2025-11-28T20:36:27.474+0000] {docker.py:438} INFO - 	at scala.collection.Iterator.foreach(Iterator.scala:943)
[2025-11-28T20:36:27.478+0000] {docker.py:438} INFO - 	at scala.collection.Iterator.foreach$(Iterator.scala:943)
[2025-11-28T20:36:27.479+0000] {docker.py:438} INFO - 	at scala.collection.AbstractIterator.foreach(Iterator.scala:1431)
[2025-11-28T20:36:27.481+0000] {docker.py:438} INFO - 	at scala.collection.IterableLike.foreach(IterableLike.scala:74)
[2025-11-28T20:36:27.483+0000] {docker.py:438} INFO - 	at scala.collection.IterableLike.foreach$(IterableLike.scala:73)
[2025-11-28T20:36:27.487+0000] {docker.py:438} INFO - 	at scala.collection.AbstractIterable.foreach(Iterable.scala:56)
[2025-11-28T20:36:27.488+0000] {docker.py:438} INFO - 	at scala.collection.TraversableLike.map(TraversableLike.scala:286)
[2025-11-28T20:36:27.490+0000] {docker.py:438} INFO - 	at scala.collection.TraversableLike.map$(TraversableLike.scala:279)
[2025-11-28T20:36:27.491+0000] {docker.py:438} INFO - 	at scala.collection.AbstractTraversable.map(Traversable.scala:108)
[2025-11-28T20:36:27.493+0000] {docker.py:438} INFO - 	at org.apache.spark.sql.execution.streaming.MicroBatchExecution.$anonfun$constructNextBatch$1(MicroBatchExecution.scala:479)
[2025-11-28T20:36:27.494+0000] {docker.py:438} INFO - 	at scala.runtime.java8.JFunction0$mcZ$sp.apply(JFunction0$mcZ$sp.java:23)
[2025-11-28T20:36:27.495+0000] {docker.py:438} INFO - 	at org.apache.spark.sql.execution.streaming.MicroBatchExecution.withProgressLocked(MicroBatchExecution.scala:810)
[2025-11-28T20:36:27.496+0000] {docker.py:438} INFO - 	at org.apache.spark.sql.execution.streaming.MicroBatchExecution.constructNextBatch(MicroBatchExecution.scala:475)
[2025-11-28T20:36:27.497+0000] {docker.py:438} INFO - 	at org.apache.spark.sql.execution.streaming.MicroBatchExecution.$anonfun$runActivatedStream$2(MicroBatchExecution.scala:268)
[2025-11-28T20:36:27.497+0000] {docker.py:438} INFO - 	at scala.runtime.java8.JFunction0$mcV$sp.apply(JFunction0$mcV$sp.java:23)
[2025-11-28T20:36:27.498+0000] {docker.py:438} INFO - 	at org.apache.spark.sql.execution.streaming.ProgressReporter.reportTimeTaken(ProgressReporter.scala:427)
[2025-11-28T20:36:27.499+0000] {docker.py:438} INFO - 	at org.apache.spark.sql.execution.streaming.ProgressReporter.reportTimeTaken$(ProgressReporter.scala:425)
[2025-11-28T20:36:27.500+0000] {docker.py:438} INFO - 	at org.apache.spark.sql.execution.streaming.StreamExecution.reportTimeTaken(StreamExecution.scala:67)
[2025-11-28T20:36:27.501+0000] {docker.py:438} INFO - 	at org.apache.spark.sql.execution.streaming.MicroBatchExecution.$anonfun$runActivatedStream$1(MicroBatchExecution.scala:249)
[2025-11-28T20:36:27.502+0000] {docker.py:438} INFO - 	at org.apache.spark.sql.execution.streaming.ProcessingTimeExecutor.execute(TriggerExecutor.scala:67)
[2025-11-28T20:36:27.505+0000] {docker.py:438} INFO - 	at org.apache.spark.sql.execution.streaming.MicroBatchExecution.runActivatedStream(MicroBatchExecution.scala:239)
[2025-11-28T20:36:27.508+0000] {docker.py:438} INFO - 	at org.apache.spark.sql.execution.streaming.StreamExecution.$anonfun$runStream$1(StreamExecution.scala:311)
[2025-11-28T20:36:27.509+0000] {docker.py:438} INFO - 	at scala.runtime.java8.JFunction0$mcV$sp.apply(JFunction0$mcV$sp.java:23)
[2025-11-28T20:36:27.510+0000] {docker.py:438} INFO - 	at org.apache.spark.sql.SparkSession.withActive(SparkSession.scala:900)
[2025-11-28T20:36:27.512+0000] {docker.py:438} INFO - 	at org.apache.spark.sql.execution.streaming.StreamExecution.org$apache$spark$sql$execution$streaming$StreamExecution$$runStream(StreamExecution.scala:289)
[2025-11-28T20:36:27.513+0000] {docker.py:438} INFO - 	at org.apache.spark.sql.execution.streaming.StreamExecution$$anon$1.$anonfun$run$1(StreamExecution.scala:211)
[2025-11-28T20:36:27.514+0000] {docker.py:438} INFO - 	at scala.runtime.java8.JFunction0$mcV$sp.apply(JFunction0$mcV$sp.java:23)
[2025-11-28T20:36:27.515+0000] {docker.py:438} INFO - 	at org.apache.spark.JobArtifactSet$.withActiveJobArtifactState(JobArtifactSet.scala:94)
[2025-11-28T20:36:27.551+0000] {docker.py:438} INFO - 	at org.apache.spark.sql.execution.streaming.StreamExecution$$anon$1.run(StreamExecution.scala:211)
[2025-11-28T20:36:27.556+0000] {docker.py:438} INFO - Caused by: org.apache.kafka.common.errors.UnknownTopicOrPartitionException: This server does not host this topic-partition.
[2025-11-28T20:36:27.873+0000] {docker.py:438} INFO - 2025-11-28 20:36:27,869:spark_structured_streaming:main:INFO:Stopping Spark session.
[2025-11-28T20:36:28.772+0000] {docker.py:438} INFO - Traceback (most recent call last):
[2025-11-28T20:36:28.773+0000] {docker.py:438} INFO -   File "/opt/spark/app/spark_processing.py", line 331, in <module>
[2025-11-28T20:36:28.779+0000] {docker.py:438} INFO - main()
[2025-11-28T20:36:28.787+0000] {docker.py:438} INFO -   File "/opt/spark/app/spark_processing.py", line 324, in main
[2025-11-28T20:36:28.788+0000] {docker.py:438} INFO -     initiate_streaming_to_bucket(transformed_df, path, checkpoint_location)
[2025-11-28T20:36:28.792+0000] {docker.py:438} INFO -   File "/opt/spark/app/spark_processing.py", line 252, in initiate_streaming_to_bucket
[2025-11-28T20:36:28.793+0000] {docker.py:438} INFO -     query.awaitTermination()
[2025-11-28T20:36:28.794+0000] {docker.py:438} INFO -   File "/opt/bitnami/spark/python/lib/pyspark.zip/pyspark/sql/streaming/query.py", line 221, in awaitTermination
[2025-11-28T20:36:28.800+0000] {docker.py:438} INFO - File "/opt/bitnami/spark/python/lib/py4j-0.10.9.7-src.zip/py4j/java_gateway.py", line 1322, in __call__
[2025-11-28T20:36:28.801+0000] {docker.py:438} INFO -   File "/opt/bitnami/spark/python/lib/pyspark.zip/pyspark/errors/exceptions/captured.py", line 185, in deco
[2025-11-28T20:36:28.802+0000] {docker.py:438} INFO - pyspark.errors.exceptions.captured.StreamingQueryException
[2025-11-28T20:36:28.823+0000] {docker.py:438} INFO - : [STREAM_FAILED] Query [id = 4c336e75-d5bd-4e87-9965-a8e18d61c220, runId = 84f17d89-b057-4822-88b1-948a1b5ba10c] terminated with exception: org.apache.kafka.common.errors.UnknownTopicOrPartitionException: This server does not host this topic-partition.
[2025-11-28T20:36:28.824+0000] {docker.py:438} INFO - 2025-11-28 20:36:28,808:py4j.clientserver:close:INFO:Closing down clientserver connection
[2025-11-28T20:36:30.825+0000] {taskinstance.py:441} INFO - ::group::Post task execution logs
[2025-11-28T20:36:31.503+0000] {taskinstance.py:2905} ERROR - Task failed with exception
Traceback (most recent call last):
  File "/home/airflow/.local/lib/python3.11/site-packages/airflow/models/taskinstance.py", line 465, in _execute_task
    result = _execute_callable(context=context, **execute_callable_kwargs)
             ^^^^^^^^^^^^^^^^^^^^^^^^^^^^^^^^^^^^^^^^^^^^^^^^^^^^^^^^^^^^^
  File "/home/airflow/.local/lib/python3.11/site-packages/airflow/models/taskinstance.py", line 432, in _execute_callable
    return execute_callable(context=context, **execute_callable_kwargs)
           ^^^^^^^^^^^^^^^^^^^^^^^^^^^^^^^^^^^^^^^^^^^^^^^^^^^^^^^^^^^^
  File "/home/airflow/.local/lib/python3.11/site-packages/airflow/models/baseoperator.py", line 401, in wrapper
    return func(self, *args, **kwargs)
           ^^^^^^^^^^^^^^^^^^^^^^^^^^^
  File "/home/airflow/.local/lib/python3.11/site-packages/airflow/providers/docker/operators/docker.py", line 513, in execute
    return self._run_image()
           ^^^^^^^^^^^^^^^^^
  File "/home/airflow/.local/lib/python3.11/site-packages/airflow/providers/docker/operators/docker.py", line 384, in _run_image
    return self._run_image_with_mounts(self.mounts, add_tmp_variable=False)
           ^^^^^^^^^^^^^^^^^^^^^^^^^^^^^^^^^^^^^^^^^^^^^^^^^^^^^^^^^^^^^^^^
  File "/home/airflow/.local/lib/python3.11/site-packages/airflow/providers/docker/operators/docker.py", line 446, in _run_image_with_mounts
    raise DockerContainerFailedException(f"Docker container failed: {result!r}", logs=log_lines)
airflow.providers.docker.exceptions.DockerContainerFailedException: Docker container failed: {'StatusCode': 1}
[2025-11-28T20:36:31.534+0000] {taskinstance.py:1206} INFO - Marking task as FAILED. dag_id=name_stream_dag, task_id=spark_stream_to_s3, run_id=scheduled__2025-11-28T20:15:00+00:00, execution_date=20251128T201500, start_date=20251128T203522, end_date=20251128T203631
[2025-11-28T20:36:32.447+0000] {standard_task_runner.py:110} ERROR - Failed to execute job 274 for task spark_stream_to_s3 (Docker container failed: {'StatusCode': 1}; 81)
[2025-11-28T20:36:32.526+0000] {local_task_job_runner.py:243} INFO - Task exited with return code 1
[2025-11-28T20:36:32.978+0000] {taskinstance.py:3503} INFO - 0 downstream tasks scheduled from follow-on schedule check
[2025-11-28T20:36:33.207+0000] {local_task_job_runner.py:222} INFO - ::endgroup::
